

================================================================
== Synthesis Summary Report of 'VideoMixerUnit'
================================================================
+ General Information: 
    * Date:           Tue Sep 28 17:32:54 2021
    * Version:        2020.2 (Build 3064766 on Wed Nov 18 09:12:47 MST 2020)
    * Project:        video_mixer
    * Solution:       solution1 (Vivado IP Flow Target)
    * Product family: zynq
    * Target device:  xc7z020-clg400-1
    

+ Performance & Resource Estimates: 
    
    PS: '+' for module; 'o' for loop; '*' for dataflow
    +-------------------------+------+-------+---------+--------+----------+---------+------+----------+------+----+----------+-----------+-----+
    |         Modules         | Issue|       | Latency | Latency| Iteration|         | Trip |          |      |    |          |           |     |
    |         & Loops         | Type | Slack | (cycles)|  (ns)  |  Latency | Interval| Count| Pipelined| BRAM | DSP|    FF    |    LUT    | URAM|
    +-------------------------+------+-------+---------+--------+----------+---------+------+----------+------+----+----------+-----------+-----+
    |+ VideoMixerUnit         |     -|  -0.02|        -|       -|         -|        -|     -|        no|     -|   -|  82 (~0%)|  420 (~0%)|    -|
    | + grp_VideoMixer_fu_70  |     -|  -0.02|        -|       -|         -|        -|     -|        no|     -|   -|  77 (~0%)|  375 (~0%)|    -|
    |  o VITIS_LOOP_25_1      |     -|  -3.65|        -|       -|         -|        -|     -|        no|     -|   -|         -|          -|    -|
    |   o VITIS_LOOP_26_2     |     -|  -3.65|        -|       -|         2|        1|     -|       yes|     -|   -|         -|          -|    -|
    +-------------------------+------+-------+---------+--------+----------+---------+------+----------+------+----+----------+-----------+-----+

