

================================================================
== Vitis HLS Report for 'VideoMixer'
================================================================
* Date:           Tue Sep 28 17:32:54 2021

* Version:        2020.2 (Build 3064766 on Wed Nov 18 09:12:47 MST 2020)
* Project:        video_mixer
* Solution:       solution1 (Vivado IP Flow Target)
* Product family: zynq
* Target device:  xc7z020-clg400-1


================================================================
== Performance Estimates
================================================================
+ Timing: 
    * Summary: 
    +--------+---------+----------+------------+
    |  Clock |  Target | Estimated| Uncertainty|
    +--------+---------+----------+------------+
    |ap_clk  |  5.00 ns|  3.628 ns|     1.35 ns|
    +--------+---------+----------+------------+

+ Latency: 
    * Summary: 
    +---------+---------+----------+----------+-----+-----+---------+
    |  Latency (cycles) |  Latency (absolute) |  Interval | Pipeline|
    |   min   |   max   |    min   |    max   | min | max |   Type  |
    +---------+---------+----------+----------+-----+-----+---------+
    |        ?|        ?|         ?|         ?|    ?|    ?|     none|
    +---------+---------+----------+----------+-----+-----+---------+

    + Detail: 
        * Instance: 
        N/A

        * Loop: 
        +--------------------+---------+---------+----------+-----------+-----------+------+----------+
        |                    |  Latency (cycles) | Iteration|  Initiation Interval  | Trip |          |
        |      Loop Name     |   min   |   max   |  Latency |  achieved |   target  | Count| Pipelined|
        +--------------------+---------+---------+----------+-----------+-----------+------+----------+
        |- VITIS_LOOP_25_1   |        ?|        ?|         ?|          -|          -|     ?|        no|
        | + VITIS_LOOP_26_2  |        ?|        ?|         2|          1|          1|     ?|       yes|
        +--------------------+---------+---------+----------+-----------+-----------+------+----------+



================================================================
== Utilization Estimates
================================================================
* Summary: 
+-----------------+---------+-----+--------+-------+-----+
|       Name      | BRAM_18K| DSP |   FF   |  LUT  | URAM|
+-----------------+---------+-----+--------+-------+-----+
|DSP              |        -|    -|       -|      -|    -|
|Expression       |        -|    -|       0|    285|    -|
|FIFO             |        -|    -|       -|      -|    -|
|Instance         |        -|    -|       -|      -|    -|
|Memory           |        -|    -|       -|      -|    -|
|Multiplexer      |        -|    -|       -|     90|    -|
|Register         |        -|    -|      77|      -|    -|
+-----------------+---------+-----+--------+-------+-----+
|Total            |        0|    0|      77|    375|    0|
+-----------------+---------+-----+--------+-------+-----+
|Available        |      280|  220|  106400|  53200|    0|
+-----------------+---------+-----+--------+-------+-----+
|Utilization (%)  |        0|    0|      ~0|     ~0|    0|
+-----------------+---------+-----+--------+-------+-----+

+ Detail: 
    * Instance: 
    N/A

    * DSP: 
    N/A

    * Memory: 
    N/A

    * FIFO: 
    N/A

    * Expression: 
    +---------------------------------------+----------+----+---+----+------------+------------+
    |             Variable Name             | Operation| DSP| FF| LUT| Bitwidth P0| Bitwidth P1|
    +---------------------------------------+----------+----+---+----+------------+------------+
    |i_V_1_fu_185_p2                        |         +|   0|  0|  12|          12|           1|
    |j_V_1_fu_219_p2                        |         +|   0|  0|  12|          12|           1|
    |and_ln31_fu_251_p2                     |       and|   0|  0|   2|           1|           1|
    |and_ln39_fu_278_p2                     |       and|   0|  0|   2|           1|           1|
    |and_ln870_1_fu_316_p2                  |       and|   0|  0|   2|           1|           1|
    |and_ln870_2_fu_320_p2                  |       and|   0|  0|   2|           1|           1|
    |and_ln870_fu_311_p2                    |       and|   0|  0|   2|           1|           1|
    |and_ln886_fu_343_p2                    |       and|   0|  0|   2|           1|           1|
    |ap_block_state4_io                     |       and|   0|  0|   2|           1|           1|
    |cmp_i3_fu_179_p2                       |      icmp|   0|  0|  12|          12|           1|
    |cmp_i_i101_fu_196_p2                   |      icmp|   0|  0|  12|          12|          12|
    |cmp_i_i65_fu_214_p2                    |      icmp|   0|  0|  12|          12|          12|
    |icmp_ln25_fu_191_p2                    |      icmp|   0|  0|  12|          12|          12|
    |icmp_ln26_fu_225_p2                    |      icmp|   0|  0|  12|          12|          12|
    |icmp_ln870_1_fu_262_p2                 |      icmp|   0|  0|  12|          12|          12|
    |icmp_ln870_2_fu_267_p2                 |      icmp|   0|  0|  12|          12|          12|
    |icmp_ln870_fu_256_p2                   |      icmp|   0|  0|  11|           8|           2|
    |icmp_ln886_fu_246_p2                   |      icmp|   0|  0|  12|          12|          12|
    |ap_block_pp0_stage0_01001              |        or|   0|  0|   2|           1|           1|
    |ap_block_pp0_stage0_11001              |        or|   0|  0|   2|           1|           1|
    |ap_block_state3_pp0_stage0_iter0       |        or|   0|  0|   2|           1|           1|
    |or_ln39_1_fu_294_p2                    |        or|   0|  0|   2|           1|           1|
    |or_ln39_fu_289_p2                      |        or|   0|  0|   2|           1|           1|
    |or_ln886_fu_333_p2                     |        or|   0|  0|   2|           1|           1|
    |output_video_element_data_V_fu_272_p3  |    select|   0|  0|  24|           1|          16|
    |select_ln31_fu_282_p3                  |    select|   0|  0|  24|           1|          24|
    |select_ln39_fu_299_p3                  |    select|   0|  0|  24|           1|          24|
    |select_ln870_fu_326_p3                 |    select|   0|  0|  24|           1|          24|
    |video_stream_out_TDATA                 |    select|   0|  0|  24|           1|          24|
    |ap_enable_pp0                          |       xor|   0|  0|   2|           1|           2|
    |ap_enable_reg_pp0_iter1                |       xor|   0|  0|   2|           2|           1|
    |xor_ln37_fu_306_p2                     |       xor|   0|  0|   2|           1|           2|
    |xor_ln886_fu_337_p2                    |       xor|   0|  0|   2|           1|           2|
    +---------------------------------------+----------+----+---+----+------------+------------+
    |Total                                  |          |   0|  0| 285|         151|         221|
    +---------------------------------------+----------+----+---+----+------------+------------+

    * Multiplexer: 
    +-------------------------------+----+-----------+-----+-----------+
    |              Name             | LUT| Input Size| Bits| Total Bits|
    +-------------------------------+----+-----------+-----+-----------+
    |ap_NS_fsm                      |  31|          6|    1|          6|
    |ap_enable_reg_pp0_iter1        |  14|          3|    1|          3|
    |i_V_reg_143                    |   9|          2|   12|         24|
    |j_V_reg_154                    |   9|          2|   12|         24|
    |overlay_stream_in_TDATA_blk_n  |   9|          2|    1|          2|
    |video_stream_in_TDATA_blk_n    |   9|          2|    1|          2|
    |video_stream_out_TDATA_blk_n   |   9|          2|    1|          2|
    +-------------------------------+----+-----------+-----+-----------+
    |Total                          |  90|         19|   29|         63|
    +-------------------------------+----+-----------+-----+-----------+

    * Register: 
    +------------------------------------+----+----+-----+-----------+
    |                Name                | FF | LUT| Bits| Const Bits|
    +------------------------------------+----+----+-----+-----------+
    |and_ln31_reg_441                    |   1|   0|    1|          0|
    |ap_CS_fsm                           |   5|   0|    5|          0|
    |ap_enable_reg_pp0_iter0             |   1|   0|    1|          0|
    |ap_enable_reg_pp0_iter1             |   1|   0|    1|          0|
    |cmp_i_i101_reg_386                  |   1|   0|    1|          0|
    |cmp_i_i65_reg_401                   |   1|   0|    1|          0|
    |i_V_1_reg_377                       |  12|   0|   12|          0|
    |i_V_reg_143                         |  12|   0|   12|          0|
    |icmp_ln26_reg_413                   |   1|   0|    1|          0|
    |icmp_ln870_1_reg_452                |   1|   0|    1|          0|
    |icmp_ln870_2_reg_457                |   1|   0|    1|          0|
    |icmp_ln870_reg_447                  |   1|   0|    1|          0|
    |icmp_ln886_reg_435                  |   1|   0|    1|          0|
    |input_video_element_data_V_reg_417  |  24|   0|   24|          0|
    |j_V_reg_154                         |  12|   0|   12|          0|
    |tmp_i_i117_last_reg_430             |   1|   0|    1|          0|
    |tmp_i_i117_user_reg_425             |   1|   0|    1|          0|
    +------------------------------------+----+----+-----+-----------+
    |Total                               |  77|   0|   77|          0|
    +------------------------------------+----+----+-----+-----------+



================================================================
== Interface
================================================================
* Summary: 
+--------------------------+-----+-----+------------+----------------------------+--------------+
|         RTL Ports        | Dir | Bits|  Protocol  |        Source Object       |    C Type    |
+--------------------------+-----+-----+------------+----------------------------+--------------+
|ap_clk                    |   in|    1|  ap_ctrl_hs|                  VideoMixer|  return value|
|ap_rst                    |   in|    1|  ap_ctrl_hs|                  VideoMixer|  return value|
|ap_start                  |   in|    1|  ap_ctrl_hs|                  VideoMixer|  return value|
|ap_done                   |  out|    1|  ap_ctrl_hs|                  VideoMixer|  return value|
|ap_idle                   |  out|    1|  ap_ctrl_hs|                  VideoMixer|  return value|
|ap_ready                  |  out|    1|  ap_ctrl_hs|                  VideoMixer|  return value|
|video_stream_in_TDATA     |   in|   24|        axis|    video_stream_in_V_data_V|       pointer|
|video_stream_in_TVALID    |   in|    1|        axis|    video_stream_in_V_data_V|       pointer|
|video_stream_in_TREADY    |  out|    1|        axis|    video_stream_in_V_last_V|       pointer|
|video_stream_in_TLAST     |   in|    1|        axis|    video_stream_in_V_last_V|       pointer|
|video_stream_in_TKEEP     |   in|    3|        axis|    video_stream_in_V_keep_V|       pointer|
|video_stream_in_TSTRB     |   in|    3|        axis|    video_stream_in_V_strb_V|       pointer|
|video_stream_in_TUSER     |   in|    1|        axis|    video_stream_in_V_user_V|       pointer|
|overlay_stream_in_TDATA   |   in|    8|        axis|  overlay_stream_in_V_data_V|       pointer|
|overlay_stream_in_TVALID  |   in|    1|        axis|  overlay_stream_in_V_data_V|       pointer|
|overlay_stream_in_TREADY  |  out|    1|        axis|  overlay_stream_in_V_last_V|       pointer|
|overlay_stream_in_TLAST   |   in|    1|        axis|  overlay_stream_in_V_last_V|       pointer|
|overlay_stream_in_TKEEP   |   in|    1|        axis|  overlay_stream_in_V_keep_V|       pointer|
|overlay_stream_in_TSTRB   |   in|    1|        axis|  overlay_stream_in_V_strb_V|       pointer|
|overlay_stream_in_TUSER   |   in|    1|        axis|  overlay_stream_in_V_user_V|       pointer|
|video_stream_out_TDATA    |  out|   24|        axis|   video_stream_out_V_data_V|       pointer|
|video_stream_out_TREADY   |   in|    1|        axis|   video_stream_out_V_data_V|       pointer|
|video_stream_out_TVALID   |  out|    1|        axis|   video_stream_out_V_last_V|       pointer|
|video_stream_out_TLAST    |  out|    1|        axis|   video_stream_out_V_last_V|       pointer|
|video_stream_out_TKEEP    |  out|    3|        axis|   video_stream_out_V_keep_V|       pointer|
|video_stream_out_TSTRB    |  out|    3|        axis|   video_stream_out_V_strb_V|       pointer|
|video_stream_out_TUSER    |  out|    1|        axis|   video_stream_out_V_user_V|       pointer|
|image_h                   |   in|   12|   ap_stable|                     image_h|        scalar|
|image_w                   |   in|   12|   ap_stable|                     image_w|        scalar|
+--------------------------+-----+-----+------------+----------------------------+--------------+

