

================================================================
== Vitis HLS Report for 'VideoMixerUnit'
================================================================
* Date:           Tue Sep 28 17:32:54 2021

* Version:        2020.2 (Build 3064766 on Wed Nov 18 09:12:47 MST 2020)
* Project:        video_mixer
* Solution:       solution1 (Vivado IP Flow Target)
* Product family: zynq
* Target device:  xc7z020-clg400-1


================================================================
== Performance Estimates
================================================================
+ Timing: 
    * Summary: 
    +--------+---------+----------+------------+
    |  Clock |  Target | Estimated| Uncertainty|
    +--------+---------+----------+------------+
    |ap_clk  |  5.00 ns|  3.628 ns|     1.35 ns|
    +--------+---------+----------+------------+

+ Latency: 
    * Summary: 
    +---------+---------+----------+----------+-----+-----+---------+
    |  Latency (cycles) |  Latency (absolute) |  Interval | Pipeline|
    |   min   |   max   |    min   |    max   | min | max |   Type  |
    +---------+---------+----------+----------+-----+-----+---------+
    |        ?|        ?|         ?|         ?|    ?|    ?|     none|
    +---------+---------+----------+----------+-----+-----+---------+

    + Detail: 
        * Instance: 
        +----------------------+------------+---------+---------+----------+----------+-----+-----+---------+
        |                      |            |  Latency (cycles) |  Latency (absolute) |  Interval | Pipeline|
        |       Instance       |   Module   |   min   |   max   |    min   |    max   | min | max |   Type  |
        +----------------------+------------+---------+---------+----------+----------+-----+-----+---------+
        |grp_VideoMixer_fu_70  |VideoMixer  |        ?|        ?|         ?|         ?|    ?|    ?|     none|
        +----------------------+------------+---------+---------+----------+----------+-----+-----+---------+

        * Loop: 
        N/A



================================================================
== Utilization Estimates
================================================================
* Summary: 
+-----------------+---------+-----+--------+-------+-----+
|       Name      | BRAM_18K| DSP |   FF   |  LUT  | URAM|
+-----------------+---------+-----+--------+-------+-----+
|DSP              |        -|    -|       -|      -|    -|
|Expression       |        -|    -|       0|      2|    -|
|FIFO             |        -|    -|       -|      -|    -|
|Instance         |        -|    -|      77|    375|    -|
|Memory           |        -|    -|       -|      -|    -|
|Multiplexer      |        -|    -|       -|     43|    -|
|Register         |        -|    -|       5|      -|    -|
+-----------------+---------+-----+--------+-------+-----+
|Total            |        0|    0|      82|    420|    0|
+-----------------+---------+-----+--------+-------+-----+
|Available        |      280|  220|  106400|  53200|    0|
+-----------------+---------+-----+--------+-------+-----+
|Utilization (%)  |        0|    0|      ~0|     ~0|    0|
+-----------------+---------+-----+--------+-------+-----+

+ Detail: 
    * Instance: 
    +----------------------+------------+---------+----+----+-----+-----+
    |       Instance       |   Module   | BRAM_18K| DSP| FF | LUT | URAM|
    +----------------------+------------+---------+----+----+-----+-----+
    |grp_VideoMixer_fu_70  |VideoMixer  |        0|   0|  77|  375|    0|
    +----------------------+------------+---------+----+----+-----+-----+
    |Total                 |            |        0|   0|  77|  375|    0|
    +----------------------+------------+---------+----+----+-----+-----+

    * DSP: 
    N/A

    * Memory: 
    N/A

    * FIFO: 
    N/A

    * Expression: 
    +----------------------------------------------+----------+----+---+----+------------+------------+
    |                 Variable Name                | Operation| DSP| FF| LUT| Bitwidth P0| Bitwidth P1|
    +----------------------------------------------+----------+----+---+----+------------+------------+
    |grp_VideoMixer_fu_70_video_stream_out_TREADY  |       and|   0|  0|   2|           1|           1|
    +----------------------------------------------+----------+----+---+----+------------+------------+
    |Total                                         |          |   0|  0|   2|           1|           1|
    +----------------------------------------------+----------+----+---+----+------------+------------+

    * Multiplexer: 
    +---------------------------------------+----+-----------+-----+-----------+
    |                  Name                 | LUT| Input Size| Bits| Total Bits|
    +---------------------------------------+----+-----------+-----+-----------+
    |ap_NS_fsm                              |  25|          5|    1|          5|
    |overlay_stream_in_TREADY_int_regslice  |   9|          2|    1|          2|
    |video_stream_in_TREADY_int_regslice    |   9|          2|    1|          2|
    +---------------------------------------+----+-----------+-----+-----------+
    |Total                                  |  43|          9|    3|          9|
    +---------------------------------------+----+-----------+-----+-----------+

    * Register: 
    +-----------------------------------+---+----+-----+-----------+
    |                Name               | FF| LUT| Bits| Const Bits|
    +-----------------------------------+---+----+-----+-----------+
    |ap_CS_fsm                          |  4|   0|    4|          0|
    |grp_VideoMixer_fu_70_ap_start_reg  |  1|   0|    1|          0|
    +-----------------------------------+---+----+-----+-----------+
    |Total                              |  5|   0|    5|          0|
    +-----------------------------------+---+----+-----+-----------+



================================================================
== Interface
================================================================
* Summary: 
+--------------------------+-----+-----+------------+----------------------------+--------------+
|         RTL Ports        | Dir | Bits|  Protocol  |        Source Object       |    C Type    |
+--------------------------+-----+-----+------------+----------------------------+--------------+
|ap_clk                    |   in|    1|  ap_ctrl_hs|              VideoMixerUnit|  return value|
|ap_rst_n                  |   in|    1|  ap_ctrl_hs|              VideoMixerUnit|  return value|
|ap_start                  |   in|    1|  ap_ctrl_hs|              VideoMixerUnit|  return value|
|ap_done                   |  out|    1|  ap_ctrl_hs|              VideoMixerUnit|  return value|
|ap_idle                   |  out|    1|  ap_ctrl_hs|              VideoMixerUnit|  return value|
|ap_ready                  |  out|    1|  ap_ctrl_hs|              VideoMixerUnit|  return value|
|video_stream_in_TDATA     |   in|   24|        axis|    video_stream_in_V_data_V|       pointer|
|video_stream_in_TVALID    |   in|    1|        axis|    video_stream_in_V_last_V|       pointer|
|video_stream_in_TREADY    |  out|    1|        axis|    video_stream_in_V_last_V|       pointer|
|video_stream_in_TLAST     |   in|    1|        axis|    video_stream_in_V_last_V|       pointer|
|video_stream_in_TKEEP     |   in|    3|        axis|    video_stream_in_V_keep_V|       pointer|
|video_stream_in_TSTRB     |   in|    3|        axis|    video_stream_in_V_strb_V|       pointer|
|video_stream_in_TUSER     |   in|    1|        axis|    video_stream_in_V_user_V|       pointer|
|overlay_stream_in_TDATA   |   in|    8|        axis|  overlay_stream_in_V_data_V|       pointer|
|overlay_stream_in_TVALID  |   in|    1|        axis|  overlay_stream_in_V_last_V|       pointer|
|overlay_stream_in_TREADY  |  out|    1|        axis|  overlay_stream_in_V_last_V|       pointer|
|overlay_stream_in_TLAST   |   in|    1|        axis|  overlay_stream_in_V_last_V|       pointer|
|overlay_stream_in_TKEEP   |   in|    1|        axis|  overlay_stream_in_V_keep_V|       pointer|
|overlay_stream_in_TSTRB   |   in|    1|        axis|  overlay_stream_in_V_strb_V|       pointer|
|overlay_stream_in_TUSER   |   in|    1|        axis|  overlay_stream_in_V_user_V|       pointer|
|video_stream_out_TDATA    |  out|   24|        axis|   video_stream_out_V_data_V|       pointer|
|video_stream_out_TVALID   |  out|    1|        axis|   video_stream_out_V_last_V|       pointer|
|video_stream_out_TREADY   |   in|    1|        axis|   video_stream_out_V_last_V|       pointer|
|video_stream_out_TLAST    |  out|    1|        axis|   video_stream_out_V_last_V|       pointer|
|video_stream_out_TKEEP    |  out|    3|        axis|   video_stream_out_V_keep_V|       pointer|
|video_stream_out_TSTRB    |  out|    3|        axis|   video_stream_out_V_strb_V|       pointer|
|video_stream_out_TUSER    |  out|    1|        axis|   video_stream_out_V_user_V|       pointer|
|image_h                   |   in|   12|   ap_stable|                     image_h|        scalar|
|image_w                   |   in|   12|   ap_stable|                     image_w|        scalar|
+--------------------------+-----+-----+------------+----------------------------+--------------+

