

================================================================
== Synthesis Summary Report of 'NonMaximalSuppresionUnit'
================================================================
+ General Information: 
    * Date:           Thu Sep 23 14:11:28 2021
    * Version:        2020.2 (Build 3064766 on Wed Nov 18 09:12:47 MST 2020)
    * Project:        Non_maximal_suppression
    * Solution:       solution1 (Vivado IP Flow Target)
    * Product family: zynq
    * Target device:  xc7z020-clg400-1
    

+ Performance & Resource Estimates: 
    
    PS: '+' for module; 'o' for loop; '*' for dataflow
    +-------------------------------------+--------+-------+---------+--------+----------+---------+------+----------+--------+---------+-----------+-----------+-----+
    |               Modules               |  Issue |       | Latency | Latency| Iteration|         | Trip |          |        |         |           |           |     |
    |               & Loops               |  Type  | Slack | (cycles)|  (ns)  |  Latency | Interval| Count| Pipelined|  BRAM  |   DSP   |     FF    |    LUT    | URAM|
    +-------------------------------------+--------+-------+---------+--------+----------+---------+------+----------+--------+---------+-----------+-----------+-----+
    |+ NonMaximalSuppresionUnit           |  Timing|   0.31|        -|       -|         -|        -|     -|        no|  6 (2%)|  1 (~0%)|  939 (~0%)|  1262 (2%)|    -|
    | + grp_NonMaximalSuppresion_fu_109   |  Timing|   0.31|        -|       -|         -|        -|     -|        no|  6 (2%)|  1 (~0%)|  934 (~0%)|  1226 (2%)|    -|
    |  o VITIS_LOOP_34_1_VITIS_LOOP_35_2  |       -|  -7.30|        -|       -|         8|        1|     -|       yes|       -|        -|          -|          -|    -|
    +-------------------------------------+--------+-------+---------+--------+----------+---------+------+----------+--------+---------+-----------+-----------+-----+

