

================================================================
== Vitis HLS Report for 'NonMaximalSuppresion'
================================================================
* Date:           Thu Sep 23 14:11:28 2021

* Version:        2020.2 (Build 3064766 on Wed Nov 18 09:12:47 MST 2020)
* Project:        Non_maximal_suppression
* Solution:       solution1 (Vivado IP Flow Target)
* Product family: zynq
* Target device:  xc7z020-clg400-1


================================================================
== Performance Estimates
================================================================
+ Timing: 
    * Summary: 
    +--------+----------+----------+------------+
    |  Clock |  Target  | Estimated| Uncertainty|
    +--------+----------+----------+------------+
    |ap_clk  |  10.00 ns|  7.614 ns|     2.70 ns|
    +--------+----------+----------+------------+

+ Latency: 
    * Summary: 
    +---------+---------+----------+----------+-----+-----+---------+
    |  Latency (cycles) |  Latency (absolute) |  Interval | Pipeline|
    |   min   |   max   |    min   |    max   | min | max |   Type  |
    +---------+---------+----------+----------+-----+-----+---------+
    |        ?|        ?|         ?|         ?|    ?|    ?|     none|
    +---------+---------+----------+----------+-----+-----+---------+

    + Detail: 
        * Instance: 
        N/A

        * Loop: 
        +-----------------------------------+---------+---------+----------+-----------+-----------+------+----------+
        |                                   |  Latency (cycles) | Iteration|  Initiation Interval  | Trip |          |
        |             Loop Name             |   min   |   max   |  Latency |  achieved |   target  | Count| Pipelined|
        +-----------------------------------+---------+---------+----------+-----------+-----------+------+----------+
        |- VITIS_LOOP_34_1_VITIS_LOOP_35_2  |        ?|        ?|         8|          1|          1|     ?|       yes|
        +-----------------------------------+---------+---------+----------+-----------+-----------+------+----------+



================================================================
== Utilization Estimates
================================================================
* Summary: 
+-----------------+---------+-----+--------+-------+-----+
|       Name      | BRAM_18K| DSP |   FF   |  LUT  | URAM|
+-----------------+---------+-----+--------+-------+-----+
|DSP              |        -|    1|       -|      -|    -|
|Expression       |        -|    -|       0|    853|    -|
|FIFO             |        -|    -|       -|      -|    -|
|Instance         |        -|    0|     165|     50|    -|
|Memory           |        6|    -|       0|      0|    -|
|Multiplexer      |        -|    -|       -|    131|    -|
|Register         |        -|    -|     769|    192|    -|
+-----------------+---------+-----+--------+-------+-----+
|Total            |        6|    1|     934|   1226|    0|
+-----------------+---------+-----+--------+-------+-----+
|Available        |      280|  220|  106400|  53200|    0|
+-----------------+---------+-----+--------+-------+-----+
|Utilization (%)  |        2|   ~0|      ~0|      2|    0|
+-----------------+---------+-----+--------+-------+-----+

+ Detail: 
    * Instance: 
    +-------------------------+----------------------+---------+----+-----+----+-----+
    |         Instance        |        Module        | BRAM_18K| DSP|  FF | LUT| URAM|
    +-------------------------+----------------------+---------+----+-----+----+-----+
    |mul_32ns_32ns_64_2_1_U1  |mul_32ns_32ns_64_2_1  |        0|   0|  165|  50|    0|
    +-------------------------+----------------------+---------+----+-----+----+-----+
    |Total                    |                      |        0|   0|  165|  50|    0|
    +-------------------------+----------------------+---------+----+-----+----+-----+

    * DSP: 
    +-----------------------------+--------------------------+-----------+
    |           Instance          |          Module          | Expression|
    +-----------------------------+--------------------------+-----------+
    |mul_mul_16ns_16ns_32_4_1_U2  |mul_mul_16ns_16ns_32_4_1  |    i0 * i1|
    +-----------------------------+--------------------------+-----------+

    * Memory: 
    +-------------------+--------------------------------------+---------+---+----+-----+------+-----+------+-------------+
    |       Memory      |                Module                | BRAM_18K| FF| LUT| URAM| Words| Bits| Banks| W*Bits*Banks|
    +-------------------+--------------------------------------+---------+---+----+-----+------+-----+------+-------------+
    |line_buffer_V_0_U  |NonMaximalSuppresion_line_buffer_V_0  |        2|  0|   0|    0|  2048|   16|     1|        32768|
    |line_buffer_V_1_U  |NonMaximalSuppresion_line_buffer_V_1  |        2|  0|   0|    0|  2048|   16|     1|        32768|
    |line_buffer_V_2_U  |NonMaximalSuppresion_line_buffer_V_1  |        2|  0|   0|    0|  2048|   16|     1|        32768|
    +-------------------+--------------------------------------+---------+---+----+-----+------+-----+------+-------------+
    |Total              |                                      |        6|  0|   0|    0|  6144|   48|     3|        98304|
    +-------------------+--------------------------------------+---------+---+----+-----+------+-----+------+-------------+

    * FIFO: 
    N/A

    * Expression: 
    +----------------------------------------+----------+----+---+----+------------+------------+
    |              Variable Name             | Operation| DSP| FF| LUT| Bitwidth P0| Bitwidth P1|
    +----------------------------------------+----------+----+---+----+------------+------------+
    |add19_fu_282_p2                         |         +|   0|  0|  39|          32|           1|
    |add_fu_276_p2                           |         +|   0|  0|  39|          32|           1|
    |add_ln34_1_fu_398_p2                    |         +|   0|  0|  38|          31|           1|
    |add_ln34_fu_313_p2                      |         +|   0|  0|  71|          64|           1|
    |add_ln35_fu_590_p2                      |         +|   0|  0|  12|          12|           1|
    |and_ln79_1_fu_797_p2                    |       and|   0|  0|   2|           1|           1|
    |and_ln79_2_fu_793_p2                    |       and|   0|  0|   2|           1|           1|
    |and_ln79_3_fu_473_p2                    |       and|   0|  0|   2|           1|           1|
    |and_ln79_fu_372_p2                      |       and|   0|  0|   2|           1|           1|
    |and_ln85_1_fu_584_p2                    |       and|   0|  0|   2|           1|           1|
    |and_ln85_2_fu_578_p2                    |       and|   0|  0|   2|           1|           1|
    |and_ln85_3_fu_487_p2                    |       and|   0|  0|   2|           1|           1|
    |and_ln85_fu_378_p2                      |       and|   0|  0|   2|           1|           1|
    |ap_block_pp0                            |       and|   0|  0|   2|           1|           1|
    |ap_block_state11_io                     |       and|   0|  0|   2|           1|           1|
    |ap_block_state4_pp0_stage0_iter0        |       and|   0|  0|   2|           1|           1|
    |ap_condition_251                        |       and|   0|  0|   2|           1|           1|
    |ap_enable_state4_pp0_iter0_stage0       |       and|   0|  0|   2|           1|           1|
    |ap_enable_state5_pp0_iter1_stage0       |       and|   0|  0|   2|           1|           1|
    |ap_predicate_op71_read_state4           |       and|   0|  0|   2|           1|           1|
    |binary_response_V_fu_788_p2             |       and|   0|  0|   2|           1|           1|
    |output_stream_element_data_V_fu_802_p2  |       and|   0|  0|   2|           1|           1|
    |icmp37_fu_445_p2                        |      icmp|   0|  0|  17|          30|           1|
    |icmp_fu_344_p2                          |      icmp|   0|  0|  17|          30|           1|
    |icmp_ln1494_fu_783_p2                   |      icmp|   0|  0|  18|          32|          32|
    |icmp_ln34_fu_393_p2                     |      icmp|   0|  0|  29|          64|          64|
    |icmp_ln35_fu_388_p2                     |      icmp|   0|  0|  18|          32|          32|
    |icmp_ln38_fu_519_p2                     |      icmp|   0|  0|  18|          32|          32|
    |icmp_ln79_1_fu_556_p2                   |      icmp|   0|  0|  18|          32|          32|
    |icmp_ln79_fu_550_p2                     |      icmp|   0|  0|  11|          11|           1|
    |icmp_ln85_1_fu_567_p2                   |      icmp|   0|  0|  18|          32|          32|
    |icmp_ln85_fu_561_p2                     |      icmp|   0|  0|  12|          12|           1|
    |icmp_ln886_1_fu_661_p2                  |      icmp|   0|  0|  13|          16|          16|
    |icmp_ln886_2_fu_616_p2                  |      icmp|   0|  0|  13|          16|          16|
    |icmp_ln886_3_fu_630_p2                  |      icmp|   0|  0|  13|          16|          16|
    |icmp_ln886_4_fu_685_p2                  |      icmp|   0|  0|  13|          16|          16|
    |icmp_ln886_5_fu_697_p2                  |      icmp|   0|  0|  13|          16|          16|
    |icmp_ln886_6_fu_729_p2                  |      icmp|   0|  0|  13|          16|          16|
    |icmp_ln886_7_fu_741_p2                  |      icmp|   0|  0|  13|          16|          16|
    |icmp_ln886_8_fu_755_p2                  |      icmp|   0|  0|  13|          16|          16|
    |icmp_ln886_fu_644_p2                    |      icmp|   0|  0|  13|          16|          16|
    |notlhs1_fu_355_p2                       |      icmp|   0|  0|  17|          31|           1|
    |notlhs1_mid1_fu_456_p2                  |      icmp|   0|  0|  17|          31|           1|
    |notrhs_fu_350_p2                        |      icmp|   0|  0|  18|          32|          32|
    |notrhs_mid1_fu_451_p2                   |      icmp|   0|  0|  18|          32|          32|
    |slt45_fu_361_p2                         |      icmp|   0|  0|  18|          32|          32|
    |slt49_fu_416_p2                         |      icmp|   0|  0|  18|          32|          32|
    |slt51_fu_462_p2                         |      icmp|   0|  0|  18|          32|          32|
    |slt_fu_323_p2                           |      icmp|   0|  0|  18|          32|          32|
    |ap_block_pp0_stage0_01001               |        or|   0|  0|   2|           1|           1|
    |ap_block_pp0_stage0_11001               |        or|   0|  0|   2|           1|           1|
    |or_ln38_fu_530_p2                       |        or|   0|  0|   2|           1|           1|
    |select_ln34_1_fu_427_p3                 |    select|   0|  0|   2|           1|           1|
    |select_ln34_2_fu_479_p3                 |    select|   0|  0|   2|           1|           1|
    |select_ln34_3_fu_493_p3                 |    select|   0|  0|   2|           1|           1|
    |select_ln34_4_fu_505_p3                 |    select|   0|  0|  31|           1|          31|
    |select_ln34_fu_408_p3                   |    select|   0|  0|  12|           1|           1|
    |select_ln99_1_fu_636_p3                 |    select|   0|  0|  16|           1|          16|
    |select_ln99_2_fu_690_p3                 |    select|   0|  0|  16|           1|          16|
    |select_ln99_3_fu_702_p3                 |    select|   0|  0|  16|           1|          16|
    |select_ln99_4_fu_734_p3                 |    select|   0|  0|  16|           1|          16|
    |select_ln99_5_fu_747_p3                 |    select|   0|  0|  16|           1|          16|
    |select_ln99_6_fu_760_p3                 |    select|   0|  0|  16|           1|          16|
    |select_ln99_fu_622_p3                   |    select|   0|  0|  16|           1|          16|
    |stream_out_TDATA                        |    select|   0|  0|   2|           1|           2|
    |ap_enable_pp0                           |       xor|   0|  0|   2|           1|           2|
    |ap_enable_reg_pp0_iter1                 |       xor|   0|  0|   2|           2|           1|
    |rev44_fu_328_p2                         |       xor|   0|  0|   2|           1|           2|
    |rev46_fu_366_p2                         |       xor|   0|  0|   2|           1|           2|
    |rev50_fu_421_p2                         |       xor|   0|  0|   2|           1|           2|
    |rev52_fu_467_p2                         |       xor|   0|  0|   2|           1|           2|
    |xor_ln38_fu_524_p2                      |       xor|   0|  0|   2|           1|           2|
    |xor_ln85_fu_572_p2                      |       xor|   0|  0|   2|           1|           2|
    +----------------------------------------+----------+----+---+----+------------+------------+
    |Total                                   |          |   0|  0| 853|         918|         755|
    +----------------------------------------+----------+----+---+----+------------+------------+

    * Multiplexer: 
    +--------------------------------------------------------+----+-----------+-----+-----------+
    |                          Name                          | LUT| Input Size| Bits| Total Bits|
    +--------------------------------------------------------+----+-----------+-----+-----------+
    |ap_NS_fsm                                               |  31|          6|    1|          6|
    |ap_enable_reg_pp0_iter1                                 |   9|          2|    1|          2|
    |ap_enable_reg_pp0_iter7                                 |   9|          2|    1|          2|
    |ap_phi_mux_input_stream_element_data_V_1_phi_fu_264_p4  |  14|          3|   16|         48|
    |h_reg_239                                               |   9|          2|   31|         62|
    |indvar_flatten_reg_228                                  |   9|          2|   64|        128|
    |input_stream_element_data_V_1_reg_261                   |  14|          3|   16|         48|
    |input_stream_element_data_V_fu_114                      |   9|          2|   16|         32|
    |stream_in_TDATA_blk_n                                   |   9|          2|    1|          2|
    |stream_out_TDATA_blk_n                                  |   9|          2|    1|          2|
    |w_reg_250                                               |   9|          2|   12|         24|
    +--------------------------------------------------------+----+-----------+-----+-----------+
    |Total                                                   | 131|         28|  160|        356|
    +--------------------------------------------------------+----+-----------+-----+-----------+

    * Register: 
    +---------------------------------------+----+----+-----+-----------+
    |                  Name                 | FF | LUT| Bits| Const Bits|
    +---------------------------------------+----+----+-----+-----------+
    |and_ln85_1_reg_938                     |   1|   0|    1|          0|
    |ap_CS_fsm                              |   5|   0|    5|          0|
    |ap_enable_reg_pp0_iter0                |   1|   0|    1|          0|
    |ap_enable_reg_pp0_iter1                |   1|   0|    1|          0|
    |ap_enable_reg_pp0_iter2                |   1|   0|    1|          0|
    |ap_enable_reg_pp0_iter3                |   1|   0|    1|          0|
    |ap_enable_reg_pp0_iter4                |   1|   0|    1|          0|
    |ap_enable_reg_pp0_iter5                |   1|   0|    1|          0|
    |ap_enable_reg_pp0_iter6                |   1|   0|    1|          0|
    |ap_enable_reg_pp0_iter7                |   1|   0|    1|          0|
    |h_reg_239                              |  31|   0|   31|          0|
    |icmp_ln34_reg_888                      |   1|   0|    1|          0|
    |icmp_ln79_1_reg_933                    |   1|   0|    1|          0|
    |icmp_ln79_reg_928                      |   1|   0|    1|          0|
    |icmp_ln886_1_reg_963                   |   1|   0|    1|          0|
    |indvar_flatten_reg_228                 |  64|   0|   64|          0|
    |input_stream_element_data_V_1_reg_261  |  16|   0|   16|          0|
    |input_stream_element_data_V_2_reg_911  |  16|   0|   16|          0|
    |input_stream_element_data_V_fu_114     |  16|   0|   16|          0|
    |line_buffer_V_1_addr_reg_916           |  11|   0|   11|          0|
    |line_buffer_V_2_addr_reg_922           |  11|   0|   11|          0|
    |line_buffer_V_2_load_reg_947           |  16|   0|   16|          0|
    |max_response_reg_V                     |  16|   0|   16|          0|
    |or_ln38_reg_907                        |   1|   0|    1|          0|
    |select_ln34_2_reg_892                  |   1|   0|    1|          0|
    |select_ln99_1_reg_954                  |  16|   0|   16|          0|
    |select_ln99_3_reg_968                  |  16|   0|   16|          0|
    |select_ln99_5_reg_974                  |  16|   0|   16|          0|
    |sliding_window_V_0_1                   |  16|   0|   16|          0|
    |sliding_window_V_0_2                   |  16|   0|   16|          0|
    |sliding_window_V_1_1                   |  16|   0|   16|          0|
    |sliding_window_V_1_2                   |  16|   0|   16|          0|
    |sliding_window_V_2_1                   |  16|   0|   16|          0|
    |sliding_window_V_2_2                   |  16|   0|   16|          0|
    |w_reg_250                              |  12|   0|   12|          0|
    |zext_ln35_reg_902                      |  12|   0|   64|         52|
    |and_ln85_1_reg_938                     |  64|  32|    1|          0|
    |icmp_ln79_1_reg_933                    |  64|  32|    1|          0|
    |icmp_ln79_reg_928                      |  64|  32|    1|          0|
    |icmp_ln886_1_reg_963                   |  64|  32|    1|          0|
    |input_stream_element_data_V_1_reg_261  |  64|  32|   16|          0|
    |select_ln34_2_reg_892                  |  64|  32|    1|          0|
    +---------------------------------------+----+----+-----+-----------+
    |Total                                  | 769| 192|  458|         52|
    +---------------------------------------+----+----+-----+-----------+



================================================================
== Interface
================================================================
* Summary: 
+-------------------+-----+-----+------------+----------------------+--------------+
|     RTL Ports     | Dir | Bits|  Protocol  |     Source Object    |    C Type    |
+-------------------+-----+-----+------------+----------------------+--------------+
|ap_clk             |   in|    1|  ap_ctrl_hs|  NonMaximalSuppresion|  return value|
|ap_rst             |   in|    1|  ap_ctrl_hs|  NonMaximalSuppresion|  return value|
|ap_start           |   in|    1|  ap_ctrl_hs|  NonMaximalSuppresion|  return value|
|ap_done            |  out|    1|  ap_ctrl_hs|  NonMaximalSuppresion|  return value|
|ap_idle            |  out|    1|  ap_ctrl_hs|  NonMaximalSuppresion|  return value|
|ap_ready           |  out|    1|  ap_ctrl_hs|  NonMaximalSuppresion|  return value|
|ap_return          |  out|   16|  ap_ctrl_hs|  NonMaximalSuppresion|  return value|
|stream_in_TDATA    |   in|   16|        axis|    stream_in_V_data_V|       pointer|
|stream_in_TVALID   |   in|    1|        axis|    stream_in_V_data_V|       pointer|
|stream_in_TREADY   |  out|    1|        axis|    stream_in_V_last_V|       pointer|
|stream_in_TLAST    |   in|    1|        axis|    stream_in_V_last_V|       pointer|
|stream_in_TKEEP    |   in|    2|        axis|    stream_in_V_keep_V|       pointer|
|stream_in_TSTRB    |   in|    2|        axis|    stream_in_V_strb_V|       pointer|
|stream_in_TUSER    |   in|    1|        axis|    stream_in_V_user_V|       pointer|
|stream_out_TDATA   |  out|    8|        axis|   stream_out_V_data_V|       pointer|
|stream_out_TREADY  |   in|    1|        axis|   stream_out_V_data_V|       pointer|
|stream_out_TVALID  |  out|    1|        axis|   stream_out_V_last_V|       pointer|
|stream_out_TLAST   |  out|    1|        axis|   stream_out_V_last_V|       pointer|
|stream_out_TKEEP   |  out|    1|        axis|   stream_out_V_keep_V|       pointer|
|stream_out_TSTRB   |  out|    1|        axis|   stream_out_V_strb_V|       pointer|
|stream_out_TUSER   |  out|    1|        axis|   stream_out_V_user_V|       pointer|
|image_w            |   in|   32|   ap_stable|               image_w|        scalar|
|image_h            |   in|   32|   ap_stable|               image_h|        scalar|
|alpha              |   in|   16|   ap_stable|                 alpha|        scalar|
|beta               |   in|   16|   ap_stable|                  beta|        scalar|
+-------------------+-----+-----+------------+----------------------+--------------+

