#-----------------------------------------------------------
# xsim v2020.2 (64-bit)
# SW Build 3064766 on Wed Nov 18 09:12:47 MST 2020
# IP Build 3064653 on Wed Nov 18 14:17:31 MST 2020
# Start of session at: Thu Aug 12 16:57:48 2021
# Process ID: 32524
# Current directory: /home/lbo/Projects/esiee/hardware/IPs/cores/Color_to_gray/color_to_gray/solution1/sim/vhdl
# Command line: xsim -mode tcl -source {xsim.dir/ColorToGrayUnit/xsim_script.tcl}
# Log file: /home/lbo/Projects/esiee/hardware/IPs/cores/Color_to_gray/color_to_gray/solution1/sim/vhdl/xsim.log
# Journal file: /home/lbo/Projects/esiee/hardware/IPs/cores/Color_to_gray/color_to_gray/solution1/sim/vhdl/xsim.jou
#-----------------------------------------------------------
source xsim.dir/ColorToGrayUnit/xsim_script.tcl
# xsim {ColorToGrayUnit} -autoloadwcfg -tclbatch {ColorToGrayUnit.tcl}
Vivado Simulator 2020.2
Time resolution is 1 ps
source ColorToGrayUnit.tcl
## log_wave [get_objects -filter {type == in_port || type == out_port || type == inout_port || type == port} /apatb_ColorToGrayUnit_top/AESL_inst_ColorToGrayUnit/*]
## set designtopgroup [add_wave_group "Design Top Signals"]
## set coutputgroup [add_wave_group "C Outputs" -into $designtopgroup]
## set stream_out_group [add_wave_group stream_out(axis) -into $coutputgroup]
## add_wave /apatb_ColorToGrayUnit_top/AESL_inst_ColorToGrayUnit/stream_out_TLAST -into $stream_out_group -color #ffff00 -radix hex
## add_wave /apatb_ColorToGrayUnit_top/AESL_inst_ColorToGrayUnit/stream_out_TUSER -into $stream_out_group -radix hex
## add_wave /apatb_ColorToGrayUnit_top/AESL_inst_ColorToGrayUnit/stream_out_TSTRB -into $stream_out_group -radix hex
## add_wave /apatb_ColorToGrayUnit_top/AESL_inst_ColorToGrayUnit/stream_out_TKEEP -into $stream_out_group -radix hex
## add_wave /apatb_ColorToGrayUnit_top/AESL_inst_ColorToGrayUnit/stream_out_TREADY -into $stream_out_group -color #ffff00 -radix hex
## add_wave /apatb_ColorToGrayUnit_top/AESL_inst_ColorToGrayUnit/stream_out_TVALID -into $stream_out_group -color #ffff00 -radix hex
## add_wave /apatb_ColorToGrayUnit_top/AESL_inst_ColorToGrayUnit/stream_out_TDATA -into $stream_out_group -radix hex
## set cinputgroup [add_wave_group "C Inputs" -into $designtopgroup]
## set image_h_group [add_wave_group image_h(wire) -into $cinputgroup]
## add_wave /apatb_ColorToGrayUnit_top/AESL_inst_ColorToGrayUnit/image_h -into $image_h_group -radix hex
## set image_w_group [add_wave_group image_w(wire) -into $cinputgroup]
## add_wave /apatb_ColorToGrayUnit_top/AESL_inst_ColorToGrayUnit/image_w -into $image_w_group -radix hex
## set stream_in_group [add_wave_group stream_in(axis) -into $cinputgroup]
## add_wave /apatb_ColorToGrayUnit_top/AESL_inst_ColorToGrayUnit/stream_in_TLAST -into $stream_in_group -color #ffff00 -radix hex
## add_wave /apatb_ColorToGrayUnit_top/AESL_inst_ColorToGrayUnit/stream_in_TUSER -into $stream_in_group -radix hex
## add_wave /apatb_ColorToGrayUnit_top/AESL_inst_ColorToGrayUnit/stream_in_TSTRB -into $stream_in_group -radix hex
## add_wave /apatb_ColorToGrayUnit_top/AESL_inst_ColorToGrayUnit/stream_in_TKEEP -into $stream_in_group -radix hex
## add_wave /apatb_ColorToGrayUnit_top/AESL_inst_ColorToGrayUnit/stream_in_TREADY -into $stream_in_group -color #ffff00 -radix hex
## add_wave /apatb_ColorToGrayUnit_top/AESL_inst_ColorToGrayUnit/stream_in_TVALID -into $stream_in_group -color #ffff00 -radix hex
## add_wave /apatb_ColorToGrayUnit_top/AESL_inst_ColorToGrayUnit/stream_in_TDATA -into $stream_in_group -radix hex
## set blocksiggroup [add_wave_group "Block-level IO Handshake" -into $designtopgroup]
## add_wave /apatb_ColorToGrayUnit_top/AESL_inst_ColorToGrayUnit/ap_start -into $blocksiggroup
## add_wave /apatb_ColorToGrayUnit_top/AESL_inst_ColorToGrayUnit/ap_done -into $blocksiggroup
## add_wave /apatb_ColorToGrayUnit_top/AESL_inst_ColorToGrayUnit/ap_idle -into $blocksiggroup
## add_wave /apatb_ColorToGrayUnit_top/AESL_inst_ColorToGrayUnit/ap_ready -into $blocksiggroup
## set resetgroup [add_wave_group "Reset" -into $designtopgroup]
## add_wave /apatb_ColorToGrayUnit_top/AESL_inst_ColorToGrayUnit/ap_rst_n -into $resetgroup
## set clockgroup [add_wave_group "Clock" -into $designtopgroup]
## add_wave /apatb_ColorToGrayUnit_top/AESL_inst_ColorToGrayUnit/ap_clk -into $clockgroup
## save_wave_config ColorToGrayUnit.wcfg
## run all
Note: simulation done!
Time: 20736255 ns  Iteration: 1  Process: /apatb_ColorToGrayUnit_top/generate_sim_done_proc  File: /home/lbo/Projects/esiee/hardware/IPs/cores/Color_to_gray/color_to_gray/solution1/sim/vhdl/ColorToGrayUnit.autotb.vhd
Failure: NORMAL EXIT (note: failure is to force the simulator to stop)
Time: 20736255 ns  Iteration: 1  Process: /apatb_ColorToGrayUnit_top/generate_sim_done_proc  File: /home/lbo/Projects/esiee/hardware/IPs/cores/Color_to_gray/color_to_gray/solution1/sim/vhdl/ColorToGrayUnit.autotb.vhd
$finish called at time : 20736255 ns
run: Time (s): cpu = 00:00:03 ; elapsed = 00:01:37 . Memory (MB): peak = 2522.598 ; gain = 8.004 ; free physical = 463 ; free virtual = 5396
## quit
INFO: [Common 17-206] Exiting xsim at Thu Aug 12 16:59:31 2021...
