/// Generic Settings Check////
- (STREAM_BUFFER_DEPTH) Buffer size defined as 2048, must be 2048
The maximum depth reached by any of the 1 hls::stream() instances in the design is 19200
Vivado Simulator 2020.2
Copyright 1986-1999, 2001-2020 Xilinx, Inc. All Rights Reserved.
Running: /tools/Xilinx/Vivado/2020.2/bin/unwrapped/lnx64.o/xelab xil_defaultlib.apatb_DataMoverUnit_s2mm_32bits_top glbl -prj DataMoverUnit_s2mm_32bits.prj -L smartconnect_v1_0 -L axi_protocol_checker_v1_1_12 -L axi_protocol_checker_v1_1_13 -L axis_protocol_checker_v1_1_11 -L axis_protocol_checker_v1_1_12 -L xil_defaultlib -L unisims -L unisims_ver -L xpm -L floating_point_v7_0_18 -L floating_point_v7_1_11 --lib ieee_proposed=./ieee_proposed -s DataMoverUnit_s2mm_32bits -debug wave 
Multi-threading is on. Using 4 slave threads.
Determining compilation order of HDL files.
WARNING: [XSIM 43-3431] One or more environment variables have been detected which affect the operation of the C compiler. These are typically not set in standard installations and are not tested by Xilinx, however they may be appropriate for your system, so the flow will attempt to continue.  If errors occur, try running xelab with the "-mt off -v 1" switches to see more information from the C compiler. The following environment variables have been detected:
    LIBRARY_PATH
INFO: [VRFC 10-2263] Analyzing SystemVerilog file "/home/lbo/Projects/esiee/hardware/IPs/cores/data_mover_s2mm/Data_Mover_S2MM/solution1/sim/vhdl/glbl.v" into library work
INFO: [VRFC 10-311] analyzing module glbl
INFO: [VRFC 10-163] Analyzing VHDL file "/home/lbo/Projects/esiee/hardware/IPs/cores/data_mover_s2mm/Data_Mover_S2MM/solution1/sim/vhdl/AESL_sim_pkg.vhd" into library xil_defaultlib
INFO: [VRFC 10-163] Analyzing VHDL file "/home/lbo/Projects/esiee/hardware/IPs/cores/data_mover_s2mm/Data_Mover_S2MM/solution1/sim/vhdl/DataMoverUnit_s2mm_32bits.vhd" into library xil_defaultlib
INFO: [VRFC 10-3107] analyzing entity 'DataMoverUnit_s2mm_32bits'
INFO: [VRFC 10-163] Analyzing VHDL file "/home/lbo/Projects/esiee/hardware/IPs/cores/data_mover_s2mm/Data_Mover_S2MM/solution1/sim/vhdl/DataMoverUnit_s2mm_32bits_DMAWriteMM.vhd" into library xil_defaultlib
INFO: [VRFC 10-3107] analyzing entity 'DataMoverUnit_s2mm_32bits_DMAWriteMM'
INFO: [VRFC 10-163] Analyzing VHDL file "/home/lbo/Projects/esiee/hardware/IPs/cores/data_mover_s2mm/Data_Mover_S2MM/solution1/sim/vhdl/DataMoverUnit_s2mm_32bits_MM_video_out_m_axi.vhd" into library xil_defaultlib
INFO: [VRFC 10-3107] analyzing entity 'DataMoverUnit_s2mm_32bits_MM_video_out_m_axi'
INFO: [VRFC 10-3107] analyzing entity 'DataMoverUnit_s2mm_32bits_MM_video_out_m_axi_reg_slice'
INFO: [VRFC 10-3107] analyzing entity 'DataMoverUnit_s2mm_32bits_MM_video_out_m_axi_fifo'
INFO: [VRFC 10-3107] analyzing entity 'DataMoverUnit_s2mm_32bits_MM_video_out_m_axi_buffer'
INFO: [VRFC 10-3107] analyzing entity 'DataMoverUnit_s2mm_32bits_MM_video_out_m_axi_decoder'
INFO: [VRFC 10-3107] analyzing entity 'DataMoverUnit_s2mm_32bits_MM_video_out_m_axi_throttl'
INFO: [VRFC 10-3107] analyzing entity 'DataMoverUnit_s2mm_32bits_MM_video_out_m_axi_read'
INFO: [VRFC 10-3107] analyzing entity 'DataMoverUnit_s2mm_32bits_MM_video_out_m_axi_write'
INFO: [VRFC 10-163] Analyzing VHDL file "/home/lbo/Projects/esiee/hardware/IPs/cores/data_mover_s2mm/Data_Mover_S2MM/solution1/sim/vhdl/DataMoverUnit_s2mm_32bits_dataflow_in_loop_S2M_stream_elt_dma_buffer_V_memcore.vhd" into library xil_defaultlib
INFO: [VRFC 10-3107] analyzing entity 'DataMoverUnit_s2mm_32bits_dataflow_in_loop_S2M_stream_elt_dma_buffer_V_memcore_ram'
INFO: [VRFC 10-3107] analyzing entity 'DataMoverUnit_s2mm_32bits_dataflow_in_loop_S2M_stream_elt_dma_buffer_V_memcore'
INFO: [VRFC 10-163] Analyzing VHDL file "/home/lbo/Projects/esiee/hardware/IPs/cores/data_mover_s2mm/Data_Mover_S2MM/solution1/sim/vhdl/DataMoverUnit_s2mm_32bits_dataflow_in_loop_S2M_axi_elt_dma_buffer_V.vhd" into library xil_defaultlib
INFO: [VRFC 10-3107] analyzing entity 'DataMoverUnit_s2mm_32bits_dataflow_in_loop_S2M_axi_elt_dma_buffer_V'
INFO: [VRFC 10-163] Analyzing VHDL file "/home/lbo/Projects/esiee/hardware/IPs/cores/data_mover_s2mm/Data_Mover_S2MM/solution1/sim/vhdl/AESL_axi_s_STR_video_in.vhd" into library xil_defaultlib
INFO: [VRFC 10-3107] analyzing entity 'AESL_axi_s_STR_video_in'
INFO: [VRFC 10-163] Analyzing VHDL file "/home/lbo/Projects/esiee/hardware/IPs/cores/data_mover_s2mm/Data_Mover_S2MM/solution1/sim/vhdl/DataMoverUnit_s2mm_32bits_dataflow_in_loop_S2M.vhd" into library xil_defaultlib
INFO: [VRFC 10-3107] analyzing entity 'DataMoverUnit_s2mm_32bits_dataflow_in_loop_S2M'
INFO: [VRFC 10-163] Analyzing VHDL file "/home/lbo/Projects/esiee/hardware/IPs/cores/data_mover_s2mm/Data_Mover_S2MM/solution1/sim/vhdl/DataMoverUnit_s2mm_32bits_start_for_FillLocalBuffer7_U0.vhd" into library xil_defaultlib
INFO: [VRFC 10-3107] analyzing entity 'DataMoverUnit_s2mm_32bits_start_for_FillLocalBuffer7_U0_shiftReg'
INFO: [VRFC 10-3107] analyzing entity 'DataMoverUnit_s2mm_32bits_start_for_FillLocalBuffer7_U0'
INFO: [VRFC 10-163] Analyzing VHDL file "/home/lbo/Projects/esiee/hardware/IPs/cores/data_mover_s2mm/Data_Mover_S2MM/solution1/sim/vhdl/DataMoverUnit_s2mm_32bits_fifo_w31_d2_S.vhd" into library xil_defaultlib
INFO: [VRFC 10-3107] analyzing entity 'DataMoverUnit_s2mm_32bits_fifo_w31_d2_S_shiftReg'
INFO: [VRFC 10-3107] analyzing entity 'DataMoverUnit_s2mm_32bits_fifo_w31_d2_S'
INFO: [VRFC 10-163] Analyzing VHDL file "/home/lbo/Projects/esiee/hardware/IPs/cores/data_mover_s2mm/Data_Mover_S2MM/solution1/sim/vhdl/AESL_axi_master_MM_video_out.vhd" into library xil_defaultlib
INFO: [VRFC 10-3107] analyzing entity 'AESL_axi_master_MM_video_out'
INFO: [VRFC 10-163] Analyzing VHDL file "/home/lbo/Projects/esiee/hardware/IPs/cores/data_mover_s2mm/Data_Mover_S2MM/solution1/sim/vhdl/DataMoverUnit_s2mm_32bits_fifo_w21_d2_S.vhd" into library xil_defaultlib
INFO: [VRFC 10-3107] analyzing entity 'DataMoverUnit_s2mm_32bits_fifo_w21_d2_S_shiftReg'
INFO: [VRFC 10-3107] analyzing entity 'DataMoverUnit_s2mm_32bits_fifo_w21_d2_S'
INFO: [VRFC 10-163] Analyzing VHDL file "/home/lbo/Projects/esiee/hardware/IPs/cores/data_mover_s2mm/Data_Mover_S2MM/solution1/sim/vhdl/DataMoverUnit_s2mm_32bits_fifo_w1_d3_S.vhd" into library xil_defaultlib
INFO: [VRFC 10-3107] analyzing entity 'DataMoverUnit_s2mm_32bits_fifo_w1_d3_S_shiftReg'
INFO: [VRFC 10-3107] analyzing entity 'DataMoverUnit_s2mm_32bits_fifo_w1_d3_S'
INFO: [VRFC 10-163] Analyzing VHDL file "/home/lbo/Projects/esiee/hardware/IPs/cores/data_mover_s2mm/Data_Mover_S2MM/solution1/sim/vhdl/DataMoverUnit_s2mm_32bits_fifo_w32_d2_S.vhd" into library xil_defaultlib
INFO: [VRFC 10-3107] analyzing entity 'DataMoverUnit_s2mm_32bits_fifo_w32_d2_S_shiftReg'
INFO: [VRFC 10-3107] analyzing entity 'DataMoverUnit_s2mm_32bits_fifo_w32_d2_S'
INFO: [VRFC 10-163] Analyzing VHDL file "/home/lbo/Projects/esiee/hardware/IPs/cores/data_mover_s2mm/Data_Mover_S2MM/solution1/sim/vhdl/DataMoverUnit_s2mm_32bits_FillLocalBuffer7.vhd" into library xil_defaultlib
INFO: [VRFC 10-3107] analyzing entity 'DataMoverUnit_s2mm_32bits_FillLocalBuffer7'
INFO: [VRFC 10-163] Analyzing VHDL file "/home/lbo/Projects/esiee/hardware/IPs/cores/data_mover_s2mm/Data_Mover_S2MM/solution1/sim/vhdl/DataMoverUnit_s2mm_32bits_dataflow_in_loop_S2M_axi_elt_dma_buffer_V_memcore.vhd" into library xil_defaultlib
INFO: [VRFC 10-3107] analyzing entity 'DataMoverUnit_s2mm_32bits_dataflow_in_loop_S2M_axi_elt_dma_buffer_V_memcore_ram'
INFO: [VRFC 10-3107] analyzing entity 'DataMoverUnit_s2mm_32bits_dataflow_in_loop_S2M_axi_elt_dma_buffer_V_memcore'
INFO: [VRFC 10-163] Analyzing VHDL file "/home/lbo/Projects/esiee/hardware/IPs/cores/data_mover_s2mm/Data_Mover_S2MM/solution1/sim/vhdl/DataMoverUnit_s2mm_32bits_fifo_w1_d2_S.vhd" into library xil_defaultlib
INFO: [VRFC 10-3107] analyzing entity 'DataMoverUnit_s2mm_32bits_fifo_w1_d2_S_shiftReg'
INFO: [VRFC 10-3107] analyzing entity 'DataMoverUnit_s2mm_32bits_fifo_w1_d2_S'
INFO: [VRFC 10-163] Analyzing VHDL file "/home/lbo/Projects/esiee/hardware/IPs/cores/data_mover_s2mm/Data_Mover_S2MM/solution1/sim/vhdl/DataMoverUnit_s2mm_32bits_fifo_w32_d3_S.vhd" into library xil_defaultlib
INFO: [VRFC 10-3107] analyzing entity 'DataMoverUnit_s2mm_32bits_fifo_w32_d3_S_shiftReg'
INFO: [VRFC 10-3107] analyzing entity 'DataMoverUnit_s2mm_32bits_fifo_w32_d3_S'
INFO: [VRFC 10-163] Analyzing VHDL file "/home/lbo/Projects/esiee/hardware/IPs/cores/data_mover_s2mm/Data_Mover_S2MM/solution1/sim/vhdl/DataMoverUnit_s2mm_32bits_dataflow_in_loop_S2M_stream_elt_dma_buffer_V.vhd" into library xil_defaultlib
INFO: [VRFC 10-3107] analyzing entity 'DataMoverUnit_s2mm_32bits_dataflow_in_loop_S2M_stream_elt_dma_buffer_V'
INFO: [VRFC 10-163] Analyzing VHDL file "/home/lbo/Projects/esiee/hardware/IPs/cores/data_mover_s2mm/Data_Mover_S2MM/solution1/sim/vhdl/DataMoverUnit_s2mm_32bits_dataflow_in_loop_S2M_entry4.vhd" into library xil_defaultlib
INFO: [VRFC 10-3107] analyzing entity 'DataMoverUnit_s2mm_32bits_dataflow_in_loop_S2M_entry4'
INFO: [VRFC 10-163] Analyzing VHDL file "/home/lbo/Projects/esiee/hardware/IPs/cores/data_mover_s2mm/Data_Mover_S2MM/solution1/sim/vhdl/DataMoverUnit_s2mm_32bits.autotb.vhd" into library xil_defaultlib
INFO: [VRFC 10-3107] analyzing entity 'apatb_DataMoverUnit_s2mm_32bits_top'
INFO: [VRFC 10-163] Analyzing VHDL file "/home/lbo/Projects/esiee/hardware/IPs/cores/data_mover_s2mm/Data_Mover_S2MM/solution1/sim/vhdl/DataMoverUnit_s2mm_32bits_DataMover_s2mm_32bits.vhd" into library xil_defaultlib
INFO: [VRFC 10-3107] analyzing entity 'DataMoverUnit_s2mm_32bits_DataMover_s2mm_32bits'
INFO: [VRFC 10-163] Analyzing VHDL file "/home/lbo/Projects/esiee/hardware/IPs/cores/data_mover_s2mm/Data_Mover_S2MM/solution1/sim/vhdl/DataMoverUnit_s2mm_32bits_fifo_w21_d3_S.vhd" into library xil_defaultlib
INFO: [VRFC 10-3107] analyzing entity 'DataMoverUnit_s2mm_32bits_fifo_w21_d3_S_shiftReg'
INFO: [VRFC 10-3107] analyzing entity 'DataMoverUnit_s2mm_32bits_fifo_w21_d3_S'
INFO: [VRFC 10-163] Analyzing VHDL file "/home/lbo/Projects/esiee/hardware/IPs/cores/data_mover_s2mm/Data_Mover_S2MM/solution1/sim/vhdl/DataMoverUnit_s2mm_32bits_regslice_both.vhd" into library xil_defaultlib
INFO: [VRFC 10-3107] analyzing entity 'DataMoverUnit_s2mm_32bits_regslice_both'
INFO: [VRFC 10-3107] analyzing entity 'DataMoverUnit_s2mm_32bits_regslice_both_w1'
INFO: [VRFC 10-163] Analyzing VHDL file "/home/lbo/Projects/esiee/hardware/IPs/cores/data_mover_s2mm/Data_Mover_S2MM/solution1/sim/vhdl/DataMoverUnit_s2mm_32bits_S2M_FormatLocalBuffer.vhd" into library xil_defaultlib
INFO: [VRFC 10-3107] analyzing entity 'DataMoverUnit_s2mm_32bits_S2M_FormatLocalBuffer'
Starting static elaboration
Pass Through NonSizing Optimizer
Completed static elaboration
Starting simulation data flow analysis
Completed simulation data flow analysis
Time Resolution for simulation is 1ps
Compiling package std.standard
Compiling package std.textio
Compiling package ieee.std_logic_1164
Compiling package ieee.std_logic_arith
Compiling package ieee.std_logic_unsigned
Compiling package ieee.numeric_std
Compiling package ieee.std_logic_textio
Compiling module work.glbl
Compiling architecture behav of entity xil_defaultlib.DataMoverUnit_s2mm_32bits_MM_video_out_m_axi_throttl [\DataMoverUnit_s2mm_32bits_MM_vi...]
Compiling architecture behave of entity xil_defaultlib.DataMoverUnit_s2mm_32bits_MM_video_out_m_axi_fifo [\DataMoverUnit_s2mm_32bits_MM_vi...]
Compiling architecture behave of entity xil_defaultlib.DataMoverUnit_s2mm_32bits_MM_video_out_m_axi_reg_slice [\DataMoverUnit_s2mm_32bits_MM_vi...]
Compiling architecture behave of entity xil_defaultlib.DataMoverUnit_s2mm_32bits_MM_video_out_m_axi_fifo [\DataMoverUnit_s2mm_32bits_MM_vi...]
Compiling architecture arch of entity xil_defaultlib.DataMoverUnit_s2mm_32bits_MM_video_out_m_axi_buffer [\DataMoverUnit_s2mm_32bits_MM_vi...]
Compiling architecture behave of entity xil_defaultlib.DataMoverUnit_s2mm_32bits_MM_video_out_m_axi_fifo [\DataMoverUnit_s2mm_32bits_MM_vi...]
Compiling architecture behave of entity xil_defaultlib.DataMoverUnit_s2mm_32bits_MM_video_out_m_axi_fifo [\DataMoverUnit_s2mm_32bits_MM_vi...]
Compiling architecture behave of entity xil_defaultlib.DataMoverUnit_s2mm_32bits_MM_video_out_m_axi_write [\DataMoverUnit_s2mm_32bits_MM_vi...]
Compiling architecture arch of entity xil_defaultlib.DataMoverUnit_s2mm_32bits_MM_video_out_m_axi_buffer [\DataMoverUnit_s2mm_32bits_MM_vi...]
Compiling architecture behave of entity xil_defaultlib.DataMoverUnit_s2mm_32bits_MM_video_out_m_axi_reg_slice [\DataMoverUnit_s2mm_32bits_MM_vi...]
Compiling architecture behave of entity xil_defaultlib.DataMoverUnit_s2mm_32bits_MM_video_out_m_axi_read [\DataMoverUnit_s2mm_32bits_MM_vi...]
Compiling architecture behave of entity xil_defaultlib.DataMoverUnit_s2mm_32bits_MM_video_out_m_axi [\DataMoverUnit_s2mm_32bits_MM_vi...]
Compiling architecture behav of entity xil_defaultlib.DataMoverUnit_s2mm_32bits_dataflow_in_loop_S2M_entry4 [datamoverunit_s2mm_32bits_datafl...]
Compiling architecture behav of entity xil_defaultlib.DataMoverUnit_s2mm_32bits_FillLocalBuffer7 [datamoverunit_s2mm_32bits_filllo...]
Compiling architecture behav of entity xil_defaultlib.DataMoverUnit_s2mm_32bits_S2M_FormatLocalBuffer [datamoverunit_s2mm_32bits_s2m_fo...]
Compiling architecture behav of entity xil_defaultlib.DataMoverUnit_s2mm_32bits_DMAWriteMM [datamoverunit_s2mm_32bits_dmawri...]
Compiling architecture rtl of entity xil_defaultlib.DataMoverUnit_s2mm_32bits_dataflow_in_loop_S2M_stream_elt_dma_buffer_V_memcore_ram [datamoverunit_s2mm_32bits_datafl...]
Compiling architecture arch of entity xil_defaultlib.DataMoverUnit_s2mm_32bits_dataflow_in_loop_S2M_stream_elt_dma_buffer_V_memcore [datamoverunit_s2mm_32bits_datafl...]
Compiling architecture rtl of entity xil_defaultlib.DataMoverUnit_s2mm_32bits_dataflow_in_loop_S2M_stream_elt_dma_buffer_V [\DataMoverUnit_s2mm_32bits_dataf...]
Compiling architecture rtl of entity xil_defaultlib.DataMoverUnit_s2mm_32bits_dataflow_in_loop_S2M_axi_elt_dma_buffer_V_memcore_ram [datamoverunit_s2mm_32bits_datafl...]
Compiling architecture arch of entity xil_defaultlib.DataMoverUnit_s2mm_32bits_dataflow_in_loop_S2M_axi_elt_dma_buffer_V_memcore [datamoverunit_s2mm_32bits_datafl...]
Compiling architecture rtl of entity xil_defaultlib.DataMoverUnit_s2mm_32bits_dataflow_in_loop_S2M_axi_elt_dma_buffer_V [\DataMoverUnit_s2mm_32bits_dataf...]
Compiling architecture rtl of entity xil_defaultlib.DataMoverUnit_s2mm_32bits_fifo_w32_d2_S_shiftReg [datamoverunit_s2mm_32bits_fifo_w...]
Compiling architecture rtl of entity xil_defaultlib.DataMoverUnit_s2mm_32bits_fifo_w32_d2_S [\DataMoverUnit_s2mm_32bits_fifo_...]
Compiling architecture rtl of entity xil_defaultlib.DataMoverUnit_s2mm_32bits_fifo_w1_d2_S_shiftReg [datamoverunit_s2mm_32bits_fifo_w...]
Compiling architecture rtl of entity xil_defaultlib.DataMoverUnit_s2mm_32bits_fifo_w1_d2_S [\DataMoverUnit_s2mm_32bits_fifo_...]
Compiling architecture rtl of entity xil_defaultlib.DataMoverUnit_s2mm_32bits_fifo_w31_d2_S_shiftReg [datamoverunit_s2mm_32bits_fifo_w...]
Compiling architecture rtl of entity xil_defaultlib.DataMoverUnit_s2mm_32bits_fifo_w31_d2_S [\DataMoverUnit_s2mm_32bits_fifo_...]
Compiling architecture rtl of entity xil_defaultlib.DataMoverUnit_s2mm_32bits_fifo_w21_d2_S_shiftReg [datamoverunit_s2mm_32bits_fifo_w...]
Compiling architecture rtl of entity xil_defaultlib.DataMoverUnit_s2mm_32bits_fifo_w21_d2_S [\DataMoverUnit_s2mm_32bits_fifo_...]
Compiling architecture rtl of entity xil_defaultlib.DataMoverUnit_s2mm_32bits_fifo_w32_d3_S_shiftReg [datamoverunit_s2mm_32bits_fifo_w...]
Compiling architecture rtl of entity xil_defaultlib.DataMoverUnit_s2mm_32bits_fifo_w32_d3_S [\DataMoverUnit_s2mm_32bits_fifo_...]
Compiling architecture rtl of entity xil_defaultlib.DataMoverUnit_s2mm_32bits_fifo_w21_d3_S_shiftReg [datamoverunit_s2mm_32bits_fifo_w...]
Compiling architecture rtl of entity xil_defaultlib.DataMoverUnit_s2mm_32bits_fifo_w21_d3_S [\DataMoverUnit_s2mm_32bits_fifo_...]
Compiling architecture rtl of entity xil_defaultlib.DataMoverUnit_s2mm_32bits_fifo_w1_d3_S_shiftReg [datamoverunit_s2mm_32bits_fifo_w...]
Compiling architecture rtl of entity xil_defaultlib.DataMoverUnit_s2mm_32bits_fifo_w1_d3_S [\DataMoverUnit_s2mm_32bits_fifo_...]
Compiling architecture rtl of entity xil_defaultlib.DataMoverUnit_s2mm_32bits_start_for_FillLocalBuffer7_U0_shiftReg [datamoverunit_s2mm_32bits_start_...]
Compiling architecture rtl of entity xil_defaultlib.DataMoverUnit_s2mm_32bits_start_for_FillLocalBuffer7_U0 [\DataMoverUnit_s2mm_32bits_start...]
Compiling architecture behav of entity xil_defaultlib.DataMoverUnit_s2mm_32bits_dataflow_in_loop_S2M [datamoverunit_s2mm_32bits_datafl...]
Compiling architecture behav of entity xil_defaultlib.DataMoverUnit_s2mm_32bits_DataMover_s2mm_32bits [datamoverunit_s2mm_32bits_datamo...]
Compiling architecture behav of entity xil_defaultlib.DataMoverUnit_s2mm_32bits_regslice_both [\DataMoverUnit_s2mm_32bits_regsl...]
Compiling architecture behav of entity xil_defaultlib.DataMoverUnit_s2mm_32bits_regslice_both [\DataMoverUnit_s2mm_32bits_regsl...]
Compiling architecture behav of entity xil_defaultlib.DataMoverUnit_s2mm_32bits [datamoverunit_s2mm_32bits_defaul...]
Compiling architecture behav of entity xil_defaultlib.AESL_axi_s_STR_video_in [aesl_axi_s_str_video_in_default]
Compiling architecture behav of entity xil_defaultlib.AESL_axi_master_MM_video_out [aesl_axi_master_mm_video_out_def...]
Compiling architecture behav of entity xil_defaultlib.apatb_datamoverunit_s2mm_32bits_...
Built simulation snapshot DataMoverUnit_s2mm_32bits

****** Webtalk v2020.2 (64-bit)
  **** SW Build 3064766 on Wed Nov 18 09:12:47 MST 2020
  **** IP Build 3064653 on Wed Nov 18 14:17:31 MST 2020
    ** Copyright 1986-2020 Xilinx, Inc. All Rights Reserved.

source /home/lbo/Projects/esiee/hardware/IPs/cores/data_mover_s2mm/Data_Mover_S2MM/solution1/sim/vhdl/xsim.dir/DataMoverUnit_s2mm_32bits/webtalk/xsim_webtalk.tcl -notrace
INFO: [Common 17-206] Exiting Webtalk at Fri Aug 13 09:08:31 2021...

****** xsim v2020.2 (64-bit)
  **** SW Build 3064766 on Wed Nov 18 09:12:47 MST 2020
  **** IP Build 3064653 on Wed Nov 18 14:17:31 MST 2020
    ** Copyright 1986-2020 Xilinx, Inc. All Rights Reserved.

source xsim.dir/DataMoverUnit_s2mm_32bits/xsim_script.tcl
# xsim {DataMoverUnit_s2mm_32bits} -autoloadwcfg -tclbatch {DataMoverUnit_s2mm_32bits.tcl}
Vivado Simulator 2020.2
Time resolution is 1 ps
source DataMoverUnit_s2mm_32bits.tcl
## log_wave [get_objects -filter {type == in_port || type == out_port || type == inout_port || type == port} /apatb_DataMoverUnit_s2mm_32bits_top/AESL_inst_DataMoverUnit_s2mm_32bits/*]
## set designtopgroup [add_wave_group "Design Top Signals"]
## set coutputgroup [add_wave_group "C Outputs" -into $designtopgroup]
## set s2mm_line_buffer_size_group [add_wave_group s2mm_line_buffer_size(wire) -into $coutputgroup]
## add_wave /apatb_DataMoverUnit_s2mm_32bits_top/AESL_inst_DataMoverUnit_s2mm_32bits/s2mm_line_buffer_size -into $s2mm_line_buffer_size_group -radix hex
## set MM_video_out_group [add_wave_group MM_video_out(axi_master) -into $coutputgroup]
## set rdata_group [add_wave_group "Read Channel" -into $MM_video_out_group]
## set wdata_group [add_wave_group "Write Channel" -into $MM_video_out_group]
## set ctrl_group [add_wave_group "Handshakes" -into $MM_video_out_group]
## add_wave /apatb_DataMoverUnit_s2mm_32bits_top/AESL_inst_DataMoverUnit_s2mm_32bits/m_axi_MM_video_out_BUSER -into $wdata_group -radix hex
## add_wave /apatb_DataMoverUnit_s2mm_32bits_top/AESL_inst_DataMoverUnit_s2mm_32bits/m_axi_MM_video_out_BID -into $wdata_group -radix hex
## add_wave /apatb_DataMoverUnit_s2mm_32bits_top/AESL_inst_DataMoverUnit_s2mm_32bits/m_axi_MM_video_out_BRESP -into $wdata_group -radix hex
## add_wave /apatb_DataMoverUnit_s2mm_32bits_top/AESL_inst_DataMoverUnit_s2mm_32bits/m_axi_MM_video_out_BREADY -into $ctrl_group -color #ffff00 -radix hex
## add_wave /apatb_DataMoverUnit_s2mm_32bits_top/AESL_inst_DataMoverUnit_s2mm_32bits/m_axi_MM_video_out_BVALID -into $ctrl_group -color #ffff00 -radix hex
## add_wave /apatb_DataMoverUnit_s2mm_32bits_top/AESL_inst_DataMoverUnit_s2mm_32bits/m_axi_MM_video_out_RRESP -into $rdata_group -radix hex
## add_wave /apatb_DataMoverUnit_s2mm_32bits_top/AESL_inst_DataMoverUnit_s2mm_32bits/m_axi_MM_video_out_RUSER -into $rdata_group -radix hex
## add_wave /apatb_DataMoverUnit_s2mm_32bits_top/AESL_inst_DataMoverUnit_s2mm_32bits/m_axi_MM_video_out_RID -into $rdata_group -radix hex
## add_wave /apatb_DataMoverUnit_s2mm_32bits_top/AESL_inst_DataMoverUnit_s2mm_32bits/m_axi_MM_video_out_RLAST -into $ctrl_group -color #ffff00 -radix hex
## add_wave /apatb_DataMoverUnit_s2mm_32bits_top/AESL_inst_DataMoverUnit_s2mm_32bits/m_axi_MM_video_out_RDATA -into $rdata_group -radix hex
## add_wave /apatb_DataMoverUnit_s2mm_32bits_top/AESL_inst_DataMoverUnit_s2mm_32bits/m_axi_MM_video_out_RREADY -into $ctrl_group -color #ffff00 -radix hex
## add_wave /apatb_DataMoverUnit_s2mm_32bits_top/AESL_inst_DataMoverUnit_s2mm_32bits/m_axi_MM_video_out_RVALID -into $ctrl_group -color #ffff00 -radix hex
## add_wave /apatb_DataMoverUnit_s2mm_32bits_top/AESL_inst_DataMoverUnit_s2mm_32bits/m_axi_MM_video_out_ARUSER -into $rdata_group -radix hex
## add_wave /apatb_DataMoverUnit_s2mm_32bits_top/AESL_inst_DataMoverUnit_s2mm_32bits/m_axi_MM_video_out_ARREGION -into $rdata_group -radix hex
## add_wave /apatb_DataMoverUnit_s2mm_32bits_top/AESL_inst_DataMoverUnit_s2mm_32bits/m_axi_MM_video_out_ARQOS -into $rdata_group -radix hex
## add_wave /apatb_DataMoverUnit_s2mm_32bits_top/AESL_inst_DataMoverUnit_s2mm_32bits/m_axi_MM_video_out_ARPROT -into $rdata_group -radix hex
## add_wave /apatb_DataMoverUnit_s2mm_32bits_top/AESL_inst_DataMoverUnit_s2mm_32bits/m_axi_MM_video_out_ARCACHE -into $rdata_group -radix hex
## add_wave /apatb_DataMoverUnit_s2mm_32bits_top/AESL_inst_DataMoverUnit_s2mm_32bits/m_axi_MM_video_out_ARLOCK -into $rdata_group -radix hex
## add_wave /apatb_DataMoverUnit_s2mm_32bits_top/AESL_inst_DataMoverUnit_s2mm_32bits/m_axi_MM_video_out_ARBURST -into $rdata_group -radix hex
## add_wave /apatb_DataMoverUnit_s2mm_32bits_top/AESL_inst_DataMoverUnit_s2mm_32bits/m_axi_MM_video_out_ARSIZE -into $rdata_group -radix hex
## add_wave /apatb_DataMoverUnit_s2mm_32bits_top/AESL_inst_DataMoverUnit_s2mm_32bits/m_axi_MM_video_out_ARLEN -into $rdata_group -radix hex
## add_wave /apatb_DataMoverUnit_s2mm_32bits_top/AESL_inst_DataMoverUnit_s2mm_32bits/m_axi_MM_video_out_ARID -into $rdata_group -radix hex
## add_wave /apatb_DataMoverUnit_s2mm_32bits_top/AESL_inst_DataMoverUnit_s2mm_32bits/m_axi_MM_video_out_ARADDR -into $rdata_group -radix hex
## add_wave /apatb_DataMoverUnit_s2mm_32bits_top/AESL_inst_DataMoverUnit_s2mm_32bits/m_axi_MM_video_out_ARREADY -into $ctrl_group -color #ffff00 -radix hex
## add_wave /apatb_DataMoverUnit_s2mm_32bits_top/AESL_inst_DataMoverUnit_s2mm_32bits/m_axi_MM_video_out_ARVALID -into $ctrl_group -color #ffff00 -radix hex
## add_wave /apatb_DataMoverUnit_s2mm_32bits_top/AESL_inst_DataMoverUnit_s2mm_32bits/m_axi_MM_video_out_WUSER -into $wdata_group -radix hex
## add_wave /apatb_DataMoverUnit_s2mm_32bits_top/AESL_inst_DataMoverUnit_s2mm_32bits/m_axi_MM_video_out_WID -into $wdata_group -radix hex
## add_wave /apatb_DataMoverUnit_s2mm_32bits_top/AESL_inst_DataMoverUnit_s2mm_32bits/m_axi_MM_video_out_WLAST -into $ctrl_group -color #ffff00 -radix hex
## add_wave /apatb_DataMoverUnit_s2mm_32bits_top/AESL_inst_DataMoverUnit_s2mm_32bits/m_axi_MM_video_out_WSTRB -into $wdata_group -radix hex
## add_wave /apatb_DataMoverUnit_s2mm_32bits_top/AESL_inst_DataMoverUnit_s2mm_32bits/m_axi_MM_video_out_WDATA -into $wdata_group -radix hex
## add_wave /apatb_DataMoverUnit_s2mm_32bits_top/AESL_inst_DataMoverUnit_s2mm_32bits/m_axi_MM_video_out_WREADY -into $ctrl_group -color #ffff00 -radix hex
## add_wave /apatb_DataMoverUnit_s2mm_32bits_top/AESL_inst_DataMoverUnit_s2mm_32bits/m_axi_MM_video_out_WVALID -into $ctrl_group -color #ffff00 -radix hex
## add_wave /apatb_DataMoverUnit_s2mm_32bits_top/AESL_inst_DataMoverUnit_s2mm_32bits/m_axi_MM_video_out_AWUSER -into $wdata_group -radix hex
## add_wave /apatb_DataMoverUnit_s2mm_32bits_top/AESL_inst_DataMoverUnit_s2mm_32bits/m_axi_MM_video_out_AWREGION -into $wdata_group -radix hex
## add_wave /apatb_DataMoverUnit_s2mm_32bits_top/AESL_inst_DataMoverUnit_s2mm_32bits/m_axi_MM_video_out_AWQOS -into $wdata_group -radix hex
## add_wave /apatb_DataMoverUnit_s2mm_32bits_top/AESL_inst_DataMoverUnit_s2mm_32bits/m_axi_MM_video_out_AWPROT -into $wdata_group -radix hex
## add_wave /apatb_DataMoverUnit_s2mm_32bits_top/AESL_inst_DataMoverUnit_s2mm_32bits/m_axi_MM_video_out_AWCACHE -into $wdata_group -radix hex
## add_wave /apatb_DataMoverUnit_s2mm_32bits_top/AESL_inst_DataMoverUnit_s2mm_32bits/m_axi_MM_video_out_AWLOCK -into $wdata_group -radix hex
## add_wave /apatb_DataMoverUnit_s2mm_32bits_top/AESL_inst_DataMoverUnit_s2mm_32bits/m_axi_MM_video_out_AWBURST -into $wdata_group -radix hex
## add_wave /apatb_DataMoverUnit_s2mm_32bits_top/AESL_inst_DataMoverUnit_s2mm_32bits/m_axi_MM_video_out_AWSIZE -into $wdata_group -radix hex
## add_wave /apatb_DataMoverUnit_s2mm_32bits_top/AESL_inst_DataMoverUnit_s2mm_32bits/m_axi_MM_video_out_AWLEN -into $wdata_group -radix hex
## add_wave /apatb_DataMoverUnit_s2mm_32bits_top/AESL_inst_DataMoverUnit_s2mm_32bits/m_axi_MM_video_out_AWID -into $wdata_group -radix hex
## add_wave /apatb_DataMoverUnit_s2mm_32bits_top/AESL_inst_DataMoverUnit_s2mm_32bits/m_axi_MM_video_out_AWADDR -into $wdata_group -radix hex
## add_wave /apatb_DataMoverUnit_s2mm_32bits_top/AESL_inst_DataMoverUnit_s2mm_32bits/m_axi_MM_video_out_AWREADY -into $ctrl_group -color #ffff00 -radix hex
## add_wave /apatb_DataMoverUnit_s2mm_32bits_top/AESL_inst_DataMoverUnit_s2mm_32bits/m_axi_MM_video_out_AWVALID -into $ctrl_group -color #ffff00 -radix hex
## set cinputgroup [add_wave_group "C Inputs" -into $designtopgroup]
## set invert_Y_group [add_wave_group invert_Y(wire) -into $cinputgroup]
## add_wave /apatb_DataMoverUnit_s2mm_32bits_top/AESL_inst_DataMoverUnit_s2mm_32bits/invert_Y -into $invert_Y_group -radix hex
## set invert_X_group [add_wave_group invert_X(wire) -into $cinputgroup]
## add_wave /apatb_DataMoverUnit_s2mm_32bits_top/AESL_inst_DataMoverUnit_s2mm_32bits/invert_X -into $invert_X_group -radix hex
## set image_h_group [add_wave_group image_h(wire) -into $cinputgroup]
## add_wave /apatb_DataMoverUnit_s2mm_32bits_top/AESL_inst_DataMoverUnit_s2mm_32bits/image_h -into $image_h_group -radix hex
## set image_w_group [add_wave_group image_w(wire) -into $cinputgroup]
## add_wave /apatb_DataMoverUnit_s2mm_32bits_top/AESL_inst_DataMoverUnit_s2mm_32bits/image_w -into $image_w_group -radix hex
## set return_group [add_wave_group return(wire) -into $cinputgroup]
## add_wave /apatb_DataMoverUnit_s2mm_32bits_top/AESL_inst_DataMoverUnit_s2mm_32bits/MM_video_out_offset -into $return_group -radix hex
## set STR_video_in_group [add_wave_group STR_video_in(axis) -into $cinputgroup]
## add_wave /apatb_DataMoverUnit_s2mm_32bits_top/AESL_inst_DataMoverUnit_s2mm_32bits/STR_video_in_TLAST -into $STR_video_in_group -color #ffff00 -radix hex
## add_wave /apatb_DataMoverUnit_s2mm_32bits_top/AESL_inst_DataMoverUnit_s2mm_32bits/STR_video_in_TUSER -into $STR_video_in_group -radix hex
## add_wave /apatb_DataMoverUnit_s2mm_32bits_top/AESL_inst_DataMoverUnit_s2mm_32bits/STR_video_in_TSTRB -into $STR_video_in_group -radix hex
## add_wave /apatb_DataMoverUnit_s2mm_32bits_top/AESL_inst_DataMoverUnit_s2mm_32bits/STR_video_in_TKEEP -into $STR_video_in_group -radix hex
## add_wave /apatb_DataMoverUnit_s2mm_32bits_top/AESL_inst_DataMoverUnit_s2mm_32bits/STR_video_in_TREADY -into $STR_video_in_group -color #ffff00 -radix hex
## add_wave /apatb_DataMoverUnit_s2mm_32bits_top/AESL_inst_DataMoverUnit_s2mm_32bits/STR_video_in_TVALID -into $STR_video_in_group -color #ffff00 -radix hex
## add_wave /apatb_DataMoverUnit_s2mm_32bits_top/AESL_inst_DataMoverUnit_s2mm_32bits/STR_video_in_TDATA -into $STR_video_in_group -radix hex
## set blocksiggroup [add_wave_group "Block-level IO Handshake" -into $designtopgroup]
## add_wave /apatb_DataMoverUnit_s2mm_32bits_top/AESL_inst_DataMoverUnit_s2mm_32bits/ap_start -into $blocksiggroup
## add_wave /apatb_DataMoverUnit_s2mm_32bits_top/AESL_inst_DataMoverUnit_s2mm_32bits/ap_done -into $blocksiggroup
## add_wave /apatb_DataMoverUnit_s2mm_32bits_top/AESL_inst_DataMoverUnit_s2mm_32bits/ap_idle -into $blocksiggroup
## add_wave /apatb_DataMoverUnit_s2mm_32bits_top/AESL_inst_DataMoverUnit_s2mm_32bits/ap_ready -into $blocksiggroup
## set resetgroup [add_wave_group "Reset" -into $designtopgroup]
## add_wave /apatb_DataMoverUnit_s2mm_32bits_top/AESL_inst_DataMoverUnit_s2mm_32bits/ap_rst_n -into $resetgroup
## set clockgroup [add_wave_group "Clock" -into $designtopgroup]
## add_wave /apatb_DataMoverUnit_s2mm_32bits_top/AESL_inst_DataMoverUnit_s2mm_32bits/ap_clk -into $clockgroup
## save_wave_config DataMoverUnit_s2mm_32bits.wcfg
## run all
Note: simulation done!
Time: 207745 ns  Iteration: 1  Process: /apatb_DataMoverUnit_s2mm_32bits_top/generate_sim_done_proc  File: /home/lbo/Projects/esiee/hardware/IPs/cores/data_mover_s2mm/Data_Mover_S2MM/solution1/sim/vhdl/DataMoverUnit_s2mm_32bits.autotb.vhd
Failure: NORMAL EXIT (note: failure is to force the simulator to stop)
Time: 207745 ns  Iteration: 1  Process: /apatb_DataMoverUnit_s2mm_32bits_top/generate_sim_done_proc  File: /home/lbo/Projects/esiee/hardware/IPs/cores/data_mover_s2mm/Data_Mover_S2MM/solution1/sim/vhdl/DataMoverUnit_s2mm_32bits.autotb.vhd
$finish called at time : 207745 ns
## quit
INFO: [Common 17-206] Exiting xsim at Fri Aug 13 09:08:39 2021...
/// Generic Settings Check////
- (STREAM_BUFFER_DEPTH) Buffer size defined as 2048, must be 2048
The maximum depth reached by any of the 1 hls::stream() instances in the design is 19200
