#-----------------------------------------------------------
# xsim v2020.2 (64-bit)
# SW Build 3064766 on Wed Nov 18 09:12:47 MST 2020
# IP Build 3064653 on Wed Nov 18 14:17:31 MST 2020
# Start of session at: Fri Aug 13 10:34:59 2021
# Process ID: 10436
# Current directory: /home/lbo/Projects/esiee/hardware/IPs/cores/Non_maximal_suppression/Non_maximal_suppression/solution1/sim/vhdl
# Command line: xsim -mode tcl -source {xsim.dir/NonMaximalSuppresionUnit/xsim_script.tcl}
# Log file: /home/lbo/Projects/esiee/hardware/IPs/cores/Non_maximal_suppression/Non_maximal_suppression/solution1/sim/vhdl/xsim.log
# Journal file: /home/lbo/Projects/esiee/hardware/IPs/cores/Non_maximal_suppression/Non_maximal_suppression/solution1/sim/vhdl/xsim.jou
#-----------------------------------------------------------
source xsim.dir/NonMaximalSuppresionUnit/xsim_script.tcl
# xsim {NonMaximalSuppresionUnit} -autoloadwcfg -tclbatch {NonMaximalSuppresionUnit.tcl}
Vivado Simulator 2020.2
Time resolution is 1 ps
source NonMaximalSuppresionUnit.tcl
## log_wave [get_objects -filter {type == in_port || type == out_port || type == inout_port || type == port} /apatb_NonMaximalSuppresionUnit_top/AESL_inst_NonMaximalSuppresionUnit/*]
## set designtopgroup [add_wave_group "Design Top Signals"]
## set coutputgroup [add_wave_group "C Outputs" -into $designtopgroup]
## set stream_out_group [add_wave_group stream_out(axis) -into $coutputgroup]
## add_wave /apatb_NonMaximalSuppresionUnit_top/AESL_inst_NonMaximalSuppresionUnit/stream_out_TLAST -into $stream_out_group -color #ffff00 -radix hex
## add_wave /apatb_NonMaximalSuppresionUnit_top/AESL_inst_NonMaximalSuppresionUnit/stream_out_TUSER -into $stream_out_group -radix hex
## add_wave /apatb_NonMaximalSuppresionUnit_top/AESL_inst_NonMaximalSuppresionUnit/stream_out_TSTRB -into $stream_out_group -radix hex
## add_wave /apatb_NonMaximalSuppresionUnit_top/AESL_inst_NonMaximalSuppresionUnit/stream_out_TKEEP -into $stream_out_group -radix hex
## add_wave /apatb_NonMaximalSuppresionUnit_top/AESL_inst_NonMaximalSuppresionUnit/stream_out_TREADY -into $stream_out_group -color #ffff00 -radix hex
## add_wave /apatb_NonMaximalSuppresionUnit_top/AESL_inst_NonMaximalSuppresionUnit/stream_out_TVALID -into $stream_out_group -color #ffff00 -radix hex
## add_wave /apatb_NonMaximalSuppresionUnit_top/AESL_inst_NonMaximalSuppresionUnit/stream_out_TDATA -into $stream_out_group -radix hex
## set cinputgroup [add_wave_group "C Inputs" -into $designtopgroup]
## set beta_group [add_wave_group beta(wire) -into $cinputgroup]
## add_wave /apatb_NonMaximalSuppresionUnit_top/AESL_inst_NonMaximalSuppresionUnit/beta -into $beta_group -radix hex
## set alpha_group [add_wave_group alpha(wire) -into $cinputgroup]
## add_wave /apatb_NonMaximalSuppresionUnit_top/AESL_inst_NonMaximalSuppresionUnit/alpha -into $alpha_group -radix hex
## set image_h_group [add_wave_group image_h(wire) -into $cinputgroup]
## add_wave /apatb_NonMaximalSuppresionUnit_top/AESL_inst_NonMaximalSuppresionUnit/image_h -into $image_h_group -radix hex
## set image_w_group [add_wave_group image_w(wire) -into $cinputgroup]
## add_wave /apatb_NonMaximalSuppresionUnit_top/AESL_inst_NonMaximalSuppresionUnit/image_w -into $image_w_group -radix hex
## set stream_in_group [add_wave_group stream_in(axis) -into $cinputgroup]
## add_wave /apatb_NonMaximalSuppresionUnit_top/AESL_inst_NonMaximalSuppresionUnit/stream_in_TLAST -into $stream_in_group -color #ffff00 -radix hex
## add_wave /apatb_NonMaximalSuppresionUnit_top/AESL_inst_NonMaximalSuppresionUnit/stream_in_TUSER -into $stream_in_group -radix hex
## add_wave /apatb_NonMaximalSuppresionUnit_top/AESL_inst_NonMaximalSuppresionUnit/stream_in_TSTRB -into $stream_in_group -radix hex
## add_wave /apatb_NonMaximalSuppresionUnit_top/AESL_inst_NonMaximalSuppresionUnit/stream_in_TKEEP -into $stream_in_group -radix hex
## add_wave /apatb_NonMaximalSuppresionUnit_top/AESL_inst_NonMaximalSuppresionUnit/stream_in_TREADY -into $stream_in_group -color #ffff00 -radix hex
## add_wave /apatb_NonMaximalSuppresionUnit_top/AESL_inst_NonMaximalSuppresionUnit/stream_in_TVALID -into $stream_in_group -color #ffff00 -radix hex
## add_wave /apatb_NonMaximalSuppresionUnit_top/AESL_inst_NonMaximalSuppresionUnit/stream_in_TDATA -into $stream_in_group -radix hex
## set blocksiggroup [add_wave_group "Block-level IO Handshake" -into $designtopgroup]
## add_wave /apatb_NonMaximalSuppresionUnit_top/AESL_inst_NonMaximalSuppresionUnit/ap_start -into $blocksiggroup
## add_wave /apatb_NonMaximalSuppresionUnit_top/AESL_inst_NonMaximalSuppresionUnit/ap_done -into $blocksiggroup
## add_wave /apatb_NonMaximalSuppresionUnit_top/AESL_inst_NonMaximalSuppresionUnit/ap_idle -into $blocksiggroup
## add_wave /apatb_NonMaximalSuppresionUnit_top/AESL_inst_NonMaximalSuppresionUnit/ap_ready -into $blocksiggroup
## set resetgroup [add_wave_group "Reset" -into $designtopgroup]
## add_wave /apatb_NonMaximalSuppresionUnit_top/AESL_inst_NonMaximalSuppresionUnit/ap_rst_n -into $resetgroup
## set clockgroup [add_wave_group "Clock" -into $designtopgroup]
## add_wave /apatb_NonMaximalSuppresionUnit_top/AESL_inst_NonMaximalSuppresionUnit/ap_clk -into $clockgroup
## save_wave_config NonMaximalSuppresionUnit.wcfg
## run all
Note: simulation done!
Time: 230975 ns  Iteration: 1  Process: /apatb_NonMaximalSuppresionUnit_top/generate_sim_done_proc  File: /home/lbo/Projects/esiee/hardware/IPs/cores/Non_maximal_suppression/Non_maximal_suppression/solution1/sim/vhdl/NonMaximalSuppresionUnit.autotb.vhd
Failure: NORMAL EXIT (note: failure is to force the simulator to stop)
Time: 230975 ns  Iteration: 1  Process: /apatb_NonMaximalSuppresionUnit_top/generate_sim_done_proc  File: /home/lbo/Projects/esiee/hardware/IPs/cores/Non_maximal_suppression/Non_maximal_suppression/solution1/sim/vhdl/NonMaximalSuppresionUnit.autotb.vhd
$finish called at time : 230975 ns
## quit
INFO: [Common 17-206] Exiting xsim at Fri Aug 13 10:35:06 2021...
