

================================================================
== Vitis HLS Report for 'DataMover_mm2s_32bits'
================================================================
* Date:           Fri Aug 13 11:22:20 2021

* Version:        2020.2 (Build 3064766 on Wed Nov 18 09:12:47 MST 2020)
* Project:        Data_Mover_MM2S
* Solution:       solution1 (Vivado IP Flow Target)
* Product family: zynq
* Target device:  xc7z020-clg400-1


================================================================
== Performance Estimates
================================================================
+ Timing: 
    * Summary: 
    +--------+----------+----------+------------+
    |  Clock |  Target  | Estimated| Uncertainty|
    +--------+----------+----------+------------+
    |ap_clk  |  10.00 ns|  7.300 ns|     2.70 ns|
    +--------+----------+----------+------------+

+ Latency: 
    * Summary: 
    +---------+---------+----------+----------+-----+-----+---------+
    |  Latency (cycles) |  Latency (absolute) |  Interval | Pipeline|
    |   min   |   max   |    min   |    max   | min | max |   Type  |
    +---------+---------+----------+----------+-----+-----+---------+
    |        ?|        ?|         ?|         ?|    ?|    ?|     none|
    +---------+---------+----------+----------+-----+-----+---------+

    + Detail: 
        * Instance: 
        N/A

        * Loop: 
        +----------+---------+---------+----------+-----------+-----------+------+----------+
        |          |  Latency (cycles) | Iteration|  Initiation Interval  | Trip |          |
        | Loop Name|   min   |   max   |  Latency |  achieved |   target  | Count| Pipelined|
        +----------+---------+---------+----------+-----------+-----------+------+----------+
        |- M2S     |        ?|        ?|         ?|          -|          -|     ?|        no|
        +----------+---------+---------+----------+-----------+-----------+------+----------+

============================================================
+ Verbose Summary: Synthesis Manager
============================================================
InlineROM: 1
ExposeGlobal: 0
============================================================
+ Verbose Summary: CDFG Model
============================================================
IsTopModel: 0
ResetActiveHigh: 1
IsCombinational: 2
IsDatapathOnly: 0
HasWiredReturn: 1
HasMFsm: 0
HasVarLatency: 1
IsPipeline: 0
IsRtlPipelined: 0
IsInstanceOverlapped: 0
IsDontTouch: 0
HasImplIP: 0
IsGatedGlobalClock: 0


============================================================
+ Verbose Summary: Schedule
============================================================
* Number of FSM states : 3
* Pipeline : 0
* Dataflow Pipeline: 1
  DF-Pipeline-0: Size = 2, States = { 2 3 }

* FSM state transitions: 
1 --> 2 
2 --> 3 
3 --> 2 

* FSM state operations: 

State 1 <SV = 0> <Delay = 1.58>
ST_1 : Operation 4 [1/1] (0.00ns)   --->   "%specinterface_ln0 = specinterface void @_ssdm_op_SpecInterface, i1 %STR_video_out_V_last_V, i1 %STR_video_out_V_user_V, i1 %STR_video_out_V_strb_V, i1 %STR_video_out_V_keep_V, i8 %STR_video_out_V_data_V, void @empty_5, i32 0, i32 0, void @empty_10, i32 0, i32 0, void @empty_7, void @empty_7, void @empty_7, i32 0, i32 0, i32 0, i32 0, void @empty_7, void @empty_7"   --->   Operation 4 'specinterface' 'specinterface_ln0' <Predicate = true> <Delay = 0.00>
ST_1 : Operation 5 [1/1] (0.00ns)   --->   "%specinterface_ln0 = specinterface void @_ssdm_op_SpecInterface, i32 %MM_video_in, void @empty_12, i32 0, i32 0, void @empty_7, i32 0, i32 552960, void @empty_9, void @empty_8, void @empty_7, i32 16, i32 16, i32 64, i32 16, void @empty_7, void @empty_7"   --->   Operation 5 'specinterface' 'specinterface_ln0' <Predicate = true> <Delay = 0.00>
ST_1 : Operation 6 [1/1] (0.00ns)   --->   "%image_h_read = read i32 @_ssdm_op_Read.ap_auto.i32, i32 %image_h" [src/data_mover_mm2s.cpp:13]   --->   Operation 6 'read' 'image_h_read' <Predicate = true> <Delay = 0.00>
ST_1 : Operation 7 [1/1] (0.00ns)   --->   "%image_w_read = read i32 @_ssdm_op_Read.ap_auto.i32, i32 %image_w" [src/data_mover_mm2s.cpp:13]   --->   Operation 7 'read' 'image_w_read' <Predicate = true> <Delay = 0.00>
ST_1 : Operation 8 [1/1] (0.00ns)   --->   "%MM_video_in_2_read = read i32 @_ssdm_op_Read.ap_auto.i32, i32 %MM_video_in_2" [src/data_mover_mm2s.cpp:13]   --->   Operation 8 'read' 'MM_video_in_2_read' <Predicate = true> <Delay = 0.00>
ST_1 : Operation 9 [1/1] (1.58ns)   --->   "%br_ln17 = br void" [src/data_mover_mm2s.cpp:17]   --->   Operation 9 'br' 'br_ln17' <Predicate = true> <Delay = 1.58>

State 2 <SV = 1> <Delay = 2.52>
ST_2 : Operation 10 [1/1] (0.00ns)   --->   "%i = phi i31 0, void, i31 %i_1, void %.split"   --->   Operation 10 'phi' 'i' <Predicate = true> <Delay = 0.00>
ST_2 : Operation 11 [1/1] (2.52ns)   --->   "%i_1 = add i31 %i, i31 1" [src/data_mover_mm2s.cpp:17]   --->   Operation 11 'add' 'i_1' <Predicate = true> <Delay = 2.52> <CoreInst = "Adder">   --->   Core 1 'Adder' <Latency = 0> <II = 1> <Delay = 2.52> <FuncUnit> <Opcode : 'add' 'sub'> <InPorts = 2> <OutPorts = 1>
ST_2 : Operation 12 [1/1] (0.00ns)   --->   "%zext_ln17 = zext i31 %i" [src/data_mover_mm2s.cpp:17]   --->   Operation 12 'zext' 'zext_ln17' <Predicate = true> <Delay = 0.00>
ST_2 : Operation 13 [1/1] (2.47ns)   --->   "%icmp_ln17 = icmp_slt  i32 %zext_ln17, i32 %image_h_read" [src/data_mover_mm2s.cpp:17]   --->   Operation 13 'icmp' 'icmp_ln17' <Predicate = true> <Delay = 2.47> <CoreInst = "Cmp">   --->   Core 9 'Cmp' <Latency = 0> <II = 1> <Delay = 2.47> <FuncUnit> <Opcode : 'icmp'> <InPorts = 2> <OutPorts = 1>
ST_2 : Operation 14 [1/1] (0.00ns)   --->   "%specdataflowpipeline_ln17 = specdataflowpipeline void @_ssdm_op_SpecDataflowPipeline, i32 4294967295, i32 0, void @dataflow_parent_loop_str, i31 %i, i32 %image_h" [src/data_mover_mm2s.cpp:17]   --->   Operation 14 'specdataflowpipeline' 'specdataflowpipeline_ln17' <Predicate = true> <Delay = 0.00>
ST_2 : Operation 15 [1/1] (0.00ns)   --->   "%br_ln17 = br i1 %icmp_ln17, void, void %.split" [src/data_mover_mm2s.cpp:17]   --->   Operation 15 'br' 'br_ln17' <Predicate = true> <Delay = 0.00>
ST_2 : Operation 16 [2/2] (0.00ns)   --->   "%call_ln22 = call void @dataflow_in_loop_M2S, i32 %MM_video_in, i32 %MM_video_in_2_read, i32 %image_w_read, i31 %i, i8 %STR_video_out_V_data_V, i1 %STR_video_out_V_keep_V, i1 %STR_video_out_V_strb_V, i1 %STR_video_out_V_user_V, i1 %STR_video_out_V_last_V, i32 %axi_elt_dma_buffer_V, i8 %stream_elt_dma_buffer_V" [src/data_mover_mm2s.cpp:22]   --->   Operation 16 'call' 'call_ln22' <Predicate = (icmp_ln17)> <Delay = 0.00> <CoreType = "Generic">   --->   Core 0 '' <Latency = 0> <II = 1> <Delay = 1.00> <Generic> <Opcode : >
ST_2 : Operation 17 [1/1] (0.00ns)   --->   "%ret_ln24 = ret" [src/data_mover_mm2s.cpp:24]   --->   Operation 17 'ret' 'ret_ln24' <Predicate = (!icmp_ln17)> <Delay = 0.00>

State 3 <SV = 2> <Delay = 0.00>
ST_3 : Operation 18 [1/1] (0.00ns)   --->   "%specloopname_ln20 = specloopname void @_ssdm_op_SpecLoopName, void @empty_2" [src/data_mover_mm2s.cpp:20]   --->   Operation 18 'specloopname' 'specloopname_ln20' <Predicate = (icmp_ln17)> <Delay = 0.00>
ST_3 : Operation 19 [1/2] (0.00ns)   --->   "%call_ln22 = call void @dataflow_in_loop_M2S, i32 %MM_video_in, i32 %MM_video_in_2_read, i32 %image_w_read, i31 %i, i8 %STR_video_out_V_data_V, i1 %STR_video_out_V_keep_V, i1 %STR_video_out_V_strb_V, i1 %STR_video_out_V_user_V, i1 %STR_video_out_V_last_V, i32 %axi_elt_dma_buffer_V, i8 %stream_elt_dma_buffer_V" [src/data_mover_mm2s.cpp:22]   --->   Operation 19 'call' 'call_ln22' <Predicate = (icmp_ln17)> <Delay = 0.00> <CoreType = "Generic">   --->   Core 0 '' <Latency = 0> <II = 1> <Delay = 1.00> <Generic> <Opcode : >
ST_3 : Operation 20 [1/1] (0.00ns)   --->   "%br_ln17 = br void" [src/data_mover_mm2s.cpp:17]   --->   Operation 20 'br' 'br_ln17' <Predicate = (icmp_ln17)> <Delay = 0.00>


============================================================
+ Verbose Summary: Timing violations
============================================================
Target clock period: 10ns, clock uncertainty: 2.7ns.

 <State 1>: 1.59ns
The critical path consists of the following:
	multiplexor before 'phi' operation ('i') with incoming values : ('i', src/data_mover_mm2s.cpp:17) [21]  (1.59 ns)

 <State 2>: 2.52ns
The critical path consists of the following:
	'phi' operation ('i') with incoming values : ('i', src/data_mover_mm2s.cpp:17) [21]  (0 ns)
	'add' operation ('i', src/data_mover_mm2s.cpp:17) [22]  (2.52 ns)

 <State 3>: 0ns
The critical path consists of the following:


============================================================
+ Verbose Summary: Binding
============================================================
N/A
* FSMD analyzer results:
  - Output states:
 - Input state : 
  - Chain level:
	State 1
	State 2
	State 3


============================================================
+ Verbose Summary: Datapath Resource usage 
============================================================
N/A
