

================================================================
== Vitis HLS Report for 'dataflow_in_loop_M2S'
================================================================
* Date:           Fri Aug 13 11:22:20 2021

* Version:        2020.2 (Build 3064766 on Wed Nov 18 09:12:47 MST 2020)
* Project:        Data_Mover_MM2S
* Solution:       solution1 (Vivado IP Flow Target)
* Product family: zynq
* Target device:  xc7z020-clg400-1


================================================================
== Performance Estimates
================================================================
+ Timing: 
    * Summary: 
    +--------+----------+----------+------------+
    |  Clock |  Target  | Estimated| Uncertainty|
    +--------+----------+----------+------------+
    |ap_clk  |  10.00 ns|  7.300 ns|     2.70 ns|
    +--------+----------+----------+------------+

+ Latency: 
    * Summary: 
    +---------+---------+----------+----------+-----+-----+----------+
    |  Latency (cycles) |  Latency (absolute) |  Interval | Pipeline |
    |   min   |   max   |    min   |    max   | min | max |   Type   |
    +---------+---------+----------+----------+-----+-----+----------+
    |        ?|        ?|         ?|         ?|    ?|    ?|  dataflow|
    +---------+---------+----------+----------+-----+-----+----------+

    + Detail: 
        * Instance: 
        +--------------------------------+-----------------------------+---------+---------+-----------+-----------+------+------+---------+
        |                                |                             |  Latency (cycles) |   Latency (absolute)  |   Interval  | Pipeline|
        |            Instance            |            Module           |   min   |   max   |    min    |    max    |  min |  max |   Type  |
        +--------------------------------+-----------------------------+---------+---------+-----------+-----------+------+------+---------+
        |DMAReadMM_U0                    |DMAReadMM                    |        ?|        ?|          ?|          ?|     ?|     ?|     none|
        |EmptyLocalBuffer_U0             |EmptyLocalBuffer             |        ?|        ?|          ?|          ?|     ?|     ?|     none|
        |M2S_FormatLocalBuffer_U0        |M2S_FormatLocalBuffer        |     1026|     1026|  10.260 us|  10.260 us|  1026|  1026|     none|
        |dataflow_in_loop_M2S_entry3_U0  |dataflow_in_loop_M2S_entry3  |        0|        0|       0 ns|       0 ns|     0|     0|     none|
        +--------------------------------+-----------------------------+---------+---------+-----------+-----------+------+------+---------+

        * Loop: 
        N/A



================================================================
== Utilization Estimates
================================================================
* Summary: 
+-----------------+---------+-----+--------+-------+-----+
|       Name      | BRAM_18K| DSP |   FF   |  LUT  | URAM|
+-----------------+---------+-----+--------+-------+-----+
|DSP              |        -|    -|       -|      -|    -|
|Expression       |        -|    -|       0|     12|    -|
|FIFO             |        -|    -|     495|    340|    -|
|Instance         |        -|    -|     472|    849|    -|
|Memory           |        4|    -|       0|      0|    -|
|Multiplexer      |        -|    -|       -|     18|    -|
|Register         |        -|    -|       2|      -|    -|
+-----------------+---------+-----+--------+-------+-----+
|Total            |        4|    0|     969|   1219|    0|
+-----------------+---------+-----+--------+-------+-----+
|Available        |      280|  220|  106400|  53200|    0|
+-----------------+---------+-----+--------+-------+-----+
|Utilization (%)  |        1|    0|      ~0|      2|    0|
+-----------------+---------+-----+--------+-------+-----+

+ Detail: 
    * Instance: 
    +--------------------------------+-----------------------------+---------+----+-----+-----+-----+
    |            Instance            |            Module           | BRAM_18K| DSP|  FF | LUT | URAM|
    +--------------------------------+-----------------------------+---------+----+-----+-----+-----+
    |DMAReadMM_U0                    |DMAReadMM                    |        0|   0|  302|  391|    0|
    |EmptyLocalBuffer_U0             |EmptyLocalBuffer             |        0|   0|  106|  242|    0|
    |M2S_FormatLocalBuffer_U0        |M2S_FormatLocalBuffer        |        0|   0|   62|  178|    0|
    |dataflow_in_loop_M2S_entry3_U0  |dataflow_in_loop_M2S_entry3  |        0|   0|    2|   38|    0|
    +--------------------------------+-----------------------------+---------+----+-----+-----+-----+
    |Total                           |                             |        0|   0|  472|  849|    0|
    +--------------------------------+-----------------------------+---------+----+-----+-----+-----+

    * DSP: 
    N/A

    * Memory: 
    +---------------------------+----------------------------------------------+---------+---+----+-----+------+-----+------+-------------+
    |           Memory          |                    Module                    | BRAM_18K| FF| LUT| URAM| Words| Bits| Banks| W*Bits*Banks|
    +---------------------------+----------------------------------------------+---------+---+----+-----+------+-----+------+-------------+
    |axi_elt_dma_buffer_V_U     |dataflow_in_loop_M2S_axi_elt_dma_buffer_V     |        2|  0|   0|    0|   512|   32|     1|        16384|
    |stream_elt_dma_buffer_V_U  |dataflow_in_loop_M2S_stream_elt_dma_buffer_V  |        2|  0|   0|    0|  2048|    8|     1|        16384|
    +---------------------------+----------------------------------------------+---------+---+----+-----+------+-----+------+-------------+
    |Total                      |                                              |        4|  0|   0|    0|  2560|   40|     2|        32768|
    +---------------------------+----------------------------------------------+---------+---+----+-----+------+-----+------+-------------+

    * FIFO: 
    +-------------------+---------+----+----+-----+------+-----+---------+
    |        Name       | BRAM_18K| FF | LUT| URAM| Depth| Bits| Size:D*B|
    +-------------------+---------+----+----+-----+------+-----+---------+
    |MM_video_in_2_c_U  |        0|  99|   0|    -|     2|   32|       64|
    |i_c2_U             |        0|  99|   0|    -|     2|   31|       62|
    |i_c_U              |        0|  99|   0|    -|     3|   31|       93|
    |image_w_c1_U       |        0|  99|   0|    -|     2|   32|       64|
    |image_w_c_U        |        0|  99|   0|    -|     3|   32|       96|
    +-------------------+---------+----+----+-----+------+-----+---------+
    |Total              |        0| 495|   0|    0|    12|  158|      379|
    +-------------------+---------+----+----+-----+------+-----+---------+

    * Expression: 
    +-------------------------------------------------+----------+----+---+----+------------+------------+
    |                  Variable Name                  | Operation| DSP| FF| LUT| Bitwidth P0| Bitwidth P1|
    +-------------------------------------------------+----------+----+---+----+------------+------------+
    |DMAReadMM_U0_ap_start                            |       and|   0|  0|   2|           1|           1|
    |ap_idle                                          |       and|   0|  0|   2|           1|           1|
    |ap_sync_ready                                    |       and|   0|  0|   2|           1|           1|
    |dataflow_in_loop_M2S_entry3_U0_ap_start          |       and|   0|  0|   2|           1|           1|
    |ap_sync_DMAReadMM_U0_ap_ready                    |        or|   0|  0|   2|           1|           1|
    |ap_sync_dataflow_in_loop_M2S_entry3_U0_ap_ready  |        or|   0|  0|   2|           1|           1|
    +-------------------------------------------------+----------+----+---+----+------------+------------+
    |Total                                            |          |   0|  0|  12|           6|           6|
    +-------------------------------------------------+----------+----+---+----+------------+------------+

    * Multiplexer: 
    +-----------------------------------------------------+----+-----------+-----+-----------+
    |                         Name                        | LUT| Input Size| Bits| Total Bits|
    +-----------------------------------------------------+----+-----------+-----+-----------+
    |ap_sync_reg_DMAReadMM_U0_ap_ready                    |   9|          2|    1|          2|
    |ap_sync_reg_dataflow_in_loop_M2S_entry3_U0_ap_ready  |   9|          2|    1|          2|
    +-----------------------------------------------------+----+-----------+-----+-----------+
    |Total                                                |  18|          4|    2|          4|
    +-----------------------------------------------------+----+-----------+-----+-----------+

    * Register: 
    +-----------------------------------------------------+---+----+-----+-----------+
    |                         Name                        | FF| LUT| Bits| Const Bits|
    +-----------------------------------------------------+---+----+-----+-----------+
    |ap_sync_reg_DMAReadMM_U0_ap_ready                    |  1|   0|    1|          0|
    |ap_sync_reg_dataflow_in_loop_M2S_entry3_U0_ap_ready  |  1|   0|    1|          0|
    +-----------------------------------------------------+---+----+-----+-----------+
    |Total                                                |  2|   0|    2|          0|
    +-----------------------------------------------------+---+----+-----+-----------+



================================================================
== Interface
================================================================
* Summary: 
+----------------------------+-----+-----+------------+------------------------+--------------+
|          RTL Ports         | Dir | Bits|  Protocol  |      Source Object     |    C Type    |
+----------------------------+-----+-----+------------+------------------------+--------------+
|m_axi_MM_video_in_AWVALID   |  out|    1|       m_axi|             MM_video_in|       pointer|
|m_axi_MM_video_in_AWREADY   |   in|    1|       m_axi|             MM_video_in|       pointer|
|m_axi_MM_video_in_AWADDR    |  out|   32|       m_axi|             MM_video_in|       pointer|
|m_axi_MM_video_in_AWID      |  out|    1|       m_axi|             MM_video_in|       pointer|
|m_axi_MM_video_in_AWLEN     |  out|   32|       m_axi|             MM_video_in|       pointer|
|m_axi_MM_video_in_AWSIZE    |  out|    3|       m_axi|             MM_video_in|       pointer|
|m_axi_MM_video_in_AWBURST   |  out|    2|       m_axi|             MM_video_in|       pointer|
|m_axi_MM_video_in_AWLOCK    |  out|    2|       m_axi|             MM_video_in|       pointer|
|m_axi_MM_video_in_AWCACHE   |  out|    4|       m_axi|             MM_video_in|       pointer|
|m_axi_MM_video_in_AWPROT    |  out|    3|       m_axi|             MM_video_in|       pointer|
|m_axi_MM_video_in_AWQOS     |  out|    4|       m_axi|             MM_video_in|       pointer|
|m_axi_MM_video_in_AWREGION  |  out|    4|       m_axi|             MM_video_in|       pointer|
|m_axi_MM_video_in_AWUSER    |  out|    1|       m_axi|             MM_video_in|       pointer|
|m_axi_MM_video_in_WVALID    |  out|    1|       m_axi|             MM_video_in|       pointer|
|m_axi_MM_video_in_WREADY    |   in|    1|       m_axi|             MM_video_in|       pointer|
|m_axi_MM_video_in_WDATA     |  out|   32|       m_axi|             MM_video_in|       pointer|
|m_axi_MM_video_in_WSTRB     |  out|    4|       m_axi|             MM_video_in|       pointer|
|m_axi_MM_video_in_WLAST     |  out|    1|       m_axi|             MM_video_in|       pointer|
|m_axi_MM_video_in_WID       |  out|    1|       m_axi|             MM_video_in|       pointer|
|m_axi_MM_video_in_WUSER     |  out|    1|       m_axi|             MM_video_in|       pointer|
|m_axi_MM_video_in_ARVALID   |  out|    1|       m_axi|             MM_video_in|       pointer|
|m_axi_MM_video_in_ARREADY   |   in|    1|       m_axi|             MM_video_in|       pointer|
|m_axi_MM_video_in_ARADDR    |  out|   32|       m_axi|             MM_video_in|       pointer|
|m_axi_MM_video_in_ARID      |  out|    1|       m_axi|             MM_video_in|       pointer|
|m_axi_MM_video_in_ARLEN     |  out|   32|       m_axi|             MM_video_in|       pointer|
|m_axi_MM_video_in_ARSIZE    |  out|    3|       m_axi|             MM_video_in|       pointer|
|m_axi_MM_video_in_ARBURST   |  out|    2|       m_axi|             MM_video_in|       pointer|
|m_axi_MM_video_in_ARLOCK    |  out|    2|       m_axi|             MM_video_in|       pointer|
|m_axi_MM_video_in_ARCACHE   |  out|    4|       m_axi|             MM_video_in|       pointer|
|m_axi_MM_video_in_ARPROT    |  out|    3|       m_axi|             MM_video_in|       pointer|
|m_axi_MM_video_in_ARQOS     |  out|    4|       m_axi|             MM_video_in|       pointer|
|m_axi_MM_video_in_ARREGION  |  out|    4|       m_axi|             MM_video_in|       pointer|
|m_axi_MM_video_in_ARUSER    |  out|    1|       m_axi|             MM_video_in|       pointer|
|m_axi_MM_video_in_RVALID    |   in|    1|       m_axi|             MM_video_in|       pointer|
|m_axi_MM_video_in_RREADY    |  out|    1|       m_axi|             MM_video_in|       pointer|
|m_axi_MM_video_in_RDATA     |   in|   32|       m_axi|             MM_video_in|       pointer|
|m_axi_MM_video_in_RLAST     |   in|    1|       m_axi|             MM_video_in|       pointer|
|m_axi_MM_video_in_RID       |   in|    1|       m_axi|             MM_video_in|       pointer|
|m_axi_MM_video_in_RUSER     |   in|    1|       m_axi|             MM_video_in|       pointer|
|m_axi_MM_video_in_RRESP     |   in|    2|       m_axi|             MM_video_in|       pointer|
|m_axi_MM_video_in_BVALID    |   in|    1|       m_axi|             MM_video_in|       pointer|
|m_axi_MM_video_in_BREADY    |  out|    1|       m_axi|             MM_video_in|       pointer|
|m_axi_MM_video_in_BRESP     |   in|    2|       m_axi|             MM_video_in|       pointer|
|m_axi_MM_video_in_BID       |   in|    1|       m_axi|             MM_video_in|       pointer|
|m_axi_MM_video_in_BUSER     |   in|    1|       m_axi|             MM_video_in|       pointer|
|MM_video_in_2               |   in|   32|     ap_none|           MM_video_in_2|        scalar|
|MM_video_in_2_ap_vld        |   in|    1|     ap_none|           MM_video_in_2|        scalar|
|image_w                     |   in|   32|     ap_none|                 image_w|        scalar|
|image_w_ap_vld              |   in|    1|     ap_none|                 image_w|        scalar|
|i                           |   in|   31|     ap_none|                       i|        scalar|
|i_ap_vld                    |   in|    1|     ap_none|                       i|        scalar|
|STR_video_out_TDATA         |  out|    8|        axis|  STR_video_out_V_data_V|       pointer|
|STR_video_out_TKEEP         |  out|    1|        axis|  STR_video_out_V_keep_V|       pointer|
|STR_video_out_TSTRB         |  out|    1|        axis|  STR_video_out_V_strb_V|       pointer|
|STR_video_out_TUSER         |  out|    1|        axis|  STR_video_out_V_user_V|       pointer|
|STR_video_out_TLAST         |  out|    1|        axis|  STR_video_out_V_last_V|       pointer|
|STR_video_out_TVALID        |  out|    1|        axis|  STR_video_out_V_last_V|       pointer|
|STR_video_out_TREADY        |   in|    1|        axis|  STR_video_out_V_last_V|       pointer|
|ap_clk                      |   in|    1|  ap_ctrl_hs|    dataflow_in_loop_M2S|  return value|
|ap_rst                      |   in|    1|  ap_ctrl_hs|    dataflow_in_loop_M2S|  return value|
|ap_start                    |   in|    1|  ap_ctrl_hs|    dataflow_in_loop_M2S|  return value|
|ap_done                     |  out|    1|  ap_ctrl_hs|    dataflow_in_loop_M2S|  return value|
|ap_ready                    |  out|    1|  ap_ctrl_hs|    dataflow_in_loop_M2S|  return value|
|ap_idle                     |  out|    1|  ap_ctrl_hs|    dataflow_in_loop_M2S|  return value|
|ap_continue                 |   in|    1|  ap_ctrl_hs|    dataflow_in_loop_M2S|  return value|
+----------------------------+-----+-----+------------+------------------------+--------------+

============================================================
+ Verbose Summary: Synthesis Manager
============================================================
InlineROM: 1
ExposeGlobal: 0
============================================================
+ Verbose Summary: CDFG Model
============================================================
IsTopModel: 0
ResetActiveHigh: 1
IsCombinational: 2
IsDatapathOnly: 0
HasWiredReturn: 1
HasMFsm: 0
HasVarLatency: 1
IsPipeline: 0
IsRtlPipelined: 0
IsInstanceOverlapped: 0
IsDontTouch: 0
HasImplIP: 0
IsGatedGlobalClock: 0


============================================================
+ Verbose Summary: Schedule
============================================================
* Number of FSM states : 7
* Pipeline : 0
* Dataflow Pipeline: 1
  DF-Pipeline-0: Size = 7, States = { 1 2 3 4 5 6 7 }

* FSM state transitions: 
1 --> 2 
2 --> 3 
3 --> 4 
4 --> 5 
5 --> 6 
6 --> 7 
7 --> 

* FSM state operations: 

State 1 <SV = 0> <Delay = 3.63>
ST_1 : Operation 8 [1/1] (0.00ns)   --->   "%i_read = read i31 @_ssdm_op_Read.ap_auto.i31, i31 %i" [src/data_mover_mm2s.cpp:22]   --->   Operation 8 'read' 'i_read' <Predicate = true> <Delay = 0.00>
ST_1 : Operation 9 [1/1] (0.00ns)   --->   "%image_w_read = read i32 @_ssdm_op_Read.ap_auto.i32, i32 %image_w" [src/data_mover_mm2s.cpp:22]   --->   Operation 9 'read' 'image_w_read' <Predicate = true> <Delay = 0.00>
ST_1 : Operation 10 [1/1] (0.00ns)   --->   "%MM_video_in_2_read = read i32 @_ssdm_op_Read.ap_auto.i32, i32 %MM_video_in_2" [src/data_mover_mm2s.cpp:22]   --->   Operation 10 'read' 'MM_video_in_2_read' <Predicate = true> <Delay = 0.00>
ST_1 : Operation 11 [1/1] (0.00ns)   --->   "%i_c2 = alloca i32 1" [src/data_mover_mm2s.cpp:22]   --->   Operation 11 'alloca' 'i_c2' <Predicate = true> <Delay = 0.00> <CoreInst = "FIFO_SRL">   --->   Core 81 'FIFO_SRL' <Latency = 0> <II = 1> <Delay = 3.63> <Storage> <Opcode : 'read' 'write' 'nbread' 'nbwrite'> <Ports = 0> <Width = 31> <Depth = 2> <FIFO>
ST_1 : Operation 12 [1/1] (0.00ns)   --->   "%image_w_c1 = alloca i32 1" [src/data_mover_mm2s.cpp:22]   --->   Operation 12 'alloca' 'image_w_c1' <Predicate = true> <Delay = 0.00> <CoreInst = "FIFO_SRL">   --->   Core 81 'FIFO_SRL' <Latency = 0> <II = 1> <Delay = 3.63> <Storage> <Opcode : 'read' 'write' 'nbread' 'nbwrite'> <Ports = 0> <Width = 32> <Depth = 2> <FIFO>
ST_1 : Operation 13 [1/1] (0.00ns)   --->   "%MM_video_in_2_c = alloca i32 1" [src/data_mover_mm2s.cpp:22]   --->   Operation 13 'alloca' 'MM_video_in_2_c' <Predicate = true> <Delay = 0.00> <CoreInst = "FIFO_SRL">   --->   Core 81 'FIFO_SRL' <Latency = 0> <II = 1> <Delay = 3.63> <Storage> <Opcode : 'read' 'write' 'nbread' 'nbwrite'> <Ports = 0> <Width = 32> <Depth = 2> <FIFO>
ST_1 : Operation 14 [1/1] (0.00ns)   --->   "%i_c = alloca i32 1" [src/data_mover_mm2s.cpp:22]   --->   Operation 14 'alloca' 'i_c' <Predicate = true> <Delay = 0.00> <CoreInst = "FIFO_SRL">   --->   Core 81 'FIFO_SRL' <Latency = 0> <II = 1> <Delay = 3.63> <Storage> <Opcode : 'read' 'write' 'nbread' 'nbwrite'> <Ports = 0> <Width = 31> <Depth = 3> <FIFO>
ST_1 : Operation 15 [1/1] (0.00ns)   --->   "%image_w_c = alloca i32 1" [src/data_mover_mm2s.cpp:22]   --->   Operation 15 'alloca' 'image_w_c' <Predicate = true> <Delay = 0.00> <CoreInst = "FIFO_SRL">   --->   Core 81 'FIFO_SRL' <Latency = 0> <II = 1> <Delay = 3.63> <Storage> <Opcode : 'read' 'write' 'nbread' 'nbwrite'> <Ports = 0> <Width = 32> <Depth = 3> <FIFO>
ST_1 : Operation 16 [1/1] (3.63ns)   --->   "%call_ln22 = call void @dataflow_in_loop_M2S.entry3, i32 %MM_video_in_2_read, i32 %image_w_read, i31 %i_read, i32 %MM_video_in_2_c, i32 %image_w_c1, i31 %i_c2" [src/data_mover_mm2s.cpp:22]   --->   Operation 16 'call' 'call_ln22' <Predicate = true> <Delay = 3.63> <CoreType = "Generic">   --->   Core 0 '' <Latency = 0> <II = 1> <Delay = 1.00> <Generic> <Opcode : >

State 2 <SV = 1> <Delay = 0.00>
ST_2 : Operation 17 [2/2] (0.00ns)   --->   "%call_ln20 = call void @DMAReadMM, i32 %MM_video_in, i32 %MM_video_in_2_c, i32 %image_w_c1, i31 %i_c2, i32 %axi_elt_dma_buffer_V, i32 %image_w_c, i31 %i_c" [src/data_mover_mm2s.cpp:20]   --->   Operation 17 'call' 'call_ln20' <Predicate = true> <Delay = 0.00> <CoreType = "Generic">   --->   Core 0 '' <Latency = 0> <II = 1> <Delay = 1.00> <Generic> <Opcode : >

State 3 <SV = 2> <Delay = 0.00>
ST_3 : Operation 18 [1/2] (0.00ns)   --->   "%call_ln20 = call void @DMAReadMM, i32 %MM_video_in, i32 %MM_video_in_2_c, i32 %image_w_c1, i31 %i_c2, i32 %axi_elt_dma_buffer_V, i32 %image_w_c, i31 %i_c" [src/data_mover_mm2s.cpp:20]   --->   Operation 18 'call' 'call_ln20' <Predicate = true> <Delay = 0.00> <CoreType = "Generic">   --->   Core 0 '' <Latency = 0> <II = 1> <Delay = 1.00> <Generic> <Opcode : >

State 4 <SV = 3> <Delay = 0.00>
ST_4 : Operation 19 [2/2] (0.00ns)   --->   "%call_ln21 = call void @M2S_FormatLocalBuffer, i32 %axi_elt_dma_buffer_V, i8 %stream_elt_dma_buffer_V" [src/data_mover_mm2s.cpp:21]   --->   Operation 19 'call' 'call_ln21' <Predicate = true> <Delay = 0.00> <CoreType = "Generic">   --->   Core 0 '' <Latency = 0> <II = 1> <Delay = 1.00> <Generic> <Opcode : >

State 5 <SV = 4> <Delay = 0.00>
ST_5 : Operation 20 [1/2] (0.00ns)   --->   "%call_ln21 = call void @M2S_FormatLocalBuffer, i32 %axi_elt_dma_buffer_V, i8 %stream_elt_dma_buffer_V" [src/data_mover_mm2s.cpp:21]   --->   Operation 20 'call' 'call_ln21' <Predicate = true> <Delay = 0.00> <CoreType = "Generic">   --->   Core 0 '' <Latency = 0> <II = 1> <Delay = 1.00> <Generic> <Opcode : >

State 6 <SV = 5> <Delay = 0.00>
ST_6 : Operation 21 [2/2] (0.00ns)   --->   "%call_ln22 = call void @EmptyLocalBuffer, i8 %STR_video_out_V_data_V, i1 %STR_video_out_V_keep_V, i1 %STR_video_out_V_strb_V, i1 %STR_video_out_V_user_V, i1 %STR_video_out_V_last_V, i32 %image_w_c, i31 %i_c, i8 %stream_elt_dma_buffer_V" [src/data_mover_mm2s.cpp:22]   --->   Operation 21 'call' 'call_ln22' <Predicate = true> <Delay = 0.00> <CoreType = "Generic">   --->   Core 0 '' <Latency = 0> <II = 1> <Delay = 1.00> <Generic> <Opcode : >

State 7 <SV = 6> <Delay = 3.25>
ST_7 : Operation 22 [1/1] (0.00ns)   --->   "%specinterface_ln0 = specinterface void @_ssdm_op_SpecInterface, i32 %MM_video_in, void @empty_12, i32 0, i32 0, void @empty_7, i32 0, i32 552960, void @empty_9, void @empty_8, void @empty_7, i32 16, i32 16, i32 64, i32 16, void @empty_7, void @empty_7"   --->   Operation 22 'specinterface' 'specinterface_ln0' <Predicate = true> <Delay = 0.00>
ST_7 : Operation 23 [1/1] (0.00ns)   --->   "%specinterface_ln0 = specinterface void @_ssdm_op_SpecInterface, i8 %STR_video_out_V_data_V, i1 %STR_video_out_V_keep_V, i1 %STR_video_out_V_strb_V, i1 %STR_video_out_V_user_V, i1 %STR_video_out_V_last_V, void @empty_5, i32 0, i32 0, void @empty_10, i32 0, i32 0, void @empty_7, void @empty_7, void @empty_7, i32 0, i32 0, i32 0, i32 0, void @empty_7, void @empty_7"   --->   Operation 23 'specinterface' 'specinterface_ln0' <Predicate = true> <Delay = 0.00>
ST_7 : Operation 24 [1/1] (0.00ns)   --->   "%specdataflowpipeline_ln20 = specdataflowpipeline void @_ssdm_op_SpecDataflowPipeline, i32 4294967295, i32 0, void @empty_7" [src/data_mover_mm2s.cpp:20]   --->   Operation 24 'specdataflowpipeline' 'specdataflowpipeline_ln20' <Predicate = true> <Delay = 0.00>
ST_7 : Operation 25 [1/1] (0.00ns)   --->   "%empty = specchannel i32 @_ssdm_op_SpecChannel, void @image_w_c_str, i32 1, void @p_str, void @p_str, i32 3, i32 0, i32 %image_w_c, i32 %image_w_c" [src/data_mover_mm2s.cpp:22]   --->   Operation 25 'specchannel' 'empty' <Predicate = true> <Delay = 0.00>
ST_7 : Operation 26 [1/1] (0.00ns)   --->   "%specinterface_ln22 = specinterface void @_ssdm_op_SpecInterface, i32 %image_w_c, void @ap_fifo_str, i32 0, i32 0, void @p_str, i32 0, i32 0, void @p_str, void @p_str, void @p_str, i32 2, i32 2, i32 16, i32 16, void @p_str, void @p_str" [src/data_mover_mm2s.cpp:22]   --->   Operation 26 'specinterface' 'specinterface_ln22' <Predicate = true> <Delay = 0.00>
ST_7 : Operation 27 [1/1] (0.00ns)   --->   "%empty_19 = specchannel i32 @_ssdm_op_SpecChannel, void @i_c_str, i32 1, void @p_str, void @p_str, i32 3, i32 0, i31 %i_c, i31 %i_c" [src/data_mover_mm2s.cpp:22]   --->   Operation 27 'specchannel' 'empty_19' <Predicate = true> <Delay = 0.00>
ST_7 : Operation 28 [1/1] (0.00ns)   --->   "%specinterface_ln22 = specinterface void @_ssdm_op_SpecInterface, i31 %i_c, void @ap_fifo_str, i32 0, i32 0, void @p_str, i32 0, i32 0, void @p_str, void @p_str, void @p_str, i32 2, i32 2, i32 16, i32 16, void @p_str, void @p_str" [src/data_mover_mm2s.cpp:22]   --->   Operation 28 'specinterface' 'specinterface_ln22' <Predicate = true> <Delay = 0.00>
ST_7 : Operation 29 [1/1] (0.00ns)   --->   "%empty_20 = specchannel i32 @_ssdm_op_SpecChannel, void @MM_video_in_OC_2_c_str, i32 1, void @p_str, void @p_str, i32 2, i32 0, i32 %MM_video_in_2_c, i32 %MM_video_in_2_c" [src/data_mover_mm2s.cpp:22]   --->   Operation 29 'specchannel' 'empty_20' <Predicate = true> <Delay = 0.00>
ST_7 : Operation 30 [1/1] (0.00ns)   --->   "%specinterface_ln22 = specinterface void @_ssdm_op_SpecInterface, i32 %MM_video_in_2_c, void @ap_fifo_str, i32 0, i32 0, void @p_str, i32 0, i32 0, void @p_str, void @p_str, void @p_str, i32 2, i32 2, i32 16, i32 16, void @p_str, void @p_str" [src/data_mover_mm2s.cpp:22]   --->   Operation 30 'specinterface' 'specinterface_ln22' <Predicate = true> <Delay = 0.00>
ST_7 : Operation 31 [1/1] (0.00ns)   --->   "%empty_21 = specchannel i32 @_ssdm_op_SpecChannel, void @image_w_c1_str, i32 1, void @p_str, void @p_str, i32 2, i32 0, i32 %image_w_c1, i32 %image_w_c1" [src/data_mover_mm2s.cpp:22]   --->   Operation 31 'specchannel' 'empty_21' <Predicate = true> <Delay = 0.00>
ST_7 : Operation 32 [1/1] (0.00ns)   --->   "%specinterface_ln22 = specinterface void @_ssdm_op_SpecInterface, i32 %image_w_c1, void @ap_fifo_str, i32 0, i32 0, void @p_str, i32 0, i32 0, void @p_str, void @p_str, void @p_str, i32 2, i32 2, i32 16, i32 16, void @p_str, void @p_str" [src/data_mover_mm2s.cpp:22]   --->   Operation 32 'specinterface' 'specinterface_ln22' <Predicate = true> <Delay = 0.00>
ST_7 : Operation 33 [1/1] (0.00ns)   --->   "%empty_22 = specchannel i32 @_ssdm_op_SpecChannel, void @i_c2_str, i32 1, void @p_str, void @p_str, i32 2, i32 0, i31 %i_c2, i31 %i_c2" [src/data_mover_mm2s.cpp:22]   --->   Operation 33 'specchannel' 'empty_22' <Predicate = true> <Delay = 0.00>
ST_7 : Operation 34 [1/1] (0.00ns)   --->   "%specinterface_ln22 = specinterface void @_ssdm_op_SpecInterface, i31 %i_c2, void @ap_fifo_str, i32 0, i32 0, void @p_str, i32 0, i32 0, void @p_str, void @p_str, void @p_str, i32 2, i32 2, i32 16, i32 16, void @p_str, void @p_str" [src/data_mover_mm2s.cpp:22]   --->   Operation 34 'specinterface' 'specinterface_ln22' <Predicate = true> <Delay = 0.00>
ST_7 : Operation 35 [1/2] (3.25ns)   --->   "%call_ln22 = call void @EmptyLocalBuffer, i8 %STR_video_out_V_data_V, i1 %STR_video_out_V_keep_V, i1 %STR_video_out_V_strb_V, i1 %STR_video_out_V_user_V, i1 %STR_video_out_V_last_V, i32 %image_w_c, i31 %i_c, i8 %stream_elt_dma_buffer_V" [src/data_mover_mm2s.cpp:22]   --->   Operation 35 'call' 'call_ln22' <Predicate = true> <Delay = 3.25> <CoreType = "Generic">   --->   Core 0 '' <Latency = 0> <II = 1> <Delay = 1.00> <Generic> <Opcode : >
ST_7 : Operation 36 [1/1] (0.00ns)   --->   "%ret_ln22 = ret" [src/data_mover_mm2s.cpp:22]   --->   Operation 36 'ret' 'ret_ln22' <Predicate = true> <Delay = 0.00>


============================================================
+ Verbose Summary: Binding
============================================================
STG Binding: 
---------------- STG Properties BEGIN ----------------
- Is combinational: 0
- Is one-state seq: 0
- Is datapath-only: 0
- Is pipelined: 0
- Is top level: 0
Port [ Return ] is wired: 1; IO mode=ap_ctrl_hs:ce=0
Port [ MM_video_in]:  wired=1; compound=1; hidden=0; nouse=0; global=0; static=0; extern=0; dir=0; type=4; pingpong=0; private_global=0; IO mode=m_axi:ce=0
Port [ MM_video_in_2]:  wired=1; compound=0; hidden=0; nouse=0; global=0; static=0; extern=0; dir=0; type=0; pingpong=0; private_global=0; IO mode=ap_none:ce=0
Port [ image_w]:  wired=1; compound=0; hidden=0; nouse=0; global=0; static=0; extern=0; dir=0; type=0; pingpong=0; private_global=0; IO mode=ap_none:ce=0
Port [ i]:  wired=1; compound=0; hidden=0; nouse=0; global=0; static=0; extern=0; dir=0; type=0; pingpong=0; private_global=0; IO mode=ap_none:ce=0
Port [ STR_video_out_V_data_V]:  wired=1; compound=1; hidden=0; nouse=0; global=0; static=0; extern=0; dir=1; type=0; pingpong=0; private_global=0; IO mode=axis:ce=0
Port [ STR_video_out_V_keep_V]:  wired=1; compound=1; hidden=0; nouse=0; global=0; static=0; extern=0; dir=1; type=0; pingpong=0; private_global=0; IO mode=axis:ce=0
Port [ STR_video_out_V_strb_V]:  wired=1; compound=1; hidden=0; nouse=0; global=0; static=0; extern=0; dir=1; type=0; pingpong=0; private_global=0; IO mode=axis:ce=0
Port [ STR_video_out_V_user_V]:  wired=1; compound=1; hidden=0; nouse=0; global=0; static=0; extern=0; dir=1; type=0; pingpong=0; private_global=0; IO mode=axis:ce=0
Port [ STR_video_out_V_last_V]:  wired=1; compound=1; hidden=0; nouse=0; global=0; static=0; extern=0; dir=1; type=0; pingpong=0; private_global=0; IO mode=axis:ce=0
Port [ axi_elt_dma_buffer_V]:  wired=0; compound=1; hidden=1; nouse=0; global=1; static=1; extern=0; dir=2; type=1; pingpong=0; private_global=1; MemPort=[23]; IO mode=ap_memory:ce=0
Port [ stream_elt_dma_buffer_V]:  wired=0; compound=1; hidden=1; nouse=0; global=1; static=1; extern=0; dir=2; type=1; pingpong=0; private_global=1; MemPort=[20]; IO mode=ap_memory:ce=0
---------------- STG Properties END ------------------

---------------- Datapath Model BEGIN ----------------

<LifeTime>
<method=bitvector/>
i_read                    (read                ) [ 00000000]
image_w_read              (read                ) [ 00000000]
MM_video_in_2_read        (read                ) [ 00000000]
i_c2                      (alloca              ) [ 01111111]
image_w_c1                (alloca              ) [ 01111111]
MM_video_in_2_c           (alloca              ) [ 01111111]
i_c                       (alloca              ) [ 00111111]
image_w_c                 (alloca              ) [ 00111111]
call_ln22                 (call                ) [ 00000000]
call_ln20                 (call                ) [ 00000000]
call_ln21                 (call                ) [ 00000000]
specinterface_ln0         (specinterface       ) [ 00000000]
specinterface_ln0         (specinterface       ) [ 00000000]
specdataflowpipeline_ln20 (specdataflowpipeline) [ 00000000]
empty                     (specchannel         ) [ 00000000]
specinterface_ln22        (specinterface       ) [ 00000000]
empty_19                  (specchannel         ) [ 00000000]
specinterface_ln22        (specinterface       ) [ 00000000]
empty_20                  (specchannel         ) [ 00000000]
specinterface_ln22        (specinterface       ) [ 00000000]
empty_21                  (specchannel         ) [ 00000000]
specinterface_ln22        (specinterface       ) [ 00000000]
empty_22                  (specchannel         ) [ 00000000]
specinterface_ln22        (specinterface       ) [ 00000000]
call_ln22                 (call                ) [ 00000000]
ret_ln22                  (ret                 ) [ 00000000]
</LifeTime>

<model>

<comp_list>
<comp id="0" class="1000" name="MM_video_in">
<pin_list>
<pin id="1" dir="1" index="0" bw="1" slack="0"/>
</pin_list>
<bind>
<StgValue><ssdm name="MM_video_in"/></StgValue>
</bind>
</comp>

<comp id="2" class="1000" name="MM_video_in_2">
<pin_list>
<pin id="3" dir="1" index="0" bw="1" slack="0"/>
</pin_list>
<bind>
<StgValue><ssdm name="MM_video_in_2"/></StgValue>
</bind>
</comp>

<comp id="4" class="1000" name="image_w">
<pin_list>
<pin id="5" dir="1" index="0" bw="1" slack="0"/>
</pin_list>
<bind>
<StgValue><ssdm name="image_w"/></StgValue>
</bind>
</comp>

<comp id="6" class="1000" name="i">
<pin_list>
<pin id="7" dir="1" index="0" bw="1" slack="0"/>
</pin_list>
<bind>
<StgValue><ssdm name="i"/></StgValue>
</bind>
</comp>

<comp id="8" class="1000" name="STR_video_out_V_data_V">
<pin_list>
<pin id="9" dir="1" index="0" bw="1" slack="0"/>
</pin_list>
<bind>
<StgValue><ssdm name="STR_video_out_V_data_V"/></StgValue>
</bind>
</comp>

<comp id="10" class="1000" name="STR_video_out_V_keep_V">
<pin_list>
<pin id="11" dir="1" index="0" bw="1" slack="0"/>
</pin_list>
<bind>
<StgValue><ssdm name="STR_video_out_V_keep_V"/></StgValue>
</bind>
</comp>

<comp id="12" class="1000" name="STR_video_out_V_strb_V">
<pin_list>
<pin id="13" dir="1" index="0" bw="1" slack="0"/>
</pin_list>
<bind>
<StgValue><ssdm name="STR_video_out_V_strb_V"/></StgValue>
</bind>
</comp>

<comp id="14" class="1000" name="STR_video_out_V_user_V">
<pin_list>
<pin id="15" dir="1" index="0" bw="1" slack="0"/>
</pin_list>
<bind>
<StgValue><ssdm name="STR_video_out_V_user_V"/></StgValue>
</bind>
</comp>

<comp id="16" class="1000" name="STR_video_out_V_last_V">
<pin_list>
<pin id="17" dir="1" index="0" bw="1" slack="0"/>
</pin_list>
<bind>
<StgValue><ssdm name="STR_video_out_V_last_V"/></StgValue>
</bind>
</comp>

<comp id="18" class="1000" name="axi_elt_dma_buffer_V">
<pin_list>
<pin id="19" dir="1" index="0" bw="1" slack="0"/>
</pin_list>
<bind>
<StgValue><ssdm name="axi_elt_dma_buffer_V"/><MemPortTyVec>2 3 </MemPortTyVec>
</StgValue>
</bind>
</comp>

<comp id="20" class="1000" name="stream_elt_dma_buffer_V">
<pin_list>
<pin id="21" dir="1" index="0" bw="1" slack="0"/>
</pin_list>
<bind>
<StgValue><ssdm name="stream_elt_dma_buffer_V"/><MemPortTyVec>2 0 </MemPortTyVec>
</StgValue>
</bind>
</comp>

<comp id="22" class="1001" name="const_22">
<pin_list>
<pin id="23" dir="1" index="0" bw="1" slack="0"/>
</pin_list>
<bind>
<StgValue><ssdm name="_ssdm_op_Read.ap_auto.i31"/></StgValue>
</bind>
</comp>

<comp id="24" class="1001" name="const_24">
<pin_list>
<pin id="25" dir="1" index="0" bw="1" slack="0"/>
</pin_list>
<bind>
<StgValue><ssdm name="_ssdm_op_Read.ap_auto.i32"/></StgValue>
</bind>
</comp>

<comp id="26" class="1001" name="const_26">
<pin_list>
<pin id="27" dir="1" index="0" bw="1" slack="0"/>
</pin_list>
<bind>
<StgValue><ssdm name=""/></StgValue>
</bind>
</comp>

<comp id="28" class="1001" name="const_28">
<pin_list>
<pin id="29" dir="1" index="0" bw="1" slack="0"/>
</pin_list>
<bind>
<StgValue><ssdm name="dataflow_in_loop_M2S.entry3"/></StgValue>
</bind>
</comp>

<comp id="30" class="1001" name="const_30">
<pin_list>
<pin id="31" dir="1" index="0" bw="1" slack="0"/>
</pin_list>
<bind>
<StgValue><ssdm name="DMAReadMM"/></StgValue>
</bind>
</comp>

<comp id="32" class="1001" name="const_32">
<pin_list>
<pin id="33" dir="1" index="0" bw="1" slack="0"/>
</pin_list>
<bind>
<StgValue><ssdm name="M2S_FormatLocalBuffer"/></StgValue>
</bind>
</comp>

<comp id="34" class="1001" name="const_34">
<pin_list>
<pin id="35" dir="1" index="0" bw="1" slack="0"/>
</pin_list>
<bind>
<StgValue><ssdm name="EmptyLocalBuffer"/></StgValue>
</bind>
</comp>

<comp id="36" class="1001" name="const_36">
<pin_list>
<pin id="37" dir="1" index="0" bw="1" slack="2147483647"/>
</pin_list>
<bind>
<StgValue><ssdm name="_ssdm_op_SpecInterface"/></StgValue>
</bind>
</comp>

<comp id="38" class="1001" name="const_38">
<pin_list>
<pin id="39" dir="1" index="0" bw="1" slack="2147483647"/>
</pin_list>
<bind>
<StgValue><ssdm name="empty_12"/></StgValue>
</bind>
</comp>

<comp id="40" class="1001" name="const_40">
<pin_list>
<pin id="41" dir="1" index="0" bw="1" slack="2147483647"/>
</pin_list>
<bind>
<StgValue><ssdm name=""/></StgValue>
</bind>
</comp>

<comp id="42" class="1001" name="const_42">
<pin_list>
<pin id="43" dir="1" index="0" bw="1" slack="2147483647"/>
</pin_list>
<bind>
<StgValue><ssdm name="empty_7"/></StgValue>
</bind>
</comp>

<comp id="44" class="1001" name="const_44">
<pin_list>
<pin id="45" dir="1" index="0" bw="1" slack="2147483647"/>
</pin_list>
<bind>
<StgValue><ssdm name=""/></StgValue>
</bind>
</comp>

<comp id="46" class="1001" name="const_46">
<pin_list>
<pin id="47" dir="1" index="0" bw="1" slack="2147483647"/>
</pin_list>
<bind>
<StgValue><ssdm name="empty_9"/></StgValue>
</bind>
</comp>

<comp id="48" class="1001" name="const_48">
<pin_list>
<pin id="49" dir="1" index="0" bw="1" slack="2147483647"/>
</pin_list>
<bind>
<StgValue><ssdm name="empty_8"/></StgValue>
</bind>
</comp>

<comp id="50" class="1001" name="const_50">
<pin_list>
<pin id="51" dir="1" index="0" bw="1" slack="2147483647"/>
</pin_list>
<bind>
<StgValue><ssdm name=""/></StgValue>
</bind>
</comp>

<comp id="52" class="1001" name="const_52">
<pin_list>
<pin id="53" dir="1" index="0" bw="1" slack="2147483647"/>
</pin_list>
<bind>
<StgValue><ssdm name=""/></StgValue>
</bind>
</comp>

<comp id="54" class="1001" name="const_54">
<pin_list>
<pin id="55" dir="1" index="0" bw="1" slack="2147483647"/>
</pin_list>
<bind>
<StgValue><ssdm name="empty_5"/></StgValue>
</bind>
</comp>

<comp id="56" class="1001" name="const_56">
<pin_list>
<pin id="57" dir="1" index="0" bw="1" slack="2147483647"/>
</pin_list>
<bind>
<StgValue><ssdm name="empty_10"/></StgValue>
</bind>
</comp>

<comp id="58" class="1001" name="const_58">
<pin_list>
<pin id="59" dir="1" index="0" bw="1" slack="2147483647"/>
</pin_list>
<bind>
<StgValue><ssdm name="_ssdm_op_SpecDataflowPipeline"/></StgValue>
</bind>
</comp>

<comp id="60" class="1001" name="const_60">
<pin_list>
<pin id="61" dir="1" index="0" bw="1" slack="2147483647"/>
</pin_list>
<bind>
<StgValue><ssdm name=""/></StgValue>
</bind>
</comp>

<comp id="62" class="1001" name="const_62">
<pin_list>
<pin id="63" dir="1" index="0" bw="1" slack="2147483647"/>
</pin_list>
<bind>
<StgValue><ssdm name="_ssdm_op_SpecChannel"/></StgValue>
</bind>
</comp>

<comp id="64" class="1001" name="const_64">
<pin_list>
<pin id="65" dir="1" index="0" bw="1" slack="2147483647"/>
</pin_list>
<bind>
<StgValue><ssdm name="image_w_c_str"/></StgValue>
</bind>
</comp>

<comp id="66" class="1001" name="const_66">
<pin_list>
<pin id="67" dir="1" index="0" bw="1" slack="2147483647"/>
</pin_list>
<bind>
<StgValue><ssdm name="p_str"/></StgValue>
</bind>
</comp>

<comp id="68" class="1001" name="const_68">
<pin_list>
<pin id="69" dir="1" index="0" bw="1" slack="2147483647"/>
</pin_list>
<bind>
<StgValue><ssdm name=""/></StgValue>
</bind>
</comp>

<comp id="70" class="1001" name="const_70">
<pin_list>
<pin id="71" dir="1" index="0" bw="1" slack="2147483647"/>
</pin_list>
<bind>
<StgValue><ssdm name="ap_fifo_str"/></StgValue>
</bind>
</comp>

<comp id="72" class="1001" name="const_72">
<pin_list>
<pin id="73" dir="1" index="0" bw="1" slack="2147483647"/>
</pin_list>
<bind>
<StgValue><ssdm name=""/></StgValue>
</bind>
</comp>

<comp id="74" class="1001" name="const_74">
<pin_list>
<pin id="75" dir="1" index="0" bw="1" slack="2147483647"/>
</pin_list>
<bind>
<StgValue><ssdm name="i_c_str"/></StgValue>
</bind>
</comp>

<comp id="76" class="1001" name="const_76">
<pin_list>
<pin id="77" dir="1" index="0" bw="1" slack="2147483647"/>
</pin_list>
<bind>
<StgValue><ssdm name="MM_video_in_OC_2_c_str"/></StgValue>
</bind>
</comp>

<comp id="78" class="1001" name="const_78">
<pin_list>
<pin id="79" dir="1" index="0" bw="1" slack="2147483647"/>
</pin_list>
<bind>
<StgValue><ssdm name="image_w_c1_str"/></StgValue>
</bind>
</comp>

<comp id="80" class="1001" name="const_80">
<pin_list>
<pin id="81" dir="1" index="0" bw="1" slack="2147483647"/>
</pin_list>
<bind>
<StgValue><ssdm name="i_c2_str"/></StgValue>
</bind>
</comp>

<comp id="82" class="1004" name="i_c2_fu_82">
<pin_list>
<pin id="83" dir="0" index="0" bw="1" slack="0"/>
<pin id="84" dir="1" index="1" bw="31" slack="0"/>
</pin_list>
<bind>
<opcode="alloca(26) " fcode="alloca"/>
<opset="i_c2/1 "/>
</bind>
</comp>

<comp id="86" class="1004" name="image_w_c1_fu_86">
<pin_list>
<pin id="87" dir="0" index="0" bw="1" slack="0"/>
<pin id="88" dir="1" index="1" bw="32" slack="0"/>
</pin_list>
<bind>
<opcode="alloca(26) " fcode="alloca"/>
<opset="image_w_c1/1 "/>
</bind>
</comp>

<comp id="90" class="1004" name="MM_video_in_2_c_fu_90">
<pin_list>
<pin id="91" dir="0" index="0" bw="1" slack="0"/>
<pin id="92" dir="1" index="1" bw="32" slack="0"/>
</pin_list>
<bind>
<opcode="alloca(26) " fcode="alloca"/>
<opset="MM_video_in_2_c/1 "/>
</bind>
</comp>

<comp id="94" class="1004" name="i_c_fu_94">
<pin_list>
<pin id="95" dir="0" index="0" bw="1" slack="0"/>
<pin id="96" dir="1" index="1" bw="31" slack="1"/>
</pin_list>
<bind>
<opcode="alloca(26) " fcode="alloca"/>
<opset="i_c/1 "/>
</bind>
</comp>

<comp id="98" class="1004" name="image_w_c_fu_98">
<pin_list>
<pin id="99" dir="0" index="0" bw="1" slack="0"/>
<pin id="100" dir="1" index="1" bw="32" slack="1"/>
</pin_list>
<bind>
<opcode="alloca(26) " fcode="alloca"/>
<opset="image_w_c/1 "/>
</bind>
</comp>

<comp id="102" class="1004" name="i_read_read_fu_102">
<pin_list>
<pin id="103" dir="0" index="0" bw="31" slack="0"/>
<pin id="104" dir="0" index="1" bw="31" slack="0"/>
<pin id="105" dir="1" index="2" bw="31" slack="0"/>
</pin_list>
<bind>
<opcode="read(1150) " fcode="read"/>
<opset="i_read/1 "/>
</bind>
</comp>

<comp id="108" class="1004" name="image_w_read_read_fu_108">
<pin_list>
<pin id="109" dir="0" index="0" bw="32" slack="0"/>
<pin id="110" dir="0" index="1" bw="32" slack="0"/>
<pin id="111" dir="1" index="2" bw="32" slack="0"/>
</pin_list>
<bind>
<opcode="read(1150) " fcode="read"/>
<opset="image_w_read/1 "/>
</bind>
</comp>

<comp id="114" class="1004" name="MM_video_in_2_read_read_fu_114">
<pin_list>
<pin id="115" dir="0" index="0" bw="32" slack="0"/>
<pin id="116" dir="0" index="1" bw="32" slack="0"/>
<pin id="117" dir="1" index="2" bw="32" slack="0"/>
</pin_list>
<bind>
<opcode="read(1150) " fcode="read"/>
<opset="MM_video_in_2_read/1 "/>
</bind>
</comp>

<comp id="120" class="1004" name="grp_DMAReadMM_fu_120">
<pin_list>
<pin id="121" dir="0" index="0" bw="0" slack="0"/>
<pin id="122" dir="0" index="1" bw="32" slack="0"/>
<pin id="123" dir="0" index="2" bw="32" slack="1"/>
<pin id="124" dir="0" index="3" bw="32" slack="1"/>
<pin id="125" dir="0" index="4" bw="31" slack="1"/>
<pin id="126" dir="0" index="5" bw="32" slack="0"/>
<pin id="127" dir="0" index="6" bw="32" slack="1"/>
<pin id="128" dir="0" index="7" bw="31" slack="1"/>
<pin id="129" dir="1" index="8" bw="0" slack="2147483647"/>
</pin_list>
<bind>
<opcode="call(48) " fcode="call"/>
<opset="call_ln20/2 "/>
</bind>
</comp>

<comp id="133" class="1004" name="grp_EmptyLocalBuffer_fu_133">
<pin_list>
<pin id="134" dir="0" index="0" bw="0" slack="0"/>
<pin id="135" dir="0" index="1" bw="8" slack="0"/>
<pin id="136" dir="0" index="2" bw="1" slack="0"/>
<pin id="137" dir="0" index="3" bw="1" slack="0"/>
<pin id="138" dir="0" index="4" bw="1" slack="0"/>
<pin id="139" dir="0" index="5" bw="1" slack="0"/>
<pin id="140" dir="0" index="6" bw="32" slack="5"/>
<pin id="141" dir="0" index="7" bw="31" slack="5"/>
<pin id="142" dir="0" index="8" bw="8" slack="0"/>
<pin id="143" dir="1" index="9" bw="0" slack="2147483647"/>
</pin_list>
<bind>
<opcode="call(48) " fcode="call"/>
<opset="call_ln22/6 "/>
</bind>
</comp>

<comp id="151" class="1004" name="grp_M2S_FormatLocalBuffer_fu_151">
<pin_list>
<pin id="152" dir="0" index="0" bw="0" slack="0"/>
<pin id="153" dir="0" index="1" bw="32" slack="0"/>
<pin id="154" dir="0" index="2" bw="8" slack="0"/>
<pin id="155" dir="1" index="3" bw="0" slack="2147483647"/>
</pin_list>
<bind>
<opcode="call(48) " fcode="call"/>
<opset="call_ln21/4 "/>
</bind>
</comp>

<comp id="159" class="1004" name="call_ln22_dataflow_in_loop_M2S_entry3_fu_159">
<pin_list>
<pin id="160" dir="0" index="0" bw="0" slack="0"/>
<pin id="161" dir="0" index="1" bw="32" slack="0"/>
<pin id="162" dir="0" index="2" bw="32" slack="0"/>
<pin id="163" dir="0" index="3" bw="31" slack="0"/>
<pin id="164" dir="0" index="4" bw="32" slack="0"/>
<pin id="165" dir="0" index="5" bw="32" slack="0"/>
<pin id="166" dir="0" index="6" bw="31" slack="0"/>
<pin id="167" dir="1" index="7" bw="0" slack="2147483647"/>
</pin_list>
<bind>
<opcode="call(48) " fcode="call"/>
<opset="call_ln22/1 "/>
</bind>
</comp>

<comp id="172" class="1005" name="i_c2_reg_172">
<pin_list>
<pin id="173" dir="0" index="0" bw="31" slack="0"/>
<pin id="174" dir="1" index="1" bw="31" slack="0"/>
</pin_list>
<bind>
<opset="i_c2 "/>
</bind>
</comp>

<comp id="178" class="1005" name="image_w_c1_reg_178">
<pin_list>
<pin id="179" dir="0" index="0" bw="32" slack="0"/>
<pin id="180" dir="1" index="1" bw="32" slack="0"/>
</pin_list>
<bind>
<opset="image_w_c1 "/>
</bind>
</comp>

<comp id="184" class="1005" name="MM_video_in_2_c_reg_184">
<pin_list>
<pin id="185" dir="0" index="0" bw="32" slack="0"/>
<pin id="186" dir="1" index="1" bw="32" slack="0"/>
</pin_list>
<bind>
<opset="MM_video_in_2_c "/>
</bind>
</comp>

<comp id="190" class="1005" name="i_c_reg_190">
<pin_list>
<pin id="191" dir="0" index="0" bw="31" slack="1"/>
<pin id="192" dir="1" index="1" bw="31" slack="1"/>
</pin_list>
<bind>
<opset="i_c "/>
</bind>
</comp>

<comp id="196" class="1005" name="image_w_c_reg_196">
<pin_list>
<pin id="197" dir="0" index="0" bw="32" slack="1"/>
<pin id="198" dir="1" index="1" bw="32" slack="1"/>
</pin_list>
<bind>
<opset="image_w_c "/>
</bind>
</comp>

</comp_list>

<net_list>
<net id="85"><net_src comp="26" pin="0"/><net_sink comp="82" pin=0"/></net>

<net id="89"><net_src comp="26" pin="0"/><net_sink comp="86" pin=0"/></net>

<net id="93"><net_src comp="26" pin="0"/><net_sink comp="90" pin=0"/></net>

<net id="97"><net_src comp="26" pin="0"/><net_sink comp="94" pin=0"/></net>

<net id="101"><net_src comp="26" pin="0"/><net_sink comp="98" pin=0"/></net>

<net id="106"><net_src comp="22" pin="0"/><net_sink comp="102" pin=0"/></net>

<net id="107"><net_src comp="6" pin="0"/><net_sink comp="102" pin=1"/></net>

<net id="112"><net_src comp="24" pin="0"/><net_sink comp="108" pin=0"/></net>

<net id="113"><net_src comp="4" pin="0"/><net_sink comp="108" pin=1"/></net>

<net id="118"><net_src comp="24" pin="0"/><net_sink comp="114" pin=0"/></net>

<net id="119"><net_src comp="2" pin="0"/><net_sink comp="114" pin=1"/></net>

<net id="130"><net_src comp="30" pin="0"/><net_sink comp="120" pin=0"/></net>

<net id="131"><net_src comp="0" pin="0"/><net_sink comp="120" pin=1"/></net>

<net id="132"><net_src comp="18" pin="0"/><net_sink comp="120" pin=5"/></net>

<net id="144"><net_src comp="34" pin="0"/><net_sink comp="133" pin=0"/></net>

<net id="145"><net_src comp="8" pin="0"/><net_sink comp="133" pin=1"/></net>

<net id="146"><net_src comp="10" pin="0"/><net_sink comp="133" pin=2"/></net>

<net id="147"><net_src comp="12" pin="0"/><net_sink comp="133" pin=3"/></net>

<net id="148"><net_src comp="14" pin="0"/><net_sink comp="133" pin=4"/></net>

<net id="149"><net_src comp="16" pin="0"/><net_sink comp="133" pin=5"/></net>

<net id="150"><net_src comp="20" pin="0"/><net_sink comp="133" pin=8"/></net>

<net id="156"><net_src comp="32" pin="0"/><net_sink comp="151" pin=0"/></net>

<net id="157"><net_src comp="18" pin="0"/><net_sink comp="151" pin=1"/></net>

<net id="158"><net_src comp="20" pin="0"/><net_sink comp="151" pin=2"/></net>

<net id="168"><net_src comp="28" pin="0"/><net_sink comp="159" pin=0"/></net>

<net id="169"><net_src comp="114" pin="2"/><net_sink comp="159" pin=1"/></net>

<net id="170"><net_src comp="108" pin="2"/><net_sink comp="159" pin=2"/></net>

<net id="171"><net_src comp="102" pin="2"/><net_sink comp="159" pin=3"/></net>

<net id="175"><net_src comp="82" pin="1"/><net_sink comp="172" pin=0"/></net>

<net id="176"><net_src comp="172" pin="1"/><net_sink comp="159" pin=6"/></net>

<net id="177"><net_src comp="172" pin="1"/><net_sink comp="120" pin=4"/></net>

<net id="181"><net_src comp="86" pin="1"/><net_sink comp="178" pin=0"/></net>

<net id="182"><net_src comp="178" pin="1"/><net_sink comp="159" pin=5"/></net>

<net id="183"><net_src comp="178" pin="1"/><net_sink comp="120" pin=3"/></net>

<net id="187"><net_src comp="90" pin="1"/><net_sink comp="184" pin=0"/></net>

<net id="188"><net_src comp="184" pin="1"/><net_sink comp="159" pin=4"/></net>

<net id="189"><net_src comp="184" pin="1"/><net_sink comp="120" pin=2"/></net>

<net id="193"><net_src comp="94" pin="1"/><net_sink comp="190" pin=0"/></net>

<net id="194"><net_src comp="190" pin="1"/><net_sink comp="120" pin=7"/></net>

<net id="195"><net_src comp="190" pin="1"/><net_sink comp="133" pin=7"/></net>

<net id="199"><net_src comp="98" pin="1"/><net_sink comp="196" pin=0"/></net>

<net id="200"><net_src comp="196" pin="1"/><net_sink comp="120" pin=6"/></net>

<net id="201"><net_src comp="196" pin="1"/><net_sink comp="133" pin=6"/></net>

</net_list>

</model> 
---------------- Datapath Model END ------------------

* FSMD analyzer results:
  - Output states:
	Port: MM_video_in | {}
	Port: STR_video_out_V_data_V | {6 7 }
	Port: STR_video_out_V_keep_V | {6 7 }
	Port: STR_video_out_V_strb_V | {6 7 }
	Port: STR_video_out_V_user_V | {6 7 }
	Port: STR_video_out_V_last_V | {6 7 }
	Port: axi_elt_dma_buffer_V | {2 3 }
	Port: stream_elt_dma_buffer_V | {4 5 }
 - Input state : 
	Port: dataflow_in_loop_M2S : MM_video_in | {2 3 }
	Port: dataflow_in_loop_M2S : MM_video_in_2 | {1 }
	Port: dataflow_in_loop_M2S : image_w | {1 }
	Port: dataflow_in_loop_M2S : i | {1 }
	Port: dataflow_in_loop_M2S : STR_video_out_V_data_V | {}
	Port: dataflow_in_loop_M2S : STR_video_out_V_keep_V | {}
	Port: dataflow_in_loop_M2S : STR_video_out_V_strb_V | {}
	Port: dataflow_in_loop_M2S : STR_video_out_V_user_V | {}
	Port: dataflow_in_loop_M2S : STR_video_out_V_last_V | {}
	Port: dataflow_in_loop_M2S : axi_elt_dma_buffer_V | {4 5 }
	Port: dataflow_in_loop_M2S : stream_elt_dma_buffer_V | {6 7 }
  - Chain level:
	State 1
		call_ln22 : 1
	State 2
	State 3
	State 4
	State 5
	State 6
	State 7


============================================================
+ Verbose Summary: Datapath Resource usage 
============================================================

* Functional unit list:
|----------|----------------------------------------------|---------|---------|---------|
| Operation|                Functional Unit               |  Delay  |    FF   |   LUT   |
|----------|----------------------------------------------|---------|---------|---------|
|          |             grp_DMAReadMM_fu_120             |  1.588  |   338   |   225   |
|   call   |          grp_EmptyLocalBuffer_fu_133         |  1.588  |   143   |   160   |
|          |       grp_M2S_FormatLocalBuffer_fu_151       |   7.94  |    66   |    69   |
|          | call_ln22_dataflow_in_loop_M2S_entry3_fu_159 |    0    |    0    |    0    |
|----------|----------------------------------------------|---------|---------|---------|
|          |              i_read_read_fu_102              |    0    |    0    |    0    |
|   read   |           image_w_read_read_fu_108           |    0    |    0    |    0    |
|          |        MM_video_in_2_read_read_fu_114        |    0    |    0    |    0    |
|----------|----------------------------------------------|---------|---------|---------|
|   Total  |                                              |  11.116 |   547   |   454   |
|----------|----------------------------------------------|---------|---------|---------|

Memories:
N/A

* Register list:
+-----------------------+--------+
|                       |   FF   |
+-----------------------+--------+
|MM_video_in_2_c_reg_184|   32   |
|      i_c2_reg_172     |   31   |
|      i_c_reg_190      |   31   |
|   image_w_c1_reg_178  |   32   |
|   image_w_c_reg_196   |   32   |
+-----------------------+--------+
|         Total         |   158  |
+-----------------------+--------+

* Multiplexer (MUX) list: 
|--------|------|------|------|--------|
|  Comp  |  Pin | Size |  BW  | S x BW |
|--------|------|------|------|--------|
|  Total |      |      |      |    0   |
|--------|------|------|------|--------|



* Summary:
+-----------+--------+--------+--------+
|           |  Delay |   FF   |   LUT  |
+-----------+--------+--------+--------+
|  Function |   11   |   547  |   454  |
|   Memory  |    -   |    -   |    -   |
|Multiplexer|    -   |    -   |    -   |
|  Register |    -   |   158  |    -   |
+-----------+--------+--------+--------+
|   Total   |   11   |   705  |   454  |
+-----------+--------+--------+--------+
