

================================================================
== Vitis HLS Report for 'M2S_FormatLocalBuffer'
================================================================
* Date:           Fri Aug 13 11:22:20 2021

* Version:        2020.2 (Build 3064766 on Wed Nov 18 09:12:47 MST 2020)
* Project:        Data_Mover_MM2S
* Solution:       solution1 (Vivado IP Flow Target)
* Product family: zynq
* Target device:  xc7z020-clg400-1


================================================================
== Performance Estimates
================================================================
+ Timing: 
    * Summary: 
    +--------+----------+----------+------------+
    |  Clock |  Target  | Estimated| Uncertainty|
    +--------+----------+----------+------------+
    |ap_clk  |  10.00 ns|  6.508 ns|     2.70 ns|
    +--------+----------+----------+------------+

+ Latency: 
    * Summary: 
    +---------+---------+-----------+-----------+------+------+---------+
    |  Latency (cycles) |   Latency (absolute)  |   Interval  | Pipeline|
    |   min   |   max   |    min    |    max    |  min |  max |   Type  |
    +---------+---------+-----------+-----------+------+------+---------+
    |     1026|     1026|  10.260 us|  10.260 us|  1026|  1026|     none|
    +---------+---------+-----------+-----------+------+------+---------+

    + Detail: 
        * Instance: 
        N/A

        * Loop: 
        +-------------------+---------+---------+----------+-----------+-----------+------+----------+
        |                   |  Latency (cycles) | Iteration|  Initiation Interval  | Trip |          |
        |     Loop Name     |   min   |   max   |  Latency |  achieved |   target  | Count| Pipelined|
        +-------------------+---------+---------+----------+-----------+-----------+------+----------+
        |- VITIS_LOOP_39_1  |     1024|     1024|         3|          2|          1|   512|       yes|
        +-------------------+---------+---------+----------+-----------+-----------+------+----------+

============================================================
+ Verbose Summary: Synthesis Manager
============================================================
InlineROM: 1
ExposeGlobal: 0
============================================================
+ Verbose Summary: CDFG Model
============================================================
IsTopModel: 0
ResetActiveHigh: 1
IsCombinational: 2
IsDatapathOnly: 0
HasWiredReturn: 1
HasMFsm: 0
HasVarLatency: 1
IsPipeline: 0
IsRtlPipelined: 0
IsInstanceOverlapped: 0
IsDontTouch: 0
HasImplIP: 0
IsGatedGlobalClock: 0

+ Individual pipeline summary: 
  * Pipeline-0: initiation interval (II) = 2, depth = 3


============================================================
+ Verbose Summary: Schedule
============================================================
* Number of FSM states : 5
* Pipeline : 1
  Pipeline-0 : II = 2, D = 3, States = { 2 3 4 }
* Dataflow Pipeline: 0

* FSM state transitions: 
1 --> 2 
2 --> 5 3 
3 --> 4 
4 --> 2 
5 --> 

* FSM state operations: 

State 1 <SV = 0> <Delay = 1.58>
ST_1 : Operation 6 [1/1] (1.58ns)   --->   "%br_ln39 = br void" [src/data_mover_mm2s.cpp:39]   --->   Operation 6 'br' 'br_ln39' <Predicate = true> <Delay = 1.58>

State 2 <SV = 1> <Delay = 3.25>
ST_2 : Operation 7 [1/1] (0.00ns)   --->   "%axi_bf_idx = phi i10 0, void %entry, i10 %add_ln39, void %.split2.i" [src/data_mover_mm2s.cpp:39]   --->   Operation 7 'phi' 'axi_bf_idx' <Predicate = true> <Delay = 0.00>
ST_2 : Operation 8 [1/1] (1.73ns)   --->   "%add_ln39 = add i10 %axi_bf_idx, i10 1" [src/data_mover_mm2s.cpp:39]   --->   Operation 8 'add' 'add_ln39' <Predicate = true> <Delay = 1.73> <CoreInst = "Adder">   --->   Core 1 'Adder' <Latency = 0> <II = 1> <Delay = 1.73> <FuncUnit> <Opcode : 'add' 'sub'> <InPorts = 2> <OutPorts = 1>
ST_2 : Operation 9 [1/1] (1.77ns)   --->   "%icmp_ln39 = icmp_eq  i10 %axi_bf_idx, i10 512" [src/data_mover_mm2s.cpp:39]   --->   Operation 9 'icmp' 'icmp_ln39' <Predicate = true> <Delay = 1.77> <CoreInst = "Cmp">   --->   Core 9 'Cmp' <Latency = 0> <II = 1> <Delay = 1.77> <FuncUnit> <Opcode : 'icmp'> <InPorts = 2> <OutPorts = 1>
ST_2 : Operation 10 [1/1] (0.00ns)   --->   "%empty = speclooptripcount i32 @_ssdm_op_SpecLoopTripCount, i64 512, i64 512, i64 512"   --->   Operation 10 'speclooptripcount' 'empty' <Predicate = true> <Delay = 0.00>
ST_2 : Operation 11 [1/1] (0.00ns)   --->   "%br_ln39 = br i1 %icmp_ln39, void %.split2.i, void %M2S_FormatLocalBuffer.exit" [src/data_mover_mm2s.cpp:39]   --->   Operation 11 'br' 'br_ln39' <Predicate = true> <Delay = 0.00>
ST_2 : Operation 12 [1/1] (0.00ns)   --->   "%trunc_ln324 = trunc i10 %axi_bf_idx"   --->   Operation 12 'trunc' 'trunc_ln324' <Predicate = (!icmp_ln39)> <Delay = 0.00>
ST_2 : Operation 13 [1/1] (0.00ns)   --->   "%zext_ln324 = zext i9 %trunc_ln324"   --->   Operation 13 'zext' 'zext_ln324' <Predicate = (!icmp_ln39)> <Delay = 0.00>
ST_2 : Operation 14 [1/1] (0.00ns)   --->   "%axi_elt_dma_buffer_V_addr = getelementptr i32 %axi_elt_dma_buffer_V, i32 0, i32 %zext_ln324"   --->   Operation 14 'getelementptr' 'axi_elt_dma_buffer_V_addr' <Predicate = (!icmp_ln39)> <Delay = 0.00>
ST_2 : Operation 15 [2/2] (3.25ns)   --->   "%p_Val2_s = load i9 %axi_elt_dma_buffer_V_addr"   --->   Operation 15 'load' 'p_Val2_s' <Predicate = (!icmp_ln39)> <Delay = 3.25> <CoreInst = "RAM">   --->   Core 82 'RAM' <Latency = 1> <II = 1> <Delay = 3.25> <Storage> <Opcode : 'load' 'store'> <Ports = 2> <Width = 32> <Depth = 512> <RAM>

State 3 <SV = 2> <Delay = 6.50>
ST_3 : Operation 16 [1/2] (3.25ns)   --->   "%p_Val2_s = load i9 %axi_elt_dma_buffer_V_addr"   --->   Operation 16 'load' 'p_Val2_s' <Predicate = (!icmp_ln39)> <Delay = 3.25> <CoreInst = "RAM">   --->   Core 82 'RAM' <Latency = 1> <II = 1> <Delay = 3.25> <Storage> <Opcode : 'load' 'store'> <Ports = 2> <Width = 32> <Depth = 512> <RAM>
ST_3 : Operation 17 [1/1] (0.00ns)   --->   "%trunc_ln674 = trunc i32 %p_Val2_s"   --->   Operation 17 'trunc' 'trunc_ln674' <Predicate = (!icmp_ln39)> <Delay = 0.00>
ST_3 : Operation 18 [1/1] (0.00ns)   --->   "%shl_ln = bitconcatenate i11 @_ssdm_op_BitConcatenate.i11.i9.i2, i9 %trunc_ln324, i2 0" [src/data_mover_mm2s.cpp:47]   --->   Operation 18 'bitconcatenate' 'shl_ln' <Predicate = (!icmp_ln39)> <Delay = 0.00>
ST_3 : Operation 19 [1/1] (0.00ns)   --->   "%zext_ln329 = zext i11 %shl_ln"   --->   Operation 19 'zext' 'zext_ln329' <Predicate = (!icmp_ln39)> <Delay = 0.00>
ST_3 : Operation 20 [1/1] (0.00ns)   --->   "%stream_elt_dma_buffer_V_addr = getelementptr i8 %stream_elt_dma_buffer_V, i32 0, i32 %zext_ln329"   --->   Operation 20 'getelementptr' 'stream_elt_dma_buffer_V_addr' <Predicate = (!icmp_ln39)> <Delay = 0.00>
ST_3 : Operation 21 [1/1] (3.25ns)   --->   "%store_ln329 = store i8 %trunc_ln674, i11 %stream_elt_dma_buffer_V_addr"   --->   Operation 21 'store' 'store_ln329' <Predicate = (!icmp_ln39)> <Delay = 3.25> <CoreInst = "RAM">   --->   Core 82 'RAM' <Latency = 1> <II = 1> <Delay = 3.25> <Storage> <Opcode : 'load' 'store'> <Ports = 2> <Width = 8> <Depth = 2048> <RAM>
ST_3 : Operation 22 [1/1] (0.00ns)   --->   "%p_Result_1_i = partselect i8 @_ssdm_op_PartSelect.i8.i32.i32.i32, i32 %p_Val2_s, i32 8, i32 15"   --->   Operation 22 'partselect' 'p_Result_1_i' <Predicate = (!icmp_ln39)> <Delay = 0.00>
ST_3 : Operation 23 [1/1] (0.00ns)   --->   "%or_ln329 = or i11 %shl_ln, i11 1"   --->   Operation 23 'or' 'or_ln329' <Predicate = (!icmp_ln39)> <Delay = 0.00>
ST_3 : Operation 24 [1/1] (0.00ns)   --->   "%zext_ln329_1 = zext i11 %or_ln329"   --->   Operation 24 'zext' 'zext_ln329_1' <Predicate = (!icmp_ln39)> <Delay = 0.00>
ST_3 : Operation 25 [1/1] (0.00ns)   --->   "%stream_elt_dma_buffer_V_addr_1 = getelementptr i8 %stream_elt_dma_buffer_V, i32 0, i32 %zext_ln329_1"   --->   Operation 25 'getelementptr' 'stream_elt_dma_buffer_V_addr_1' <Predicate = (!icmp_ln39)> <Delay = 0.00>
ST_3 : Operation 26 [1/1] (3.25ns)   --->   "%store_ln329 = store i8 %p_Result_1_i, i11 %stream_elt_dma_buffer_V_addr_1"   --->   Operation 26 'store' 'store_ln329' <Predicate = (!icmp_ln39)> <Delay = 3.25> <CoreInst = "RAM">   --->   Core 82 'RAM' <Latency = 1> <II = 1> <Delay = 3.25> <Storage> <Opcode : 'load' 'store'> <Ports = 2> <Width = 8> <Depth = 2048> <RAM>
ST_3 : Operation 27 [1/1] (0.00ns)   --->   "%p_Result_2_i = partselect i8 @_ssdm_op_PartSelect.i8.i32.i32.i32, i32 %p_Val2_s, i32 16, i32 23"   --->   Operation 27 'partselect' 'p_Result_2_i' <Predicate = (!icmp_ln39)> <Delay = 0.00>
ST_3 : Operation 28 [1/1] (0.00ns)   --->   "%p_Result_3_i = partselect i8 @_ssdm_op_PartSelect.i8.i32.i32.i32, i32 %p_Val2_s, i32 24, i32 31"   --->   Operation 28 'partselect' 'p_Result_3_i' <Predicate = (!icmp_ln39)> <Delay = 0.00>

State 4 <SV = 3> <Delay = 3.25>
ST_4 : Operation 29 [1/1] (0.00ns)   --->   "%specpipeline_ln39 = specpipeline void @_ssdm_op_SpecPipeline, i32 4294967295, i32 0, i32 0, i32 0, void @empty_7" [src/data_mover_mm2s.cpp:39]   --->   Operation 29 'specpipeline' 'specpipeline_ln39' <Predicate = (!icmp_ln39)> <Delay = 0.00>
ST_4 : Operation 30 [1/1] (0.00ns)   --->   "%specloopname_ln39 = specloopname void @_ssdm_op_SpecLoopName, void @empty_6" [src/data_mover_mm2s.cpp:39]   --->   Operation 30 'specloopname' 'specloopname_ln39' <Predicate = (!icmp_ln39)> <Delay = 0.00>
ST_4 : Operation 31 [1/1] (0.00ns)   --->   "%or_ln329_1 = or i11 %shl_ln, i11 2"   --->   Operation 31 'or' 'or_ln329_1' <Predicate = (!icmp_ln39)> <Delay = 0.00>
ST_4 : Operation 32 [1/1] (0.00ns)   --->   "%zext_ln329_2 = zext i11 %or_ln329_1"   --->   Operation 32 'zext' 'zext_ln329_2' <Predicate = (!icmp_ln39)> <Delay = 0.00>
ST_4 : Operation 33 [1/1] (0.00ns)   --->   "%stream_elt_dma_buffer_V_addr_2 = getelementptr i8 %stream_elt_dma_buffer_V, i32 0, i32 %zext_ln329_2"   --->   Operation 33 'getelementptr' 'stream_elt_dma_buffer_V_addr_2' <Predicate = (!icmp_ln39)> <Delay = 0.00>
ST_4 : Operation 34 [1/1] (3.25ns)   --->   "%store_ln329 = store i8 %p_Result_2_i, i11 %stream_elt_dma_buffer_V_addr_2"   --->   Operation 34 'store' 'store_ln329' <Predicate = (!icmp_ln39)> <Delay = 3.25> <CoreInst = "RAM">   --->   Core 82 'RAM' <Latency = 1> <II = 1> <Delay = 3.25> <Storage> <Opcode : 'load' 'store'> <Ports = 2> <Width = 8> <Depth = 2048> <RAM>
ST_4 : Operation 35 [1/1] (0.00ns)   --->   "%or_ln329_2 = or i11 %shl_ln, i11 3"   --->   Operation 35 'or' 'or_ln329_2' <Predicate = (!icmp_ln39)> <Delay = 0.00>
ST_4 : Operation 36 [1/1] (0.00ns)   --->   "%zext_ln329_3 = zext i11 %or_ln329_2"   --->   Operation 36 'zext' 'zext_ln329_3' <Predicate = (!icmp_ln39)> <Delay = 0.00>
ST_4 : Operation 37 [1/1] (0.00ns)   --->   "%stream_elt_dma_buffer_V_addr_3 = getelementptr i8 %stream_elt_dma_buffer_V, i32 0, i32 %zext_ln329_3"   --->   Operation 37 'getelementptr' 'stream_elt_dma_buffer_V_addr_3' <Predicate = (!icmp_ln39)> <Delay = 0.00>
ST_4 : Operation 38 [1/1] (3.25ns)   --->   "%store_ln329 = store i8 %p_Result_3_i, i11 %stream_elt_dma_buffer_V_addr_3"   --->   Operation 38 'store' 'store_ln329' <Predicate = (!icmp_ln39)> <Delay = 3.25> <CoreInst = "RAM">   --->   Core 82 'RAM' <Latency = 1> <II = 1> <Delay = 3.25> <Storage> <Opcode : 'load' 'store'> <Ports = 2> <Width = 8> <Depth = 2048> <RAM>
ST_4 : Operation 39 [1/1] (0.00ns)   --->   "%br_ln0 = br void"   --->   Operation 39 'br' 'br_ln0' <Predicate = (!icmp_ln39)> <Delay = 0.00>

State 5 <SV = 2> <Delay = 0.00>
ST_5 : Operation 40 [1/1] (0.00ns)   --->   "%ret_ln39 = ret" [src/data_mover_mm2s.cpp:39]   --->   Operation 40 'ret' 'ret_ln39' <Predicate = true> <Delay = 0.00>


============================================================
+ Verbose Summary: Timing violations
============================================================
Target clock period: 10ns, clock uncertainty: 2.7ns.

 <State 1>: 1.59ns
The critical path consists of the following:
	multiplexor before 'phi' operation ('axi_bf_idx', src/data_mover_mm2s.cpp:39) with incoming values : ('add_ln39', src/data_mover_mm2s.cpp:39) [7]  (1.59 ns)

 <State 2>: 3.25ns
The critical path consists of the following:
	'phi' operation ('axi_bf_idx', src/data_mover_mm2s.cpp:39) with incoming values : ('add_ln39', src/data_mover_mm2s.cpp:39) [7]  (0 ns)
	'getelementptr' operation ('axi_elt_dma_buffer_V_addr') [17]  (0 ns)
	'load' operation ('__Val2__') on array 'axi_elt_dma_buffer_V' [18]  (3.25 ns)

 <State 3>: 6.51ns
The critical path consists of the following:
	'load' operation ('__Val2__') on array 'axi_elt_dma_buffer_V' [18]  (3.25 ns)
	'store' operation ('store_ln329') of variable 'trunc_ln674' on array 'stream_elt_dma_buffer_V' [23]  (3.25 ns)

 <State 4>: 3.25ns
The critical path consists of the following:
	'or' operation ('or_ln329_1') [30]  (0 ns)
	'getelementptr' operation ('stream_elt_dma_buffer_V_addr_2') [32]  (0 ns)
	'store' operation ('store_ln329') of variable 'p_Result_2_i' on array 'stream_elt_dma_buffer_V' [33]  (3.25 ns)

 <State 5>: 0ns
The critical path consists of the following:


============================================================
+ Verbose Summary: Binding
============================================================
N/A
* FSMD analyzer results:
  - Output states:
 - Input state : 
  - Chain level:
	State 1
	State 2
	State 3
	State 4
	State 5


============================================================
+ Verbose Summary: Datapath Resource usage 
============================================================
N/A
