INFO: [COSIM-47] Using XSIM for RTL simulation.
INFO: [COSIM-14] Instrumenting C test bench ...
   Build using "/tools/Xilinx/Vitis_HLS/2020.2/tps/lnx64/gcc-6.2.0/bin/g++"
   Compiling data_mover_mm2s.cpp_pre.cpp.tb.cpp
   Compiling apatb_DataMoverUnit_mm2s_32bits_util.cpp
   Compiling apatb_DataMoverUnit_mm2s_32bits.cpp
   Compiling tb.cpp_pre.cpp.tb.cpp
   Compiling apatb_DataMoverUnit_mm2s_32bits_ir.ll
   Generating cosim.tv.exe
INFO: [COSIM-302] Starting C TB testing ... 
INFO: [COSIM-333] Generating C post check test bench ...
INFO: [COSIM-12] Generating RTL test bench ...
INFO: [COSIM-1] *** C/RTL co-simulation file generation completed. ***
INFO: [COSIM-322] Starting VHDL simulation. 
INFO: [COSIM-15] Starting XSIM ...
INFO: [COSIM-316] Starting C post checking ...
/// Generic Settings Check////
- (IMAGE_MAX_W_g) Buffer size defined as 2048, must be 2048
 size of ddr is 			 : 20480 
 size of ddr line stride is : 1024 
 size of ddr line is 	     : 960 
The maximum depth reached by any of the 1 hls::stream() instances in the design is 0
Vivado Simulator 2020.2
Copyright 1986-1999, 2001-2020 Xilinx, Inc. All Rights Reserved.
Running: /tools/Xilinx/Vivado/2020.2/bin/unwrapped/lnx64.o/xelab xil_defaultlib.apatb_DataMoverUnit_mm2s_32bits_top glbl -prj DataMoverUnit_mm2s_32bits.prj -L smartconnect_v1_0 -L axi_protocol_checker_v1_1_12 -L axi_protocol_checker_v1_1_13 -L axis_protocol_checker_v1_1_11 -L axis_protocol_checker_v1_1_12 -L xil_defaultlib -L unisims -L unisims_ver -L xpm -L floating_point_v7_0_18 -L floating_point_v7_1_11 --lib ieee_proposed=./ieee_proposed -s DataMoverUnit_mm2s_32bits -debug wave 
Multi-threading is on. Using 2 slave threads.
Determining compilation order of HDL files.
WARNING: [XSIM 43-3431] One or more environment variables have been detected which affect the operation of the C compiler. These are typically not set in standard installations and are not tested by Xilinx, however they may be appropriate for your system, so the flow will attempt to continue.  If errors occur, try running xelab with the "-mt off -v 1" switches to see more information from the C compiler. The following environment variables have been detected:
    LIBRARY_PATH
INFO: [VRFC 10-2263] Analyzing SystemVerilog file "/home/lbo/Projects/Photospace/PH920/FPGA/Mercury_XU5EV/hardware/IPs/cores/data_mover_mm2s/Data_Mover_MM2S/solution1/sim/vhdl/glbl.v" into library work
INFO: [VRFC 10-311] analyzing module glbl
INFO: [VRFC 10-163] Analyzing VHDL file "/home/lbo/Projects/Photospace/PH920/FPGA/Mercury_XU5EV/hardware/IPs/cores/data_mover_mm2s/Data_Mover_MM2S/solution1/sim/vhdl/AESL_sim_pkg.vhd" into library xil_defaultlib
INFO: [VRFC 10-163] Analyzing VHDL file "/home/lbo/Projects/Photospace/PH920/FPGA/Mercury_XU5EV/hardware/IPs/cores/data_mover_mm2s/Data_Mover_MM2S/solution1/sim/vhdl/DataMoverUnit_mm2s_32bits_dataflow_in_loop_M2S_stream_elt_dma_buffer_V_memcore.vhd" into library xil_defaultlib
INFO: [VRFC 10-3107] analyzing entity 'DataMoverUnit_mm2s_32bits_dataflow_in_loop_M2S_stream_elt_dma_buffer_V_memcore_ram'
INFO: [VRFC 10-3107] analyzing entity 'DataMoverUnit_mm2s_32bits_dataflow_in_loop_M2S_stream_elt_dma_buffer_V_memcore'
INFO: [VRFC 10-163] Analyzing VHDL file "/home/lbo/Projects/Photospace/PH920/FPGA/Mercury_XU5EV/hardware/IPs/cores/data_mover_mm2s/Data_Mover_MM2S/solution1/sim/vhdl/DataMoverUnit_mm2s_32bits_DMAReadMM.vhd" into library xil_defaultlib
INFO: [VRFC 10-3107] analyzing entity 'DataMoverUnit_mm2s_32bits_DMAReadMM'
INFO: [VRFC 10-163] Analyzing VHDL file "/home/lbo/Projects/Photospace/PH920/FPGA/Mercury_XU5EV/hardware/IPs/cores/data_mover_mm2s/Data_Mover_MM2S/solution1/sim/vhdl/DataMoverUnit_mm2s_32bits_fifo_w31_d2_S.vhd" into library xil_defaultlib
INFO: [VRFC 10-3107] analyzing entity 'DataMoverUnit_mm2s_32bits_fifo_w31_d2_S_shiftReg'
INFO: [VRFC 10-3107] analyzing entity 'DataMoverUnit_mm2s_32bits_fifo_w31_d2_S'
INFO: [VRFC 10-163] Analyzing VHDL file "/home/lbo/Projects/Photospace/PH920/FPGA/Mercury_XU5EV/hardware/IPs/cores/data_mover_mm2s/Data_Mover_MM2S/solution1/sim/vhdl/DataMoverUnit_mm2s_32bits_dataflow_in_loop_M2S_axi_elt_dma_buffer_V_memcore.vhd" into library xil_defaultlib
INFO: [VRFC 10-3107] analyzing entity 'DataMoverUnit_mm2s_32bits_dataflow_in_loop_M2S_axi_elt_dma_buffer_V_memcore_ram'
INFO: [VRFC 10-3107] analyzing entity 'DataMoverUnit_mm2s_32bits_dataflow_in_loop_M2S_axi_elt_dma_buffer_V_memcore'
INFO: [VRFC 10-163] Analyzing VHDL file "/home/lbo/Projects/Photospace/PH920/FPGA/Mercury_XU5EV/hardware/IPs/cores/data_mover_mm2s/Data_Mover_MM2S/solution1/sim/vhdl/DataMoverUnit_mm2s_32bits.autotb.vhd" into library xil_defaultlib
INFO: [VRFC 10-3107] analyzing entity 'apatb_DataMoverUnit_mm2s_32bits_top'
INFO: [VRFC 10-163] Analyzing VHDL file "/home/lbo/Projects/Photospace/PH920/FPGA/Mercury_XU5EV/hardware/IPs/cores/data_mover_mm2s/Data_Mover_MM2S/solution1/sim/vhdl/DataMoverUnit_mm2s_32bits_MM_video_in_m_axi.vhd" into library xil_defaultlib
INFO: [VRFC 10-3107] analyzing entity 'DataMoverUnit_mm2s_32bits_MM_video_in_m_axi'
INFO: [VRFC 10-3107] analyzing entity 'DataMoverUnit_mm2s_32bits_MM_video_in_m_axi_reg_slice'
INFO: [VRFC 10-3107] analyzing entity 'DataMoverUnit_mm2s_32bits_MM_video_in_m_axi_fifo'
INFO: [VRFC 10-3107] analyzing entity 'DataMoverUnit_mm2s_32bits_MM_video_in_m_axi_buffer'
INFO: [VRFC 10-3107] analyzing entity 'DataMoverUnit_mm2s_32bits_MM_video_in_m_axi_decoder'
INFO: [VRFC 10-3107] analyzing entity 'DataMoverUnit_mm2s_32bits_MM_video_in_m_axi_throttl'
INFO: [VRFC 10-3107] analyzing entity 'DataMoverUnit_mm2s_32bits_MM_video_in_m_axi_read'
INFO: [VRFC 10-3107] analyzing entity 'DataMoverUnit_mm2s_32bits_MM_video_in_m_axi_write'
INFO: [VRFC 10-163] Analyzing VHDL file "/home/lbo/Projects/Photospace/PH920/FPGA/Mercury_XU5EV/hardware/IPs/cores/data_mover_mm2s/Data_Mover_MM2S/solution1/sim/vhdl/DataMoverUnit_mm2s_32bits_M2S_FormatLocalBuffer.vhd" into library xil_defaultlib
INFO: [VRFC 10-3107] analyzing entity 'DataMoverUnit_mm2s_32bits_M2S_FormatLocalBuffer'
INFO: [VRFC 10-163] Analyzing VHDL file "/home/lbo/Projects/Photospace/PH920/FPGA/Mercury_XU5EV/hardware/IPs/cores/data_mover_mm2s/Data_Mover_MM2S/solution1/sim/vhdl/DataMoverUnit_mm2s_32bits_dataflow_in_loop_M2S_stream_elt_dma_buffer_V.vhd" into library xil_defaultlib
INFO: [VRFC 10-3107] analyzing entity 'DataMoverUnit_mm2s_32bits_dataflow_in_loop_M2S_stream_elt_dma_buffer_V'
INFO: [VRFC 10-163] Analyzing VHDL file "/home/lbo/Projects/Photospace/PH920/FPGA/Mercury_XU5EV/hardware/IPs/cores/data_mover_mm2s/Data_Mover_MM2S/solution1/sim/vhdl/DataMoverUnit_mm2s_32bits_regslice_both.vhd" into library xil_defaultlib
INFO: [VRFC 10-3107] analyzing entity 'DataMoverUnit_mm2s_32bits_regslice_both'
INFO: [VRFC 10-3107] analyzing entity 'DataMoverUnit_mm2s_32bits_regslice_both_w1'
INFO: [VRFC 10-163] Analyzing VHDL file "/home/lbo/Projects/Photospace/PH920/FPGA/Mercury_XU5EV/hardware/IPs/cores/data_mover_mm2s/Data_Mover_MM2S/solution1/sim/vhdl/DataMoverUnit_mm2s_32bits.vhd" into library xil_defaultlib
INFO: [VRFC 10-3107] analyzing entity 'DataMoverUnit_mm2s_32bits'
INFO: [VRFC 10-163] Analyzing VHDL file "/home/lbo/Projects/Photospace/PH920/FPGA/Mercury_XU5EV/hardware/IPs/cores/data_mover_mm2s/Data_Mover_MM2S/solution1/sim/vhdl/DataMoverUnit_mm2s_32bits_dataflow_in_loop_M2S.vhd" into library xil_defaultlib
INFO: [VRFC 10-3107] analyzing entity 'DataMoverUnit_mm2s_32bits_dataflow_in_loop_M2S'
INFO: [VRFC 10-163] Analyzing VHDL file "/home/lbo/Projects/Photospace/PH920/FPGA/Mercury_XU5EV/hardware/IPs/cores/data_mover_mm2s/Data_Mover_MM2S/solution1/sim/vhdl/DataMoverUnit_mm2s_32bits_fifo_w32_d3_S.vhd" into library xil_defaultlib
INFO: [VRFC 10-3107] analyzing entity 'DataMoverUnit_mm2s_32bits_fifo_w32_d3_S_shiftReg'
INFO: [VRFC 10-3107] analyzing entity 'DataMoverUnit_mm2s_32bits_fifo_w32_d3_S'
INFO: [VRFC 10-163] Analyzing VHDL file "/home/lbo/Projects/Photospace/PH920/FPGA/Mercury_XU5EV/hardware/IPs/cores/data_mover_mm2s/Data_Mover_MM2S/solution1/sim/vhdl/DataMoverUnit_mm2s_32bits_fifo_w32_d2_S.vhd" into library xil_defaultlib
INFO: [VRFC 10-3107] analyzing entity 'DataMoverUnit_mm2s_32bits_fifo_w32_d2_S_shiftReg'
INFO: [VRFC 10-3107] analyzing entity 'DataMoverUnit_mm2s_32bits_fifo_w32_d2_S'
INFO: [VRFC 10-163] Analyzing VHDL file "/home/lbo/Projects/Photospace/PH920/FPGA/Mercury_XU5EV/hardware/IPs/cores/data_mover_mm2s/Data_Mover_MM2S/solution1/sim/vhdl/DataMoverUnit_mm2s_32bits_dataflow_in_loop_M2S_entry3.vhd" into library xil_defaultlib
INFO: [VRFC 10-3107] analyzing entity 'DataMoverUnit_mm2s_32bits_dataflow_in_loop_M2S_entry3'
INFO: [VRFC 10-163] Analyzing VHDL file "/home/lbo/Projects/Photospace/PH920/FPGA/Mercury_XU5EV/hardware/IPs/cores/data_mover_mm2s/Data_Mover_MM2S/solution1/sim/vhdl/DataMoverUnit_mm2s_32bits_EmptyLocalBuffer.vhd" into library xil_defaultlib
INFO: [VRFC 10-3107] analyzing entity 'DataMoverUnit_mm2s_32bits_EmptyLocalBuffer'
INFO: [VRFC 10-163] Analyzing VHDL file "/home/lbo/Projects/Photospace/PH920/FPGA/Mercury_XU5EV/hardware/IPs/cores/data_mover_mm2s/Data_Mover_MM2S/solution1/sim/vhdl/DataMoverUnit_mm2s_32bits_fifo_w31_d3_S.vhd" into library xil_defaultlib
INFO: [VRFC 10-3107] analyzing entity 'DataMoverUnit_mm2s_32bits_fifo_w31_d3_S_shiftReg'
INFO: [VRFC 10-3107] analyzing entity 'DataMoverUnit_mm2s_32bits_fifo_w31_d3_S'
INFO: [VRFC 10-163] Analyzing VHDL file "/home/lbo/Projects/Photospace/PH920/FPGA/Mercury_XU5EV/hardware/IPs/cores/data_mover_mm2s/Data_Mover_MM2S/solution1/sim/vhdl/AESL_axi_master_MM_video_in.vhd" into library xil_defaultlib
INFO: [VRFC 10-3107] analyzing entity 'AESL_axi_master_MM_video_in'
INFO: [VRFC 10-163] Analyzing VHDL file "/home/lbo/Projects/Photospace/PH920/FPGA/Mercury_XU5EV/hardware/IPs/cores/data_mover_mm2s/Data_Mover_MM2S/solution1/sim/vhdl/DataMoverUnit_mm2s_32bits_DataMover_mm2s_32bits.vhd" into library xil_defaultlib
INFO: [VRFC 10-3107] analyzing entity 'DataMoverUnit_mm2s_32bits_DataMover_mm2s_32bits'
INFO: [VRFC 10-163] Analyzing VHDL file "/home/lbo/Projects/Photospace/PH920/FPGA/Mercury_XU5EV/hardware/IPs/cores/data_mover_mm2s/Data_Mover_MM2S/solution1/sim/vhdl/DataMoverUnit_mm2s_32bits_dataflow_in_loop_M2S_axi_elt_dma_buffer_V.vhd" into library xil_defaultlib
INFO: [VRFC 10-3107] analyzing entity 'DataMoverUnit_mm2s_32bits_dataflow_in_loop_M2S_axi_elt_dma_buffer_V'
INFO: [VRFC 10-163] Analyzing VHDL file "/home/lbo/Projects/Photospace/PH920/FPGA/Mercury_XU5EV/hardware/IPs/cores/data_mover_mm2s/Data_Mover_MM2S/solution1/sim/vhdl/AESL_axi_s_STR_video_out.vhd" into library xil_defaultlib
INFO: [VRFC 10-3107] analyzing entity 'AESL_axi_s_STR_video_out'
Starting static elaboration
Pass Through NonSizing Optimizer
Completed static elaboration
Starting simulation data flow analysis
Completed simulation data flow analysis
Time Resolution for simulation is 1ps
Compiling package std.standard
Compiling package std.textio
Compiling package ieee.std_logic_1164
Compiling package ieee.std_logic_arith
Compiling package ieee.std_logic_unsigned
Compiling package ieee.numeric_std
Compiling package ieee.std_logic_textio
Compiling module work.glbl
Compiling architecture behav of entity xil_defaultlib.DataMoverUnit_mm2s_32bits_MM_video_in_m_axi_throttl [datamoverunit_mm2s_32bits_mm_vid...]
Compiling architecture behave of entity xil_defaultlib.DataMoverUnit_mm2s_32bits_MM_video_in_m_axi_fifo [\DataMoverUnit_mm2s_32bits_MM_vi...]
Compiling architecture behave of entity xil_defaultlib.DataMoverUnit_mm2s_32bits_MM_video_in_m_axi_reg_slice [\DataMoverUnit_mm2s_32bits_MM_vi...]
Compiling architecture behave of entity xil_defaultlib.DataMoverUnit_mm2s_32bits_MM_video_in_m_axi_fifo [\DataMoverUnit_mm2s_32bits_MM_vi...]
Compiling architecture arch of entity xil_defaultlib.DataMoverUnit_mm2s_32bits_MM_video_in_m_axi_buffer [\DataMoverUnit_mm2s_32bits_MM_vi...]
Compiling architecture behave of entity xil_defaultlib.DataMoverUnit_mm2s_32bits_MM_video_in_m_axi_fifo [\DataMoverUnit_mm2s_32bits_MM_vi...]
Compiling architecture behave of entity xil_defaultlib.DataMoverUnit_mm2s_32bits_MM_video_in_m_axi_fifo [\DataMoverUnit_mm2s_32bits_MM_vi...]
Compiling architecture behave of entity xil_defaultlib.DataMoverUnit_mm2s_32bits_MM_video_in_m_axi_write [\DataMoverUnit_mm2s_32bits_MM_vi...]
Compiling architecture arch of entity xil_defaultlib.DataMoverUnit_mm2s_32bits_MM_video_in_m_axi_buffer [\DataMoverUnit_mm2s_32bits_MM_vi...]
Compiling architecture behave of entity xil_defaultlib.DataMoverUnit_mm2s_32bits_MM_video_in_m_axi_reg_slice [\DataMoverUnit_mm2s_32bits_MM_vi...]
Compiling architecture behave of entity xil_defaultlib.DataMoverUnit_mm2s_32bits_MM_video_in_m_axi_read [\DataMoverUnit_mm2s_32bits_MM_vi...]
Compiling architecture behave of entity xil_defaultlib.DataMoverUnit_mm2s_32bits_MM_video_in_m_axi [\DataMoverUnit_mm2s_32bits_MM_vi...]
Compiling architecture behav of entity xil_defaultlib.DataMoverUnit_mm2s_32bits_dataflow_in_loop_M2S_entry3 [datamoverunit_mm2s_32bits_datafl...]
Compiling architecture behav of entity xil_defaultlib.DataMoverUnit_mm2s_32bits_DMAReadMM [datamoverunit_mm2s_32bits_dmarea...]
Compiling architecture behav of entity xil_defaultlib.DataMoverUnit_mm2s_32bits_M2S_FormatLocalBuffer [datamoverunit_mm2s_32bits_m2s_fo...]
Compiling architecture behav of entity xil_defaultlib.DataMoverUnit_mm2s_32bits_EmptyLocalBuffer [datamoverunit_mm2s_32bits_emptyl...]
Compiling architecture rtl of entity xil_defaultlib.DataMoverUnit_mm2s_32bits_dataflow_in_loop_M2S_axi_elt_dma_buffer_V_memcore_ram [datamoverunit_mm2s_32bits_datafl...]
Compiling architecture arch of entity xil_defaultlib.DataMoverUnit_mm2s_32bits_dataflow_in_loop_M2S_axi_elt_dma_buffer_V_memcore [datamoverunit_mm2s_32bits_datafl...]
Compiling architecture rtl of entity xil_defaultlib.DataMoverUnit_mm2s_32bits_dataflow_in_loop_M2S_axi_elt_dma_buffer_V [\DataMoverUnit_mm2s_32bits_dataf...]
Compiling architecture rtl of entity xil_defaultlib.DataMoverUnit_mm2s_32bits_dataflow_in_loop_M2S_stream_elt_dma_buffer_V_memcore_ram [datamoverunit_mm2s_32bits_datafl...]
Compiling architecture arch of entity xil_defaultlib.DataMoverUnit_mm2s_32bits_dataflow_in_loop_M2S_stream_elt_dma_buffer_V_memcore [datamoverunit_mm2s_32bits_datafl...]
Compiling architecture rtl of entity xil_defaultlib.DataMoverUnit_mm2s_32bits_dataflow_in_loop_M2S_stream_elt_dma_buffer_V [\DataMoverUnit_mm2s_32bits_dataf...]
Compiling architecture rtl of entity xil_defaultlib.DataMoverUnit_mm2s_32bits_fifo_w32_d2_S_shiftReg [datamoverunit_mm2s_32bits_fifo_w...]
Compiling architecture rtl of entity xil_defaultlib.DataMoverUnit_mm2s_32bits_fifo_w32_d2_S [\DataMoverUnit_mm2s_32bits_fifo_...]
Compiling architecture rtl of entity xil_defaultlib.DataMoverUnit_mm2s_32bits_fifo_w31_d2_S_shiftReg [datamoverunit_mm2s_32bits_fifo_w...]
Compiling architecture rtl of entity xil_defaultlib.DataMoverUnit_mm2s_32bits_fifo_w31_d2_S [\DataMoverUnit_mm2s_32bits_fifo_...]
Compiling architecture rtl of entity xil_defaultlib.DataMoverUnit_mm2s_32bits_fifo_w32_d3_S_shiftReg [datamoverunit_mm2s_32bits_fifo_w...]
Compiling architecture rtl of entity xil_defaultlib.DataMoverUnit_mm2s_32bits_fifo_w32_d3_S [\DataMoverUnit_mm2s_32bits_fifo_...]
Compiling architecture rtl of entity xil_defaultlib.DataMoverUnit_mm2s_32bits_fifo_w31_d3_S_shiftReg [datamoverunit_mm2s_32bits_fifo_w...]
Compiling architecture rtl of entity xil_defaultlib.DataMoverUnit_mm2s_32bits_fifo_w31_d3_S [\DataMoverUnit_mm2s_32bits_fifo_...]
Compiling architecture behav of entity xil_defaultlib.DataMoverUnit_mm2s_32bits_dataflow_in_loop_M2S [datamoverunit_mm2s_32bits_datafl...]
Compiling architecture behav of entity xil_defaultlib.DataMoverUnit_mm2s_32bits_DataMover_mm2s_32bits [datamoverunit_mm2s_32bits_datamo...]
Compiling architecture behav of entity xil_defaultlib.DataMoverUnit_mm2s_32bits_regslice_both [\DataMoverUnit_mm2s_32bits_regsl...]
Compiling architecture behav of entity xil_defaultlib.DataMoverUnit_mm2s_32bits_regslice_both [\DataMoverUnit_mm2s_32bits_regsl...]
Compiling architecture behav of entity xil_defaultlib.DataMoverUnit_mm2s_32bits_regslice_both [\DataMoverUnit_mm2s_32bits_regsl...]
Compiling architecture behav of entity xil_defaultlib.DataMoverUnit_mm2s_32bits [datamoverunit_mm2s_32bits_defaul...]
Compiling architecture behav of entity xil_defaultlib.AESL_axi_s_STR_video_out [aesl_axi_s_str_video_out_default]
Compiling architecture behav of entity xil_defaultlib.AESL_axi_master_MM_video_in [aesl_axi_master_mm_video_in_defa...]
Compiling architecture behav of entity xil_defaultlib.apatb_datamoverunit_mm2s_32bits_...
Built simulation snapshot DataMoverUnit_mm2s_32bits

****** Webtalk v2020.2 (64-bit)
  **** SW Build 3064766 on Wed Nov 18 09:12:47 MST 2020
  **** IP Build 3064653 on Wed Nov 18 14:17:31 MST 2020
    ** Copyright 1986-2020 Xilinx, Inc. All Rights Reserved.

source /home/lbo/Projects/Photospace/PH920/FPGA/Mercury_XU5EV/hardware/IPs/cores/data_mover_mm2s/Data_Mover_MM2S/solution1/sim/vhdl/xsim.dir/DataMoverUnit_mm2s_32bits/webtalk/xsim_webtalk.tcl -notrace
INFO: [Common 17-206] Exiting Webtalk at Mon Jan 11 13:36:45 2021...

****** xsim v2020.2 (64-bit)
  **** SW Build 3064766 on Wed Nov 18 09:12:47 MST 2020
  **** IP Build 3064653 on Wed Nov 18 14:17:31 MST 2020
    ** Copyright 1986-2020 Xilinx, Inc. All Rights Reserved.

source xsim.dir/DataMoverUnit_mm2s_32bits/xsim_script.tcl
# xsim {DataMoverUnit_mm2s_32bits} -autoloadwcfg -tclbatch {DataMoverUnit_mm2s_32bits.tcl}
Vivado Simulator 2020.2
Time resolution is 1 ps
source DataMoverUnit_mm2s_32bits.tcl
## log_wave [get_objects -filter {type == in_port || type == out_port || type == inout_port || type == port} /apatb_DataMoverUnit_mm2s_32bits_top/AESL_inst_DataMoverUnit_mm2s_32bits/*]
## set designtopgroup [add_wave_group "Design Top Signals"]
## set coutputgroup [add_wave_group "C Outputs" -into $designtopgroup]
## set mm2s_line_buffer_size_group [add_wave_group mm2s_line_buffer_size(wire) -into $coutputgroup]
## add_wave /apatb_DataMoverUnit_mm2s_32bits_top/AESL_inst_DataMoverUnit_mm2s_32bits/mm2s_line_buffer_size -into $mm2s_line_buffer_size_group -radix hex
## set STR_video_out_group [add_wave_group STR_video_out(axis) -into $coutputgroup]
## add_wave /apatb_DataMoverUnit_mm2s_32bits_top/AESL_inst_DataMoverUnit_mm2s_32bits/STR_video_out_TLAST -into $STR_video_out_group -color #ffff00 -radix hex
## add_wave /apatb_DataMoverUnit_mm2s_32bits_top/AESL_inst_DataMoverUnit_mm2s_32bits/STR_video_out_TUSER -into $STR_video_out_group -radix hex
## add_wave /apatb_DataMoverUnit_mm2s_32bits_top/AESL_inst_DataMoverUnit_mm2s_32bits/STR_video_out_TSTRB -into $STR_video_out_group -radix hex
## add_wave /apatb_DataMoverUnit_mm2s_32bits_top/AESL_inst_DataMoverUnit_mm2s_32bits/STR_video_out_TKEEP -into $STR_video_out_group -radix hex
## add_wave /apatb_DataMoverUnit_mm2s_32bits_top/AESL_inst_DataMoverUnit_mm2s_32bits/STR_video_out_TREADY -into $STR_video_out_group -color #ffff00 -radix hex
## add_wave /apatb_DataMoverUnit_mm2s_32bits_top/AESL_inst_DataMoverUnit_mm2s_32bits/STR_video_out_TVALID -into $STR_video_out_group -color #ffff00 -radix hex
## add_wave /apatb_DataMoverUnit_mm2s_32bits_top/AESL_inst_DataMoverUnit_mm2s_32bits/STR_video_out_TDATA -into $STR_video_out_group -radix hex
## set cinputgroup [add_wave_group "C Inputs" -into $designtopgroup]
## set image_h_group [add_wave_group image_h(wire) -into $cinputgroup]
## add_wave /apatb_DataMoverUnit_mm2s_32bits_top/AESL_inst_DataMoverUnit_mm2s_32bits/image_h -into $image_h_group -radix hex
## set image_w_group [add_wave_group image_w(wire) -into $cinputgroup]
## add_wave /apatb_DataMoverUnit_mm2s_32bits_top/AESL_inst_DataMoverUnit_mm2s_32bits/image_w -into $image_w_group -radix hex
## set return_group [add_wave_group return(wire) -into $cinputgroup]
## add_wave /apatb_DataMoverUnit_mm2s_32bits_top/AESL_inst_DataMoverUnit_mm2s_32bits/MM_video_in_offset -into $return_group -radix hex
## set MM_video_in_group [add_wave_group MM_video_in(axi_master) -into $cinputgroup]
## set rdata_group [add_wave_group "Read Channel" -into $MM_video_in_group]
## set wdata_group [add_wave_group "Write Channel" -into $MM_video_in_group]
## set ctrl_group [add_wave_group "Handshakes" -into $MM_video_in_group]
## add_wave /apatb_DataMoverUnit_mm2s_32bits_top/AESL_inst_DataMoverUnit_mm2s_32bits/m_axi_MM_video_in_BUSER -into $wdata_group -radix hex
## add_wave /apatb_DataMoverUnit_mm2s_32bits_top/AESL_inst_DataMoverUnit_mm2s_32bits/m_axi_MM_video_in_BID -into $wdata_group -radix hex
## add_wave /apatb_DataMoverUnit_mm2s_32bits_top/AESL_inst_DataMoverUnit_mm2s_32bits/m_axi_MM_video_in_BRESP -into $wdata_group -radix hex
## add_wave /apatb_DataMoverUnit_mm2s_32bits_top/AESL_inst_DataMoverUnit_mm2s_32bits/m_axi_MM_video_in_BREADY -into $ctrl_group -color #ffff00 -radix hex
## add_wave /apatb_DataMoverUnit_mm2s_32bits_top/AESL_inst_DataMoverUnit_mm2s_32bits/m_axi_MM_video_in_BVALID -into $ctrl_group -color #ffff00 -radix hex
## add_wave /apatb_DataMoverUnit_mm2s_32bits_top/AESL_inst_DataMoverUnit_mm2s_32bits/m_axi_MM_video_in_RRESP -into $rdata_group -radix hex
## add_wave /apatb_DataMoverUnit_mm2s_32bits_top/AESL_inst_DataMoverUnit_mm2s_32bits/m_axi_MM_video_in_RUSER -into $rdata_group -radix hex
## add_wave /apatb_DataMoverUnit_mm2s_32bits_top/AESL_inst_DataMoverUnit_mm2s_32bits/m_axi_MM_video_in_RID -into $rdata_group -radix hex
## add_wave /apatb_DataMoverUnit_mm2s_32bits_top/AESL_inst_DataMoverUnit_mm2s_32bits/m_axi_MM_video_in_RLAST -into $ctrl_group -color #ffff00 -radix hex
## add_wave /apatb_DataMoverUnit_mm2s_32bits_top/AESL_inst_DataMoverUnit_mm2s_32bits/m_axi_MM_video_in_RDATA -into $rdata_group -radix hex
## add_wave /apatb_DataMoverUnit_mm2s_32bits_top/AESL_inst_DataMoverUnit_mm2s_32bits/m_axi_MM_video_in_RREADY -into $ctrl_group -color #ffff00 -radix hex
## add_wave /apatb_DataMoverUnit_mm2s_32bits_top/AESL_inst_DataMoverUnit_mm2s_32bits/m_axi_MM_video_in_RVALID -into $ctrl_group -color #ffff00 -radix hex
## add_wave /apatb_DataMoverUnit_mm2s_32bits_top/AESL_inst_DataMoverUnit_mm2s_32bits/m_axi_MM_video_in_ARUSER -into $rdata_group -radix hex
## add_wave /apatb_DataMoverUnit_mm2s_32bits_top/AESL_inst_DataMoverUnit_mm2s_32bits/m_axi_MM_video_in_ARREGION -into $rdata_group -radix hex
## add_wave /apatb_DataMoverUnit_mm2s_32bits_top/AESL_inst_DataMoverUnit_mm2s_32bits/m_axi_MM_video_in_ARQOS -into $rdata_group -radix hex
## add_wave /apatb_DataMoverUnit_mm2s_32bits_top/AESL_inst_DataMoverUnit_mm2s_32bits/m_axi_MM_video_in_ARPROT -into $rdata_group -radix hex
## add_wave /apatb_DataMoverUnit_mm2s_32bits_top/AESL_inst_DataMoverUnit_mm2s_32bits/m_axi_MM_video_in_ARCACHE -into $rdata_group -radix hex
## add_wave /apatb_DataMoverUnit_mm2s_32bits_top/AESL_inst_DataMoverUnit_mm2s_32bits/m_axi_MM_video_in_ARLOCK -into $rdata_group -radix hex
## add_wave /apatb_DataMoverUnit_mm2s_32bits_top/AESL_inst_DataMoverUnit_mm2s_32bits/m_axi_MM_video_in_ARBURST -into $rdata_group -radix hex
## add_wave /apatb_DataMoverUnit_mm2s_32bits_top/AESL_inst_DataMoverUnit_mm2s_32bits/m_axi_MM_video_in_ARSIZE -into $rdata_group -radix hex
## add_wave /apatb_DataMoverUnit_mm2s_32bits_top/AESL_inst_DataMoverUnit_mm2s_32bits/m_axi_MM_video_in_ARLEN -into $rdata_group -radix hex
## add_wave /apatb_DataMoverUnit_mm2s_32bits_top/AESL_inst_DataMoverUnit_mm2s_32bits/m_axi_MM_video_in_ARID -into $rdata_group -radix hex
## add_wave /apatb_DataMoverUnit_mm2s_32bits_top/AESL_inst_DataMoverUnit_mm2s_32bits/m_axi_MM_video_in_ARADDR -into $rdata_group -radix hex
## add_wave /apatb_DataMoverUnit_mm2s_32bits_top/AESL_inst_DataMoverUnit_mm2s_32bits/m_axi_MM_video_in_ARREADY -into $ctrl_group -color #ffff00 -radix hex
## add_wave /apatb_DataMoverUnit_mm2s_32bits_top/AESL_inst_DataMoverUnit_mm2s_32bits/m_axi_MM_video_in_ARVALID -into $ctrl_group -color #ffff00 -radix hex
## add_wave /apatb_DataMoverUnit_mm2s_32bits_top/AESL_inst_DataMoverUnit_mm2s_32bits/m_axi_MM_video_in_WUSER -into $wdata_group -radix hex
## add_wave /apatb_DataMoverUnit_mm2s_32bits_top/AESL_inst_DataMoverUnit_mm2s_32bits/m_axi_MM_video_in_WID -into $wdata_group -radix hex
## add_wave /apatb_DataMoverUnit_mm2s_32bits_top/AESL_inst_DataMoverUnit_mm2s_32bits/m_axi_MM_video_in_WLAST -into $ctrl_group -color #ffff00 -radix hex
## add_wave /apatb_DataMoverUnit_mm2s_32bits_top/AESL_inst_DataMoverUnit_mm2s_32bits/m_axi_MM_video_in_WSTRB -into $wdata_group -radix hex
## add_wave /apatb_DataMoverUnit_mm2s_32bits_top/AESL_inst_DataMoverUnit_mm2s_32bits/m_axi_MM_video_in_WDATA -into $wdata_group -radix hex
## add_wave /apatb_DataMoverUnit_mm2s_32bits_top/AESL_inst_DataMoverUnit_mm2s_32bits/m_axi_MM_video_in_WREADY -into $ctrl_group -color #ffff00 -radix hex
## add_wave /apatb_DataMoverUnit_mm2s_32bits_top/AESL_inst_DataMoverUnit_mm2s_32bits/m_axi_MM_video_in_WVALID -into $ctrl_group -color #ffff00 -radix hex
## add_wave /apatb_DataMoverUnit_mm2s_32bits_top/AESL_inst_DataMoverUnit_mm2s_32bits/m_axi_MM_video_in_AWUSER -into $wdata_group -radix hex
## add_wave /apatb_DataMoverUnit_mm2s_32bits_top/AESL_inst_DataMoverUnit_mm2s_32bits/m_axi_MM_video_in_AWREGION -into $wdata_group -radix hex
## add_wave /apatb_DataMoverUnit_mm2s_32bits_top/AESL_inst_DataMoverUnit_mm2s_32bits/m_axi_MM_video_in_AWQOS -into $wdata_group -radix hex
## add_wave /apatb_DataMoverUnit_mm2s_32bits_top/AESL_inst_DataMoverUnit_mm2s_32bits/m_axi_MM_video_in_AWPROT -into $wdata_group -radix hex
## add_wave /apatb_DataMoverUnit_mm2s_32bits_top/AESL_inst_DataMoverUnit_mm2s_32bits/m_axi_MM_video_in_AWCACHE -into $wdata_group -radix hex
## add_wave /apatb_DataMoverUnit_mm2s_32bits_top/AESL_inst_DataMoverUnit_mm2s_32bits/m_axi_MM_video_in_AWLOCK -into $wdata_group -radix hex
## add_wave /apatb_DataMoverUnit_mm2s_32bits_top/AESL_inst_DataMoverUnit_mm2s_32bits/m_axi_MM_video_in_AWBURST -into $wdata_group -radix hex
## add_wave /apatb_DataMoverUnit_mm2s_32bits_top/AESL_inst_DataMoverUnit_mm2s_32bits/m_axi_MM_video_in_AWSIZE -into $wdata_group -radix hex
## add_wave /apatb_DataMoverUnit_mm2s_32bits_top/AESL_inst_DataMoverUnit_mm2s_32bits/m_axi_MM_video_in_AWLEN -into $wdata_group -radix hex
## add_wave /apatb_DataMoverUnit_mm2s_32bits_top/AESL_inst_DataMoverUnit_mm2s_32bits/m_axi_MM_video_in_AWID -into $wdata_group -radix hex
## add_wave /apatb_DataMoverUnit_mm2s_32bits_top/AESL_inst_DataMoverUnit_mm2s_32bits/m_axi_MM_video_in_AWADDR -into $wdata_group -radix hex
## add_wave /apatb_DataMoverUnit_mm2s_32bits_top/AESL_inst_DataMoverUnit_mm2s_32bits/m_axi_MM_video_in_AWREADY -into $ctrl_group -color #ffff00 -radix hex
## add_wave /apatb_DataMoverUnit_mm2s_32bits_top/AESL_inst_DataMoverUnit_mm2s_32bits/m_axi_MM_video_in_AWVALID -into $ctrl_group -color #ffff00 -radix hex
## set blocksiggroup [add_wave_group "Block-level IO Handshake" -into $designtopgroup]
## add_wave /apatb_DataMoverUnit_mm2s_32bits_top/AESL_inst_DataMoverUnit_mm2s_32bits/ap_start -into $blocksiggroup
## add_wave /apatb_DataMoverUnit_mm2s_32bits_top/AESL_inst_DataMoverUnit_mm2s_32bits/ap_done -into $blocksiggroup
## add_wave /apatb_DataMoverUnit_mm2s_32bits_top/AESL_inst_DataMoverUnit_mm2s_32bits/ap_idle -into $blocksiggroup
## add_wave /apatb_DataMoverUnit_mm2s_32bits_top/AESL_inst_DataMoverUnit_mm2s_32bits/ap_ready -into $blocksiggroup
## set resetgroup [add_wave_group "Reset" -into $designtopgroup]
## add_wave /apatb_DataMoverUnit_mm2s_32bits_top/AESL_inst_DataMoverUnit_mm2s_32bits/ap_rst_n -into $resetgroup
## set clockgroup [add_wave_group "Clock" -into $designtopgroup]
## add_wave /apatb_DataMoverUnit_mm2s_32bits_top/AESL_inst_DataMoverUnit_mm2s_32bits/ap_clk -into $clockgroup
## save_wave_config DataMoverUnit_mm2s_32bits.wcfg
## run all
Note: simulation done!
Time: 404835 ns  Iteration: 1  Process: /apatb_DataMoverUnit_mm2s_32bits_top/generate_sim_done_proc  File: /home/lbo/Projects/Photospace/PH920/FPGA/Mercury_XU5EV/hardware/IPs/cores/data_mover_mm2s/Data_Mover_MM2S/solution1/sim/vhdl/DataMoverUnit_mm2s_32bits.autotb.vhd
Failure: NORMAL EXIT (note: failure is to force the simulator to stop)
Time: 404835 ns  Iteration: 1  Process: /apatb_DataMoverUnit_mm2s_32bits_top/generate_sim_done_proc  File: /home/lbo/Projects/Photospace/PH920/FPGA/Mercury_XU5EV/hardware/IPs/cores/data_mover_mm2s/Data_Mover_MM2S/solution1/sim/vhdl/DataMoverUnit_mm2s_32bits.autotb.vhd
$finish called at time : 404835 ns
## quit
INFO: [Common 17-206] Exiting xsim at Mon Jan 11 13:36:58 2021...
/// Generic Settings Check////
- (IMAGE_MAX_W_g) Buffer size defined as 2048, must be 2048
 size of ddr is 			 : 20480 
 size of ddr line stride is : 1024 
 size of ddr line is 	     : 960 
The maximum depth reached by any of the 1 hls::stream() instances in the design is 0
INFO: [COSIM-1000] *** C/RTL co-simulation finished: PASS ***
INFO: [COSIM-211] II is measurable only when transaction number is greater than 1 in RTL simulation. Otherwise, they will be marked as all NA. If user wants to calculate them, please make sure there are at least 2 transactions in RTL simulation.
