

================================================================
== Synthesis Summary Report of 'DataMoverUnit_mm2s_32bits'
================================================================
+ General Information: 
    * Date:           Fri Aug 13 11:22:21 2021
    * Version:        2020.2 (Build 3064766 on Wed Nov 18 09:12:47 MST 2020)
    * Project:        Data_Mover_MM2S
    * Solution:       solution1 (Vivado IP Flow Target)
    * Product family: zynq
    * Target device:  xc7z020-clg400-1
    

+ Performance & Resource Estimates: 
    
    PS: '+' for module; 'o' for loop; '*' for dataflow
    +---------------------------------------------------+--------+-------+---------+-----------+----------+---------+------+----------+--------+----+-----------+-----------+-----+
    |                      Modules                      |  Issue |       | Latency |  Latency  | Iteration|         | Trip |          |        |    |           |           |     |
    |                      & Loops                      |  Type  | Slack | (cycles)|    (ns)   |  Latency | Interval| Count| Pipelined|  BRAM  | DSP|     FF    |    LUT    | URAM|
    +---------------------------------------------------+--------+-------+---------+-----------+----------+---------+------+----------+--------+----+-----------+-----------+-----+
    |+ DataMoverUnit_mm2s_32bits                        |  Timing|   0.00|        -|          -|         -|        -|     -|        no|  7 (2%)|   -|  1995 (1%)|  1969 (3%)|    -|
    | + grp_DataMover_mm2s_32bits_fu_96                 |  Timing|   0.00|        -|          -|         -|        -|     -|        no|  4 (1%)|   -|  1477 (1%)|  1345 (2%)|    -|
    |  + grp_dataflow_in_loop_M2S_fu_92*                |  Timing|   0.00|        -|          -|         -|        -|     -|  dataflow|  4 (1%)|   -|  969 (~0%)|  1219 (2%)|    -|
    |   + grp_DMAReadMM_fu_120                          |  Timing|   0.00|        -|          -|         -|        -|     -|        no|       -|   -|  302 (~0%)|  391 (~0%)|    -|
    |    o VITIS_LOOP_54_1                              |       -|  -7.30|        -|          -|         3|        1|     -|       yes|       -|   -|          -|          -|    -|
    |   + grp_EmptyLocalBuffer_fu_133                   |       -|  -1.11|        -|          -|         -|        -|     -|        no|       -|   -|  106 (~0%)|  242 (~0%)|    -|
    |    o VITIS_LOOP_27_1                              |       -|  -7.30|        -|          -|         2|        1|     -|       yes|       -|   -|          -|          -|    -|
    |   + grp_M2S_FormatLocalBuffer_fu_151              |       -|  -0.79|     1026|  1.026e+04|         -|     1026|     -|        no|       -|   -|   62 (~0%)|  178 (~0%)|    -|
    |    o VITIS_LOOP_39_1                              |      II|  -7.30|     1024|  1.024e+04|         3|        2|   512|       yes|       -|   -|          -|          -|    -|
    |   + call_ln22_dataflow_in_loop_M2S_entry3_fu_159  |       -|  -3.67|        0|      0.000|         -|        0|     -|        no|       -|   -|    2 (~0%)|   38 (~0%)|    -|
    |  o M2S                                            |       -|  -7.30|        -|          -|         -|        -|     -|        no|       -|   -|          -|          -|    -|
    +---------------------------------------------------+--------+-------+---------+-----------+----------+---------+------+----------+--------+----+-----------+-----------+-----+

