

================================================================
== Vitis HLS Report for 'dataflow_in_loop_M2S'
================================================================
* Date:           Fri Aug 13 11:22:20 2021

* Version:        2020.2 (Build 3064766 on Wed Nov 18 09:12:47 MST 2020)
* Project:        Data_Mover_MM2S
* Solution:       solution1 (Vivado IP Flow Target)
* Product family: zynq
* Target device:  xc7z020-clg400-1


================================================================
== Performance Estimates
================================================================
+ Timing: 
    * Summary: 
    +--------+----------+----------+------------+
    |  Clock |  Target  | Estimated| Uncertainty|
    +--------+----------+----------+------------+
    |ap_clk  |  10.00 ns|  7.300 ns|     2.70 ns|
    +--------+----------+----------+------------+

+ Latency: 
    * Summary: 
    +---------+---------+----------+----------+-----+-----+----------+
    |  Latency (cycles) |  Latency (absolute) |  Interval | Pipeline |
    |   min   |   max   |    min   |    max   | min | max |   Type   |
    +---------+---------+----------+----------+-----+-----+----------+
    |        ?|        ?|         ?|         ?|    ?|    ?|  dataflow|
    +---------+---------+----------+----------+-----+-----+----------+

    + Detail: 
        * Instance: 
        +--------------------------------+-----------------------------+---------+---------+-----------+-----------+------+------+---------+
        |                                |                             |  Latency (cycles) |   Latency (absolute)  |   Interval  | Pipeline|
        |            Instance            |            Module           |   min   |   max   |    min    |    max    |  min |  max |   Type  |
        +--------------------------------+-----------------------------+---------+---------+-----------+-----------+------+------+---------+
        |DMAReadMM_U0                    |DMAReadMM                    |        ?|        ?|          ?|          ?|     ?|     ?|     none|
        |EmptyLocalBuffer_U0             |EmptyLocalBuffer             |        ?|        ?|          ?|          ?|     ?|     ?|     none|
        |M2S_FormatLocalBuffer_U0        |M2S_FormatLocalBuffer        |     1026|     1026|  10.260 us|  10.260 us|  1026|  1026|     none|
        |dataflow_in_loop_M2S_entry3_U0  |dataflow_in_loop_M2S_entry3  |        0|        0|       0 ns|       0 ns|     0|     0|     none|
        +--------------------------------+-----------------------------+---------+---------+-----------+-----------+------+------+---------+

        * Loop: 
        N/A



================================================================
== Utilization Estimates
================================================================
* Summary: 
+-----------------+---------+-----+--------+-------+-----+
|       Name      | BRAM_18K| DSP |   FF   |  LUT  | URAM|
+-----------------+---------+-----+--------+-------+-----+
|DSP              |        -|    -|       -|      -|    -|
|Expression       |        -|    -|       0|     12|    -|
|FIFO             |        -|    -|     495|    340|    -|
|Instance         |        -|    -|     472|    849|    -|
|Memory           |        4|    -|       0|      0|    -|
|Multiplexer      |        -|    -|       -|     18|    -|
|Register         |        -|    -|       2|      -|    -|
+-----------------+---------+-----+--------+-------+-----+
|Total            |        4|    0|     969|   1219|    0|
+-----------------+---------+-----+--------+-------+-----+
|Available        |      280|  220|  106400|  53200|    0|
+-----------------+---------+-----+--------+-------+-----+
|Utilization (%)  |        1|    0|      ~0|      2|    0|
+-----------------+---------+-----+--------+-------+-----+

+ Detail: 
    * Instance: 
    +--------------------------------+-----------------------------+---------+----+-----+-----+-----+
    |            Instance            |            Module           | BRAM_18K| DSP|  FF | LUT | URAM|
    +--------------------------------+-----------------------------+---------+----+-----+-----+-----+
    |DMAReadMM_U0                    |DMAReadMM                    |        0|   0|  302|  391|    0|
    |EmptyLocalBuffer_U0             |EmptyLocalBuffer             |        0|   0|  106|  242|    0|
    |M2S_FormatLocalBuffer_U0        |M2S_FormatLocalBuffer        |        0|   0|   62|  178|    0|
    |dataflow_in_loop_M2S_entry3_U0  |dataflow_in_loop_M2S_entry3  |        0|   0|    2|   38|    0|
    +--------------------------------+-----------------------------+---------+----+-----+-----+-----+
    |Total                           |                             |        0|   0|  472|  849|    0|
    +--------------------------------+-----------------------------+---------+----+-----+-----+-----+

    * DSP: 
    N/A

    * Memory: 
    +---------------------------+----------------------------------------------+---------+---+----+-----+------+-----+------+-------------+
    |           Memory          |                    Module                    | BRAM_18K| FF| LUT| URAM| Words| Bits| Banks| W*Bits*Banks|
    +---------------------------+----------------------------------------------+---------+---+----+-----+------+-----+------+-------------+
    |axi_elt_dma_buffer_V_U     |dataflow_in_loop_M2S_axi_elt_dma_buffer_V     |        2|  0|   0|    0|   512|   32|     1|        16384|
    |stream_elt_dma_buffer_V_U  |dataflow_in_loop_M2S_stream_elt_dma_buffer_V  |        2|  0|   0|    0|  2048|    8|     1|        16384|
    +---------------------------+----------------------------------------------+---------+---+----+-----+------+-----+------+-------------+
    |Total                      |                                              |        4|  0|   0|    0|  2560|   40|     2|        32768|
    +---------------------------+----------------------------------------------+---------+---+----+-----+------+-----+------+-------------+

    * FIFO: 
    +-------------------+---------+----+----+-----+------+-----+---------+
    |        Name       | BRAM_18K| FF | LUT| URAM| Depth| Bits| Size:D*B|
    +-------------------+---------+----+----+-----+------+-----+---------+
    |MM_video_in_2_c_U  |        0|  99|   0|    -|     2|   32|       64|
    |i_c2_U             |        0|  99|   0|    -|     2|   31|       62|
    |i_c_U              |        0|  99|   0|    -|     3|   31|       93|
    |image_w_c1_U       |        0|  99|   0|    -|     2|   32|       64|
    |image_w_c_U        |        0|  99|   0|    -|     3|   32|       96|
    +-------------------+---------+----+----+-----+------+-----+---------+
    |Total              |        0| 495|   0|    0|    12|  158|      379|
    +-------------------+---------+----+----+-----+------+-----+---------+

    * Expression: 
    +-------------------------------------------------+----------+----+---+----+------------+------------+
    |                  Variable Name                  | Operation| DSP| FF| LUT| Bitwidth P0| Bitwidth P1|
    +-------------------------------------------------+----------+----+---+----+------------+------------+
    |DMAReadMM_U0_ap_start                            |       and|   0|  0|   2|           1|           1|
    |ap_idle                                          |       and|   0|  0|   2|           1|           1|
    |ap_sync_ready                                    |       and|   0|  0|   2|           1|           1|
    |dataflow_in_loop_M2S_entry3_U0_ap_start          |       and|   0|  0|   2|           1|           1|
    |ap_sync_DMAReadMM_U0_ap_ready                    |        or|   0|  0|   2|           1|           1|
    |ap_sync_dataflow_in_loop_M2S_entry3_U0_ap_ready  |        or|   0|  0|   2|           1|           1|
    +-------------------------------------------------+----------+----+---+----+------------+------------+
    |Total                                            |          |   0|  0|  12|           6|           6|
    +-------------------------------------------------+----------+----+---+----+------------+------------+

    * Multiplexer: 
    +-----------------------------------------------------+----+-----------+-----+-----------+
    |                         Name                        | LUT| Input Size| Bits| Total Bits|
    +-----------------------------------------------------+----+-----------+-----+-----------+
    |ap_sync_reg_DMAReadMM_U0_ap_ready                    |   9|          2|    1|          2|
    |ap_sync_reg_dataflow_in_loop_M2S_entry3_U0_ap_ready  |   9|          2|    1|          2|
    +-----------------------------------------------------+----+-----------+-----+-----------+
    |Total                                                |  18|          4|    2|          4|
    +-----------------------------------------------------+----+-----------+-----+-----------+

    * Register: 
    +-----------------------------------------------------+---+----+-----+-----------+
    |                         Name                        | FF| LUT| Bits| Const Bits|
    +-----------------------------------------------------+---+----+-----+-----------+
    |ap_sync_reg_DMAReadMM_U0_ap_ready                    |  1|   0|    1|          0|
    |ap_sync_reg_dataflow_in_loop_M2S_entry3_U0_ap_ready  |  1|   0|    1|          0|
    +-----------------------------------------------------+---+----+-----+-----------+
    |Total                                                |  2|   0|    2|          0|
    +-----------------------------------------------------+---+----+-----+-----------+



================================================================
== Interface
================================================================
* Summary: 
+----------------------------+-----+-----+------------+------------------------+--------------+
|          RTL Ports         | Dir | Bits|  Protocol  |      Source Object     |    C Type    |
+----------------------------+-----+-----+------------+------------------------+--------------+
|m_axi_MM_video_in_AWVALID   |  out|    1|       m_axi|             MM_video_in|       pointer|
|m_axi_MM_video_in_AWREADY   |   in|    1|       m_axi|             MM_video_in|       pointer|
|m_axi_MM_video_in_AWADDR    |  out|   32|       m_axi|             MM_video_in|       pointer|
|m_axi_MM_video_in_AWID      |  out|    1|       m_axi|             MM_video_in|       pointer|
|m_axi_MM_video_in_AWLEN     |  out|   32|       m_axi|             MM_video_in|       pointer|
|m_axi_MM_video_in_AWSIZE    |  out|    3|       m_axi|             MM_video_in|       pointer|
|m_axi_MM_video_in_AWBURST   |  out|    2|       m_axi|             MM_video_in|       pointer|
|m_axi_MM_video_in_AWLOCK    |  out|    2|       m_axi|             MM_video_in|       pointer|
|m_axi_MM_video_in_AWCACHE   |  out|    4|       m_axi|             MM_video_in|       pointer|
|m_axi_MM_video_in_AWPROT    |  out|    3|       m_axi|             MM_video_in|       pointer|
|m_axi_MM_video_in_AWQOS     |  out|    4|       m_axi|             MM_video_in|       pointer|
|m_axi_MM_video_in_AWREGION  |  out|    4|       m_axi|             MM_video_in|       pointer|
|m_axi_MM_video_in_AWUSER    |  out|    1|       m_axi|             MM_video_in|       pointer|
|m_axi_MM_video_in_WVALID    |  out|    1|       m_axi|             MM_video_in|       pointer|
|m_axi_MM_video_in_WREADY    |   in|    1|       m_axi|             MM_video_in|       pointer|
|m_axi_MM_video_in_WDATA     |  out|   32|       m_axi|             MM_video_in|       pointer|
|m_axi_MM_video_in_WSTRB     |  out|    4|       m_axi|             MM_video_in|       pointer|
|m_axi_MM_video_in_WLAST     |  out|    1|       m_axi|             MM_video_in|       pointer|
|m_axi_MM_video_in_WID       |  out|    1|       m_axi|             MM_video_in|       pointer|
|m_axi_MM_video_in_WUSER     |  out|    1|       m_axi|             MM_video_in|       pointer|
|m_axi_MM_video_in_ARVALID   |  out|    1|       m_axi|             MM_video_in|       pointer|
|m_axi_MM_video_in_ARREADY   |   in|    1|       m_axi|             MM_video_in|       pointer|
|m_axi_MM_video_in_ARADDR    |  out|   32|       m_axi|             MM_video_in|       pointer|
|m_axi_MM_video_in_ARID      |  out|    1|       m_axi|             MM_video_in|       pointer|
|m_axi_MM_video_in_ARLEN     |  out|   32|       m_axi|             MM_video_in|       pointer|
|m_axi_MM_video_in_ARSIZE    |  out|    3|       m_axi|             MM_video_in|       pointer|
|m_axi_MM_video_in_ARBURST   |  out|    2|       m_axi|             MM_video_in|       pointer|
|m_axi_MM_video_in_ARLOCK    |  out|    2|       m_axi|             MM_video_in|       pointer|
|m_axi_MM_video_in_ARCACHE   |  out|    4|       m_axi|             MM_video_in|       pointer|
|m_axi_MM_video_in_ARPROT    |  out|    3|       m_axi|             MM_video_in|       pointer|
|m_axi_MM_video_in_ARQOS     |  out|    4|       m_axi|             MM_video_in|       pointer|
|m_axi_MM_video_in_ARREGION  |  out|    4|       m_axi|             MM_video_in|       pointer|
|m_axi_MM_video_in_ARUSER    |  out|    1|       m_axi|             MM_video_in|       pointer|
|m_axi_MM_video_in_RVALID    |   in|    1|       m_axi|             MM_video_in|       pointer|
|m_axi_MM_video_in_RREADY    |  out|    1|       m_axi|             MM_video_in|       pointer|
|m_axi_MM_video_in_RDATA     |   in|   32|       m_axi|             MM_video_in|       pointer|
|m_axi_MM_video_in_RLAST     |   in|    1|       m_axi|             MM_video_in|       pointer|
|m_axi_MM_video_in_RID       |   in|    1|       m_axi|             MM_video_in|       pointer|
|m_axi_MM_video_in_RUSER     |   in|    1|       m_axi|             MM_video_in|       pointer|
|m_axi_MM_video_in_RRESP     |   in|    2|       m_axi|             MM_video_in|       pointer|
|m_axi_MM_video_in_BVALID    |   in|    1|       m_axi|             MM_video_in|       pointer|
|m_axi_MM_video_in_BREADY    |  out|    1|       m_axi|             MM_video_in|       pointer|
|m_axi_MM_video_in_BRESP     |   in|    2|       m_axi|             MM_video_in|       pointer|
|m_axi_MM_video_in_BID       |   in|    1|       m_axi|             MM_video_in|       pointer|
|m_axi_MM_video_in_BUSER     |   in|    1|       m_axi|             MM_video_in|       pointer|
|MM_video_in_2               |   in|   32|     ap_none|           MM_video_in_2|        scalar|
|MM_video_in_2_ap_vld        |   in|    1|     ap_none|           MM_video_in_2|        scalar|
|image_w                     |   in|   32|     ap_none|                 image_w|        scalar|
|image_w_ap_vld              |   in|    1|     ap_none|                 image_w|        scalar|
|i                           |   in|   31|     ap_none|                       i|        scalar|
|i_ap_vld                    |   in|    1|     ap_none|                       i|        scalar|
|STR_video_out_TDATA         |  out|    8|        axis|  STR_video_out_V_data_V|       pointer|
|STR_video_out_TKEEP         |  out|    1|        axis|  STR_video_out_V_keep_V|       pointer|
|STR_video_out_TSTRB         |  out|    1|        axis|  STR_video_out_V_strb_V|       pointer|
|STR_video_out_TUSER         |  out|    1|        axis|  STR_video_out_V_user_V|       pointer|
|STR_video_out_TLAST         |  out|    1|        axis|  STR_video_out_V_last_V|       pointer|
|STR_video_out_TVALID        |  out|    1|        axis|  STR_video_out_V_last_V|       pointer|
|STR_video_out_TREADY        |   in|    1|        axis|  STR_video_out_V_last_V|       pointer|
|ap_clk                      |   in|    1|  ap_ctrl_hs|    dataflow_in_loop_M2S|  return value|
|ap_rst                      |   in|    1|  ap_ctrl_hs|    dataflow_in_loop_M2S|  return value|
|ap_start                    |   in|    1|  ap_ctrl_hs|    dataflow_in_loop_M2S|  return value|
|ap_done                     |  out|    1|  ap_ctrl_hs|    dataflow_in_loop_M2S|  return value|
|ap_ready                    |  out|    1|  ap_ctrl_hs|    dataflow_in_loop_M2S|  return value|
|ap_idle                     |  out|    1|  ap_ctrl_hs|    dataflow_in_loop_M2S|  return value|
|ap_continue                 |   in|    1|  ap_ctrl_hs|    dataflow_in_loop_M2S|  return value|
+----------------------------+-----+-----+------------+------------------------+--------------+

