

================================================================
== Vitis HLS Report for 'DataMover_mm2s_32bits'
================================================================
* Date:           Fri Aug 13 11:22:20 2021

* Version:        2020.2 (Build 3064766 on Wed Nov 18 09:12:47 MST 2020)
* Project:        Data_Mover_MM2S
* Solution:       solution1 (Vivado IP Flow Target)
* Product family: zynq
* Target device:  xc7z020-clg400-1


================================================================
== Performance Estimates
================================================================
+ Timing: 
    * Summary: 
    +--------+----------+----------+------------+
    |  Clock |  Target  | Estimated| Uncertainty|
    +--------+----------+----------+------------+
    |ap_clk  |  10.00 ns|  7.300 ns|     2.70 ns|
    +--------+----------+----------+------------+

+ Latency: 
    * Summary: 
    +---------+---------+----------+----------+-----+-----+---------+
    |  Latency (cycles) |  Latency (absolute) |  Interval | Pipeline|
    |   min   |   max   |    min   |    max   | min | max |   Type  |
    +---------+---------+----------+----------+-----+-----+---------+
    |        ?|        ?|         ?|         ?|    ?|    ?|     none|
    +---------+---------+----------+----------+-----+-----+---------+

    + Detail: 
        * Instance: 
        +-------------------------+----------------------+---------+---------+----------+----------+-----+-----+----------+
        |                         |                      |  Latency (cycles) |  Latency (absolute) |  Interval | Pipeline |
        |         Instance        |        Module        |   min   |   max   |    min   |    max   | min | max |   Type   |
        +-------------------------+----------------------+---------+---------+----------+----------+-----+-----+----------+
        |dataflow_in_loop_M2S_U0  |dataflow_in_loop_M2S  |        ?|        ?|         ?|         ?|    ?|    ?|  dataflow|
        +-------------------------+----------------------+---------+---------+----------+----------+-----+-----+----------+

        * Loop: 
        +----------+---------+---------+----------+-----------+-----------+------+----------+
        |          |  Latency (cycles) | Iteration|  Initiation Interval  | Trip |          |
        | Loop Name|   min   |   max   |  Latency |  achieved |   target  | Count| Pipelined|
        +----------+---------+---------+----------+-----------+-----------+------+----------+
        |- M2S     |        ?|        ?|         ?|          -|          -|     ?|        no|
        +----------+---------+---------+----------+-----------+-----------+------+----------+



================================================================
== Utilization Estimates
================================================================
* Summary: 
+-----------------+---------+-----+--------+-------+-----+
|       Name      | BRAM_18K| DSP |   FF   |  LUT  | URAM|
+-----------------+---------+-----+--------+-------+-----+
|DSP              |        -|    -|       -|      -|    -|
|Expression       |        -|    -|     444|    108|    -|
|FIFO             |        -|    -|       -|      -|    -|
|Instance         |        4|    -|     969|   1219|    -|
|Memory           |        -|    -|       -|      -|    -|
|Multiplexer      |        -|    -|       -|     18|    -|
|Register         |        -|    -|      64|      -|    -|
+-----------------+---------+-----+--------+-------+-----+
|Total            |        4|    0|    1477|   1345|    0|
+-----------------+---------+-----+--------+-------+-----+
|Available        |      280|  220|  106400|  53200|    0|
+-----------------+---------+-----+--------+-------+-----+
|Utilization (%)  |        1|    0|       1|      2|    0|
+-----------------+---------+-----+--------+-------+-----+

+ Detail: 
    * Instance: 
    +-------------------------+----------------------+---------+----+-----+------+-----+
    |         Instance        |        Module        | BRAM_18K| DSP|  FF |  LUT | URAM|
    +-------------------------+----------------------+---------+----+-----+------+-----+
    |dataflow_in_loop_M2S_U0  |dataflow_in_loop_M2S  |        4|   0|  969|  1219|    0|
    +-------------------------+----------------------+---------+----+-----+------+-----+
    |Total                    |                      |        4|   0|  969|  1219|    0|
    +-------------------------+----------------------+---------+----+-----+------+-----+

    * DSP: 
    N/A

    * Memory: 
    N/A

    * FIFO: 
    N/A

    * Expression: 
    +----------------------------+----------+----+-----+----+------------+------------+
    |        Variable Name       | Operation| DSP|  FF | LUT| Bitwidth P0| Bitwidth P1|
    +----------------------------+----------+----+-----+----+------------+------------+
    |loop_dataflow_input_count   |         +|   0|  148|  36|          32|           1|
    |loop_dataflow_output_count  |         +|   0|  148|  36|          32|           1|
    |bound_minus_1               |         -|   0|  148|  36|          32|           1|
    +----------------------------+----------+----+-----+----+------------+------------+
    |Total                       |          |   0|  444| 108|          96|           3|
    +----------------------------+----------+----+-----+----+------------+------------+

    * Multiplexer: 
    +----------------------------+----+-----------+-----+-----------+
    |            Name            | LUT| Input Size| Bits| Total Bits|
    +----------------------------+----+-----------+-----+-----------+
    |loop_dataflow_input_count   |   9|          2|   32|         64|
    |loop_dataflow_output_count  |   9|          2|   32|         64|
    +----------------------------+----+-----------+-----+-----------+
    |Total                       |  18|          4|   64|        128|
    +----------------------------+----+-----------+-----+-----------+

    * Register: 
    +----------------------------+----+----+-----+-----------+
    |            Name            | FF | LUT| Bits| Const Bits|
    +----------------------------+----+----+-----+-----------+
    |loop_dataflow_input_count   |  32|   0|   32|          0|
    |loop_dataflow_output_count  |  32|   0|   32|          0|
    +----------------------------+----+----+-----+-----------+
    |Total                       |  64|   0|   64|          0|
    +----------------------------+----+----+-----+-----------+



================================================================
== Interface
================================================================
* Summary: 
+----------------------------+-----+-----+------------+------------------------+--------------+
|          RTL Ports         | Dir | Bits|  Protocol  |      Source Object     |    C Type    |
+----------------------------+-----+-----+------------+------------------------+--------------+
|m_axi_MM_video_in_AWVALID   |  out|    1|       m_axi|             MM_video_in|       pointer|
|m_axi_MM_video_in_AWREADY   |   in|    1|       m_axi|             MM_video_in|       pointer|
|m_axi_MM_video_in_AWADDR    |  out|   32|       m_axi|             MM_video_in|       pointer|
|m_axi_MM_video_in_AWID      |  out|    1|       m_axi|             MM_video_in|       pointer|
|m_axi_MM_video_in_AWLEN     |  out|   32|       m_axi|             MM_video_in|       pointer|
|m_axi_MM_video_in_AWSIZE    |  out|    3|       m_axi|             MM_video_in|       pointer|
|m_axi_MM_video_in_AWBURST   |  out|    2|       m_axi|             MM_video_in|       pointer|
|m_axi_MM_video_in_AWLOCK    |  out|    2|       m_axi|             MM_video_in|       pointer|
|m_axi_MM_video_in_AWCACHE   |  out|    4|       m_axi|             MM_video_in|       pointer|
|m_axi_MM_video_in_AWPROT    |  out|    3|       m_axi|             MM_video_in|       pointer|
|m_axi_MM_video_in_AWQOS     |  out|    4|       m_axi|             MM_video_in|       pointer|
|m_axi_MM_video_in_AWREGION  |  out|    4|       m_axi|             MM_video_in|       pointer|
|m_axi_MM_video_in_AWUSER    |  out|    1|       m_axi|             MM_video_in|       pointer|
|m_axi_MM_video_in_WVALID    |  out|    1|       m_axi|             MM_video_in|       pointer|
|m_axi_MM_video_in_WREADY    |   in|    1|       m_axi|             MM_video_in|       pointer|
|m_axi_MM_video_in_WDATA     |  out|   32|       m_axi|             MM_video_in|       pointer|
|m_axi_MM_video_in_WSTRB     |  out|    4|       m_axi|             MM_video_in|       pointer|
|m_axi_MM_video_in_WLAST     |  out|    1|       m_axi|             MM_video_in|       pointer|
|m_axi_MM_video_in_WID       |  out|    1|       m_axi|             MM_video_in|       pointer|
|m_axi_MM_video_in_WUSER     |  out|    1|       m_axi|             MM_video_in|       pointer|
|m_axi_MM_video_in_ARVALID   |  out|    1|       m_axi|             MM_video_in|       pointer|
|m_axi_MM_video_in_ARREADY   |   in|    1|       m_axi|             MM_video_in|       pointer|
|m_axi_MM_video_in_ARADDR    |  out|   32|       m_axi|             MM_video_in|       pointer|
|m_axi_MM_video_in_ARID      |  out|    1|       m_axi|             MM_video_in|       pointer|
|m_axi_MM_video_in_ARLEN     |  out|   32|       m_axi|             MM_video_in|       pointer|
|m_axi_MM_video_in_ARSIZE    |  out|    3|       m_axi|             MM_video_in|       pointer|
|m_axi_MM_video_in_ARBURST   |  out|    2|       m_axi|             MM_video_in|       pointer|
|m_axi_MM_video_in_ARLOCK    |  out|    2|       m_axi|             MM_video_in|       pointer|
|m_axi_MM_video_in_ARCACHE   |  out|    4|       m_axi|             MM_video_in|       pointer|
|m_axi_MM_video_in_ARPROT    |  out|    3|       m_axi|             MM_video_in|       pointer|
|m_axi_MM_video_in_ARQOS     |  out|    4|       m_axi|             MM_video_in|       pointer|
|m_axi_MM_video_in_ARREGION  |  out|    4|       m_axi|             MM_video_in|       pointer|
|m_axi_MM_video_in_ARUSER    |  out|    1|       m_axi|             MM_video_in|       pointer|
|m_axi_MM_video_in_RVALID    |   in|    1|       m_axi|             MM_video_in|       pointer|
|m_axi_MM_video_in_RREADY    |  out|    1|       m_axi|             MM_video_in|       pointer|
|m_axi_MM_video_in_RDATA     |   in|   32|       m_axi|             MM_video_in|       pointer|
|m_axi_MM_video_in_RLAST     |   in|    1|       m_axi|             MM_video_in|       pointer|
|m_axi_MM_video_in_RID       |   in|    1|       m_axi|             MM_video_in|       pointer|
|m_axi_MM_video_in_RUSER     |   in|    1|       m_axi|             MM_video_in|       pointer|
|m_axi_MM_video_in_RRESP     |   in|    2|       m_axi|             MM_video_in|       pointer|
|m_axi_MM_video_in_BVALID    |   in|    1|       m_axi|             MM_video_in|       pointer|
|m_axi_MM_video_in_BREADY    |  out|    1|       m_axi|             MM_video_in|       pointer|
|m_axi_MM_video_in_BRESP     |   in|    2|       m_axi|             MM_video_in|       pointer|
|m_axi_MM_video_in_BID       |   in|    1|       m_axi|             MM_video_in|       pointer|
|m_axi_MM_video_in_BUSER     |   in|    1|       m_axi|             MM_video_in|       pointer|
|MM_video_in_2               |   in|   32|     ap_none|           MM_video_in_2|        scalar|
|MM_video_in_2_ap_vld        |   in|    1|     ap_none|           MM_video_in_2|        scalar|
|STR_video_out_TDATA         |  out|    8|        axis|  STR_video_out_V_data_V|       pointer|
|STR_video_out_TKEEP         |  out|    1|        axis|  STR_video_out_V_keep_V|       pointer|
|STR_video_out_TSTRB         |  out|    1|        axis|  STR_video_out_V_strb_V|       pointer|
|STR_video_out_TUSER         |  out|    1|        axis|  STR_video_out_V_user_V|       pointer|
|STR_video_out_TLAST         |  out|    1|        axis|  STR_video_out_V_last_V|       pointer|
|STR_video_out_TVALID        |  out|    1|        axis|  STR_video_out_V_last_V|       pointer|
|STR_video_out_TREADY        |   in|    1|        axis|  STR_video_out_V_last_V|       pointer|
|image_w                     |   in|   32|     ap_none|                 image_w|        scalar|
|image_w_ap_vld              |   in|    1|     ap_none|                 image_w|        scalar|
|image_h                     |   in|   32|     ap_none|                 image_h|        scalar|
|ap_clk                      |   in|    1|  ap_ctrl_hs|   DataMover_mm2s_32bits|  return value|
|ap_rst                      |   in|    1|  ap_ctrl_hs|   DataMover_mm2s_32bits|  return value|
|ap_start                    |   in|    1|  ap_ctrl_hs|   DataMover_mm2s_32bits|  return value|
|ap_done                     |  out|    1|  ap_ctrl_hs|   DataMover_mm2s_32bits|  return value|
|ap_ready                    |  out|    1|  ap_ctrl_hs|   DataMover_mm2s_32bits|  return value|
|ap_idle                     |  out|    1|  ap_ctrl_hs|   DataMover_mm2s_32bits|  return value|
|ap_continue                 |   in|    1|  ap_ctrl_hs|   DataMover_mm2s_32bits|  return value|
+----------------------------+-----+-----+------------+------------------------+--------------+

