

================================================================
== Vitis HLS Report for 'CornerResponseUnit'
================================================================
* Date:           Wed Aug 11 14:06:09 2021

* Version:        2020.2 (Build 3064766 on Wed Nov 18 09:12:47 MST 2020)
* Project:        Corner_response
* Solution:       solution1 (Vivado IP Flow Target)
* Product family: zynq
* Target device:  xc7z020-clg400-1


================================================================
== Performance Estimates
================================================================
+ Timing: 
    * Summary: 
    +--------+----------+----------+------------+
    |  Clock |  Target  | Estimated| Uncertainty|
    +--------+----------+----------+------------+
    |ap_clk  |  10.00 ns|  7.297 ns|     2.70 ns|
    +--------+----------+----------+------------+

+ Latency: 
    * Summary: 
    +---------+---------+----------+----------+-----+-----+---------+
    |  Latency (cycles) |  Latency (absolute) |  Interval | Pipeline|
    |   min   |   max   |    min   |    max   | min | max |   Type  |
    +---------+---------+----------+----------+-----+-----+---------+
    |        ?|        ?|         ?|         ?|    ?|    ?|     none|
    +---------+---------+----------+----------+-----+-----+---------+

    + Detail: 
        * Instance: 
        +--------------------------+----------------+---------+---------+----------+----------+-----+-----+---------+
        |                          |                |  Latency (cycles) |  Latency (absolute) |  Interval | Pipeline|
        |         Instance         |     Module     |   min   |   max   |    min   |    max   | min | max |   Type  |
        +--------------------------+----------------+---------+---------+----------+----------+-----+-----+---------+
        |grp_CornerResponse_fu_80  |CornerResponse  |        ?|        ?|         ?|         ?|    ?|    ?|     none|
        +--------------------------+----------------+---------+---------+----------+----------+-----+-----+---------+

        * Loop: 
        N/A



================================================================
== Utilization Estimates
================================================================
* Summary: 
+-----------------+---------+-----+--------+-------+-----+
|       Name      | BRAM_18K| DSP |   FF   |  LUT  | URAM|
+-----------------+---------+-----+--------+-------+-----+
|DSP              |        -|    -|       -|      -|    -|
|Expression       |        -|    -|       0|      2|    -|
|FIFO             |        -|    -|       -|      -|    -|
|Instance         |        -|    5|    1758|   2422|    -|
|Memory           |        -|    -|       -|      -|    -|
|Multiplexer      |        -|    -|       -|     52|    -|
|Register         |        -|    -|       5|      -|    -|
+-----------------+---------+-----+--------+-------+-----+
|Total            |        0|    5|    1763|   2476|    0|
+-----------------+---------+-----+--------+-------+-----+
|Available        |      280|  220|  106400|  53200|    0|
+-----------------+---------+-----+--------+-------+-----+
|Utilization (%)  |        0|    2|       1|      4|    0|
+-----------------+---------+-----+--------+-------+-----+

+ Detail: 
    * Instance: 
    +--------------------------+----------------+---------+----+------+------+-----+
    |         Instance         |     Module     | BRAM_18K| DSP|  FF  |  LUT | URAM|
    +--------------------------+----------------+---------+----+------+------+-----+
    |grp_CornerResponse_fu_80  |CornerResponse  |        0|   5|  1758|  2422|    0|
    +--------------------------+----------------+---------+----+------+------+-----+
    |Total                     |                |        0|   5|  1758|  2422|    0|
    +--------------------------+----------------+---------+----+------+------+-----+

    * DSP: 
    N/A

    * Memory: 
    N/A

    * FIFO: 
    N/A

    * Expression: 
    +--------------------------------------------+----------+----+---+----+------------+------------+
    |                Variable Name               | Operation| DSP| FF| LUT| Bitwidth P0| Bitwidth P1|
    +--------------------------------------------+----------+----+---+----+------------+------------+
    |grp_CornerResponse_fu_80_stream_out_TREADY  |       and|   0|  0|   2|           1|           1|
    +--------------------------------------------+----------+----+---+----+------------+------------+
    |Total                                       |          |   0|  0|   2|           1|           1|
    +--------------------------------------------+----------+----+---+----+------------+------------+

    * Multiplexer: 
    +---------------------------------+----+-----------+-----+-----------+
    |               Name              | LUT| Input Size| Bits| Total Bits|
    +---------------------------------+----+-----------+-----+-----------+
    |ap_NS_fsm                        |  25|          5|    1|          5|
    |stream_in_1_TREADY_int_regslice  |   9|          2|    1|          2|
    |stream_in_2_TREADY_int_regslice  |   9|          2|    1|          2|
    |stream_in_3_TREADY_int_regslice  |   9|          2|    1|          2|
    +---------------------------------+----+-----------+-----+-----------+
    |Total                            |  52|         11|    4|         11|
    +---------------------------------+----+-----------+-----+-----------+

    * Register: 
    +---------------------------------------+---+----+-----+-----------+
    |                  Name                 | FF| LUT| Bits| Const Bits|
    +---------------------------------------+---+----+-----+-----------+
    |ap_CS_fsm                              |  4|   0|    4|          0|
    |grp_CornerResponse_fu_80_ap_start_reg  |  1|   0|    1|          0|
    +---------------------------------------+---+----+-----+-----------+
    |Total                                  |  5|   0|    5|          0|
    +---------------------------------------+---+----+-----+-----------+



================================================================
== Interface
================================================================
* Summary: 
+--------------------+-----+-----+------------+----------------------+--------------+
|      RTL Ports     | Dir | Bits|  Protocol  |     Source Object    |    C Type    |
+--------------------+-----+-----+------------+----------------------+--------------+
|ap_clk              |   in|    1|  ap_ctrl_hs|    CornerResponseUnit|  return value|
|ap_rst_n            |   in|    1|  ap_ctrl_hs|    CornerResponseUnit|  return value|
|ap_start            |   in|    1|  ap_ctrl_hs|    CornerResponseUnit|  return value|
|ap_done             |  out|    1|  ap_ctrl_hs|    CornerResponseUnit|  return value|
|ap_idle             |  out|    1|  ap_ctrl_hs|    CornerResponseUnit|  return value|
|ap_ready            |  out|    1|  ap_ctrl_hs|    CornerResponseUnit|  return value|
|stream_in_1_TDATA   |   in|   16|        axis|  stream_in_1_V_data_V|       pointer|
|stream_in_1_TVALID  |   in|    1|        axis|  stream_in_1_V_last_V|       pointer|
|stream_in_1_TREADY  |  out|    1|        axis|  stream_in_1_V_last_V|       pointer|
|stream_in_1_TLAST   |   in|    1|        axis|  stream_in_1_V_last_V|       pointer|
|stream_in_1_TKEEP   |   in|    2|        axis|  stream_in_1_V_keep_V|       pointer|
|stream_in_1_TSTRB   |   in|    2|        axis|  stream_in_1_V_strb_V|       pointer|
|stream_in_1_TUSER   |   in|    1|        axis|  stream_in_1_V_user_V|       pointer|
|stream_in_2_TDATA   |   in|   16|        axis|  stream_in_2_V_data_V|       pointer|
|stream_in_2_TVALID  |   in|    1|        axis|  stream_in_2_V_last_V|       pointer|
|stream_in_2_TREADY  |  out|    1|        axis|  stream_in_2_V_last_V|       pointer|
|stream_in_2_TLAST   |   in|    1|        axis|  stream_in_2_V_last_V|       pointer|
|stream_in_2_TKEEP   |   in|    2|        axis|  stream_in_2_V_keep_V|       pointer|
|stream_in_2_TSTRB   |   in|    2|        axis|  stream_in_2_V_strb_V|       pointer|
|stream_in_2_TUSER   |   in|    1|        axis|  stream_in_2_V_user_V|       pointer|
|stream_in_3_TDATA   |   in|   16|        axis|  stream_in_3_V_data_V|       pointer|
|stream_in_3_TVALID  |   in|    1|        axis|  stream_in_3_V_last_V|       pointer|
|stream_in_3_TREADY  |  out|    1|        axis|  stream_in_3_V_last_V|       pointer|
|stream_in_3_TLAST   |   in|    1|        axis|  stream_in_3_V_last_V|       pointer|
|stream_in_3_TKEEP   |   in|    2|        axis|  stream_in_3_V_keep_V|       pointer|
|stream_in_3_TSTRB   |   in|    2|        axis|  stream_in_3_V_strb_V|       pointer|
|stream_in_3_TUSER   |   in|    1|        axis|  stream_in_3_V_user_V|       pointer|
|stream_out_TDATA    |  out|   16|        axis|   stream_out_V_data_V|       pointer|
|stream_out_TVALID   |  out|    1|        axis|   stream_out_V_last_V|       pointer|
|stream_out_TREADY   |   in|    1|        axis|   stream_out_V_last_V|       pointer|
|stream_out_TLAST    |  out|    1|        axis|   stream_out_V_last_V|       pointer|
|stream_out_TKEEP    |  out|    2|        axis|   stream_out_V_keep_V|       pointer|
|stream_out_TSTRB    |  out|    2|        axis|   stream_out_V_strb_V|       pointer|
|stream_out_TUSER    |  out|    1|        axis|   stream_out_V_user_V|       pointer|
|image_w             |   in|   32|   ap_stable|               image_w|        scalar|
|image_h             |   in|   32|   ap_stable|               image_h|        scalar|
+--------------------+-----+-----+------------+----------------------+--------------+

============================================================
+ Verbose Summary: Synthesis Manager
============================================================
InlineROM: 1
ExposeGlobal: 0
============================================================
+ Verbose Summary: CDFG Model
============================================================
IsTopModel: 1
ResetActiveHigh: 1
IsCombinational: 2
IsDatapathOnly: 2
HasWiredReturn: 1
HasMFsm: 0
HasVarLatency: 1
IsPipeline: 0
IsRtlPipelined: 0
IsInstanceOverlapped: 0
IsDontTouch: 0
HasImplIP: 0
IsGatedGlobalClock: 0


============================================================
+ Verbose Summary: Schedule
============================================================
* Number of FSM states : 4
* Pipeline : 0
* Dataflow Pipeline: 0

* FSM state transitions: 
1 --> 2 
2 --> 3 
3 --> 4 
4 --> 

* FSM state operations: 

State 1 <SV = 0> <Delay = 0.00>

State 2 <SV = 1> <Delay = 6.91>
ST_2 : Operation 5 [1/1] (0.00ns)   --->   "%image_h_read = read i32 @_ssdm_op_Read.ap_stable.i32, i32 %image_h" [src/corner_response.cpp:25]   --->   Operation 5 'read' 'image_h_read' <Predicate = true> <Delay = 0.00>
ST_2 : Operation 6 [1/1] (0.00ns)   --->   "%image_w_read = read i32 @_ssdm_op_Read.ap_stable.i32, i32 %image_w" [src/corner_response.cpp:25]   --->   Operation 6 'read' 'image_w_read' <Predicate = true> <Delay = 0.00>
ST_2 : Operation 7 [2/2] (6.91ns)   --->   "%call_ln39 = call void @CornerResponse, i16 %stream_in_1_V_data_V, i2 %stream_in_1_V_keep_V, i2 %stream_in_1_V_strb_V, i1 %stream_in_1_V_user_V, i1 %stream_in_1_V_last_V, i16 %stream_in_2_V_data_V, i2 %stream_in_2_V_keep_V, i2 %stream_in_2_V_strb_V, i1 %stream_in_2_V_user_V, i1 %stream_in_2_V_last_V, i16 %stream_in_3_V_data_V, i2 %stream_in_3_V_keep_V, i2 %stream_in_3_V_strb_V, i1 %stream_in_3_V_user_V, i1 %stream_in_3_V_last_V, i16 %stream_out_V_data_V, i2 %stream_out_V_keep_V, i2 %stream_out_V_strb_V, i1 %stream_out_V_user_V, i1 %stream_out_V_last_V, i32 %image_w_read, i32 %image_h_read" [src/corner_response.cpp:39]   --->   Operation 7 'call' 'call_ln39' <Predicate = true> <Delay = 6.91> <CoreType = "Generic">   --->   Core 0 '' <Latency = 0> <II = 1> <Delay = 1.00> <Generic> <Opcode : >

State 3 <SV = 2> <Delay = 5.72>
ST_3 : Operation 8 [1/2] (5.72ns)   --->   "%call_ln39 = call void @CornerResponse, i16 %stream_in_1_V_data_V, i2 %stream_in_1_V_keep_V, i2 %stream_in_1_V_strb_V, i1 %stream_in_1_V_user_V, i1 %stream_in_1_V_last_V, i16 %stream_in_2_V_data_V, i2 %stream_in_2_V_keep_V, i2 %stream_in_2_V_strb_V, i1 %stream_in_2_V_user_V, i1 %stream_in_2_V_last_V, i16 %stream_in_3_V_data_V, i2 %stream_in_3_V_keep_V, i2 %stream_in_3_V_strb_V, i1 %stream_in_3_V_user_V, i1 %stream_in_3_V_last_V, i16 %stream_out_V_data_V, i2 %stream_out_V_keep_V, i2 %stream_out_V_strb_V, i1 %stream_out_V_user_V, i1 %stream_out_V_last_V, i32 %image_w_read, i32 %image_h_read" [src/corner_response.cpp:39]   --->   Operation 8 'call' 'call_ln39' <Predicate = true> <Delay = 5.72> <CoreType = "Generic">   --->   Core 0 '' <Latency = 0> <II = 1> <Delay = 1.00> <Generic> <Opcode : >

State 4 <SV = 3> <Delay = 0.00>
ST_4 : Operation 9 [1/1] (0.00ns)   --->   "%spectopmodule_ln0 = spectopmodule void @_ssdm_op_SpecTopModule, void @empty_3"   --->   Operation 9 'spectopmodule' 'spectopmodule_ln0' <Predicate = true> <Delay = 0.00>
ST_4 : Operation 10 [1/1] (0.00ns)   --->   "%specinterface_ln0 = specinterface void @_ssdm_op_SpecInterface, i16 %stream_in_1_V_data_V, i2 %stream_in_1_V_keep_V, i2 %stream_in_1_V_strb_V, i1 %stream_in_1_V_user_V, i1 %stream_in_1_V_last_V, void @empty, i32 1, i32 1, void @empty_0, i32 0, i32 0, void @empty_1, void @empty_1, void @empty_1, i32 0, i32 0, i32 0, i32 0, void @empty_1, void @empty_1"   --->   Operation 10 'specinterface' 'specinterface_ln0' <Predicate = true> <Delay = 0.00>
ST_4 : Operation 11 [1/1] (0.00ns)   --->   "%specbitsmap_ln0 = specbitsmap void @_ssdm_op_SpecBitsMap, i16 %stream_in_1_V_data_V"   --->   Operation 11 'specbitsmap' 'specbitsmap_ln0' <Predicate = true> <Delay = 0.00>
ST_4 : Operation 12 [1/1] (0.00ns)   --->   "%specbitsmap_ln0 = specbitsmap void @_ssdm_op_SpecBitsMap, i2 %stream_in_1_V_keep_V"   --->   Operation 12 'specbitsmap' 'specbitsmap_ln0' <Predicate = true> <Delay = 0.00>
ST_4 : Operation 13 [1/1] (0.00ns)   --->   "%specbitsmap_ln0 = specbitsmap void @_ssdm_op_SpecBitsMap, i2 %stream_in_1_V_strb_V"   --->   Operation 13 'specbitsmap' 'specbitsmap_ln0' <Predicate = true> <Delay = 0.00>
ST_4 : Operation 14 [1/1] (0.00ns)   --->   "%specbitsmap_ln0 = specbitsmap void @_ssdm_op_SpecBitsMap, i1 %stream_in_1_V_user_V"   --->   Operation 14 'specbitsmap' 'specbitsmap_ln0' <Predicate = true> <Delay = 0.00>
ST_4 : Operation 15 [1/1] (0.00ns)   --->   "%specbitsmap_ln0 = specbitsmap void @_ssdm_op_SpecBitsMap, i1 %stream_in_1_V_last_V"   --->   Operation 15 'specbitsmap' 'specbitsmap_ln0' <Predicate = true> <Delay = 0.00>
ST_4 : Operation 16 [1/1] (0.00ns)   --->   "%specinterface_ln0 = specinterface void @_ssdm_op_SpecInterface, i16 %stream_in_2_V_data_V, i2 %stream_in_2_V_keep_V, i2 %stream_in_2_V_strb_V, i1 %stream_in_2_V_user_V, i1 %stream_in_2_V_last_V, void @empty, i32 1, i32 1, void @empty_0, i32 0, i32 0, void @empty_1, void @empty_1, void @empty_1, i32 0, i32 0, i32 0, i32 0, void @empty_1, void @empty_1"   --->   Operation 16 'specinterface' 'specinterface_ln0' <Predicate = true> <Delay = 0.00>
ST_4 : Operation 17 [1/1] (0.00ns)   --->   "%specbitsmap_ln0 = specbitsmap void @_ssdm_op_SpecBitsMap, i16 %stream_in_2_V_data_V"   --->   Operation 17 'specbitsmap' 'specbitsmap_ln0' <Predicate = true> <Delay = 0.00>
ST_4 : Operation 18 [1/1] (0.00ns)   --->   "%specbitsmap_ln0 = specbitsmap void @_ssdm_op_SpecBitsMap, i2 %stream_in_2_V_keep_V"   --->   Operation 18 'specbitsmap' 'specbitsmap_ln0' <Predicate = true> <Delay = 0.00>
ST_4 : Operation 19 [1/1] (0.00ns)   --->   "%specbitsmap_ln0 = specbitsmap void @_ssdm_op_SpecBitsMap, i2 %stream_in_2_V_strb_V"   --->   Operation 19 'specbitsmap' 'specbitsmap_ln0' <Predicate = true> <Delay = 0.00>
ST_4 : Operation 20 [1/1] (0.00ns)   --->   "%specbitsmap_ln0 = specbitsmap void @_ssdm_op_SpecBitsMap, i1 %stream_in_2_V_user_V"   --->   Operation 20 'specbitsmap' 'specbitsmap_ln0' <Predicate = true> <Delay = 0.00>
ST_4 : Operation 21 [1/1] (0.00ns)   --->   "%specbitsmap_ln0 = specbitsmap void @_ssdm_op_SpecBitsMap, i1 %stream_in_2_V_last_V"   --->   Operation 21 'specbitsmap' 'specbitsmap_ln0' <Predicate = true> <Delay = 0.00>
ST_4 : Operation 22 [1/1] (0.00ns)   --->   "%specinterface_ln0 = specinterface void @_ssdm_op_SpecInterface, i16 %stream_in_3_V_data_V, i2 %stream_in_3_V_keep_V, i2 %stream_in_3_V_strb_V, i1 %stream_in_3_V_user_V, i1 %stream_in_3_V_last_V, void @empty, i32 1, i32 1, void @empty_0, i32 0, i32 0, void @empty_1, void @empty_1, void @empty_1, i32 0, i32 0, i32 0, i32 0, void @empty_1, void @empty_1"   --->   Operation 22 'specinterface' 'specinterface_ln0' <Predicate = true> <Delay = 0.00>
ST_4 : Operation 23 [1/1] (0.00ns)   --->   "%specbitsmap_ln0 = specbitsmap void @_ssdm_op_SpecBitsMap, i16 %stream_in_3_V_data_V"   --->   Operation 23 'specbitsmap' 'specbitsmap_ln0' <Predicate = true> <Delay = 0.00>
ST_4 : Operation 24 [1/1] (0.00ns)   --->   "%specbitsmap_ln0 = specbitsmap void @_ssdm_op_SpecBitsMap, i2 %stream_in_3_V_keep_V"   --->   Operation 24 'specbitsmap' 'specbitsmap_ln0' <Predicate = true> <Delay = 0.00>
ST_4 : Operation 25 [1/1] (0.00ns)   --->   "%specbitsmap_ln0 = specbitsmap void @_ssdm_op_SpecBitsMap, i2 %stream_in_3_V_strb_V"   --->   Operation 25 'specbitsmap' 'specbitsmap_ln0' <Predicate = true> <Delay = 0.00>
ST_4 : Operation 26 [1/1] (0.00ns)   --->   "%specbitsmap_ln0 = specbitsmap void @_ssdm_op_SpecBitsMap, i1 %stream_in_3_V_user_V"   --->   Operation 26 'specbitsmap' 'specbitsmap_ln0' <Predicate = true> <Delay = 0.00>
ST_4 : Operation 27 [1/1] (0.00ns)   --->   "%specbitsmap_ln0 = specbitsmap void @_ssdm_op_SpecBitsMap, i1 %stream_in_3_V_last_V"   --->   Operation 27 'specbitsmap' 'specbitsmap_ln0' <Predicate = true> <Delay = 0.00>
ST_4 : Operation 28 [1/1] (0.00ns)   --->   "%specinterface_ln0 = specinterface void @_ssdm_op_SpecInterface, i16 %stream_out_V_data_V, i2 %stream_out_V_keep_V, i2 %stream_out_V_strb_V, i1 %stream_out_V_user_V, i1 %stream_out_V_last_V, void @empty, i32 1, i32 1, void @empty_0, i32 0, i32 0, void @empty_1, void @empty_1, void @empty_1, i32 0, i32 0, i32 0, i32 0, void @empty_1, void @empty_1"   --->   Operation 28 'specinterface' 'specinterface_ln0' <Predicate = true> <Delay = 0.00>
ST_4 : Operation 29 [1/1] (0.00ns)   --->   "%specbitsmap_ln0 = specbitsmap void @_ssdm_op_SpecBitsMap, i16 %stream_out_V_data_V"   --->   Operation 29 'specbitsmap' 'specbitsmap_ln0' <Predicate = true> <Delay = 0.00>
ST_4 : Operation 30 [1/1] (0.00ns)   --->   "%specbitsmap_ln0 = specbitsmap void @_ssdm_op_SpecBitsMap, i2 %stream_out_V_keep_V"   --->   Operation 30 'specbitsmap' 'specbitsmap_ln0' <Predicate = true> <Delay = 0.00>
ST_4 : Operation 31 [1/1] (0.00ns)   --->   "%specbitsmap_ln0 = specbitsmap void @_ssdm_op_SpecBitsMap, i2 %stream_out_V_strb_V"   --->   Operation 31 'specbitsmap' 'specbitsmap_ln0' <Predicate = true> <Delay = 0.00>
ST_4 : Operation 32 [1/1] (0.00ns)   --->   "%specbitsmap_ln0 = specbitsmap void @_ssdm_op_SpecBitsMap, i1 %stream_out_V_user_V"   --->   Operation 32 'specbitsmap' 'specbitsmap_ln0' <Predicate = true> <Delay = 0.00>
ST_4 : Operation 33 [1/1] (0.00ns)   --->   "%specbitsmap_ln0 = specbitsmap void @_ssdm_op_SpecBitsMap, i1 %stream_out_V_last_V"   --->   Operation 33 'specbitsmap' 'specbitsmap_ln0' <Predicate = true> <Delay = 0.00>
ST_4 : Operation 34 [1/1] (0.00ns)   --->   "%specbitsmap_ln0 = specbitsmap void @_ssdm_op_SpecBitsMap, i32 %image_w"   --->   Operation 34 'specbitsmap' 'specbitsmap_ln0' <Predicate = true> <Delay = 0.00>
ST_4 : Operation 35 [1/1] (0.00ns)   --->   "%specinterface_ln0 = specinterface void @_ssdm_op_SpecInterface, i32 %image_w, void @empty_2, i32 0, i32 0, void @empty_1, i32 0, i32 0, void @empty_1, void @empty_1, void @empty_1, i32 0, i32 0, i32 0, i32 0, void @empty_1, void @empty_1"   --->   Operation 35 'specinterface' 'specinterface_ln0' <Predicate = true> <Delay = 0.00>
ST_4 : Operation 36 [1/1] (0.00ns)   --->   "%specbitsmap_ln0 = specbitsmap void @_ssdm_op_SpecBitsMap, i32 %image_h"   --->   Operation 36 'specbitsmap' 'specbitsmap_ln0' <Predicate = true> <Delay = 0.00>
ST_4 : Operation 37 [1/1] (0.00ns)   --->   "%specinterface_ln0 = specinterface void @_ssdm_op_SpecInterface, i32 %image_h, void @empty_2, i32 0, i32 0, void @empty_1, i32 0, i32 0, void @empty_1, void @empty_1, void @empty_1, i32 0, i32 0, i32 0, i32 0, void @empty_1, void @empty_1"   --->   Operation 37 'specinterface' 'specinterface_ln0' <Predicate = true> <Delay = 0.00>
ST_4 : Operation 38 [1/1] (0.00ns)   --->   "%ret_ln40 = ret" [src/corner_response.cpp:40]   --->   Operation 38 'ret' 'ret_ln40' <Predicate = true> <Delay = 0.00>


============================================================
+ Verbose Summary: Binding
============================================================
STG Binding: 
---------------- STG Properties BEGIN ----------------
- Is combinational: 0
- Is one-state seq: 0
- Is datapath-only: 0
- Is pipelined: 0
- Is top level: 1
Port [ Return ] is wired: 1; IO mode=ap_ctrl_hs:ce=0
Port [ stream_in_1_V_data_V]:  wired=1; compound=1; hidden=0; nouse=0; global=0; static=0; extern=0; dir=0; type=0; pingpong=0; private_global=0; IO mode=axis:ce=0
Port [ stream_in_1_V_keep_V]:  wired=1; compound=1; hidden=0; nouse=0; global=0; static=0; extern=0; dir=0; type=0; pingpong=0; private_global=0; IO mode=axis:ce=0
Port [ stream_in_1_V_strb_V]:  wired=1; compound=1; hidden=0; nouse=0; global=0; static=0; extern=0; dir=0; type=0; pingpong=0; private_global=0; IO mode=axis:ce=0
Port [ stream_in_1_V_user_V]:  wired=1; compound=1; hidden=0; nouse=0; global=0; static=0; extern=0; dir=0; type=0; pingpong=0; private_global=0; IO mode=axis:ce=0
Port [ stream_in_1_V_last_V]:  wired=1; compound=1; hidden=0; nouse=0; global=0; static=0; extern=0; dir=0; type=0; pingpong=0; private_global=0; IO mode=axis:ce=0
Port [ stream_in_2_V_data_V]:  wired=1; compound=1; hidden=0; nouse=0; global=0; static=0; extern=0; dir=0; type=0; pingpong=0; private_global=0; IO mode=axis:ce=0
Port [ stream_in_2_V_keep_V]:  wired=1; compound=1; hidden=0; nouse=0; global=0; static=0; extern=0; dir=0; type=0; pingpong=0; private_global=0; IO mode=axis:ce=0
Port [ stream_in_2_V_strb_V]:  wired=1; compound=1; hidden=0; nouse=0; global=0; static=0; extern=0; dir=0; type=0; pingpong=0; private_global=0; IO mode=axis:ce=0
Port [ stream_in_2_V_user_V]:  wired=1; compound=1; hidden=0; nouse=0; global=0; static=0; extern=0; dir=0; type=0; pingpong=0; private_global=0; IO mode=axis:ce=0
Port [ stream_in_2_V_last_V]:  wired=1; compound=1; hidden=0; nouse=0; global=0; static=0; extern=0; dir=0; type=0; pingpong=0; private_global=0; IO mode=axis:ce=0
Port [ stream_in_3_V_data_V]:  wired=1; compound=1; hidden=0; nouse=0; global=0; static=0; extern=0; dir=0; type=0; pingpong=0; private_global=0; IO mode=axis:ce=0
Port [ stream_in_3_V_keep_V]:  wired=1; compound=1; hidden=0; nouse=0; global=0; static=0; extern=0; dir=0; type=0; pingpong=0; private_global=0; IO mode=axis:ce=0
Port [ stream_in_3_V_strb_V]:  wired=1; compound=1; hidden=0; nouse=0; global=0; static=0; extern=0; dir=0; type=0; pingpong=0; private_global=0; IO mode=axis:ce=0
Port [ stream_in_3_V_user_V]:  wired=1; compound=1; hidden=0; nouse=0; global=0; static=0; extern=0; dir=0; type=0; pingpong=0; private_global=0; IO mode=axis:ce=0
Port [ stream_in_3_V_last_V]:  wired=1; compound=1; hidden=0; nouse=0; global=0; static=0; extern=0; dir=0; type=0; pingpong=0; private_global=0; IO mode=axis:ce=0
Port [ stream_out_V_data_V]:  wired=1; compound=1; hidden=0; nouse=0; global=0; static=0; extern=0; dir=1; type=0; pingpong=0; private_global=0; IO mode=axis:ce=0
Port [ stream_out_V_keep_V]:  wired=1; compound=1; hidden=0; nouse=0; global=0; static=0; extern=0; dir=1; type=0; pingpong=0; private_global=0; IO mode=axis:ce=0
Port [ stream_out_V_strb_V]:  wired=1; compound=1; hidden=0; nouse=0; global=0; static=0; extern=0; dir=1; type=0; pingpong=0; private_global=0; IO mode=axis:ce=0
Port [ stream_out_V_user_V]:  wired=1; compound=1; hidden=0; nouse=0; global=0; static=0; extern=0; dir=1; type=0; pingpong=0; private_global=0; IO mode=axis:ce=0
Port [ stream_out_V_last_V]:  wired=1; compound=1; hidden=0; nouse=0; global=0; static=0; extern=0; dir=1; type=0; pingpong=0; private_global=0; IO mode=axis:ce=0
Port [ image_w]:  wired=1; compound=0; hidden=0; nouse=0; global=0; static=0; extern=0; dir=0; type=0; pingpong=0; private_global=0; IO mode=ap_stable:ce=0
Port [ image_h]:  wired=1; compound=0; hidden=0; nouse=0; global=0; static=0; extern=0; dir=0; type=0; pingpong=0; private_global=0; IO mode=ap_stable:ce=0
---------------- STG Properties END ------------------

---------------- Datapath Model BEGIN ----------------

<LifeTime>
<method=bitvector/>
image_h_read      (read         ) [ 00010]
image_w_read      (read         ) [ 00010]
call_ln39         (call         ) [ 00000]
spectopmodule_ln0 (spectopmodule) [ 00000]
specinterface_ln0 (specinterface) [ 00000]
specbitsmap_ln0   (specbitsmap  ) [ 00000]
specbitsmap_ln0   (specbitsmap  ) [ 00000]
specbitsmap_ln0   (specbitsmap  ) [ 00000]
specbitsmap_ln0   (specbitsmap  ) [ 00000]
specbitsmap_ln0   (specbitsmap  ) [ 00000]
specinterface_ln0 (specinterface) [ 00000]
specbitsmap_ln0   (specbitsmap  ) [ 00000]
specbitsmap_ln0   (specbitsmap  ) [ 00000]
specbitsmap_ln0   (specbitsmap  ) [ 00000]
specbitsmap_ln0   (specbitsmap  ) [ 00000]
specbitsmap_ln0   (specbitsmap  ) [ 00000]
specinterface_ln0 (specinterface) [ 00000]
specbitsmap_ln0   (specbitsmap  ) [ 00000]
specbitsmap_ln0   (specbitsmap  ) [ 00000]
specbitsmap_ln0   (specbitsmap  ) [ 00000]
specbitsmap_ln0   (specbitsmap  ) [ 00000]
specbitsmap_ln0   (specbitsmap  ) [ 00000]
specinterface_ln0 (specinterface) [ 00000]
specbitsmap_ln0   (specbitsmap  ) [ 00000]
specbitsmap_ln0   (specbitsmap  ) [ 00000]
specbitsmap_ln0   (specbitsmap  ) [ 00000]
specbitsmap_ln0   (specbitsmap  ) [ 00000]
specbitsmap_ln0   (specbitsmap  ) [ 00000]
specbitsmap_ln0   (specbitsmap  ) [ 00000]
specinterface_ln0 (specinterface) [ 00000]
specbitsmap_ln0   (specbitsmap  ) [ 00000]
specinterface_ln0 (specinterface) [ 00000]
ret_ln40          (ret          ) [ 00000]
</LifeTime>

<model>

<comp_list>
<comp id="0" class="1000" name="stream_in_1_V_data_V">
<pin_list>
<pin id="1" dir="1" index="0" bw="1" slack="0"/>
</pin_list>
<bind>
<StgValue><ssdm name="stream_in_1_V_data_V"/></StgValue>
</bind>
</comp>

<comp id="2" class="1000" name="stream_in_1_V_keep_V">
<pin_list>
<pin id="3" dir="1" index="0" bw="1" slack="0"/>
</pin_list>
<bind>
<StgValue><ssdm name="stream_in_1_V_keep_V"/></StgValue>
</bind>
</comp>

<comp id="4" class="1000" name="stream_in_1_V_strb_V">
<pin_list>
<pin id="5" dir="1" index="0" bw="1" slack="0"/>
</pin_list>
<bind>
<StgValue><ssdm name="stream_in_1_V_strb_V"/></StgValue>
</bind>
</comp>

<comp id="6" class="1000" name="stream_in_1_V_user_V">
<pin_list>
<pin id="7" dir="1" index="0" bw="1" slack="0"/>
</pin_list>
<bind>
<StgValue><ssdm name="stream_in_1_V_user_V"/></StgValue>
</bind>
</comp>

<comp id="8" class="1000" name="stream_in_1_V_last_V">
<pin_list>
<pin id="9" dir="1" index="0" bw="1" slack="0"/>
</pin_list>
<bind>
<StgValue><ssdm name="stream_in_1_V_last_V"/></StgValue>
</bind>
</comp>

<comp id="10" class="1000" name="stream_in_2_V_data_V">
<pin_list>
<pin id="11" dir="1" index="0" bw="1" slack="0"/>
</pin_list>
<bind>
<StgValue><ssdm name="stream_in_2_V_data_V"/></StgValue>
</bind>
</comp>

<comp id="12" class="1000" name="stream_in_2_V_keep_V">
<pin_list>
<pin id="13" dir="1" index="0" bw="1" slack="0"/>
</pin_list>
<bind>
<StgValue><ssdm name="stream_in_2_V_keep_V"/></StgValue>
</bind>
</comp>

<comp id="14" class="1000" name="stream_in_2_V_strb_V">
<pin_list>
<pin id="15" dir="1" index="0" bw="1" slack="0"/>
</pin_list>
<bind>
<StgValue><ssdm name="stream_in_2_V_strb_V"/></StgValue>
</bind>
</comp>

<comp id="16" class="1000" name="stream_in_2_V_user_V">
<pin_list>
<pin id="17" dir="1" index="0" bw="1" slack="0"/>
</pin_list>
<bind>
<StgValue><ssdm name="stream_in_2_V_user_V"/></StgValue>
</bind>
</comp>

<comp id="18" class="1000" name="stream_in_2_V_last_V">
<pin_list>
<pin id="19" dir="1" index="0" bw="1" slack="0"/>
</pin_list>
<bind>
<StgValue><ssdm name="stream_in_2_V_last_V"/></StgValue>
</bind>
</comp>

<comp id="20" class="1000" name="stream_in_3_V_data_V">
<pin_list>
<pin id="21" dir="1" index="0" bw="1" slack="0"/>
</pin_list>
<bind>
<StgValue><ssdm name="stream_in_3_V_data_V"/></StgValue>
</bind>
</comp>

<comp id="22" class="1000" name="stream_in_3_V_keep_V">
<pin_list>
<pin id="23" dir="1" index="0" bw="1" slack="0"/>
</pin_list>
<bind>
<StgValue><ssdm name="stream_in_3_V_keep_V"/></StgValue>
</bind>
</comp>

<comp id="24" class="1000" name="stream_in_3_V_strb_V">
<pin_list>
<pin id="25" dir="1" index="0" bw="1" slack="0"/>
</pin_list>
<bind>
<StgValue><ssdm name="stream_in_3_V_strb_V"/></StgValue>
</bind>
</comp>

<comp id="26" class="1000" name="stream_in_3_V_user_V">
<pin_list>
<pin id="27" dir="1" index="0" bw="1" slack="0"/>
</pin_list>
<bind>
<StgValue><ssdm name="stream_in_3_V_user_V"/></StgValue>
</bind>
</comp>

<comp id="28" class="1000" name="stream_in_3_V_last_V">
<pin_list>
<pin id="29" dir="1" index="0" bw="1" slack="0"/>
</pin_list>
<bind>
<StgValue><ssdm name="stream_in_3_V_last_V"/></StgValue>
</bind>
</comp>

<comp id="30" class="1000" name="stream_out_V_data_V">
<pin_list>
<pin id="31" dir="1" index="0" bw="1" slack="0"/>
</pin_list>
<bind>
<StgValue><ssdm name="stream_out_V_data_V"/></StgValue>
</bind>
</comp>

<comp id="32" class="1000" name="stream_out_V_keep_V">
<pin_list>
<pin id="33" dir="1" index="0" bw="1" slack="0"/>
</pin_list>
<bind>
<StgValue><ssdm name="stream_out_V_keep_V"/></StgValue>
</bind>
</comp>

<comp id="34" class="1000" name="stream_out_V_strb_V">
<pin_list>
<pin id="35" dir="1" index="0" bw="1" slack="0"/>
</pin_list>
<bind>
<StgValue><ssdm name="stream_out_V_strb_V"/></StgValue>
</bind>
</comp>

<comp id="36" class="1000" name="stream_out_V_user_V">
<pin_list>
<pin id="37" dir="1" index="0" bw="1" slack="0"/>
</pin_list>
<bind>
<StgValue><ssdm name="stream_out_V_user_V"/></StgValue>
</bind>
</comp>

<comp id="38" class="1000" name="stream_out_V_last_V">
<pin_list>
<pin id="39" dir="1" index="0" bw="1" slack="0"/>
</pin_list>
<bind>
<StgValue><ssdm name="stream_out_V_last_V"/></StgValue>
</bind>
</comp>

<comp id="40" class="1000" name="image_w">
<pin_list>
<pin id="41" dir="1" index="0" bw="1" slack="0"/>
</pin_list>
<bind>
<StgValue><ssdm name="image_w"/></StgValue>
</bind>
</comp>

<comp id="42" class="1000" name="image_h">
<pin_list>
<pin id="43" dir="1" index="0" bw="1" slack="0"/>
</pin_list>
<bind>
<StgValue><ssdm name="image_h"/></StgValue>
</bind>
</comp>

<comp id="44" class="1001" name="const_44">
<pin_list>
<pin id="45" dir="1" index="0" bw="1" slack="0"/>
</pin_list>
<bind>
<StgValue><ssdm name="_ssdm_op_Read.ap_stable.i32"/></StgValue>
</bind>
</comp>

<comp id="46" class="1001" name="const_46">
<pin_list>
<pin id="47" dir="1" index="0" bw="1" slack="0"/>
</pin_list>
<bind>
<StgValue><ssdm name="CornerResponse"/></StgValue>
</bind>
</comp>

<comp id="48" class="1001" name="const_48">
<pin_list>
<pin id="49" dir="1" index="0" bw="1" slack="2147483647"/>
</pin_list>
<bind>
<StgValue><ssdm name="_ssdm_op_SpecTopModule"/></StgValue>
</bind>
</comp>

<comp id="50" class="1001" name="const_50">
<pin_list>
<pin id="51" dir="1" index="0" bw="1" slack="2147483647"/>
</pin_list>
<bind>
<StgValue><ssdm name="empty_3"/></StgValue>
</bind>
</comp>

<comp id="52" class="1001" name="const_52">
<pin_list>
<pin id="53" dir="1" index="0" bw="1" slack="2147483647"/>
</pin_list>
<bind>
<StgValue><ssdm name="_ssdm_op_SpecInterface"/></StgValue>
</bind>
</comp>

<comp id="54" class="1001" name="const_54">
<pin_list>
<pin id="55" dir="1" index="0" bw="1" slack="2147483647"/>
</pin_list>
<bind>
<StgValue><ssdm name="empty"/></StgValue>
</bind>
</comp>

<comp id="56" class="1001" name="const_56">
<pin_list>
<pin id="57" dir="1" index="0" bw="1" slack="2147483647"/>
</pin_list>
<bind>
<StgValue><ssdm name=""/></StgValue>
</bind>
</comp>

<comp id="58" class="1001" name="const_58">
<pin_list>
<pin id="59" dir="1" index="0" bw="1" slack="2147483647"/>
</pin_list>
<bind>
<StgValue><ssdm name="empty_0"/></StgValue>
</bind>
</comp>

<comp id="60" class="1001" name="const_60">
<pin_list>
<pin id="61" dir="1" index="0" bw="1" slack="2147483647"/>
</pin_list>
<bind>
<StgValue><ssdm name=""/></StgValue>
</bind>
</comp>

<comp id="62" class="1001" name="const_62">
<pin_list>
<pin id="63" dir="1" index="0" bw="1" slack="2147483647"/>
</pin_list>
<bind>
<StgValue><ssdm name="empty_1"/></StgValue>
</bind>
</comp>

<comp id="64" class="1001" name="const_64">
<pin_list>
<pin id="65" dir="1" index="0" bw="1" slack="2147483647"/>
</pin_list>
<bind>
<StgValue><ssdm name="_ssdm_op_SpecBitsMap"/></StgValue>
</bind>
</comp>

<comp id="66" class="1001" name="const_66">
<pin_list>
<pin id="67" dir="1" index="0" bw="1" slack="2147483647"/>
</pin_list>
<bind>
<StgValue><ssdm name="empty_2"/></StgValue>
</bind>
</comp>

<comp id="68" class="1004" name="image_h_read_read_fu_68">
<pin_list>
<pin id="69" dir="0" index="0" bw="32" slack="0"/>
<pin id="70" dir="0" index="1" bw="32" slack="0"/>
<pin id="71" dir="1" index="2" bw="32" slack="0"/>
</pin_list>
<bind>
<opcode="read(1150) " fcode="read"/>
<opset="image_h_read/2 "/>
</bind>
</comp>

<comp id="74" class="1004" name="image_w_read_read_fu_74">
<pin_list>
<pin id="75" dir="0" index="0" bw="32" slack="0"/>
<pin id="76" dir="0" index="1" bw="32" slack="0"/>
<pin id="77" dir="1" index="2" bw="32" slack="0"/>
</pin_list>
<bind>
<opcode="read(1150) " fcode="read"/>
<opset="image_w_read/2 "/>
</bind>
</comp>

<comp id="80" class="1004" name="grp_CornerResponse_fu_80">
<pin_list>
<pin id="81" dir="0" index="0" bw="0" slack="0"/>
<pin id="82" dir="0" index="1" bw="16" slack="0"/>
<pin id="83" dir="0" index="2" bw="2" slack="0"/>
<pin id="84" dir="0" index="3" bw="2" slack="0"/>
<pin id="85" dir="0" index="4" bw="1" slack="0"/>
<pin id="86" dir="0" index="5" bw="1" slack="0"/>
<pin id="87" dir="0" index="6" bw="16" slack="0"/>
<pin id="88" dir="0" index="7" bw="2" slack="0"/>
<pin id="89" dir="0" index="8" bw="2" slack="0"/>
<pin id="90" dir="0" index="9" bw="1" slack="0"/>
<pin id="91" dir="0" index="10" bw="1" slack="0"/>
<pin id="92" dir="0" index="11" bw="16" slack="0"/>
<pin id="93" dir="0" index="12" bw="2" slack="0"/>
<pin id="94" dir="0" index="13" bw="2" slack="0"/>
<pin id="95" dir="0" index="14" bw="1" slack="0"/>
<pin id="96" dir="0" index="15" bw="1" slack="0"/>
<pin id="97" dir="0" index="16" bw="16" slack="0"/>
<pin id="98" dir="0" index="17" bw="2" slack="0"/>
<pin id="99" dir="0" index="18" bw="2" slack="0"/>
<pin id="100" dir="0" index="19" bw="1" slack="0"/>
<pin id="101" dir="0" index="20" bw="1" slack="0"/>
<pin id="102" dir="0" index="21" bw="32" slack="0"/>
<pin id="103" dir="0" index="22" bw="32" slack="0"/>
<pin id="104" dir="1" index="23" bw="0" slack="2147483647"/>
</pin_list>
<bind>
<opcode="call(48) " fcode="call"/>
<opset="call_ln39/2 "/>
</bind>
</comp>

<comp id="128" class="1005" name="image_h_read_reg_128">
<pin_list>
<pin id="129" dir="0" index="0" bw="32" slack="1"/>
<pin id="130" dir="1" index="1" bw="32" slack="1"/>
</pin_list>
<bind>
<opset="image_h_read "/>
</bind>
</comp>

<comp id="133" class="1005" name="image_w_read_reg_133">
<pin_list>
<pin id="134" dir="0" index="0" bw="32" slack="1"/>
<pin id="135" dir="1" index="1" bw="32" slack="1"/>
</pin_list>
<bind>
<opset="image_w_read "/>
</bind>
</comp>

</comp_list>

<net_list>
<net id="72"><net_src comp="44" pin="0"/><net_sink comp="68" pin=0"/></net>

<net id="73"><net_src comp="42" pin="0"/><net_sink comp="68" pin=1"/></net>

<net id="78"><net_src comp="44" pin="0"/><net_sink comp="74" pin=0"/></net>

<net id="79"><net_src comp="40" pin="0"/><net_sink comp="74" pin=1"/></net>

<net id="105"><net_src comp="46" pin="0"/><net_sink comp="80" pin=0"/></net>

<net id="106"><net_src comp="0" pin="0"/><net_sink comp="80" pin=1"/></net>

<net id="107"><net_src comp="2" pin="0"/><net_sink comp="80" pin=2"/></net>

<net id="108"><net_src comp="4" pin="0"/><net_sink comp="80" pin=3"/></net>

<net id="109"><net_src comp="6" pin="0"/><net_sink comp="80" pin=4"/></net>

<net id="110"><net_src comp="8" pin="0"/><net_sink comp="80" pin=5"/></net>

<net id="111"><net_src comp="10" pin="0"/><net_sink comp="80" pin=6"/></net>

<net id="112"><net_src comp="12" pin="0"/><net_sink comp="80" pin=7"/></net>

<net id="113"><net_src comp="14" pin="0"/><net_sink comp="80" pin=8"/></net>

<net id="114"><net_src comp="16" pin="0"/><net_sink comp="80" pin=9"/></net>

<net id="115"><net_src comp="18" pin="0"/><net_sink comp="80" pin=10"/></net>

<net id="116"><net_src comp="20" pin="0"/><net_sink comp="80" pin=11"/></net>

<net id="117"><net_src comp="22" pin="0"/><net_sink comp="80" pin=12"/></net>

<net id="118"><net_src comp="24" pin="0"/><net_sink comp="80" pin=13"/></net>

<net id="119"><net_src comp="26" pin="0"/><net_sink comp="80" pin=14"/></net>

<net id="120"><net_src comp="28" pin="0"/><net_sink comp="80" pin=15"/></net>

<net id="121"><net_src comp="30" pin="0"/><net_sink comp="80" pin=16"/></net>

<net id="122"><net_src comp="32" pin="0"/><net_sink comp="80" pin=17"/></net>

<net id="123"><net_src comp="34" pin="0"/><net_sink comp="80" pin=18"/></net>

<net id="124"><net_src comp="36" pin="0"/><net_sink comp="80" pin=19"/></net>

<net id="125"><net_src comp="38" pin="0"/><net_sink comp="80" pin=20"/></net>

<net id="126"><net_src comp="74" pin="2"/><net_sink comp="80" pin=21"/></net>

<net id="127"><net_src comp="68" pin="2"/><net_sink comp="80" pin=22"/></net>

<net id="131"><net_src comp="68" pin="2"/><net_sink comp="128" pin=0"/></net>

<net id="132"><net_src comp="128" pin="1"/><net_sink comp="80" pin=22"/></net>

<net id="136"><net_src comp="74" pin="2"/><net_sink comp="133" pin=0"/></net>

<net id="137"><net_src comp="133" pin="1"/><net_sink comp="80" pin=21"/></net>

</net_list>

</model> 
---------------- Datapath Model END ------------------

* FSMD analyzer results:
  - Output states:
	Port: stream_out_V_data_V | {2 3 }
	Port: stream_out_V_keep_V | {2 3 }
	Port: stream_out_V_strb_V | {2 3 }
	Port: stream_out_V_user_V | {2 3 }
	Port: stream_out_V_last_V | {2 3 }
 - Input state : 
	Port: CornerResponseUnit : stream_in_1_V_data_V | {2 3 }
	Port: CornerResponseUnit : stream_in_1_V_keep_V | {2 3 }
	Port: CornerResponseUnit : stream_in_1_V_strb_V | {2 3 }
	Port: CornerResponseUnit : stream_in_1_V_user_V | {2 3 }
	Port: CornerResponseUnit : stream_in_1_V_last_V | {2 3 }
	Port: CornerResponseUnit : stream_in_2_V_data_V | {2 3 }
	Port: CornerResponseUnit : stream_in_2_V_keep_V | {2 3 }
	Port: CornerResponseUnit : stream_in_2_V_strb_V | {2 3 }
	Port: CornerResponseUnit : stream_in_2_V_user_V | {2 3 }
	Port: CornerResponseUnit : stream_in_2_V_last_V | {2 3 }
	Port: CornerResponseUnit : stream_in_3_V_data_V | {2 3 }
	Port: CornerResponseUnit : stream_in_3_V_keep_V | {2 3 }
	Port: CornerResponseUnit : stream_in_3_V_strb_V | {2 3 }
	Port: CornerResponseUnit : stream_in_3_V_user_V | {2 3 }
	Port: CornerResponseUnit : stream_in_3_V_last_V | {2 3 }
	Port: CornerResponseUnit : image_w | {2 }
	Port: CornerResponseUnit : image_h | {2 }
  - Chain level:
	State 1
	State 2
	State 3
	State 4


============================================================
+ Verbose Summary: Datapath Resource usage 
============================================================

* Functional unit list:
|----------|--------------------------|---------|---------|---------|---------|
| Operation|      Functional Unit     |   DSP   |  Delay  |    FF   |   LUT   |
|----------|--------------------------|---------|---------|---------|---------|
|   call   | grp_CornerResponse_fu_80 |    5    | 11.2353 |   1990  |   2283  |
|----------|--------------------------|---------|---------|---------|---------|
|   read   |  image_h_read_read_fu_68 |    0    |    0    |    0    |    0    |
|          |  image_w_read_read_fu_74 |    0    |    0    |    0    |    0    |
|----------|--------------------------|---------|---------|---------|---------|
|   Total  |                          |    5    | 11.2353 |   1990  |   2283  |
|----------|--------------------------|---------|---------|---------|---------|

Memories:
N/A

* Register list:
+--------------------+--------+
|                    |   FF   |
+--------------------+--------+
|image_h_read_reg_128|   32   |
|image_w_read_reg_133|   32   |
+--------------------+--------+
|        Total       |   64   |
+--------------------+--------+

* Multiplexer (MUX) list: 
|--------------------------|------|------|------|--------||---------||---------|
|           Comp           |  Pin | Size |  BW  | S x BW ||  Delay  ||   LUT   |
|--------------------------|------|------|------|--------||---------||---------|
| grp_CornerResponse_fu_80 |  p21 |   2  |  32  |   64   ||    9    |
| grp_CornerResponse_fu_80 |  p22 |   2  |  32  |   64   ||    9    |
|--------------------------|------|------|------|--------||---------||---------|
|           Total          |      |      |      |   128  ||  3.176  ||    18   |
|--------------------------|------|------|------|--------||---------||---------|



* Summary:
+-----------+--------+--------+--------+--------+
|           |   DSP  |  Delay |   FF   |   LUT  |
+-----------+--------+--------+--------+--------+
|  Function |    5   |   11   |  1990  |  2283  |
|   Memory  |    -   |    -   |    -   |    -   |
|Multiplexer|    -   |    3   |    -   |   18   |
|  Register |    -   |    -   |   64   |    -   |
+-----------+--------+--------+--------+--------+
|   Total   |    5   |   14   |  2054  |  2301  |
+-----------+--------+--------+--------+--------+
