

================================================================
== Vitis HLS Report for 'CornerResponse'
================================================================
* Date:           Wed Aug 11 14:06:07 2021

* Version:        2020.2 (Build 3064766 on Wed Nov 18 09:12:47 MST 2020)
* Project:        Corner_response
* Solution:       solution1 (Vivado IP Flow Target)
* Product family: zynq
* Target device:  xc7z020-clg400-1


================================================================
== Performance Estimates
================================================================
+ Timing: 
    * Summary: 
    +--------+----------+----------+------------+
    |  Clock |  Target  | Estimated| Uncertainty|
    +--------+----------+----------+------------+
    |ap_clk  |  10.00 ns|  7.297 ns|     2.70 ns|
    +--------+----------+----------+------------+

+ Latency: 
    * Summary: 
    +---------+---------+----------+----------+-----+-----+---------+
    |  Latency (cycles) |  Latency (absolute) |  Interval | Pipeline|
    |   min   |   max   |    min   |    max   | min | max |   Type  |
    +---------+---------+----------+----------+-----+-----+---------+
    |        ?|        ?|         ?|         ?|    ?|    ?|     none|
    +---------+---------+----------+----------+-----+-----+---------+

    + Detail: 
        * Instance: 
        N/A

        * Loop: 
        +-----------------------------------+---------+---------+----------+-----------+-----------+------+----------+
        |                                   |  Latency (cycles) | Iteration|  Initiation Interval  | Trip |          |
        |             Loop Name             |   min   |   max   |  Latency |  achieved |   target  | Count| Pipelined|
        +-----------------------------------+---------+---------+----------+-----------+-----------+------+----------+
        |- VITIS_LOOP_71_1_VITIS_LOOP_72_2  |        ?|        ?|        79|          1|          1|     ?|       yes|
        +-----------------------------------+---------+---------+----------+-----------+-----------+------+----------+

============================================================
+ Verbose Summary: Synthesis Manager
============================================================
InlineROM: 1
ExposeGlobal: 0
============================================================
+ Verbose Summary: CDFG Model
============================================================
IsTopModel: 0
ResetActiveHigh: 1
IsCombinational: 0
IsDatapathOnly: 0
HasWiredReturn: 1
HasMFsm: 0
HasVarLatency: 1
IsPipeline: 0
IsRtlPipelined: 0
IsInstanceOverlapped: 0
IsDontTouch: 0
HasImplIP: 0
IsGatedGlobalClock: 0

+ Individual pipeline summary: 
  * Pipeline-0: initiation interval (II) = 1, depth = 79


============================================================
+ Verbose Summary: Schedule
============================================================
* Number of FSM states : 82
* Pipeline : 1
  Pipeline-0 : II = 1, D = 79, States = { 3 4 5 6 7 8 9 10 11 12 13 14 15 16 17 18 19 20 21 22 23 24 25 26 27 28 29 30 31 32 33 34 35 36 37 38 39 40 41 42 43 44 45 46 47 48 49 50 51 52 53 54 55 56 57 58 59 60 61 62 63 64 65 66 67 68 69 70 71 72 73 74 75 76 77 78 79 80 81 }
* Dataflow Pipeline: 0

* FSM state transitions: 
1 --> 2 
2 --> 3 
3 --> 4 
4 --> 5 
5 --> 6 
6 --> 7 
7 --> 8 
8 --> 9 
9 --> 10 
10 --> 11 
11 --> 12 
12 --> 13 
13 --> 14 
14 --> 15 
15 --> 16 
16 --> 17 
17 --> 18 
18 --> 19 
19 --> 20 
20 --> 21 
21 --> 22 
22 --> 23 
23 --> 24 
24 --> 25 
25 --> 26 
26 --> 27 
27 --> 28 
28 --> 29 
29 --> 30 
30 --> 31 
31 --> 32 
32 --> 33 
33 --> 34 
34 --> 35 
35 --> 36 
36 --> 37 
37 --> 38 
38 --> 39 
39 --> 40 
40 --> 41 
41 --> 42 
42 --> 43 
43 --> 44 
44 --> 45 
45 --> 46 
46 --> 47 
47 --> 48 
48 --> 49 
49 --> 50 
50 --> 51 
51 --> 52 
52 --> 53 
53 --> 54 
54 --> 55 
55 --> 56 
56 --> 57 
57 --> 58 
58 --> 59 
59 --> 60 
60 --> 61 
61 --> 62 
62 --> 63 
63 --> 64 
64 --> 65 
65 --> 66 
66 --> 67 
67 --> 68 
68 --> 69 
69 --> 70 
70 --> 71 
71 --> 72 
72 --> 73 
73 --> 74 
74 --> 75 
75 --> 76 
76 --> 77 
77 --> 78 
78 --> 79 
79 --> 80 
80 --> 81 
81 --> 82 3 
82 --> 

* FSM state operations: 

State 1 <SV = 0> <Delay = 6.91>
ST_1 : Operation 83 [1/1] (0.00ns)   --->   "%image_h_read = read i32 @_ssdm_op_Read.ap_auto.i32, i32 %image_h"   --->   Operation 83 'read' 'image_h_read' <Predicate = true> <Delay = 0.00>
ST_1 : Operation 84 [1/1] (0.00ns)   --->   "%image_w_read = read i32 @_ssdm_op_Read.ap_auto.i32, i32 %image_w"   --->   Operation 84 'read' 'image_w_read' <Predicate = true> <Delay = 0.00>
ST_1 : Operation 85 [1/1] (0.00ns)   --->   "%cast = zext i32 %image_h_read"   --->   Operation 85 'zext' 'cast' <Predicate = true> <Delay = 0.00>
ST_1 : Operation 86 [1/1] (0.00ns)   --->   "%cast1 = zext i32 %image_w_read"   --->   Operation 86 'zext' 'cast1' <Predicate = true> <Delay = 0.00>
ST_1 : Operation 87 [2/2] (6.91ns)   --->   "%bound = mul i64 %cast, i64 %cast1"   --->   Operation 87 'mul' 'bound' <Predicate = true> <Delay = 6.91> <CoreInst = "Multiplier">   --->   Core 3 'Multiplier' <Latency = 1> <II = 1> <Delay = 6.91> <FuncUnit> <Opcode : 'mul'> <InPorts = 2> <OutPorts = 1>

State 2 <SV = 1> <Delay = 6.91>
ST_2 : Operation 88 [1/1] (0.00ns)   --->   "%specinterface_ln0 = specinterface void @_ssdm_op_SpecInterface, i1 %stream_out_V_last_V, i1 %stream_out_V_user_V, i2 %stream_out_V_strb_V, i2 %stream_out_V_keep_V, i16 %stream_out_V_data_V, void @empty, i32 0, i32 0, void @empty_0, i32 0, i32 0, void @empty_1, void @empty_1, void @empty_1, i32 0, i32 0, i32 0, i32 0, void @empty_1, void @empty_1"   --->   Operation 88 'specinterface' 'specinterface_ln0' <Predicate = true> <Delay = 0.00>
ST_2 : Operation 89 [1/1] (0.00ns)   --->   "%specinterface_ln0 = specinterface void @_ssdm_op_SpecInterface, i1 %stream_in_3_V_last_V, i1 %stream_in_3_V_user_V, i2 %stream_in_3_V_strb_V, i2 %stream_in_3_V_keep_V, i16 %stream_in_3_V_data_V, void @empty, i32 0, i32 0, void @empty_0, i32 0, i32 0, void @empty_1, void @empty_1, void @empty_1, i32 0, i32 0, i32 0, i32 0, void @empty_1, void @empty_1"   --->   Operation 89 'specinterface' 'specinterface_ln0' <Predicate = true> <Delay = 0.00>
ST_2 : Operation 90 [1/1] (0.00ns)   --->   "%specinterface_ln0 = specinterface void @_ssdm_op_SpecInterface, i1 %stream_in_2_V_last_V, i1 %stream_in_2_V_user_V, i2 %stream_in_2_V_strb_V, i2 %stream_in_2_V_keep_V, i16 %stream_in_2_V_data_V, void @empty, i32 0, i32 0, void @empty_0, i32 0, i32 0, void @empty_1, void @empty_1, void @empty_1, i32 0, i32 0, i32 0, i32 0, void @empty_1, void @empty_1"   --->   Operation 90 'specinterface' 'specinterface_ln0' <Predicate = true> <Delay = 0.00>
ST_2 : Operation 91 [1/1] (0.00ns)   --->   "%specinterface_ln0 = specinterface void @_ssdm_op_SpecInterface, i1 %stream_in_1_V_last_V, i1 %stream_in_1_V_user_V, i2 %stream_in_1_V_strb_V, i2 %stream_in_1_V_keep_V, i16 %stream_in_1_V_data_V, void @empty, i32 0, i32 0, void @empty_0, i32 0, i32 0, void @empty_1, void @empty_1, void @empty_1, i32 0, i32 0, i32 0, i32 0, void @empty_1, void @empty_1"   --->   Operation 91 'specinterface' 'specinterface_ln0' <Predicate = true> <Delay = 0.00>
ST_2 : Operation 92 [1/1] (2.55ns)   --->   "%sub = add i32 %image_w_read, i32 4294967295"   --->   Operation 92 'add' 'sub' <Predicate = true> <Delay = 2.55> <CoreInst = "Adder">   --->   Core 1 'Adder' <Latency = 0> <II = 1> <Delay = 2.55> <FuncUnit> <Opcode : 'add' 'sub'> <InPorts = 2> <OutPorts = 1>
ST_2 : Operation 93 [1/2] (6.91ns)   --->   "%bound = mul i64 %cast, i64 %cast1"   --->   Operation 93 'mul' 'bound' <Predicate = true> <Delay = 6.91> <CoreInst = "Multiplier">   --->   Core 3 'Multiplier' <Latency = 1> <II = 1> <Delay = 6.91> <FuncUnit> <Opcode : 'mul'> <InPorts = 2> <OutPorts = 1>
ST_2 : Operation 94 [1/1] (1.58ns)   --->   "%br_ln71 = br void" [src/corner_response.cpp:71]   --->   Operation 94 'br' 'br_ln71' <Predicate = true> <Delay = 1.58>

State 3 <SV = 2> <Delay = 3.52>
ST_3 : Operation 95 [1/1] (0.00ns)   --->   "%indvar_flatten = phi i64 0, void %.lr.ph300, i64 %add_ln71, void %._crit_edge.loopexit" [src/corner_response.cpp:71]   --->   Operation 95 'phi' 'indvar_flatten' <Predicate = true> <Delay = 0.00>
ST_3 : Operation 96 [1/1] (3.52ns)   --->   "%add_ln71 = add i64 %indvar_flatten, i64 1" [src/corner_response.cpp:71]   --->   Operation 96 'add' 'add_ln71' <Predicate = true> <Delay = 3.52> <CoreInst = "Adder">   --->   Core 1 'Adder' <Latency = 0> <II = 1> <Delay = 2.55> <FuncUnit> <Opcode : 'add' 'sub'> <InPorts = 2> <OutPorts = 1>
ST_3 : Operation 97 [1/1] (2.77ns)   --->   "%icmp_ln71 = icmp_eq  i64 %indvar_flatten, i64 %bound" [src/corner_response.cpp:71]   --->   Operation 97 'icmp' 'icmp_ln71' <Predicate = true> <Delay = 2.77> <CoreInst = "Cmp">   --->   Core 9 'Cmp' <Latency = 0> <II = 1> <Delay = 2.47> <FuncUnit> <Opcode : 'icmp'> <InPorts = 2> <OutPorts = 1>
ST_3 : Operation 98 [1/1] (0.00ns)   --->   "%br_ln71 = br i1 %icmp_ln71, void %._crit_edge.loopexit, void %._crit_edge301.loopexit" [src/corner_response.cpp:71]   --->   Operation 98 'br' 'br_ln71' <Predicate = true> <Delay = 0.00>
ST_3 : Operation 99 [1/1] (0.00ns)   --->   "%empty = read i22 @_ssdm_op_Read.axis.volatile.i16P0A.i2P0A.i2P0A.i1P0A.i1P0A, i16 %stream_in_1_V_data_V, i2 %stream_in_1_V_keep_V, i2 %stream_in_1_V_strb_V, i1 %stream_in_1_V_user_V, i1 %stream_in_1_V_last_V"   --->   Operation 99 'read' 'empty' <Predicate = (!icmp_ln71)> <Delay = 0.00> <CoreInst = "axis">   --->   Core 115 'axis' <Latency = 0> <II = 1> <Delay = 1.00> <Adapter> <Opcode : >
ST_3 : Operation 100 [1/1] (0.00ns)   --->   "%in_element_int_1_data_V = extractvalue i22 %empty"   --->   Operation 100 'extractvalue' 'in_element_int_1_data_V' <Predicate = (!icmp_ln71)> <Delay = 0.00>
ST_3 : Operation 101 [1/1] (0.00ns)   --->   "%empty_31 = read i22 @_ssdm_op_Read.axis.volatile.i16P0A.i2P0A.i2P0A.i1P0A.i1P0A, i16 %stream_in_2_V_data_V, i2 %stream_in_2_V_keep_V, i2 %stream_in_2_V_strb_V, i1 %stream_in_2_V_user_V, i1 %stream_in_2_V_last_V"   --->   Operation 101 'read' 'empty_31' <Predicate = (!icmp_ln71)> <Delay = 0.00> <CoreInst = "axis">   --->   Core 115 'axis' <Latency = 0> <II = 1> <Delay = 1.00> <Adapter> <Opcode : >
ST_3 : Operation 102 [1/1] (0.00ns)   --->   "%in_element_int_2_data_V = extractvalue i22 %empty_31"   --->   Operation 102 'extractvalue' 'in_element_int_2_data_V' <Predicate = (!icmp_ln71)> <Delay = 0.00>
ST_3 : Operation 103 [1/1] (0.00ns)   --->   "%empty_32 = read i22 @_ssdm_op_Read.axis.volatile.i16P0A.i2P0A.i2P0A.i1P0A.i1P0A, i16 %stream_in_3_V_data_V, i2 %stream_in_3_V_keep_V, i2 %stream_in_3_V_strb_V, i1 %stream_in_3_V_user_V, i1 %stream_in_3_V_last_V"   --->   Operation 103 'read' 'empty_32' <Predicate = (!icmp_ln71)> <Delay = 0.00> <CoreInst = "axis">   --->   Core 115 'axis' <Latency = 0> <II = 1> <Delay = 1.00> <Adapter> <Opcode : >
ST_3 : Operation 104 [1/1] (0.00ns)   --->   "%in_element_int_3_data_V = extractvalue i22 %empty_32"   --->   Operation 104 'extractvalue' 'in_element_int_3_data_V' <Predicate = (!icmp_ln71)> <Delay = 0.00>
ST_3 : Operation 105 [1/1] (0.00ns)   --->   "%zext_ln87 = zext i16 %in_element_int_3_data_V" [src/corner_response.cpp:87]   --->   Operation 105 'zext' 'zext_ln87' <Predicate = (!icmp_ln71)> <Delay = 0.00>
ST_3 : Operation 106 [4/4] (2.15ns) (root node of the DSP)   --->   "%mul_ln87 = mul i30 %zext_ln87, i30 %zext_ln87" [src/corner_response.cpp:87]   --->   Operation 106 'mul' 'mul_ln87' <Predicate = (!icmp_ln71)> <Delay = 2.15> <CoreInst = "DSP48">   --->   Core 119 'DSP48' <Latency = 3> <II = 1> <Delay = 2.15> <IPBlock> <Opcode : 'mul' 'add' 'sub' 'select'> <InPorts = 0> <OutPorts = 1> <Sync> <CReg>

State 4 <SV = 3> <Delay = 3.12>
ST_4 : Operation 107 [1/1] (0.00ns)   --->   "%zext_ln215 = zext i16 %in_element_int_1_data_V"   --->   Operation 107 'zext' 'zext_ln215' <Predicate = (!icmp_ln71)> <Delay = 0.00>
ST_4 : Operation 108 [1/1] (0.00ns)   --->   "%zext_ln215_1 = zext i16 %in_element_int_2_data_V"   --->   Operation 108 'zext' 'zext_ln215_1' <Predicate = (!icmp_ln71)> <Delay = 0.00>
ST_4 : Operation 109 [1/1] (2.07ns)   --->   "%ret = sub i17 %zext_ln215, i17 %zext_ln215_1"   --->   Operation 109 'sub' 'ret' <Predicate = (!icmp_ln71)> <Delay = 2.07> <CoreInst = "Adder">   --->   Core 1 'Adder' <Latency = 0> <II = 1> <Delay = 2.55> <FuncUnit> <Opcode : 'add' 'sub'> <InPorts = 2> <OutPorts = 1>
ST_4 : Operation 110 [1/1] (0.00ns)   --->   "%sext_ln1345 = sext i17 %ret"   --->   Operation 110 'sext' 'sext_ln1345' <Predicate = (!icmp_ln71)> <Delay = 0.00>
ST_4 : Operation 111 [3/3] (1.05ns) (grouped into DSP with root node add_ln87)   --->   "%mul_ln213 = mul i32 %sext_ln1345, i32 %sext_ln1345"   --->   Operation 111 'mul' 'mul_ln213' <Predicate = (!icmp_ln71)> <Delay = 1.05> <CoreInst = "DSP48">   --->   Core 119 'DSP48' <Latency = 3> <II = 1> <Delay = 2.15> <IPBlock> <Opcode : 'mul' 'add' 'sub' 'select'> <InPorts = 0> <OutPorts = 1> <Sync> <CReg>
ST_4 : Operation 112 [1/1] (2.07ns)   --->   "%ret_2 = add i17 %zext_ln215_1, i17 %zext_ln215"   --->   Operation 112 'add' 'ret_2' <Predicate = (!icmp_ln71)> <Delay = 2.07> <CoreInst = "Adder">   --->   Core 1 'Adder' <Latency = 0> <II = 1> <Delay = 2.55> <FuncUnit> <Opcode : 'add' 'sub'> <InPorts = 2> <OutPorts = 1>
ST_4 : Operation 113 [3/4] (2.15ns) (root node of the DSP)   --->   "%mul_ln87 = mul i30 %zext_ln87, i30 %zext_ln87" [src/corner_response.cpp:87]   --->   Operation 113 'mul' 'mul_ln87' <Predicate = (!icmp_ln71)> <Delay = 2.15> <CoreInst = "DSP48">   --->   Core 119 'DSP48' <Latency = 3> <II = 1> <Delay = 2.15> <IPBlock> <Opcode : 'mul' 'add' 'sub' 'select'> <InPorts = 0> <OutPorts = 1> <Sync> <CReg>

State 5 <SV = 4> <Delay = 2.15>
ST_5 : Operation 114 [2/3] (1.05ns) (grouped into DSP with root node add_ln87)   --->   "%mul_ln213 = mul i32 %sext_ln1345, i32 %sext_ln1345"   --->   Operation 114 'mul' 'mul_ln213' <Predicate = (!icmp_ln71)> <Delay = 1.05> <CoreInst = "DSP48">   --->   Core 119 'DSP48' <Latency = 3> <II = 1> <Delay = 2.15> <IPBlock> <Opcode : 'mul' 'add' 'sub' 'select'> <InPorts = 0> <OutPorts = 1> <Sync> <CReg>
ST_5 : Operation 115 [2/4] (2.15ns) (root node of the DSP)   --->   "%mul_ln87 = mul i30 %zext_ln87, i30 %zext_ln87" [src/corner_response.cpp:87]   --->   Operation 115 'mul' 'mul_ln87' <Predicate = (!icmp_ln71)> <Delay = 2.15> <CoreInst = "DSP48">   --->   Core 119 'DSP48' <Latency = 3> <II = 1> <Delay = 2.15> <IPBlock> <Opcode : 'mul' 'add' 'sub' 'select'> <InPorts = 0> <OutPorts = 1> <Sync> <CReg>

State 6 <SV = 5> <Delay = 2.10>
ST_6 : Operation 116 [1/3] (0.00ns) (grouped into DSP with root node add_ln87)   --->   "%mul_ln213 = mul i32 %sext_ln1345, i32 %sext_ln1345"   --->   Operation 116 'mul' 'mul_ln213' <Predicate = (!icmp_ln71)> <Delay = 0.00> <CoreInst = "DSP48">   --->   Core 119 'DSP48' <Latency = 3> <II = 1> <Delay = 2.15> <IPBlock> <Opcode : 'mul' 'add' 'sub' 'select'> <InPorts = 0> <OutPorts = 1> <Sync> <CReg>
ST_6 : Operation 117 [1/4] (0.00ns) (root node of the DSP)   --->   "%mul_ln87 = mul i30 %zext_ln87, i30 %zext_ln87" [src/corner_response.cpp:87]   --->   Operation 117 'mul' 'mul_ln87' <Predicate = (!icmp_ln71)> <Delay = 0.00> <CoreInst = "DSP48">   --->   Core 119 'DSP48' <Latency = 3> <II = 1> <Delay = 2.15> <IPBlock> <Opcode : 'mul' 'add' 'sub' 'select'> <InPorts = 0> <OutPorts = 1> <Sync> <CReg>
ST_6 : Operation 118 [1/1] (0.00ns)   --->   "%shl_ln = bitconcatenate i32 @_ssdm_op_BitConcatenate.i32.i30.i2, i30 %mul_ln87, i2 0" [src/corner_response.cpp:87]   --->   Operation 118 'bitconcatenate' 'shl_ln' <Predicate = (!icmp_ln71)> <Delay = 0.00>
ST_6 : Operation 119 [2/2] (2.10ns) (root node of the DSP)   --->   "%add_ln87 = add i32 %shl_ln, i32 %mul_ln213" [src/corner_response.cpp:87]   --->   Operation 119 'add' 'add_ln87' <Predicate = (!icmp_ln71)> <Delay = 2.10> <CoreInst = "DSP48">   --->   Core 119 'DSP48' <Latency = 3> <II = 1> <Delay = 2.15> <IPBlock> <Opcode : 'mul' 'add' 'sub' 'select'> <InPorts = 0> <OutPorts = 1> <Sync> <CReg>

State 7 <SV = 6> <Delay = 2.10>
ST_7 : Operation 120 [1/2] (2.10ns) (root node of the DSP)   --->   "%add_ln87 = add i32 %shl_ln, i32 %mul_ln213" [src/corner_response.cpp:87]   --->   Operation 120 'add' 'add_ln87' <Predicate = (!icmp_ln71)> <Delay = 2.10> <CoreInst = "DSP48">   --->   Core 119 'DSP48' <Latency = 3> <II = 1> <Delay = 2.15> <IPBlock> <Opcode : 'mul' 'add' 'sub' 'select'> <InPorts = 0> <OutPorts = 1> <Sync> <CReg>

State 8 <SV = 7> <Delay = 6.28>
ST_8 : Operation 121 [6/6] (6.28ns)   --->   "%conv = uitodp i32 %add_ln87" [src/corner_response.cpp:87]   --->   Operation 121 'uitodp' 'conv' <Predicate = (!icmp_ln71)> <Delay = 6.28> <CoreInst = "Int2Double">   --->   Core 66 'Int2Double' <Latency = 5> <II = 1> <Delay = 6.28> <FuncUnit> <Opcode : 'sitodp' 'uitodp'> <InPorts = 1> <OutPorts = 1>

State 9 <SV = 8> <Delay = 6.28>
ST_9 : Operation 122 [5/6] (6.28ns)   --->   "%conv = uitodp i32 %add_ln87" [src/corner_response.cpp:87]   --->   Operation 122 'uitodp' 'conv' <Predicate = (!icmp_ln71)> <Delay = 6.28> <CoreInst = "Int2Double">   --->   Core 66 'Int2Double' <Latency = 5> <II = 1> <Delay = 6.28> <FuncUnit> <Opcode : 'sitodp' 'uitodp'> <InPorts = 1> <OutPorts = 1>

State 10 <SV = 9> <Delay = 6.28>
ST_10 : Operation 123 [4/6] (6.28ns)   --->   "%conv = uitodp i32 %add_ln87" [src/corner_response.cpp:87]   --->   Operation 123 'uitodp' 'conv' <Predicate = (!icmp_ln71)> <Delay = 6.28> <CoreInst = "Int2Double">   --->   Core 66 'Int2Double' <Latency = 5> <II = 1> <Delay = 6.28> <FuncUnit> <Opcode : 'sitodp' 'uitodp'> <InPorts = 1> <OutPorts = 1>

State 11 <SV = 10> <Delay = 6.28>
ST_11 : Operation 124 [3/6] (6.28ns)   --->   "%conv = uitodp i32 %add_ln87" [src/corner_response.cpp:87]   --->   Operation 124 'uitodp' 'conv' <Predicate = (!icmp_ln71)> <Delay = 6.28> <CoreInst = "Int2Double">   --->   Core 66 'Int2Double' <Latency = 5> <II = 1> <Delay = 6.28> <FuncUnit> <Opcode : 'sitodp' 'uitodp'> <InPorts = 1> <OutPorts = 1>

State 12 <SV = 11> <Delay = 6.28>
ST_12 : Operation 125 [2/6] (6.28ns)   --->   "%conv = uitodp i32 %add_ln87" [src/corner_response.cpp:87]   --->   Operation 125 'uitodp' 'conv' <Predicate = (!icmp_ln71)> <Delay = 6.28> <CoreInst = "Int2Double">   --->   Core 66 'Int2Double' <Latency = 5> <II = 1> <Delay = 6.28> <FuncUnit> <Opcode : 'sitodp' 'uitodp'> <InPorts = 1> <OutPorts = 1>

State 13 <SV = 12> <Delay = 6.28>
ST_13 : Operation 126 [1/6] (6.28ns)   --->   "%conv = uitodp i32 %add_ln87" [src/corner_response.cpp:87]   --->   Operation 126 'uitodp' 'conv' <Predicate = (!icmp_ln71)> <Delay = 6.28> <CoreInst = "Int2Double">   --->   Core 66 'Int2Double' <Latency = 5> <II = 1> <Delay = 6.28> <FuncUnit> <Opcode : 'sitodp' 'uitodp'> <InPorts = 1> <OutPorts = 1>

State 14 <SV = 13> <Delay = 5.17>
ST_14 : Operation 127 [57/57] (5.17ns)   --->   "%i_op_assign = dsqrt i64 @llvm.sqrt.f64, i64 %conv" [src/corner_response.cpp:87]   --->   Operation 127 'dsqrt' 'i_op_assign' <Predicate = (!icmp_ln71)> <Delay = 5.17> <CoreInst = "DSqrt">   --->   Core 52 'DSqrt' <Latency = 56> <II = 1> <Delay = 5.17> <FuncUnit> <Opcode : 'dsqrt'> <InPorts = 1> <OutPorts = 1>

State 15 <SV = 14> <Delay = 5.17>
ST_15 : Operation 128 [56/57] (5.17ns)   --->   "%i_op_assign = dsqrt i64 @llvm.sqrt.f64, i64 %conv" [src/corner_response.cpp:87]   --->   Operation 128 'dsqrt' 'i_op_assign' <Predicate = (!icmp_ln71)> <Delay = 5.17> <CoreInst = "DSqrt">   --->   Core 52 'DSqrt' <Latency = 56> <II = 1> <Delay = 5.17> <FuncUnit> <Opcode : 'dsqrt'> <InPorts = 1> <OutPorts = 1>

State 16 <SV = 15> <Delay = 5.17>
ST_16 : Operation 129 [55/57] (5.17ns)   --->   "%i_op_assign = dsqrt i64 @llvm.sqrt.f64, i64 %conv" [src/corner_response.cpp:87]   --->   Operation 129 'dsqrt' 'i_op_assign' <Predicate = (!icmp_ln71)> <Delay = 5.17> <CoreInst = "DSqrt">   --->   Core 52 'DSqrt' <Latency = 56> <II = 1> <Delay = 5.17> <FuncUnit> <Opcode : 'dsqrt'> <InPorts = 1> <OutPorts = 1>

State 17 <SV = 16> <Delay = 5.17>
ST_17 : Operation 130 [54/57] (5.17ns)   --->   "%i_op_assign = dsqrt i64 @llvm.sqrt.f64, i64 %conv" [src/corner_response.cpp:87]   --->   Operation 130 'dsqrt' 'i_op_assign' <Predicate = (!icmp_ln71)> <Delay = 5.17> <CoreInst = "DSqrt">   --->   Core 52 'DSqrt' <Latency = 56> <II = 1> <Delay = 5.17> <FuncUnit> <Opcode : 'dsqrt'> <InPorts = 1> <OutPorts = 1>

State 18 <SV = 17> <Delay = 5.17>
ST_18 : Operation 131 [53/57] (5.17ns)   --->   "%i_op_assign = dsqrt i64 @llvm.sqrt.f64, i64 %conv" [src/corner_response.cpp:87]   --->   Operation 131 'dsqrt' 'i_op_assign' <Predicate = (!icmp_ln71)> <Delay = 5.17> <CoreInst = "DSqrt">   --->   Core 52 'DSqrt' <Latency = 56> <II = 1> <Delay = 5.17> <FuncUnit> <Opcode : 'dsqrt'> <InPorts = 1> <OutPorts = 1>

State 19 <SV = 18> <Delay = 5.17>
ST_19 : Operation 132 [52/57] (5.17ns)   --->   "%i_op_assign = dsqrt i64 @llvm.sqrt.f64, i64 %conv" [src/corner_response.cpp:87]   --->   Operation 132 'dsqrt' 'i_op_assign' <Predicate = (!icmp_ln71)> <Delay = 5.17> <CoreInst = "DSqrt">   --->   Core 52 'DSqrt' <Latency = 56> <II = 1> <Delay = 5.17> <FuncUnit> <Opcode : 'dsqrt'> <InPorts = 1> <OutPorts = 1>

State 20 <SV = 19> <Delay = 5.17>
ST_20 : Operation 133 [51/57] (5.17ns)   --->   "%i_op_assign = dsqrt i64 @llvm.sqrt.f64, i64 %conv" [src/corner_response.cpp:87]   --->   Operation 133 'dsqrt' 'i_op_assign' <Predicate = (!icmp_ln71)> <Delay = 5.17> <CoreInst = "DSqrt">   --->   Core 52 'DSqrt' <Latency = 56> <II = 1> <Delay = 5.17> <FuncUnit> <Opcode : 'dsqrt'> <InPorts = 1> <OutPorts = 1>

State 21 <SV = 20> <Delay = 5.17>
ST_21 : Operation 134 [50/57] (5.17ns)   --->   "%i_op_assign = dsqrt i64 @llvm.sqrt.f64, i64 %conv" [src/corner_response.cpp:87]   --->   Operation 134 'dsqrt' 'i_op_assign' <Predicate = (!icmp_ln71)> <Delay = 5.17> <CoreInst = "DSqrt">   --->   Core 52 'DSqrt' <Latency = 56> <II = 1> <Delay = 5.17> <FuncUnit> <Opcode : 'dsqrt'> <InPorts = 1> <OutPorts = 1>

State 22 <SV = 21> <Delay = 5.17>
ST_22 : Operation 135 [49/57] (5.17ns)   --->   "%i_op_assign = dsqrt i64 @llvm.sqrt.f64, i64 %conv" [src/corner_response.cpp:87]   --->   Operation 135 'dsqrt' 'i_op_assign' <Predicate = (!icmp_ln71)> <Delay = 5.17> <CoreInst = "DSqrt">   --->   Core 52 'DSqrt' <Latency = 56> <II = 1> <Delay = 5.17> <FuncUnit> <Opcode : 'dsqrt'> <InPorts = 1> <OutPorts = 1>

State 23 <SV = 22> <Delay = 5.17>
ST_23 : Operation 136 [48/57] (5.17ns)   --->   "%i_op_assign = dsqrt i64 @llvm.sqrt.f64, i64 %conv" [src/corner_response.cpp:87]   --->   Operation 136 'dsqrt' 'i_op_assign' <Predicate = (!icmp_ln71)> <Delay = 5.17> <CoreInst = "DSqrt">   --->   Core 52 'DSqrt' <Latency = 56> <II = 1> <Delay = 5.17> <FuncUnit> <Opcode : 'dsqrt'> <InPorts = 1> <OutPorts = 1>

State 24 <SV = 23> <Delay = 5.17>
ST_24 : Operation 137 [47/57] (5.17ns)   --->   "%i_op_assign = dsqrt i64 @llvm.sqrt.f64, i64 %conv" [src/corner_response.cpp:87]   --->   Operation 137 'dsqrt' 'i_op_assign' <Predicate = (!icmp_ln71)> <Delay = 5.17> <CoreInst = "DSqrt">   --->   Core 52 'DSqrt' <Latency = 56> <II = 1> <Delay = 5.17> <FuncUnit> <Opcode : 'dsqrt'> <InPorts = 1> <OutPorts = 1>

State 25 <SV = 24> <Delay = 5.17>
ST_25 : Operation 138 [46/57] (5.17ns)   --->   "%i_op_assign = dsqrt i64 @llvm.sqrt.f64, i64 %conv" [src/corner_response.cpp:87]   --->   Operation 138 'dsqrt' 'i_op_assign' <Predicate = (!icmp_ln71)> <Delay = 5.17> <CoreInst = "DSqrt">   --->   Core 52 'DSqrt' <Latency = 56> <II = 1> <Delay = 5.17> <FuncUnit> <Opcode : 'dsqrt'> <InPorts = 1> <OutPorts = 1>

State 26 <SV = 25> <Delay = 5.17>
ST_26 : Operation 139 [45/57] (5.17ns)   --->   "%i_op_assign = dsqrt i64 @llvm.sqrt.f64, i64 %conv" [src/corner_response.cpp:87]   --->   Operation 139 'dsqrt' 'i_op_assign' <Predicate = (!icmp_ln71)> <Delay = 5.17> <CoreInst = "DSqrt">   --->   Core 52 'DSqrt' <Latency = 56> <II = 1> <Delay = 5.17> <FuncUnit> <Opcode : 'dsqrt'> <InPorts = 1> <OutPorts = 1>

State 27 <SV = 26> <Delay = 5.17>
ST_27 : Operation 140 [44/57] (5.17ns)   --->   "%i_op_assign = dsqrt i64 @llvm.sqrt.f64, i64 %conv" [src/corner_response.cpp:87]   --->   Operation 140 'dsqrt' 'i_op_assign' <Predicate = (!icmp_ln71)> <Delay = 5.17> <CoreInst = "DSqrt">   --->   Core 52 'DSqrt' <Latency = 56> <II = 1> <Delay = 5.17> <FuncUnit> <Opcode : 'dsqrt'> <InPorts = 1> <OutPorts = 1>

State 28 <SV = 27> <Delay = 5.17>
ST_28 : Operation 141 [43/57] (5.17ns)   --->   "%i_op_assign = dsqrt i64 @llvm.sqrt.f64, i64 %conv" [src/corner_response.cpp:87]   --->   Operation 141 'dsqrt' 'i_op_assign' <Predicate = (!icmp_ln71)> <Delay = 5.17> <CoreInst = "DSqrt">   --->   Core 52 'DSqrt' <Latency = 56> <II = 1> <Delay = 5.17> <FuncUnit> <Opcode : 'dsqrt'> <InPorts = 1> <OutPorts = 1>

State 29 <SV = 28> <Delay = 5.17>
ST_29 : Operation 142 [42/57] (5.17ns)   --->   "%i_op_assign = dsqrt i64 @llvm.sqrt.f64, i64 %conv" [src/corner_response.cpp:87]   --->   Operation 142 'dsqrt' 'i_op_assign' <Predicate = (!icmp_ln71)> <Delay = 5.17> <CoreInst = "DSqrt">   --->   Core 52 'DSqrt' <Latency = 56> <II = 1> <Delay = 5.17> <FuncUnit> <Opcode : 'dsqrt'> <InPorts = 1> <OutPorts = 1>

State 30 <SV = 29> <Delay = 5.17>
ST_30 : Operation 143 [41/57] (5.17ns)   --->   "%i_op_assign = dsqrt i64 @llvm.sqrt.f64, i64 %conv" [src/corner_response.cpp:87]   --->   Operation 143 'dsqrt' 'i_op_assign' <Predicate = (!icmp_ln71)> <Delay = 5.17> <CoreInst = "DSqrt">   --->   Core 52 'DSqrt' <Latency = 56> <II = 1> <Delay = 5.17> <FuncUnit> <Opcode : 'dsqrt'> <InPorts = 1> <OutPorts = 1>

State 31 <SV = 30> <Delay = 5.17>
ST_31 : Operation 144 [40/57] (5.17ns)   --->   "%i_op_assign = dsqrt i64 @llvm.sqrt.f64, i64 %conv" [src/corner_response.cpp:87]   --->   Operation 144 'dsqrt' 'i_op_assign' <Predicate = (!icmp_ln71)> <Delay = 5.17> <CoreInst = "DSqrt">   --->   Core 52 'DSqrt' <Latency = 56> <II = 1> <Delay = 5.17> <FuncUnit> <Opcode : 'dsqrt'> <InPorts = 1> <OutPorts = 1>

State 32 <SV = 31> <Delay = 5.17>
ST_32 : Operation 145 [39/57] (5.17ns)   --->   "%i_op_assign = dsqrt i64 @llvm.sqrt.f64, i64 %conv" [src/corner_response.cpp:87]   --->   Operation 145 'dsqrt' 'i_op_assign' <Predicate = (!icmp_ln71)> <Delay = 5.17> <CoreInst = "DSqrt">   --->   Core 52 'DSqrt' <Latency = 56> <II = 1> <Delay = 5.17> <FuncUnit> <Opcode : 'dsqrt'> <InPorts = 1> <OutPorts = 1>

State 33 <SV = 32> <Delay = 5.17>
ST_33 : Operation 146 [38/57] (5.17ns)   --->   "%i_op_assign = dsqrt i64 @llvm.sqrt.f64, i64 %conv" [src/corner_response.cpp:87]   --->   Operation 146 'dsqrt' 'i_op_assign' <Predicate = (!icmp_ln71)> <Delay = 5.17> <CoreInst = "DSqrt">   --->   Core 52 'DSqrt' <Latency = 56> <II = 1> <Delay = 5.17> <FuncUnit> <Opcode : 'dsqrt'> <InPorts = 1> <OutPorts = 1>

State 34 <SV = 33> <Delay = 5.17>
ST_34 : Operation 147 [37/57] (5.17ns)   --->   "%i_op_assign = dsqrt i64 @llvm.sqrt.f64, i64 %conv" [src/corner_response.cpp:87]   --->   Operation 147 'dsqrt' 'i_op_assign' <Predicate = (!icmp_ln71)> <Delay = 5.17> <CoreInst = "DSqrt">   --->   Core 52 'DSqrt' <Latency = 56> <II = 1> <Delay = 5.17> <FuncUnit> <Opcode : 'dsqrt'> <InPorts = 1> <OutPorts = 1>

State 35 <SV = 34> <Delay = 5.17>
ST_35 : Operation 148 [36/57] (5.17ns)   --->   "%i_op_assign = dsqrt i64 @llvm.sqrt.f64, i64 %conv" [src/corner_response.cpp:87]   --->   Operation 148 'dsqrt' 'i_op_assign' <Predicate = (!icmp_ln71)> <Delay = 5.17> <CoreInst = "DSqrt">   --->   Core 52 'DSqrt' <Latency = 56> <II = 1> <Delay = 5.17> <FuncUnit> <Opcode : 'dsqrt'> <InPorts = 1> <OutPorts = 1>

State 36 <SV = 35> <Delay = 5.17>
ST_36 : Operation 149 [35/57] (5.17ns)   --->   "%i_op_assign = dsqrt i64 @llvm.sqrt.f64, i64 %conv" [src/corner_response.cpp:87]   --->   Operation 149 'dsqrt' 'i_op_assign' <Predicate = (!icmp_ln71)> <Delay = 5.17> <CoreInst = "DSqrt">   --->   Core 52 'DSqrt' <Latency = 56> <II = 1> <Delay = 5.17> <FuncUnit> <Opcode : 'dsqrt'> <InPorts = 1> <OutPorts = 1>

State 37 <SV = 36> <Delay = 5.17>
ST_37 : Operation 150 [34/57] (5.17ns)   --->   "%i_op_assign = dsqrt i64 @llvm.sqrt.f64, i64 %conv" [src/corner_response.cpp:87]   --->   Operation 150 'dsqrt' 'i_op_assign' <Predicate = (!icmp_ln71)> <Delay = 5.17> <CoreInst = "DSqrt">   --->   Core 52 'DSqrt' <Latency = 56> <II = 1> <Delay = 5.17> <FuncUnit> <Opcode : 'dsqrt'> <InPorts = 1> <OutPorts = 1>

State 38 <SV = 37> <Delay = 5.17>
ST_38 : Operation 151 [33/57] (5.17ns)   --->   "%i_op_assign = dsqrt i64 @llvm.sqrt.f64, i64 %conv" [src/corner_response.cpp:87]   --->   Operation 151 'dsqrt' 'i_op_assign' <Predicate = (!icmp_ln71)> <Delay = 5.17> <CoreInst = "DSqrt">   --->   Core 52 'DSqrt' <Latency = 56> <II = 1> <Delay = 5.17> <FuncUnit> <Opcode : 'dsqrt'> <InPorts = 1> <OutPorts = 1>

State 39 <SV = 38> <Delay = 5.17>
ST_39 : Operation 152 [32/57] (5.17ns)   --->   "%i_op_assign = dsqrt i64 @llvm.sqrt.f64, i64 %conv" [src/corner_response.cpp:87]   --->   Operation 152 'dsqrt' 'i_op_assign' <Predicate = (!icmp_ln71)> <Delay = 5.17> <CoreInst = "DSqrt">   --->   Core 52 'DSqrt' <Latency = 56> <II = 1> <Delay = 5.17> <FuncUnit> <Opcode : 'dsqrt'> <InPorts = 1> <OutPorts = 1>

State 40 <SV = 39> <Delay = 5.17>
ST_40 : Operation 153 [31/57] (5.17ns)   --->   "%i_op_assign = dsqrt i64 @llvm.sqrt.f64, i64 %conv" [src/corner_response.cpp:87]   --->   Operation 153 'dsqrt' 'i_op_assign' <Predicate = (!icmp_ln71)> <Delay = 5.17> <CoreInst = "DSqrt">   --->   Core 52 'DSqrt' <Latency = 56> <II = 1> <Delay = 5.17> <FuncUnit> <Opcode : 'dsqrt'> <InPorts = 1> <OutPorts = 1>

State 41 <SV = 40> <Delay = 5.17>
ST_41 : Operation 154 [30/57] (5.17ns)   --->   "%i_op_assign = dsqrt i64 @llvm.sqrt.f64, i64 %conv" [src/corner_response.cpp:87]   --->   Operation 154 'dsqrt' 'i_op_assign' <Predicate = (!icmp_ln71)> <Delay = 5.17> <CoreInst = "DSqrt">   --->   Core 52 'DSqrt' <Latency = 56> <II = 1> <Delay = 5.17> <FuncUnit> <Opcode : 'dsqrt'> <InPorts = 1> <OutPorts = 1>

State 42 <SV = 41> <Delay = 5.17>
ST_42 : Operation 155 [29/57] (5.17ns)   --->   "%i_op_assign = dsqrt i64 @llvm.sqrt.f64, i64 %conv" [src/corner_response.cpp:87]   --->   Operation 155 'dsqrt' 'i_op_assign' <Predicate = (!icmp_ln71)> <Delay = 5.17> <CoreInst = "DSqrt">   --->   Core 52 'DSqrt' <Latency = 56> <II = 1> <Delay = 5.17> <FuncUnit> <Opcode : 'dsqrt'> <InPorts = 1> <OutPorts = 1>

State 43 <SV = 42> <Delay = 5.17>
ST_43 : Operation 156 [28/57] (5.17ns)   --->   "%i_op_assign = dsqrt i64 @llvm.sqrt.f64, i64 %conv" [src/corner_response.cpp:87]   --->   Operation 156 'dsqrt' 'i_op_assign' <Predicate = (!icmp_ln71)> <Delay = 5.17> <CoreInst = "DSqrt">   --->   Core 52 'DSqrt' <Latency = 56> <II = 1> <Delay = 5.17> <FuncUnit> <Opcode : 'dsqrt'> <InPorts = 1> <OutPorts = 1>

State 44 <SV = 43> <Delay = 5.17>
ST_44 : Operation 157 [27/57] (5.17ns)   --->   "%i_op_assign = dsqrt i64 @llvm.sqrt.f64, i64 %conv" [src/corner_response.cpp:87]   --->   Operation 157 'dsqrt' 'i_op_assign' <Predicate = (!icmp_ln71)> <Delay = 5.17> <CoreInst = "DSqrt">   --->   Core 52 'DSqrt' <Latency = 56> <II = 1> <Delay = 5.17> <FuncUnit> <Opcode : 'dsqrt'> <InPorts = 1> <OutPorts = 1>

State 45 <SV = 44> <Delay = 5.17>
ST_45 : Operation 158 [26/57] (5.17ns)   --->   "%i_op_assign = dsqrt i64 @llvm.sqrt.f64, i64 %conv" [src/corner_response.cpp:87]   --->   Operation 158 'dsqrt' 'i_op_assign' <Predicate = (!icmp_ln71)> <Delay = 5.17> <CoreInst = "DSqrt">   --->   Core 52 'DSqrt' <Latency = 56> <II = 1> <Delay = 5.17> <FuncUnit> <Opcode : 'dsqrt'> <InPorts = 1> <OutPorts = 1>

State 46 <SV = 45> <Delay = 5.17>
ST_46 : Operation 159 [25/57] (5.17ns)   --->   "%i_op_assign = dsqrt i64 @llvm.sqrt.f64, i64 %conv" [src/corner_response.cpp:87]   --->   Operation 159 'dsqrt' 'i_op_assign' <Predicate = (!icmp_ln71)> <Delay = 5.17> <CoreInst = "DSqrt">   --->   Core 52 'DSqrt' <Latency = 56> <II = 1> <Delay = 5.17> <FuncUnit> <Opcode : 'dsqrt'> <InPorts = 1> <OutPorts = 1>

State 47 <SV = 46> <Delay = 5.17>
ST_47 : Operation 160 [24/57] (5.17ns)   --->   "%i_op_assign = dsqrt i64 @llvm.sqrt.f64, i64 %conv" [src/corner_response.cpp:87]   --->   Operation 160 'dsqrt' 'i_op_assign' <Predicate = (!icmp_ln71)> <Delay = 5.17> <CoreInst = "DSqrt">   --->   Core 52 'DSqrt' <Latency = 56> <II = 1> <Delay = 5.17> <FuncUnit> <Opcode : 'dsqrt'> <InPorts = 1> <OutPorts = 1>

State 48 <SV = 47> <Delay = 5.17>
ST_48 : Operation 161 [23/57] (5.17ns)   --->   "%i_op_assign = dsqrt i64 @llvm.sqrt.f64, i64 %conv" [src/corner_response.cpp:87]   --->   Operation 161 'dsqrt' 'i_op_assign' <Predicate = (!icmp_ln71)> <Delay = 5.17> <CoreInst = "DSqrt">   --->   Core 52 'DSqrt' <Latency = 56> <II = 1> <Delay = 5.17> <FuncUnit> <Opcode : 'dsqrt'> <InPorts = 1> <OutPorts = 1>

State 49 <SV = 48> <Delay = 5.17>
ST_49 : Operation 162 [22/57] (5.17ns)   --->   "%i_op_assign = dsqrt i64 @llvm.sqrt.f64, i64 %conv" [src/corner_response.cpp:87]   --->   Operation 162 'dsqrt' 'i_op_assign' <Predicate = (!icmp_ln71)> <Delay = 5.17> <CoreInst = "DSqrt">   --->   Core 52 'DSqrt' <Latency = 56> <II = 1> <Delay = 5.17> <FuncUnit> <Opcode : 'dsqrt'> <InPorts = 1> <OutPorts = 1>

State 50 <SV = 49> <Delay = 5.17>
ST_50 : Operation 163 [21/57] (5.17ns)   --->   "%i_op_assign = dsqrt i64 @llvm.sqrt.f64, i64 %conv" [src/corner_response.cpp:87]   --->   Operation 163 'dsqrt' 'i_op_assign' <Predicate = (!icmp_ln71)> <Delay = 5.17> <CoreInst = "DSqrt">   --->   Core 52 'DSqrt' <Latency = 56> <II = 1> <Delay = 5.17> <FuncUnit> <Opcode : 'dsqrt'> <InPorts = 1> <OutPorts = 1>

State 51 <SV = 50> <Delay = 5.17>
ST_51 : Operation 164 [20/57] (5.17ns)   --->   "%i_op_assign = dsqrt i64 @llvm.sqrt.f64, i64 %conv" [src/corner_response.cpp:87]   --->   Operation 164 'dsqrt' 'i_op_assign' <Predicate = (!icmp_ln71)> <Delay = 5.17> <CoreInst = "DSqrt">   --->   Core 52 'DSqrt' <Latency = 56> <II = 1> <Delay = 5.17> <FuncUnit> <Opcode : 'dsqrt'> <InPorts = 1> <OutPorts = 1>

State 52 <SV = 51> <Delay = 5.17>
ST_52 : Operation 165 [19/57] (5.17ns)   --->   "%i_op_assign = dsqrt i64 @llvm.sqrt.f64, i64 %conv" [src/corner_response.cpp:87]   --->   Operation 165 'dsqrt' 'i_op_assign' <Predicate = (!icmp_ln71)> <Delay = 5.17> <CoreInst = "DSqrt">   --->   Core 52 'DSqrt' <Latency = 56> <II = 1> <Delay = 5.17> <FuncUnit> <Opcode : 'dsqrt'> <InPorts = 1> <OutPorts = 1>

State 53 <SV = 52> <Delay = 5.17>
ST_53 : Operation 166 [18/57] (5.17ns)   --->   "%i_op_assign = dsqrt i64 @llvm.sqrt.f64, i64 %conv" [src/corner_response.cpp:87]   --->   Operation 166 'dsqrt' 'i_op_assign' <Predicate = (!icmp_ln71)> <Delay = 5.17> <CoreInst = "DSqrt">   --->   Core 52 'DSqrt' <Latency = 56> <II = 1> <Delay = 5.17> <FuncUnit> <Opcode : 'dsqrt'> <InPorts = 1> <OutPorts = 1>

State 54 <SV = 53> <Delay = 5.17>
ST_54 : Operation 167 [17/57] (5.17ns)   --->   "%i_op_assign = dsqrt i64 @llvm.sqrt.f64, i64 %conv" [src/corner_response.cpp:87]   --->   Operation 167 'dsqrt' 'i_op_assign' <Predicate = (!icmp_ln71)> <Delay = 5.17> <CoreInst = "DSqrt">   --->   Core 52 'DSqrt' <Latency = 56> <II = 1> <Delay = 5.17> <FuncUnit> <Opcode : 'dsqrt'> <InPorts = 1> <OutPorts = 1>

State 55 <SV = 54> <Delay = 5.17>
ST_55 : Operation 168 [16/57] (5.17ns)   --->   "%i_op_assign = dsqrt i64 @llvm.sqrt.f64, i64 %conv" [src/corner_response.cpp:87]   --->   Operation 168 'dsqrt' 'i_op_assign' <Predicate = (!icmp_ln71)> <Delay = 5.17> <CoreInst = "DSqrt">   --->   Core 52 'DSqrt' <Latency = 56> <II = 1> <Delay = 5.17> <FuncUnit> <Opcode : 'dsqrt'> <InPorts = 1> <OutPorts = 1>

State 56 <SV = 55> <Delay = 5.17>
ST_56 : Operation 169 [15/57] (5.17ns)   --->   "%i_op_assign = dsqrt i64 @llvm.sqrt.f64, i64 %conv" [src/corner_response.cpp:87]   --->   Operation 169 'dsqrt' 'i_op_assign' <Predicate = (!icmp_ln71)> <Delay = 5.17> <CoreInst = "DSqrt">   --->   Core 52 'DSqrt' <Latency = 56> <II = 1> <Delay = 5.17> <FuncUnit> <Opcode : 'dsqrt'> <InPorts = 1> <OutPorts = 1>

State 57 <SV = 56> <Delay = 5.17>
ST_57 : Operation 170 [14/57] (5.17ns)   --->   "%i_op_assign = dsqrt i64 @llvm.sqrt.f64, i64 %conv" [src/corner_response.cpp:87]   --->   Operation 170 'dsqrt' 'i_op_assign' <Predicate = (!icmp_ln71)> <Delay = 5.17> <CoreInst = "DSqrt">   --->   Core 52 'DSqrt' <Latency = 56> <II = 1> <Delay = 5.17> <FuncUnit> <Opcode : 'dsqrt'> <InPorts = 1> <OutPorts = 1>

State 58 <SV = 57> <Delay = 5.17>
ST_58 : Operation 171 [13/57] (5.17ns)   --->   "%i_op_assign = dsqrt i64 @llvm.sqrt.f64, i64 %conv" [src/corner_response.cpp:87]   --->   Operation 171 'dsqrt' 'i_op_assign' <Predicate = (!icmp_ln71)> <Delay = 5.17> <CoreInst = "DSqrt">   --->   Core 52 'DSqrt' <Latency = 56> <II = 1> <Delay = 5.17> <FuncUnit> <Opcode : 'dsqrt'> <InPorts = 1> <OutPorts = 1>

State 59 <SV = 58> <Delay = 5.17>
ST_59 : Operation 172 [12/57] (5.17ns)   --->   "%i_op_assign = dsqrt i64 @llvm.sqrt.f64, i64 %conv" [src/corner_response.cpp:87]   --->   Operation 172 'dsqrt' 'i_op_assign' <Predicate = (!icmp_ln71)> <Delay = 5.17> <CoreInst = "DSqrt">   --->   Core 52 'DSqrt' <Latency = 56> <II = 1> <Delay = 5.17> <FuncUnit> <Opcode : 'dsqrt'> <InPorts = 1> <OutPorts = 1>

State 60 <SV = 59> <Delay = 5.17>
ST_60 : Operation 173 [11/57] (5.17ns)   --->   "%i_op_assign = dsqrt i64 @llvm.sqrt.f64, i64 %conv" [src/corner_response.cpp:87]   --->   Operation 173 'dsqrt' 'i_op_assign' <Predicate = (!icmp_ln71)> <Delay = 5.17> <CoreInst = "DSqrt">   --->   Core 52 'DSqrt' <Latency = 56> <II = 1> <Delay = 5.17> <FuncUnit> <Opcode : 'dsqrt'> <InPorts = 1> <OutPorts = 1>

State 61 <SV = 60> <Delay = 5.17>
ST_61 : Operation 174 [10/57] (5.17ns)   --->   "%i_op_assign = dsqrt i64 @llvm.sqrt.f64, i64 %conv" [src/corner_response.cpp:87]   --->   Operation 174 'dsqrt' 'i_op_assign' <Predicate = (!icmp_ln71)> <Delay = 5.17> <CoreInst = "DSqrt">   --->   Core 52 'DSqrt' <Latency = 56> <II = 1> <Delay = 5.17> <FuncUnit> <Opcode : 'dsqrt'> <InPorts = 1> <OutPorts = 1>

State 62 <SV = 61> <Delay = 5.17>
ST_62 : Operation 175 [9/57] (5.17ns)   --->   "%i_op_assign = dsqrt i64 @llvm.sqrt.f64, i64 %conv" [src/corner_response.cpp:87]   --->   Operation 175 'dsqrt' 'i_op_assign' <Predicate = (!icmp_ln71)> <Delay = 5.17> <CoreInst = "DSqrt">   --->   Core 52 'DSqrt' <Latency = 56> <II = 1> <Delay = 5.17> <FuncUnit> <Opcode : 'dsqrt'> <InPorts = 1> <OutPorts = 1>

State 63 <SV = 62> <Delay = 5.17>
ST_63 : Operation 176 [8/57] (5.17ns)   --->   "%i_op_assign = dsqrt i64 @llvm.sqrt.f64, i64 %conv" [src/corner_response.cpp:87]   --->   Operation 176 'dsqrt' 'i_op_assign' <Predicate = (!icmp_ln71)> <Delay = 5.17> <CoreInst = "DSqrt">   --->   Core 52 'DSqrt' <Latency = 56> <II = 1> <Delay = 5.17> <FuncUnit> <Opcode : 'dsqrt'> <InPorts = 1> <OutPorts = 1>

State 64 <SV = 63> <Delay = 5.17>
ST_64 : Operation 177 [7/57] (5.17ns)   --->   "%i_op_assign = dsqrt i64 @llvm.sqrt.f64, i64 %conv" [src/corner_response.cpp:87]   --->   Operation 177 'dsqrt' 'i_op_assign' <Predicate = (!icmp_ln71)> <Delay = 5.17> <CoreInst = "DSqrt">   --->   Core 52 'DSqrt' <Latency = 56> <II = 1> <Delay = 5.17> <FuncUnit> <Opcode : 'dsqrt'> <InPorts = 1> <OutPorts = 1>

State 65 <SV = 64> <Delay = 6.28>
ST_65 : Operation 178 [6/57] (5.17ns)   --->   "%i_op_assign = dsqrt i64 @llvm.sqrt.f64, i64 %conv" [src/corner_response.cpp:87]   --->   Operation 178 'dsqrt' 'i_op_assign' <Predicate = (!icmp_ln71)> <Delay = 5.17> <CoreInst = "DSqrt">   --->   Core 52 'DSqrt' <Latency = 56> <II = 1> <Delay = 5.17> <FuncUnit> <Opcode : 'dsqrt'> <InPorts = 1> <OutPorts = 1>
ST_65 : Operation 179 [1/1] (0.00ns)   --->   "%zext_ln534 = zext i17 %ret_2"   --->   Operation 179 'zext' 'zext_ln534' <Predicate = (!icmp_ln71)> <Delay = 0.00>
ST_65 : Operation 180 [6/6] (6.28ns)   --->   "%conv_i = sitodp i64 %zext_ln534"   --->   Operation 180 'sitodp' 'conv_i' <Predicate = (!icmp_ln71)> <Delay = 6.28> <CoreInst = "Int2Double">   --->   Core 66 'Int2Double' <Latency = 5> <II = 1> <Delay = 6.28> <FuncUnit> <Opcode : 'sitodp' 'uitodp'> <InPorts = 1> <OutPorts = 1>

State 66 <SV = 65> <Delay = 6.28>
ST_66 : Operation 181 [5/57] (5.17ns)   --->   "%i_op_assign = dsqrt i64 @llvm.sqrt.f64, i64 %conv" [src/corner_response.cpp:87]   --->   Operation 181 'dsqrt' 'i_op_assign' <Predicate = (!icmp_ln71)> <Delay = 5.17> <CoreInst = "DSqrt">   --->   Core 52 'DSqrt' <Latency = 56> <II = 1> <Delay = 5.17> <FuncUnit> <Opcode : 'dsqrt'> <InPorts = 1> <OutPorts = 1>
ST_66 : Operation 182 [5/6] (6.28ns)   --->   "%conv_i = sitodp i64 %zext_ln534"   --->   Operation 182 'sitodp' 'conv_i' <Predicate = (!icmp_ln71)> <Delay = 6.28> <CoreInst = "Int2Double">   --->   Core 66 'Int2Double' <Latency = 5> <II = 1> <Delay = 6.28> <FuncUnit> <Opcode : 'sitodp' 'uitodp'> <InPorts = 1> <OutPorts = 1>

State 67 <SV = 66> <Delay = 6.28>
ST_67 : Operation 183 [4/57] (5.17ns)   --->   "%i_op_assign = dsqrt i64 @llvm.sqrt.f64, i64 %conv" [src/corner_response.cpp:87]   --->   Operation 183 'dsqrt' 'i_op_assign' <Predicate = (!icmp_ln71)> <Delay = 5.17> <CoreInst = "DSqrt">   --->   Core 52 'DSqrt' <Latency = 56> <II = 1> <Delay = 5.17> <FuncUnit> <Opcode : 'dsqrt'> <InPorts = 1> <OutPorts = 1>
ST_67 : Operation 184 [4/6] (6.28ns)   --->   "%conv_i = sitodp i64 %zext_ln534"   --->   Operation 184 'sitodp' 'conv_i' <Predicate = (!icmp_ln71)> <Delay = 6.28> <CoreInst = "Int2Double">   --->   Core 66 'Int2Double' <Latency = 5> <II = 1> <Delay = 6.28> <FuncUnit> <Opcode : 'sitodp' 'uitodp'> <InPorts = 1> <OutPorts = 1>

State 68 <SV = 67> <Delay = 6.28>
ST_68 : Operation 185 [3/57] (5.17ns)   --->   "%i_op_assign = dsqrt i64 @llvm.sqrt.f64, i64 %conv" [src/corner_response.cpp:87]   --->   Operation 185 'dsqrt' 'i_op_assign' <Predicate = (!icmp_ln71)> <Delay = 5.17> <CoreInst = "DSqrt">   --->   Core 52 'DSqrt' <Latency = 56> <II = 1> <Delay = 5.17> <FuncUnit> <Opcode : 'dsqrt'> <InPorts = 1> <OutPorts = 1>
ST_68 : Operation 186 [3/6] (6.28ns)   --->   "%conv_i = sitodp i64 %zext_ln534"   --->   Operation 186 'sitodp' 'conv_i' <Predicate = (!icmp_ln71)> <Delay = 6.28> <CoreInst = "Int2Double">   --->   Core 66 'Int2Double' <Latency = 5> <II = 1> <Delay = 6.28> <FuncUnit> <Opcode : 'sitodp' 'uitodp'> <InPorts = 1> <OutPorts = 1>

State 69 <SV = 68> <Delay = 6.28>
ST_69 : Operation 187 [2/57] (5.17ns)   --->   "%i_op_assign = dsqrt i64 @llvm.sqrt.f64, i64 %conv" [src/corner_response.cpp:87]   --->   Operation 187 'dsqrt' 'i_op_assign' <Predicate = (!icmp_ln71)> <Delay = 5.17> <CoreInst = "DSqrt">   --->   Core 52 'DSqrt' <Latency = 56> <II = 1> <Delay = 5.17> <FuncUnit> <Opcode : 'dsqrt'> <InPorts = 1> <OutPorts = 1>
ST_69 : Operation 188 [2/6] (6.28ns)   --->   "%conv_i = sitodp i64 %zext_ln534"   --->   Operation 188 'sitodp' 'conv_i' <Predicate = (!icmp_ln71)> <Delay = 6.28> <CoreInst = "Int2Double">   --->   Core 66 'Int2Double' <Latency = 5> <II = 1> <Delay = 6.28> <FuncUnit> <Opcode : 'sitodp' 'uitodp'> <InPorts = 1> <OutPorts = 1>

State 70 <SV = 69> <Delay = 6.28>
ST_70 : Operation 189 [1/57] (5.17ns)   --->   "%i_op_assign = dsqrt i64 @llvm.sqrt.f64, i64 %conv" [src/corner_response.cpp:87]   --->   Operation 189 'dsqrt' 'i_op_assign' <Predicate = (!icmp_ln71)> <Delay = 5.17> <CoreInst = "DSqrt">   --->   Core 52 'DSqrt' <Latency = 56> <II = 1> <Delay = 5.17> <FuncUnit> <Opcode : 'dsqrt'> <InPorts = 1> <OutPorts = 1>
ST_70 : Operation 190 [1/6] (6.28ns)   --->   "%conv_i = sitodp i64 %zext_ln534"   --->   Operation 190 'sitodp' 'conv_i' <Predicate = (!icmp_ln71)> <Delay = 6.28> <CoreInst = "Int2Double">   --->   Core 66 'Int2Double' <Latency = 5> <II = 1> <Delay = 6.28> <FuncUnit> <Opcode : 'sitodp' 'uitodp'> <InPorts = 1> <OutPorts = 1>

State 71 <SV = 70> <Delay = 7.29>
ST_71 : Operation 191 [7/7] (7.29ns)   --->   "%val = dsub i64 %conv_i, i64 %i_op_assign"   --->   Operation 191 'dsub' 'val' <Predicate = (!icmp_ln71)> <Delay = 7.29> <CoreInst = "DAddSub_fulldsp">   --->   Core 37 'DAddSub_fulldsp' <Latency = 6> <II = 1> <Delay = 7.29> <FuncUnit> <Opcode : 'dadd' 'dsub'> <InPorts = 2> <OutPorts = 1>

State 72 <SV = 71> <Delay = 7.29>
ST_72 : Operation 192 [6/7] (7.29ns)   --->   "%val = dsub i64 %conv_i, i64 %i_op_assign"   --->   Operation 192 'dsub' 'val' <Predicate = (!icmp_ln71)> <Delay = 7.29> <CoreInst = "DAddSub_fulldsp">   --->   Core 37 'DAddSub_fulldsp' <Latency = 6> <II = 1> <Delay = 7.29> <FuncUnit> <Opcode : 'dadd' 'dsub'> <InPorts = 2> <OutPorts = 1>

State 73 <SV = 72> <Delay = 7.29>
ST_73 : Operation 193 [5/7] (7.29ns)   --->   "%val = dsub i64 %conv_i, i64 %i_op_assign"   --->   Operation 193 'dsub' 'val' <Predicate = (!icmp_ln71)> <Delay = 7.29> <CoreInst = "DAddSub_fulldsp">   --->   Core 37 'DAddSub_fulldsp' <Latency = 6> <II = 1> <Delay = 7.29> <FuncUnit> <Opcode : 'dadd' 'dsub'> <InPorts = 2> <OutPorts = 1>

State 74 <SV = 73> <Delay = 7.29>
ST_74 : Operation 194 [4/7] (7.29ns)   --->   "%val = dsub i64 %conv_i, i64 %i_op_assign"   --->   Operation 194 'dsub' 'val' <Predicate = (!icmp_ln71)> <Delay = 7.29> <CoreInst = "DAddSub_fulldsp">   --->   Core 37 'DAddSub_fulldsp' <Latency = 6> <II = 1> <Delay = 7.29> <FuncUnit> <Opcode : 'dadd' 'dsub'> <InPorts = 2> <OutPorts = 1>

State 75 <SV = 74> <Delay = 7.29>
ST_75 : Operation 195 [3/7] (7.29ns)   --->   "%val = dsub i64 %conv_i, i64 %i_op_assign"   --->   Operation 195 'dsub' 'val' <Predicate = (!icmp_ln71)> <Delay = 7.29> <CoreInst = "DAddSub_fulldsp">   --->   Core 37 'DAddSub_fulldsp' <Latency = 6> <II = 1> <Delay = 7.29> <FuncUnit> <Opcode : 'dadd' 'dsub'> <InPorts = 2> <OutPorts = 1>

State 76 <SV = 75> <Delay = 7.29>
ST_76 : Operation 196 [2/7] (7.29ns)   --->   "%val = dsub i64 %conv_i, i64 %i_op_assign"   --->   Operation 196 'dsub' 'val' <Predicate = (!icmp_ln71)> <Delay = 7.29> <CoreInst = "DAddSub_fulldsp">   --->   Core 37 'DAddSub_fulldsp' <Latency = 6> <II = 1> <Delay = 7.29> <FuncUnit> <Opcode : 'dadd' 'dsub'> <InPorts = 2> <OutPorts = 1>

State 77 <SV = 76> <Delay = 7.29>
ST_77 : Operation 197 [1/7] (7.29ns)   --->   "%val = dsub i64 %conv_i, i64 %i_op_assign"   --->   Operation 197 'dsub' 'val' <Predicate = (!icmp_ln71)> <Delay = 7.29> <CoreInst = "DAddSub_fulldsp">   --->   Core 37 'DAddSub_fulldsp' <Latency = 6> <II = 1> <Delay = 7.29> <FuncUnit> <Opcode : 'dadd' 'dsub'> <InPorts = 2> <OutPorts = 1>

State 78 <SV = 77> <Delay = 3.53>
ST_78 : Operation 198 [1/1] (0.00ns)   --->   "%reg = bitcast i64 %val"   --->   Operation 198 'bitcast' 'reg' <Predicate = (!icmp_ln71)> <Delay = 0.00>
ST_78 : Operation 199 [1/1] (0.00ns)   --->   "%trunc_ln306 = trunc i64 %reg"   --->   Operation 199 'trunc' 'trunc_ln306' <Predicate = (!icmp_ln71)> <Delay = 0.00>
ST_78 : Operation 200 [1/1] (0.00ns)   --->   "%p_Result_s = bitselect i1 @_ssdm_op_BitSelect.i1.i64.i32, i64 %reg, i32 63"   --->   Operation 200 'bitselect' 'p_Result_s' <Predicate = (!icmp_ln71)> <Delay = 0.00>
ST_78 : Operation 201 [1/1] (0.00ns)   --->   "%exp = partselect i11 @_ssdm_op_PartSelect.i11.i64.i32.i32, i64 %reg, i32 52, i32 62"   --->   Operation 201 'partselect' 'exp' <Predicate = (!icmp_ln71)> <Delay = 0.00>
ST_78 : Operation 202 [1/1] (0.00ns)   --->   "%zext_ln311 = zext i11 %exp"   --->   Operation 202 'zext' 'zext_ln311' <Predicate = (!icmp_ln71)> <Delay = 0.00>
ST_78 : Operation 203 [1/1] (0.00ns)   --->   "%trunc_ln328 = trunc i64 %reg"   --->   Operation 203 'trunc' 'trunc_ln328' <Predicate = (!icmp_ln71)> <Delay = 0.00>
ST_78 : Operation 204 [1/1] (2.78ns)   --->   "%icmp_ln323 = icmp_eq  i63 %trunc_ln306, i63 0"   --->   Operation 204 'icmp' 'icmp_ln323' <Predicate = (!icmp_ln71)> <Delay = 2.78> <CoreInst = "Cmp">   --->   Core 9 'Cmp' <Latency = 0> <II = 1> <Delay = 2.47> <FuncUnit> <Opcode : 'icmp'> <InPorts = 2> <OutPorts = 1>
ST_78 : Operation 205 [1/1] (1.54ns)   --->   "%sh_amt = sub i12 1075, i12 %zext_ln311"   --->   Operation 205 'sub' 'sh_amt' <Predicate = (!icmp_ln71)> <Delay = 1.54> <CoreInst = "Adder">   --->   Core 1 'Adder' <Latency = 0> <II = 1> <Delay = 2.55> <FuncUnit> <Opcode : 'add' 'sub'> <InPorts = 2> <OutPorts = 1>
ST_78 : Operation 206 [1/1] (1.88ns)   --->   "%icmp_ln327 = icmp_eq  i11 %exp, i11 1075"   --->   Operation 206 'icmp' 'icmp_ln327' <Predicate = (!icmp_ln71)> <Delay = 1.88> <CoreInst = "Cmp">   --->   Core 9 'Cmp' <Latency = 0> <II = 1> <Delay = 2.47> <FuncUnit> <Opcode : 'icmp'> <InPorts = 2> <OutPorts = 1>
ST_78 : Operation 207 [1/1] (1.99ns)   --->   "%icmp_ln329 = icmp_sgt  i12 %sh_amt, i12 0"   --->   Operation 207 'icmp' 'icmp_ln329' <Predicate = (!icmp_ln71)> <Delay = 1.99> <CoreInst = "Cmp">   --->   Core 9 'Cmp' <Latency = 0> <II = 1> <Delay = 2.47> <FuncUnit> <Opcode : 'icmp'> <InPorts = 2> <OutPorts = 1>
ST_78 : Operation 208 [1/1] (1.99ns)   --->   "%icmp_ln330 = icmp_slt  i12 %sh_amt, i12 54"   --->   Operation 208 'icmp' 'icmp_ln330' <Predicate = (!icmp_ln71)> <Delay = 1.99> <CoreInst = "Cmp">   --->   Core 9 'Cmp' <Latency = 0> <II = 1> <Delay = 2.47> <FuncUnit> <Opcode : 'icmp'> <InPorts = 2> <OutPorts = 1>

State 79 <SV = 78> <Delay = 6.56>
ST_79 : Operation 209 [1/1] (0.00ns) (grouped into LUT with out node select_ln323)   --->   "%trunc_ln315 = trunc i64 %reg"   --->   Operation 209 'trunc' 'trunc_ln315' <Predicate = (!icmp_ln71 & !icmp_ln323)> <Delay = 0.00>
ST_79 : Operation 210 [1/1] (0.00ns) (grouped into LUT with out node select_ln323)   --->   "%p_Result_1 = bitconcatenate i53 @_ssdm_op_BitConcatenate.i53.i1.i52, i1 1, i52 %trunc_ln315"   --->   Operation 210 'bitconcatenate' 'p_Result_1' <Predicate = (!icmp_ln71 & !icmp_ln323)> <Delay = 0.00>
ST_79 : Operation 211 [1/1] (0.00ns) (grouped into LUT with out node select_ln323)   --->   "%zext_ln320 = zext i53 %p_Result_1"   --->   Operation 211 'zext' 'zext_ln320' <Predicate = (!icmp_ln71 & !icmp_ln323)> <Delay = 0.00>
ST_79 : Operation 212 [1/1] (1.54ns)   --->   "%sh_amt_1 = sub i12 0, i12 %sh_amt"   --->   Operation 212 'sub' 'sh_amt_1' <Predicate = (!icmp_ln71)> <Delay = 1.54> <CoreInst = "Adder">   --->   Core 1 'Adder' <Latency = 0> <II = 1> <Delay = 2.55> <FuncUnit> <Opcode : 'add' 'sub'> <InPorts = 2> <OutPorts = 1>
ST_79 : Operation 213 [1/1] (0.00ns)   --->   "%tmp = partselect i7 @_ssdm_op_PartSelect.i7.i12.i32.i32, i12 %sh_amt_1, i32 5, i32 11"   --->   Operation 213 'partselect' 'tmp' <Predicate = (!icmp_ln71)> <Delay = 0.00>
ST_79 : Operation 214 [1/1] (1.48ns)   --->   "%icmp_ln337 = icmp_slt  i7 %tmp, i7 1"   --->   Operation 214 'icmp' 'icmp_ln337' <Predicate = (!icmp_ln71)> <Delay = 1.48> <CoreInst = "Cmp">   --->   Core 9 'Cmp' <Latency = 0> <II = 1> <Delay = 2.47> <FuncUnit> <Opcode : 'icmp'> <InPorts = 2> <OutPorts = 1>
ST_79 : Operation 215 [1/1] (0.00ns) (grouped into LUT with out node select_ln323)   --->   "%sext_ln331 = sext i12 %sh_amt"   --->   Operation 215 'sext' 'sext_ln331' <Predicate = (!icmp_ln71 & !icmp_ln323)> <Delay = 0.00>
ST_79 : Operation 216 [1/1] (0.00ns) (grouped into LUT with out node select_ln323)   --->   "%zext_ln331 = zext i32 %sext_ln331"   --->   Operation 216 'zext' 'zext_ln331' <Predicate = (!icmp_ln71 & !icmp_ln323)> <Delay = 0.00>
ST_79 : Operation 217 [1/1] (0.00ns) (grouped into LUT with out node select_ln323)   --->   "%lshr_ln331 = lshr i54 %zext_ln320, i54 %zext_ln331"   --->   Operation 217 'lshr' 'lshr_ln331' <Predicate = (!icmp_ln71 & !icmp_ln323)> <Delay = 0.00> <CoreInst = "Shifter">   --->   Core 75 'Shifter' <Latency = 0> <II = 1> <Delay = 4.61> <FuncUnit> <Opcode : 'shl' 'lshr' 'ashr'> <InPorts = 2> <OutPorts = 1>
ST_79 : Operation 218 [1/1] (0.00ns) (grouped into LUT with out node select_ln323)   --->   "%trunc_ln331 = trunc i54 %lshr_ln331"   --->   Operation 218 'trunc' 'trunc_ln331' <Predicate = (!icmp_ln71 & !icmp_ln323)> <Delay = 0.00>
ST_79 : Operation 219 [1/1] (0.97ns)   --->   "%or_ln327 = or i1 %icmp_ln323, i1 %icmp_ln327"   --->   Operation 219 'or' 'or_ln327' <Predicate = (!icmp_ln71)> <Delay = 0.97> <CoreInst = "LogicGate">   --->   Core 74 'LogicGate' <Latency = 0> <II = 1> <Delay = 0.99> <FuncUnit> <Opcode : 'and' 'or' 'xor'> <InPorts = 2> <OutPorts = 1>
ST_79 : Operation 220 [1/1] (0.00ns) (grouped into LUT with out node select_ln323)   --->   "%xor_ln327 = xor i1 %or_ln327, i1 1"   --->   Operation 220 'xor' 'xor_ln327' <Predicate = (!icmp_ln71 & !icmp_ln323)> <Delay = 0.00> <CoreInst = "LogicGate">   --->   Core 74 'LogicGate' <Latency = 0> <II = 1> <Delay = 0.99> <FuncUnit> <Opcode : 'and' 'or' 'xor'> <InPorts = 2> <OutPorts = 1>
ST_79 : Operation 221 [1/1] (0.00ns) (grouped into LUT with out node select_ln323)   --->   "%and_ln330 = and i1 %icmp_ln330, i1 %xor_ln327"   --->   Operation 221 'and' 'and_ln330' <Predicate = (!icmp_ln71 & !icmp_ln323)> <Delay = 0.00> <CoreInst = "LogicGate">   --->   Core 74 'LogicGate' <Latency = 0> <II = 1> <Delay = 0.99> <FuncUnit> <Opcode : 'and' 'or' 'xor'> <InPorts = 2> <OutPorts = 1>
ST_79 : Operation 222 [1/1] (0.00ns) (grouped into LUT with out node select_ln323)   --->   "%and_ln330_1 = and i1 %and_ln330, i1 %icmp_ln329"   --->   Operation 222 'and' 'and_ln330_1' <Predicate = (!icmp_ln71 & !icmp_ln323)> <Delay = 0.00> <CoreInst = "LogicGate">   --->   Core 74 'LogicGate' <Latency = 0> <II = 1> <Delay = 0.99> <FuncUnit> <Opcode : 'and' 'or' 'xor'> <InPorts = 2> <OutPorts = 1>
ST_79 : Operation 223 [1/1] (0.00ns) (grouped into LUT with out node select_ln323)   --->   "%select_ln330 = select i1 %and_ln330_1, i32 %trunc_ln331, i32 0"   --->   Operation 223 'select' 'select_ln330' <Predicate = (!icmp_ln71 & !icmp_ln323)> <Delay = 0.00> <CoreInst = "Sel">   --->   Core 73 'Sel' <Latency = 0> <II = 1> <Delay = 0.80> <FuncUnit> <Opcode : 'select'> <InPorts = 3> <OutPorts = 1>
ST_79 : Operation 224 [1/1] (4.61ns) (out node of the LUT)   --->   "%select_ln323 = select i1 %icmp_ln323, i32 0, i32 %select_ln330"   --->   Operation 224 'select' 'select_ln323' <Predicate = (!icmp_ln71)> <Delay = 4.61> <CoreInst = "Sel">   --->   Core 73 'Sel' <Latency = 0> <II = 1> <Delay = 0.80> <FuncUnit> <Opcode : 'select'> <InPorts = 3> <OutPorts = 1>
ST_79 : Operation 225 [1/1] (0.00ns) (grouped into LUT with out node select_ln327)   --->   "%xor_ln323 = xor i1 %icmp_ln323, i1 1"   --->   Operation 225 'xor' 'xor_ln323' <Predicate = (!icmp_ln71)> <Delay = 0.00> <CoreInst = "LogicGate">   --->   Core 74 'LogicGate' <Latency = 0> <II = 1> <Delay = 0.99> <FuncUnit> <Opcode : 'and' 'or' 'xor'> <InPorts = 2> <OutPorts = 1>
ST_79 : Operation 226 [1/1] (0.00ns) (grouped into LUT with out node select_ln327)   --->   "%and_ln327 = and i1 %icmp_ln327, i1 %xor_ln323"   --->   Operation 226 'and' 'and_ln327' <Predicate = (!icmp_ln71)> <Delay = 0.00> <CoreInst = "LogicGate">   --->   Core 74 'LogicGate' <Latency = 0> <II = 1> <Delay = 0.99> <FuncUnit> <Opcode : 'and' 'or' 'xor'> <InPorts = 2> <OutPorts = 1>
ST_79 : Operation 227 [1/1] (0.97ns) (out node of the LUT)   --->   "%select_ln327 = select i1 %and_ln327, i32 %trunc_ln328, i32 %select_ln323"   --->   Operation 227 'select' 'select_ln327' <Predicate = (!icmp_ln71)> <Delay = 0.97> <CoreInst = "Sel">   --->   Core 73 'Sel' <Latency = 0> <II = 1> <Delay = 0.80> <FuncUnit> <Opcode : 'select'> <InPorts = 3> <OutPorts = 1>

State 80 <SV = 79> <Delay = 4.42>
ST_80 : Operation 228 [1/1] (0.00ns) (grouped into LUT with out node select_ln329)   --->   "%sext_ln326 = sext i12 %sh_amt_1"   --->   Operation 228 'sext' 'sext_ln326' <Predicate = (!icmp_ln71 & icmp_ln337)> <Delay = 0.00>
ST_80 : Operation 229 [1/1] (0.00ns) (grouped into LUT with out node select_ln329)   --->   "%shl_ln339 = shl i32 %trunc_ln328, i32 %sext_ln326"   --->   Operation 229 'shl' 'shl_ln339' <Predicate = (!icmp_ln71 & icmp_ln337)> <Delay = 0.00> <CoreInst = "Shifter">   --->   Core 75 'Shifter' <Latency = 0> <II = 1> <Delay = 4.61> <FuncUnit> <Opcode : 'shl' 'lshr' 'ashr'> <InPorts = 2> <OutPorts = 1>
ST_80 : Operation 230 [1/1] (0.00ns) (grouped into LUT with out node select_ln329)   --->   "%select_ln337 = select i1 %icmp_ln337, i32 %shl_ln339, i32 0"   --->   Operation 230 'select' 'select_ln337' <Predicate = (!icmp_ln71)> <Delay = 0.00> <CoreInst = "Sel">   --->   Core 73 'Sel' <Latency = 0> <II = 1> <Delay = 0.80> <FuncUnit> <Opcode : 'select'> <InPorts = 3> <OutPorts = 1>
ST_80 : Operation 231 [1/1] (0.00ns) (grouped into LUT with out node select_ln329)   --->   "%or_ln329 = or i1 %or_ln327, i1 %icmp_ln329"   --->   Operation 231 'or' 'or_ln329' <Predicate = (!icmp_ln71)> <Delay = 0.00> <CoreInst = "LogicGate">   --->   Core 74 'LogicGate' <Latency = 0> <II = 1> <Delay = 0.99> <FuncUnit> <Opcode : 'and' 'or' 'xor'> <InPorts = 2> <OutPorts = 1>
ST_80 : Operation 232 [1/1] (4.42ns) (out node of the LUT)   --->   "%select_ln329 = select i1 %or_ln329, i32 %select_ln327, i32 %select_ln337"   --->   Operation 232 'select' 'select_ln329' <Predicate = (!icmp_ln71)> <Delay = 4.42> <CoreInst = "Sel">   --->   Core 73 'Sel' <Latency = 0> <II = 1> <Delay = 0.80> <FuncUnit> <Opcode : 'select'> <InPorts = 3> <OutPorts = 1>

State 81 <SV = 80> <Delay = 5.72>
ST_81 : Operation 233 [1/1] (0.00ns)   --->   "%line = phi i31 0, void %.lr.ph300, i31 %select_ln71_1, void %._crit_edge.loopexit" [src/corner_response.cpp:71]   --->   Operation 233 'phi' 'line' <Predicate = true> <Delay = 0.00>
ST_81 : Operation 234 [1/1] (0.00ns)   --->   "%column = phi i31 0, void %.lr.ph300, i31 %column_1, void %._crit_edge.loopexit"   --->   Operation 234 'phi' 'column' <Predicate = true> <Delay = 0.00>
ST_81 : Operation 235 [1/1] (0.00ns)   --->   "%zext_ln72 = zext i31 %column" [src/corner_response.cpp:72]   --->   Operation 235 'zext' 'zext_ln72' <Predicate = true> <Delay = 0.00>
ST_81 : Operation 236 [1/1] (2.47ns)   --->   "%icmp_ln72 = icmp_slt  i32 %zext_ln72, i32 %image_w_read" [src/corner_response.cpp:72]   --->   Operation 236 'icmp' 'icmp_ln72' <Predicate = true> <Delay = 2.47> <CoreInst = "Cmp">   --->   Core 9 'Cmp' <Latency = 0> <II = 1> <Delay = 2.47> <FuncUnit> <Opcode : 'icmp'> <InPorts = 2> <OutPorts = 1>
ST_81 : Operation 237 [1/1] (0.00ns)   --->   "%specloopname_ln0 = specloopname void @_ssdm_op_SpecLoopName, void @VITIS_LOOP_71_1_VITIS_LOOP_72_2_str"   --->   Operation 237 'specloopname' 'specloopname_ln0' <Predicate = (!icmp_ln71)> <Delay = 0.00>
ST_81 : Operation 238 [1/1] (0.73ns)   --->   "%select_ln71 = select i1 %icmp_ln72, i31 %column, i31 0" [src/corner_response.cpp:71]   --->   Operation 238 'select' 'select_ln71' <Predicate = (!icmp_ln71)> <Delay = 0.73> <CoreInst = "Sel">   --->   Core 73 'Sel' <Latency = 0> <II = 1> <Delay = 0.80> <FuncUnit> <Opcode : 'select'> <InPorts = 3> <OutPorts = 1>
ST_81 : Operation 239 [1/1] (0.00ns)   --->   "%zext_ln71 = zext i31 %select_ln71" [src/corner_response.cpp:71]   --->   Operation 239 'zext' 'zext_ln71' <Predicate = (!icmp_ln71)> <Delay = 0.00>
ST_81 : Operation 240 [1/1] (2.52ns)   --->   "%add_ln71_1 = add i31 %line, i31 1" [src/corner_response.cpp:71]   --->   Operation 240 'add' 'add_ln71_1' <Predicate = (!icmp_ln71)> <Delay = 2.52> <CoreInst = "Adder">   --->   Core 1 'Adder' <Latency = 0> <II = 1> <Delay = 2.55> <FuncUnit> <Opcode : 'add' 'sub'> <InPorts = 2> <OutPorts = 1>
ST_81 : Operation 241 [1/1] (0.73ns)   --->   "%select_ln71_1 = select i1 %icmp_ln72, i31 %line, i31 %add_ln71_1" [src/corner_response.cpp:71]   --->   Operation 241 'select' 'select_ln71_1' <Predicate = (!icmp_ln71)> <Delay = 0.73> <CoreInst = "Sel">   --->   Core 73 'Sel' <Latency = 0> <II = 1> <Delay = 0.80> <FuncUnit> <Opcode : 'select'> <InPorts = 3> <OutPorts = 1>
ST_81 : Operation 242 [1/1] (0.00ns)   --->   "%specpipeline_ln72 = specpipeline void @_ssdm_op_SpecPipeline, i32 1, i32 0, i32 0, i32 0, void @empty_1" [src/corner_response.cpp:72]   --->   Operation 242 'specpipeline' 'specpipeline_ln72' <Predicate = (!icmp_ln71)> <Delay = 0.00>
ST_81 : Operation 243 [1/1] (0.00ns)   --->   "%specloopname_ln72 = specloopname void @_ssdm_op_SpecLoopName, void @empty_4" [src/corner_response.cpp:72]   --->   Operation 243 'specloopname' 'specloopname_ln72' <Predicate = (!icmp_ln71)> <Delay = 0.00>
ST_81 : Operation 244 [1/1] (2.55ns)   --->   "%sub_ln455 = sub i32 0, i32 %select_ln329"   --->   Operation 244 'sub' 'sub_ln455' <Predicate = (!icmp_ln71 & p_Result_s)> <Delay = 2.55> <CoreInst = "Adder">   --->   Core 1 'Adder' <Latency = 0> <II = 1> <Delay = 2.55> <FuncUnit> <Opcode : 'add' 'sub'> <InPorts = 2> <OutPorts = 1>
ST_81 : Operation 245 [1/1] (0.69ns)   --->   "%p_Val2_1 = select i1 %p_Result_s, i32 %sub_ln455, i32 %select_ln329"   --->   Operation 245 'select' 'p_Val2_1' <Predicate = (!icmp_ln71)> <Delay = 0.69> <CoreInst = "Sel">   --->   Core 73 'Sel' <Latency = 0> <II = 1> <Delay = 0.80> <FuncUnit> <Opcode : 'select'> <InPorts = 3> <OutPorts = 1>
ST_81 : Operation 246 [1/1] (0.00ns)   --->   "%tmp_1 = bitselect i1 @_ssdm_op_BitSelect.i1.i32.i32, i32 %p_Val2_1, i32 31"   --->   Operation 246 'bitselect' 'tmp_1' <Predicate = (!icmp_ln71)> <Delay = 0.00>
ST_81 : Operation 247 [1/1] (0.00ns)   --->   "%phitmp = partselect i16 @_ssdm_op_PartSelect.i16.i32.i32.i32, i32 %p_Val2_1, i32 1, i32 16"   --->   Operation 247 'partselect' 'phitmp' <Predicate = (!icmp_ln71)> <Delay = 0.00>
ST_81 : Operation 248 [1/1] (0.80ns)   --->   "%out_element_int_data_V = select i1 %tmp_1, i16 0, i16 %phitmp"   --->   Operation 248 'select' 'out_element_int_data_V' <Predicate = (!icmp_ln71)> <Delay = 0.80> <CoreInst = "Sel">   --->   Core 73 'Sel' <Latency = 0> <II = 1> <Delay = 0.80> <FuncUnit> <Opcode : 'select'> <InPorts = 3> <OutPorts = 1>
ST_81 : Operation 249 [1/1] (0.00ns) (grouped into LUT with out node out_element_int_user_V)   --->   "%or_ln93 = or i31 %select_ln71, i31 %select_ln71_1" [src/corner_response.cpp:93]   --->   Operation 249 'or' 'or_ln93' <Predicate = (!icmp_ln71)> <Delay = 0.00> <CoreInst = "LogicGate">   --->   Core 74 'LogicGate' <Latency = 0> <II = 1> <Delay = 0.99> <FuncUnit> <Opcode : 'and' 'or' 'xor'> <InPorts = 2> <OutPorts = 1>
ST_81 : Operation 250 [1/1] (2.47ns) (out node of the LUT)   --->   "%out_element_int_user_V = icmp_eq  i31 %or_ln93, i31 0" [src/corner_response.cpp:93]   --->   Operation 250 'icmp' 'out_element_int_user_V' <Predicate = (!icmp_ln71)> <Delay = 2.47> <CoreInst = "Cmp">   --->   Core 9 'Cmp' <Latency = 0> <II = 1> <Delay = 2.47> <FuncUnit> <Opcode : 'icmp'> <InPorts = 2> <OutPorts = 1>
ST_81 : Operation 251 [1/1] (2.47ns)   --->   "%out_element_int_last_V = icmp_eq  i32 %zext_ln71, i32 %sub" [src/corner_response.cpp:94]   --->   Operation 251 'icmp' 'out_element_int_last_V' <Predicate = (!icmp_ln71)> <Delay = 2.47> <CoreInst = "Cmp">   --->   Core 9 'Cmp' <Latency = 0> <II = 1> <Delay = 2.47> <FuncUnit> <Opcode : 'icmp'> <InPorts = 2> <OutPorts = 1>
ST_81 : Operation 252 [1/1] (0.00ns)   --->   "%write_ln304 = write void @_ssdm_op_Write.axis.volatile.i16P0A.i2P0A.i2P0A.i1P0A.i1P0A, i16 %stream_out_V_data_V, i2 %stream_out_V_keep_V, i2 %stream_out_V_strb_V, i1 %stream_out_V_user_V, i1 %stream_out_V_last_V, i16 %out_element_int_data_V, i2 0, i2 0, i1 %out_element_int_user_V, i1 %out_element_int_last_V"   --->   Operation 252 'write' 'write_ln304' <Predicate = (!icmp_ln71)> <Delay = 0.00> <CoreInst = "axis">   --->   Core 115 'axis' <Latency = 0> <II = 1> <Delay = 1.00> <Adapter> <Opcode : >
ST_81 : Operation 253 [1/1] (2.52ns)   --->   "%column_1 = add i31 %select_ln71, i31 1" [src/corner_response.cpp:72]   --->   Operation 253 'add' 'column_1' <Predicate = (!icmp_ln71)> <Delay = 2.52> <CoreInst = "Adder">   --->   Core 1 'Adder' <Latency = 0> <II = 1> <Delay = 2.55> <FuncUnit> <Opcode : 'add' 'sub'> <InPorts = 2> <OutPorts = 1>
ST_81 : Operation 254 [1/1] (0.00ns)   --->   "%br_ln0 = br void"   --->   Operation 254 'br' 'br_ln0' <Predicate = (!icmp_ln71)> <Delay = 0.00>

State 82 <SV = 81> <Delay = 0.00>
ST_82 : Operation 255 [1/1] (0.00ns)   --->   "%ret_ln100 = ret" [src/corner_response.cpp:100]   --->   Operation 255 'ret' 'ret_ln100' <Predicate = true> <Delay = 0.00>


============================================================
+ Verbose Summary: Timing violations
============================================================
Target clock period: 10ns, clock uncertainty: 2.7ns.

 <State 1>: 6.91ns
The critical path consists of the following:
	wire read on port 'image_h' [27]  (0 ns)
	'mul' operation ('bound') [32]  (6.91 ns)

 <State 2>: 6.91ns
The critical path consists of the following:
	'mul' operation ('bound') [32]  (6.91 ns)

 <State 3>: 3.52ns
The critical path consists of the following:
	'phi' operation ('indvar_flatten', src/corner_response.cpp:71) with incoming values : ('add_ln71', src/corner_response.cpp:71) [35]  (0 ns)
	'add' operation ('add_ln71', src/corner_response.cpp:71) [38]  (3.52 ns)

 <State 4>: 3.13ns
The critical path consists of the following:
	'sub' operation ('ret') [59]  (2.08 ns)
	'mul' operation of DSP[66] ('mul_ln213') [61]  (1.05 ns)

 <State 5>: 2.15ns
The critical path consists of the following:
	'mul' operation of DSP[64] ('mul_ln87', src/corner_response.cpp:87) [64]  (2.15 ns)

 <State 6>: 2.1ns
The critical path consists of the following:
	'mul' operation of DSP[66] ('mul_ln213') [61]  (0 ns)
	'add' operation of DSP[66] ('add_ln87', src/corner_response.cpp:87) [66]  (2.1 ns)

 <State 7>: 2.1ns
The critical path consists of the following:
	'add' operation of DSP[66] ('add_ln87', src/corner_response.cpp:87) [66]  (2.1 ns)

 <State 8>: 6.28ns
The critical path consists of the following:
	'uitodp' operation ('conv', src/corner_response.cpp:87) [67]  (6.28 ns)

 <State 9>: 6.28ns
The critical path consists of the following:
	'uitodp' operation ('conv', src/corner_response.cpp:87) [67]  (6.28 ns)

 <State 10>: 6.28ns
The critical path consists of the following:
	'uitodp' operation ('conv', src/corner_response.cpp:87) [67]  (6.28 ns)

 <State 11>: 6.28ns
The critical path consists of the following:
	'uitodp' operation ('conv', src/corner_response.cpp:87) [67]  (6.28 ns)

 <State 12>: 6.28ns
The critical path consists of the following:
	'uitodp' operation ('conv', src/corner_response.cpp:87) [67]  (6.28 ns)

 <State 13>: 6.28ns
The critical path consists of the following:
	'uitodp' operation ('conv', src/corner_response.cpp:87) [67]  (6.28 ns)

 <State 14>: 5.17ns
The critical path consists of the following:
	'dsqrt' operation ('i_op', src/corner_response.cpp:87) [68]  (5.17 ns)

 <State 15>: 5.17ns
The critical path consists of the following:
	'dsqrt' operation ('i_op', src/corner_response.cpp:87) [68]  (5.17 ns)

 <State 16>: 5.17ns
The critical path consists of the following:
	'dsqrt' operation ('i_op', src/corner_response.cpp:87) [68]  (5.17 ns)

 <State 17>: 5.17ns
The critical path consists of the following:
	'dsqrt' operation ('i_op', src/corner_response.cpp:87) [68]  (5.17 ns)

 <State 18>: 5.17ns
The critical path consists of the following:
	'dsqrt' operation ('i_op', src/corner_response.cpp:87) [68]  (5.17 ns)

 <State 19>: 5.17ns
The critical path consists of the following:
	'dsqrt' operation ('i_op', src/corner_response.cpp:87) [68]  (5.17 ns)

 <State 20>: 5.17ns
The critical path consists of the following:
	'dsqrt' operation ('i_op', src/corner_response.cpp:87) [68]  (5.17 ns)

 <State 21>: 5.17ns
The critical path consists of the following:
	'dsqrt' operation ('i_op', src/corner_response.cpp:87) [68]  (5.17 ns)

 <State 22>: 5.17ns
The critical path consists of the following:
	'dsqrt' operation ('i_op', src/corner_response.cpp:87) [68]  (5.17 ns)

 <State 23>: 5.17ns
The critical path consists of the following:
	'dsqrt' operation ('i_op', src/corner_response.cpp:87) [68]  (5.17 ns)

 <State 24>: 5.17ns
The critical path consists of the following:
	'dsqrt' operation ('i_op', src/corner_response.cpp:87) [68]  (5.17 ns)

 <State 25>: 5.17ns
The critical path consists of the following:
	'dsqrt' operation ('i_op', src/corner_response.cpp:87) [68]  (5.17 ns)

 <State 26>: 5.17ns
The critical path consists of the following:
	'dsqrt' operation ('i_op', src/corner_response.cpp:87) [68]  (5.17 ns)

 <State 27>: 5.17ns
The critical path consists of the following:
	'dsqrt' operation ('i_op', src/corner_response.cpp:87) [68]  (5.17 ns)

 <State 28>: 5.17ns
The critical path consists of the following:
	'dsqrt' operation ('i_op', src/corner_response.cpp:87) [68]  (5.17 ns)

 <State 29>: 5.17ns
The critical path consists of the following:
	'dsqrt' operation ('i_op', src/corner_response.cpp:87) [68]  (5.17 ns)

 <State 30>: 5.17ns
The critical path consists of the following:
	'dsqrt' operation ('i_op', src/corner_response.cpp:87) [68]  (5.17 ns)

 <State 31>: 5.17ns
The critical path consists of the following:
	'dsqrt' operation ('i_op', src/corner_response.cpp:87) [68]  (5.17 ns)

 <State 32>: 5.17ns
The critical path consists of the following:
	'dsqrt' operation ('i_op', src/corner_response.cpp:87) [68]  (5.17 ns)

 <State 33>: 5.17ns
The critical path consists of the following:
	'dsqrt' operation ('i_op', src/corner_response.cpp:87) [68]  (5.17 ns)

 <State 34>: 5.17ns
The critical path consists of the following:
	'dsqrt' operation ('i_op', src/corner_response.cpp:87) [68]  (5.17 ns)

 <State 35>: 5.17ns
The critical path consists of the following:
	'dsqrt' operation ('i_op', src/corner_response.cpp:87) [68]  (5.17 ns)

 <State 36>: 5.17ns
The critical path consists of the following:
	'dsqrt' operation ('i_op', src/corner_response.cpp:87) [68]  (5.17 ns)

 <State 37>: 5.17ns
The critical path consists of the following:
	'dsqrt' operation ('i_op', src/corner_response.cpp:87) [68]  (5.17 ns)

 <State 38>: 5.17ns
The critical path consists of the following:
	'dsqrt' operation ('i_op', src/corner_response.cpp:87) [68]  (5.17 ns)

 <State 39>: 5.17ns
The critical path consists of the following:
	'dsqrt' operation ('i_op', src/corner_response.cpp:87) [68]  (5.17 ns)

 <State 40>: 5.17ns
The critical path consists of the following:
	'dsqrt' operation ('i_op', src/corner_response.cpp:87) [68]  (5.17 ns)

 <State 41>: 5.17ns
The critical path consists of the following:
	'dsqrt' operation ('i_op', src/corner_response.cpp:87) [68]  (5.17 ns)

 <State 42>: 5.17ns
The critical path consists of the following:
	'dsqrt' operation ('i_op', src/corner_response.cpp:87) [68]  (5.17 ns)

 <State 43>: 5.17ns
The critical path consists of the following:
	'dsqrt' operation ('i_op', src/corner_response.cpp:87) [68]  (5.17 ns)

 <State 44>: 5.17ns
The critical path consists of the following:
	'dsqrt' operation ('i_op', src/corner_response.cpp:87) [68]  (5.17 ns)

 <State 45>: 5.17ns
The critical path consists of the following:
	'dsqrt' operation ('i_op', src/corner_response.cpp:87) [68]  (5.17 ns)

 <State 46>: 5.17ns
The critical path consists of the following:
	'dsqrt' operation ('i_op', src/corner_response.cpp:87) [68]  (5.17 ns)

 <State 47>: 5.17ns
The critical path consists of the following:
	'dsqrt' operation ('i_op', src/corner_response.cpp:87) [68]  (5.17 ns)

 <State 48>: 5.17ns
The critical path consists of the following:
	'dsqrt' operation ('i_op', src/corner_response.cpp:87) [68]  (5.17 ns)

 <State 49>: 5.17ns
The critical path consists of the following:
	'dsqrt' operation ('i_op', src/corner_response.cpp:87) [68]  (5.17 ns)

 <State 50>: 5.17ns
The critical path consists of the following:
	'dsqrt' operation ('i_op', src/corner_response.cpp:87) [68]  (5.17 ns)

 <State 51>: 5.17ns
The critical path consists of the following:
	'dsqrt' operation ('i_op', src/corner_response.cpp:87) [68]  (5.17 ns)

 <State 52>: 5.17ns
The critical path consists of the following:
	'dsqrt' operation ('i_op', src/corner_response.cpp:87) [68]  (5.17 ns)

 <State 53>: 5.17ns
The critical path consists of the following:
	'dsqrt' operation ('i_op', src/corner_response.cpp:87) [68]  (5.17 ns)

 <State 54>: 5.17ns
The critical path consists of the following:
	'dsqrt' operation ('i_op', src/corner_response.cpp:87) [68]  (5.17 ns)

 <State 55>: 5.17ns
The critical path consists of the following:
	'dsqrt' operation ('i_op', src/corner_response.cpp:87) [68]  (5.17 ns)

 <State 56>: 5.17ns
The critical path consists of the following:
	'dsqrt' operation ('i_op', src/corner_response.cpp:87) [68]  (5.17 ns)

 <State 57>: 5.17ns
The critical path consists of the following:
	'dsqrt' operation ('i_op', src/corner_response.cpp:87) [68]  (5.17 ns)

 <State 58>: 5.17ns
The critical path consists of the following:
	'dsqrt' operation ('i_op', src/corner_response.cpp:87) [68]  (5.17 ns)

 <State 59>: 5.17ns
The critical path consists of the following:
	'dsqrt' operation ('i_op', src/corner_response.cpp:87) [68]  (5.17 ns)

 <State 60>: 5.17ns
The critical path consists of the following:
	'dsqrt' operation ('i_op', src/corner_response.cpp:87) [68]  (5.17 ns)

 <State 61>: 5.17ns
The critical path consists of the following:
	'dsqrt' operation ('i_op', src/corner_response.cpp:87) [68]  (5.17 ns)

 <State 62>: 5.17ns
The critical path consists of the following:
	'dsqrt' operation ('i_op', src/corner_response.cpp:87) [68]  (5.17 ns)

 <State 63>: 5.17ns
The critical path consists of the following:
	'dsqrt' operation ('i_op', src/corner_response.cpp:87) [68]  (5.17 ns)

 <State 64>: 5.17ns
The critical path consists of the following:
	'dsqrt' operation ('i_op', src/corner_response.cpp:87) [68]  (5.17 ns)

 <State 65>: 6.28ns
The critical path consists of the following:
	'sitodp' operation ('conv_i') [70]  (6.28 ns)

 <State 66>: 6.28ns
The critical path consists of the following:
	'sitodp' operation ('conv_i') [70]  (6.28 ns)

 <State 67>: 6.28ns
The critical path consists of the following:
	'sitodp' operation ('conv_i') [70]  (6.28 ns)

 <State 68>: 6.28ns
The critical path consists of the following:
	'sitodp' operation ('conv_i') [70]  (6.28 ns)

 <State 69>: 6.28ns
The critical path consists of the following:
	'sitodp' operation ('conv_i') [70]  (6.28 ns)

 <State 70>: 6.28ns
The critical path consists of the following:
	'sitodp' operation ('conv_i') [70]  (6.28 ns)

 <State 71>: 7.3ns
The critical path consists of the following:
	'dsub' operation ('val') [71]  (7.3 ns)

 <State 72>: 7.3ns
The critical path consists of the following:
	'dsub' operation ('val') [71]  (7.3 ns)

 <State 73>: 7.3ns
The critical path consists of the following:
	'dsub' operation ('val') [71]  (7.3 ns)

 <State 74>: 7.3ns
The critical path consists of the following:
	'dsub' operation ('val') [71]  (7.3 ns)

 <State 75>: 7.3ns
The critical path consists of the following:
	'dsub' operation ('val') [71]  (7.3 ns)

 <State 76>: 7.3ns
The critical path consists of the following:
	'dsub' operation ('val') [71]  (7.3 ns)

 <State 77>: 7.3ns
The critical path consists of the following:
	'dsub' operation ('val') [71]  (7.3 ns)

 <State 78>: 3.54ns
The critical path consists of the following:
	'sub' operation ('sh_amt') [82]  (1.55 ns)
	'icmp' operation ('icmp_ln329') [84]  (1.99 ns)

 <State 79>: 6.57ns
The critical path consists of the following:
	'or' operation ('or_ln327') [96]  (0.978 ns)
	'xor' operation ('xor_ln327') [97]  (0 ns)
	'and' operation ('and_ln330') [98]  (0 ns)
	'and' operation ('and_ln330_1') [99]  (0 ns)
	'select' operation ('select_ln330') [100]  (0 ns)
	'select' operation ('select_ln323') [101]  (4.61 ns)
	'select' operation ('select_ln327') [104]  (0.978 ns)

 <State 80>: 4.42ns
The critical path consists of the following:
	'shl' operation ('shl_ln339') [90]  (0 ns)
	'select' operation ('select_ln337') [91]  (0 ns)
	'select' operation ('select_ln329') [106]  (4.42 ns)

 <State 81>: 5.73ns
The critical path consists of the following:
	'phi' operation ('column') with incoming values : ('column', src/corner_response.cpp:72) [37]  (0 ns)
	'icmp' operation ('icmp_ln72', src/corner_response.cpp:72) [40]  (2.47 ns)
	'select' operation ('select_ln71', src/corner_response.cpp:71) [45]  (0.733 ns)
	'add' operation ('column', src/corner_response.cpp:72) [116]  (2.52 ns)

 <State 82>: 0ns
The critical path consists of the following:


============================================================
+ Verbose Summary: Binding
============================================================
N/A
* FSMD analyzer results:
  - Output states:
 - Input state : 
  - Chain level:
	State 1
	State 2
	State 3
	State 4
	State 5
	State 6
	State 7
	State 8
	State 9
	State 10
	State 11
	State 12
	State 13
	State 14
	State 15
	State 16
	State 17
	State 18
	State 19
	State 20
	State 21
	State 22
	State 23
	State 24
	State 25
	State 26
	State 27
	State 28
	State 29
	State 30
	State 31
	State 32
	State 33
	State 34
	State 35
	State 36
	State 37
	State 38
	State 39
	State 40
	State 41
	State 42
	State 43
	State 44
	State 45
	State 46
	State 47
	State 48
	State 49
	State 50
	State 51
	State 52
	State 53
	State 54
	State 55
	State 56
	State 57
	State 58
	State 59
	State 60
	State 61
	State 62
	State 63
	State 64
	State 65
	State 66
	State 67
	State 68
	State 69
	State 70
	State 71
	State 72
	State 73
	State 74
	State 75
	State 76
	State 77
	State 78
	State 79
	State 80
	State 81
	State 82


============================================================
+ Verbose Summary: Datapath Resource usage 
============================================================
N/A
