Vivado Simulator 2020.2
Copyright 1986-1999, 2001-2020 Xilinx, Inc. All Rights Reserved.
Running: /tools/Xilinx/Vivado/2020.2/bin/unwrapped/lnx64.o/xelab xil_defaultlib.apatb_DataMoverUnit_s2mm_32bits_top glbl -prj DataMoverUnit_s2mm_32bits.prj -L smartconnect_v1_0 -L axi_protocol_checker_v1_1_12 -L axi_protocol_checker_v1_1_13 -L axis_protocol_checker_v1_1_11 -L axis_protocol_checker_v1_1_12 -L xil_defaultlib -L unisims -L unisims_ver -L xpm -L floating_point_v7_0_18 -L floating_point_v7_1_11 --lib ieee_proposed=./ieee_proposed -s DataMoverUnit_s2mm_32bits -debug wave 
Multi-threading is on. Using 4 slave threads.
Determining compilation order of HDL files.
WARNING: [XSIM 43-3431] One or more environment variables have been detected which affect the operation of the C compiler. These are typically not set in standard installations and are not tested by Xilinx, however they may be appropriate for your system, so the flow will attempt to continue.  If errors occur, try running xelab with the "-mt off -v 1" switches to see more information from the C compiler. The following environment variables have been detected:
INFO: [VRFC 10-2263] Analyzing SystemVerilog file "/home/lbo/Projects/esiee/hardware/IPs/cores/data_mover_s2mm/Data_Mover_S2MM/solution1/sim/vhdl/glbl.v" into library work
INFO: [VRFC 10-311] analyzing module glbl
INFO: [VRFC 10-163] Analyzing VHDL file "/home/lbo/Projects/esiee/hardware/IPs/cores/data_mover_s2mm/Data_Mover_S2MM/solution1/sim/vhdl/AESL_sim_pkg.vhd" into library xil_defaultlib
INFO: [VRFC 10-163] Analyzing VHDL file "/home/lbo/Projects/esiee/hardware/IPs/cores/data_mover_s2mm/Data_Mover_S2MM/solution1/sim/vhdl/DataMoverUnit_s2mm_32bits.vhd" into library xil_defaultlib
INFO: [VRFC 10-3107] analyzing entity 'DataMoverUnit_s2mm_32bits'
INFO: [VRFC 10-163] Analyzing VHDL file "/home/lbo/Projects/esiee/hardware/IPs/cores/data_mover_s2mm/Data_Mover_S2MM/solution1/sim/vhdl/DataMoverUnit_s2mm_32bits_DMAWriteMM.vhd" into library xil_defaultlib
INFO: [VRFC 10-3107] analyzing entity 'DataMoverUnit_s2mm_32bits_DMAWriteMM'
INFO: [VRFC 10-163] Analyzing VHDL file "/home/lbo/Projects/esiee/hardware/IPs/cores/data_mover_s2mm/Data_Mover_S2MM/solution1/sim/vhdl/DataMoverUnit_s2mm_32bits_MM_video_out_m_axi.vhd" into library xil_defaultlib
INFO: [VRFC 10-3107] analyzing entity 'DataMoverUnit_s2mm_32bits_MM_video_out_m_axi'
INFO: [VRFC 10-3107] analyzing entity 'DataMoverUnit_s2mm_32bits_MM_video_out_m_axi_reg_slice'
INFO: [VRFC 10-3107] analyzing entity 'DataMoverUnit_s2mm_32bits_MM_video_out_m_axi_fifo'
INFO: [VRFC 10-3107] analyzing entity 'DataMoverUnit_s2mm_32bits_MM_video_out_m_axi_buffer'
INFO: [VRFC 10-3107] analyzing entity 'DataMoverUnit_s2mm_32bits_MM_video_out_m_axi_decoder'
INFO: [VRFC 10-3107] analyzing entity 'DataMoverUnit_s2mm_32bits_MM_video_out_m_axi_throttl'
INFO: [VRFC 10-3107] analyzing entity 'DataMoverUnit_s2mm_32bits_MM_video_out_m_axi_read'
INFO: [VRFC 10-3107] analyzing entity 'DataMoverUnit_s2mm_32bits_MM_video_out_m_axi_write'
INFO: [VRFC 10-163] Analyzing VHDL file "/home/lbo/Projects/esiee/hardware/IPs/cores/data_mover_s2mm/Data_Mover_S2MM/solution1/sim/vhdl/DataMoverUnit_s2mm_32bits_dataflow_in_loop_S2M_stream_elt_dma_buffer_V_memcore.vhd" into library xil_defaultlib
INFO: [VRFC 10-3107] analyzing entity 'DataMoverUnit_s2mm_32bits_dataflow_in_loop_S2M_stream_elt_dma_buffer_V_memcore_ram'
INFO: [VRFC 10-3107] analyzing entity 'DataMoverUnit_s2mm_32bits_dataflow_in_loop_S2M_stream_elt_dma_buffer_V_memcore'
INFO: [VRFC 10-163] Analyzing VHDL file "/home/lbo/Projects/esiee/hardware/IPs/cores/data_mover_s2mm/Data_Mover_S2MM/solution1/sim/vhdl/DataMoverUnit_s2mm_32bits_dataflow_in_loop_S2M_axi_elt_dma_buffer_V.vhd" into library xil_defaultlib
INFO: [VRFC 10-3107] analyzing entity 'DataMoverUnit_s2mm_32bits_dataflow_in_loop_S2M_axi_elt_dma_buffer_V'
INFO: [VRFC 10-163] Analyzing VHDL file "/home/lbo/Projects/esiee/hardware/IPs/cores/data_mover_s2mm/Data_Mover_S2MM/solution1/sim/vhdl/AESL_axi_s_STR_video_in.vhd" into library xil_defaultlib
INFO: [VRFC 10-3107] analyzing entity 'AESL_axi_s_STR_video_in'
INFO: [VRFC 10-163] Analyzing VHDL file "/home/lbo/Projects/esiee/hardware/IPs/cores/data_mover_s2mm/Data_Mover_S2MM/solution1/sim/vhdl/DataMoverUnit_s2mm_32bits_dataflow_in_loop_S2M.vhd" into library xil_defaultlib
INFO: [VRFC 10-3107] analyzing entity 'DataMoverUnit_s2mm_32bits_dataflow_in_loop_S2M'
INFO: [VRFC 10-163] Analyzing VHDL file "/home/lbo/Projects/esiee/hardware/IPs/cores/data_mover_s2mm/Data_Mover_S2MM/solution1/sim/vhdl/DataMoverUnit_s2mm_32bits_start_for_FillLocalBuffer7_U0.vhd" into library xil_defaultlib
INFO: [VRFC 10-3107] analyzing entity 'DataMoverUnit_s2mm_32bits_start_for_FillLocalBuffer7_U0_shiftReg'
INFO: [VRFC 10-3107] analyzing entity 'DataMoverUnit_s2mm_32bits_start_for_FillLocalBuffer7_U0'
INFO: [VRFC 10-163] Analyzing VHDL file "/home/lbo/Projects/esiee/hardware/IPs/cores/data_mover_s2mm/Data_Mover_S2MM/solution1/sim/vhdl/DataMoverUnit_s2mm_32bits_fifo_w31_d2_S.vhd" into library xil_defaultlib
INFO: [VRFC 10-3107] analyzing entity 'DataMoverUnit_s2mm_32bits_fifo_w31_d2_S_shiftReg'
INFO: [VRFC 10-3107] analyzing entity 'DataMoverUnit_s2mm_32bits_fifo_w31_d2_S'
INFO: [VRFC 10-163] Analyzing VHDL file "/home/lbo/Projects/esiee/hardware/IPs/cores/data_mover_s2mm/Data_Mover_S2MM/solution1/sim/vhdl/AESL_axi_master_MM_video_out.vhd" into library xil_defaultlib
INFO: [VRFC 10-3107] analyzing entity 'AESL_axi_master_MM_video_out'
INFO: [VRFC 10-163] Analyzing VHDL file "/home/lbo/Projects/esiee/hardware/IPs/cores/data_mover_s2mm/Data_Mover_S2MM/solution1/sim/vhdl/DataMoverUnit_s2mm_32bits_fifo_w21_d2_S.vhd" into library xil_defaultlib
INFO: [VRFC 10-3107] analyzing entity 'DataMoverUnit_s2mm_32bits_fifo_w21_d2_S_shiftReg'
INFO: [VRFC 10-3107] analyzing entity 'DataMoverUnit_s2mm_32bits_fifo_w21_d2_S'
INFO: [VRFC 10-163] Analyzing VHDL file "/home/lbo/Projects/esiee/hardware/IPs/cores/data_mover_s2mm/Data_Mover_S2MM/solution1/sim/vhdl/DataMoverUnit_s2mm_32bits_fifo_w1_d3_S.vhd" into library xil_defaultlib
INFO: [VRFC 10-3107] analyzing entity 'DataMoverUnit_s2mm_32bits_fifo_w1_d3_S_shiftReg'
INFO: [VRFC 10-3107] analyzing entity 'DataMoverUnit_s2mm_32bits_fifo_w1_d3_S'
INFO: [VRFC 10-163] Analyzing VHDL file "/home/lbo/Projects/esiee/hardware/IPs/cores/data_mover_s2mm/Data_Mover_S2MM/solution1/sim/vhdl/DataMoverUnit_s2mm_32bits_fifo_w32_d2_S.vhd" into library xil_defaultlib
INFO: [VRFC 10-3107] analyzing entity 'DataMoverUnit_s2mm_32bits_fifo_w32_d2_S_shiftReg'
INFO: [VRFC 10-3107] analyzing entity 'DataMoverUnit_s2mm_32bits_fifo_w32_d2_S'
INFO: [VRFC 10-163] Analyzing VHDL file "/home/lbo/Projects/esiee/hardware/IPs/cores/data_mover_s2mm/Data_Mover_S2MM/solution1/sim/vhdl/DataMoverUnit_s2mm_32bits_FillLocalBuffer7.vhd" into library xil_defaultlib
INFO: [VRFC 10-3107] analyzing entity 'DataMoverUnit_s2mm_32bits_FillLocalBuffer7'
INFO: [VRFC 10-163] Analyzing VHDL file "/home/lbo/Projects/esiee/hardware/IPs/cores/data_mover_s2mm/Data_Mover_S2MM/solution1/sim/vhdl/DataMoverUnit_s2mm_32bits_dataflow_in_loop_S2M_axi_elt_dma_buffer_V_memcore.vhd" into library xil_defaultlib
INFO: [VRFC 10-3107] analyzing entity 'DataMoverUnit_s2mm_32bits_dataflow_in_loop_S2M_axi_elt_dma_buffer_V_memcore_ram'
INFO: [VRFC 10-3107] analyzing entity 'DataMoverUnit_s2mm_32bits_dataflow_in_loop_S2M_axi_elt_dma_buffer_V_memcore'
INFO: [VRFC 10-163] Analyzing VHDL file "/home/lbo/Projects/esiee/hardware/IPs/cores/data_mover_s2mm/Data_Mover_S2MM/solution1/sim/vhdl/DataMoverUnit_s2mm_32bits_fifo_w1_d2_S.vhd" into library xil_defaultlib
INFO: [VRFC 10-3107] analyzing entity 'DataMoverUnit_s2mm_32bits_fifo_w1_d2_S_shiftReg'
INFO: [VRFC 10-3107] analyzing entity 'DataMoverUnit_s2mm_32bits_fifo_w1_d2_S'
INFO: [VRFC 10-163] Analyzing VHDL file "/home/lbo/Projects/esiee/hardware/IPs/cores/data_mover_s2mm/Data_Mover_S2MM/solution1/sim/vhdl/DataMoverUnit_s2mm_32bits_fifo_w32_d3_S.vhd" into library xil_defaultlib
INFO: [VRFC 10-3107] analyzing entity 'DataMoverUnit_s2mm_32bits_fifo_w32_d3_S_shiftReg'
INFO: [VRFC 10-3107] analyzing entity 'DataMoverUnit_s2mm_32bits_fifo_w32_d3_S'
INFO: [VRFC 10-163] Analyzing VHDL file "/home/lbo/Projects/esiee/hardware/IPs/cores/data_mover_s2mm/Data_Mover_S2MM/solution1/sim/vhdl/DataMoverUnit_s2mm_32bits_dataflow_in_loop_S2M_stream_elt_dma_buffer_V.vhd" into library xil_defaultlib
INFO: [VRFC 10-3107] analyzing entity 'DataMoverUnit_s2mm_32bits_dataflow_in_loop_S2M_stream_elt_dma_buffer_V'
INFO: [VRFC 10-163] Analyzing VHDL file "/home/lbo/Projects/esiee/hardware/IPs/cores/data_mover_s2mm/Data_Mover_S2MM/solution1/sim/vhdl/DataMoverUnit_s2mm_32bits_dataflow_in_loop_S2M_entry4.vhd" into library xil_defaultlib
INFO: [VRFC 10-3107] analyzing entity 'DataMoverUnit_s2mm_32bits_dataflow_in_loop_S2M_entry4'
INFO: [VRFC 10-163] Analyzing VHDL file "/home/lbo/Projects/esiee/hardware/IPs/cores/data_mover_s2mm/Data_Mover_S2MM/solution1/sim/vhdl/DataMoverUnit_s2mm_32bits.autotb.vhd" into library xil_defaultlib
INFO: [VRFC 10-3107] analyzing entity 'apatb_DataMoverUnit_s2mm_32bits_top'
INFO: [VRFC 10-163] Analyzing VHDL file "/home/lbo/Projects/esiee/hardware/IPs/cores/data_mover_s2mm/Data_Mover_S2MM/solution1/sim/vhdl/DataMoverUnit_s2mm_32bits_DataMover_s2mm_32bits.vhd" into library xil_defaultlib
INFO: [VRFC 10-3107] analyzing entity 'DataMoverUnit_s2mm_32bits_DataMover_s2mm_32bits'
INFO: [VRFC 10-163] Analyzing VHDL file "/home/lbo/Projects/esiee/hardware/IPs/cores/data_mover_s2mm/Data_Mover_S2MM/solution1/sim/vhdl/DataMoverUnit_s2mm_32bits_fifo_w21_d3_S.vhd" into library xil_defaultlib
INFO: [VRFC 10-3107] analyzing entity 'DataMoverUnit_s2mm_32bits_fifo_w21_d3_S_shiftReg'
INFO: [VRFC 10-3107] analyzing entity 'DataMoverUnit_s2mm_32bits_fifo_w21_d3_S'
INFO: [VRFC 10-163] Analyzing VHDL file "/home/lbo/Projects/esiee/hardware/IPs/cores/data_mover_s2mm/Data_Mover_S2MM/solution1/sim/vhdl/DataMoverUnit_s2mm_32bits_regslice_both.vhd" into library xil_defaultlib
INFO: [VRFC 10-3107] analyzing entity 'DataMoverUnit_s2mm_32bits_regslice_both'
INFO: [VRFC 10-3107] analyzing entity 'DataMoverUnit_s2mm_32bits_regslice_both_w1'
INFO: [VRFC 10-163] Analyzing VHDL file "/home/lbo/Projects/esiee/hardware/IPs/cores/data_mover_s2mm/Data_Mover_S2MM/solution1/sim/vhdl/DataMoverUnit_s2mm_32bits_S2M_FormatLocalBuffer.vhd" into library xil_defaultlib
INFO: [VRFC 10-3107] analyzing entity 'DataMoverUnit_s2mm_32bits_S2M_FormatLocalBuffer'
Starting static elaboration
Pass Through NonSizing Optimizer
Completed static elaboration
Starting simulation data flow analysis
Completed simulation data flow analysis
Time Resolution for simulation is 1ps
Compiling package std.standard
Compiling package std.textio
Compiling package ieee.std_logic_1164
Compiling package ieee.std_logic_arith
Compiling package ieee.std_logic_unsigned
Compiling package ieee.numeric_std
Compiling package ieee.std_logic_textio
Compiling module work.glbl
Compiling architecture behav of entity xil_defaultlib.DataMoverUnit_s2mm_32bits_MM_video_out_m_axi_throttl [\DataMoverUnit_s2mm_32bits_MM_vi...]
Compiling architecture behave of entity xil_defaultlib.DataMoverUnit_s2mm_32bits_MM_video_out_m_axi_fifo [\DataMoverUnit_s2mm_32bits_MM_vi...]
Compiling architecture behave of entity xil_defaultlib.DataMoverUnit_s2mm_32bits_MM_video_out_m_axi_reg_slice [\DataMoverUnit_s2mm_32bits_MM_vi...]
Compiling architecture behave of entity xil_defaultlib.DataMoverUnit_s2mm_32bits_MM_video_out_m_axi_fifo [\DataMoverUnit_s2mm_32bits_MM_vi...]
Compiling architecture arch of entity xil_defaultlib.DataMoverUnit_s2mm_32bits_MM_video_out_m_axi_buffer [\DataMoverUnit_s2mm_32bits_MM_vi...]
Compiling architecture behave of entity xil_defaultlib.DataMoverUnit_s2mm_32bits_MM_video_out_m_axi_fifo [\DataMoverUnit_s2mm_32bits_MM_vi...]
Compiling architecture behave of entity xil_defaultlib.DataMoverUnit_s2mm_32bits_MM_video_out_m_axi_fifo [\DataMoverUnit_s2mm_32bits_MM_vi...]
Compiling architecture behave of entity xil_defaultlib.DataMoverUnit_s2mm_32bits_MM_video_out_m_axi_write [\DataMoverUnit_s2mm_32bits_MM_vi...]
Compiling architecture arch of entity xil_defaultlib.DataMoverUnit_s2mm_32bits_MM_video_out_m_axi_buffer [\DataMoverUnit_s2mm_32bits_MM_vi...]
Compiling architecture behave of entity xil_defaultlib.DataMoverUnit_s2mm_32bits_MM_video_out_m_axi_reg_slice [\DataMoverUnit_s2mm_32bits_MM_vi...]
Compiling architecture behave of entity xil_defaultlib.DataMoverUnit_s2mm_32bits_MM_video_out_m_axi_read [\DataMoverUnit_s2mm_32bits_MM_vi...]
Compiling architecture behave of entity xil_defaultlib.DataMoverUnit_s2mm_32bits_MM_video_out_m_axi [\DataMoverUnit_s2mm_32bits_MM_vi...]
Compiling architecture behav of entity xil_defaultlib.DataMoverUnit_s2mm_32bits_dataflow_in_loop_S2M_entry4 [datamoverunit_s2mm_32bits_datafl...]
Compiling architecture behav of entity xil_defaultlib.DataMoverUnit_s2mm_32bits_FillLocalBuffer7 [datamoverunit_s2mm_32bits_filllo...]
Compiling architecture behav of entity xil_defaultlib.DataMoverUnit_s2mm_32bits_S2M_FormatLocalBuffer [datamoverunit_s2mm_32bits_s2m_fo...]
Compiling architecture behav of entity xil_defaultlib.DataMoverUnit_s2mm_32bits_DMAWriteMM [datamoverunit_s2mm_32bits_dmawri...]
Compiling architecture rtl of entity xil_defaultlib.DataMoverUnit_s2mm_32bits_dataflow_in_loop_S2M_stream_elt_dma_buffer_V_memcore_ram [datamoverunit_s2mm_32bits_datafl...]
Compiling architecture arch of entity xil_defaultlib.DataMoverUnit_s2mm_32bits_dataflow_in_loop_S2M_stream_elt_dma_buffer_V_memcore [datamoverunit_s2mm_32bits_datafl...]
Compiling architecture rtl of entity xil_defaultlib.DataMoverUnit_s2mm_32bits_dataflow_in_loop_S2M_stream_elt_dma_buffer_V [\DataMoverUnit_s2mm_32bits_dataf...]
Compiling architecture rtl of entity xil_defaultlib.DataMoverUnit_s2mm_32bits_dataflow_in_loop_S2M_axi_elt_dma_buffer_V_memcore_ram [datamoverunit_s2mm_32bits_datafl...]
Compiling architecture arch of entity xil_defaultlib.DataMoverUnit_s2mm_32bits_dataflow_in_loop_S2M_axi_elt_dma_buffer_V_memcore [datamoverunit_s2mm_32bits_datafl...]
Compiling architecture rtl of entity xil_defaultlib.DataMoverUnit_s2mm_32bits_dataflow_in_loop_S2M_axi_elt_dma_buffer_V [\DataMoverUnit_s2mm_32bits_dataf...]
Compiling architecture rtl of entity xil_defaultlib.DataMoverUnit_s2mm_32bits_fifo_w32_d2_S_shiftReg [datamoverunit_s2mm_32bits_fifo_w...]
Compiling architecture rtl of entity xil_defaultlib.DataMoverUnit_s2mm_32bits_fifo_w32_d2_S [\DataMoverUnit_s2mm_32bits_fifo_...]
Compiling architecture rtl of entity xil_defaultlib.DataMoverUnit_s2mm_32bits_fifo_w1_d2_S_shiftReg [datamoverunit_s2mm_32bits_fifo_w...]
Compiling architecture rtl of entity xil_defaultlib.DataMoverUnit_s2mm_32bits_fifo_w1_d2_S [\DataMoverUnit_s2mm_32bits_fifo_...]
Compiling architecture rtl of entity xil_defaultlib.DataMoverUnit_s2mm_32bits_fifo_w31_d2_S_shiftReg [datamoverunit_s2mm_32bits_fifo_w...]
Compiling architecture rtl of entity xil_defaultlib.DataMoverUnit_s2mm_32bits_fifo_w31_d2_S [\DataMoverUnit_s2mm_32bits_fifo_...]
Compiling architecture rtl of entity xil_defaultlib.DataMoverUnit_s2mm_32bits_fifo_w21_d2_S_shiftReg [datamoverunit_s2mm_32bits_fifo_w...]
Compiling architecture rtl of entity xil_defaultlib.DataMoverUnit_s2mm_32bits_fifo_w21_d2_S [\DataMoverUnit_s2mm_32bits_fifo_...]
Compiling architecture rtl of entity xil_defaultlib.DataMoverUnit_s2mm_32bits_fifo_w32_d3_S_shiftReg [datamoverunit_s2mm_32bits_fifo_w...]
Compiling architecture rtl of entity xil_defaultlib.DataMoverUnit_s2mm_32bits_fifo_w32_d3_S [\DataMoverUnit_s2mm_32bits_fifo_...]
Compiling architecture rtl of entity xil_defaultlib.DataMoverUnit_s2mm_32bits_fifo_w21_d3_S_shiftReg [datamoverunit_s2mm_32bits_fifo_w...]
Compiling architecture rtl of entity xil_defaultlib.DataMoverUnit_s2mm_32bits_fifo_w21_d3_S [\DataMoverUnit_s2mm_32bits_fifo_...]
Compiling architecture rtl of entity xil_defaultlib.DataMoverUnit_s2mm_32bits_fifo_w1_d3_S_shiftReg [datamoverunit_s2mm_32bits_fifo_w...]
Compiling architecture rtl of entity xil_defaultlib.DataMoverUnit_s2mm_32bits_fifo_w1_d3_S [\DataMoverUnit_s2mm_32bits_fifo_...]
Compiling architecture rtl of entity xil_defaultlib.DataMoverUnit_s2mm_32bits_start_for_FillLocalBuffer7_U0_shiftReg [datamoverunit_s2mm_32bits_start_...]
Compiling architecture rtl of entity xil_defaultlib.DataMoverUnit_s2mm_32bits_start_for_FillLocalBuffer7_U0 [\DataMoverUnit_s2mm_32bits_start...]
Compiling architecture behav of entity xil_defaultlib.DataMoverUnit_s2mm_32bits_dataflow_in_loop_S2M [datamoverunit_s2mm_32bits_datafl...]
Compiling architecture behav of entity xil_defaultlib.DataMoverUnit_s2mm_32bits_DataMover_s2mm_32bits [datamoverunit_s2mm_32bits_datamo...]
Compiling architecture behav of entity xil_defaultlib.DataMoverUnit_s2mm_32bits_regslice_both [\DataMoverUnit_s2mm_32bits_regsl...]
Compiling architecture behav of entity xil_defaultlib.DataMoverUnit_s2mm_32bits_regslice_both [\DataMoverUnit_s2mm_32bits_regsl...]
Compiling architecture behav of entity xil_defaultlib.DataMoverUnit_s2mm_32bits [datamoverunit_s2mm_32bits_defaul...]
Compiling architecture behav of entity xil_defaultlib.AESL_axi_s_STR_video_in [aesl_axi_s_str_video_in_default]
Compiling architecture behav of entity xil_defaultlib.AESL_axi_master_MM_video_out [aesl_axi_master_mm_video_out_def...]
Compiling architecture behav of entity xil_defaultlib.apatb_datamoverunit_s2mm_32bits_...
Built simulation snapshot DataMoverUnit_s2mm_32bits
