INFO: [HLS 200-10] Running '/tools/Xilinx/Vitis_HLS/2020.2/bin/unwrapped/lnx64.o/vitis_hls'
INFO: [HLS 200-10] For user 'lbo' on host 'lbo-MS-7A70' (Linux_x86_64 version 5.4.0-77-generic) on Thu Aug 12 17:04:01 CEST 2021
INFO: [HLS 200-10] On os Ubuntu 18.04.5 LTS
INFO: [HLS 200-10] In directory '/home/lbo/Projects/esiee/hardware/IPs/cores/Color_to_gray'
Sourcing Tcl script '/home/lbo/Projects/esiee/hardware/IPs/cores/Color_to_gray/color_to_gray/solution1/export.tcl'
INFO: [HLS 200-1510] Running: open_project color_to_gray 
INFO: [HLS 200-10] Opening project '/home/lbo/Projects/esiee/hardware/IPs/cores/Color_to_gray/color_to_gray'.
INFO: [HLS 200-1510] Running: set_top ColorToGrayUnit 
INFO: [HLS 200-1510] Running: add_files src/generics_n_options.h 
INFO: [HLS 200-10] Adding design file 'src/generics_n_options.h' to the project
INFO: [HLS 200-1510] Running: add_files src/color_to_gray_utils.h 
INFO: [HLS 200-10] Adding design file 'src/color_to_gray_utils.h' to the project
INFO: [HLS 200-1510] Running: add_files src/color_to_gray.h 
INFO: [HLS 200-10] Adding design file 'src/color_to_gray.h' to the project
INFO: [HLS 200-1510] Running: add_files src/color_to_gray.cpp 
INFO: [HLS 200-10] Adding design file 'src/color_to_gray.cpp' to the project
INFO: [HLS 200-1510] Running: add_files -tb src/tb.cpp -cflags -Wno-unknown-pragmas -csimflags -Wno-unknown-pragmas 
INFO: [HLS 200-10] Adding test bench file 'src/tb.cpp' to the project
INFO: [HLS 200-1510] Running: add_files -tb src/Pattern_in_red.txt -cflags -Wno-unknown-pragmas -csimflags -Wno-unknown-pragmas 
INFO: [HLS 200-10] Adding test bench file 'src/Pattern_in_red.txt' to the project
INFO: [HLS 200-1510] Running: add_files -tb src/Pattern_in_green.txt -cflags -Wno-unknown-pragmas -csimflags -Wno-unknown-pragmas 
INFO: [HLS 200-10] Adding test bench file 'src/Pattern_in_green.txt' to the project
INFO: [HLS 200-1510] Running: add_files -tb src/Pattern_in_blue.txt -cflags -Wno-unknown-pragmas -csimflags -Wno-unknown-pragmas 
INFO: [HLS 200-10] Adding test bench file 'src/Pattern_in_blue.txt' to the project
INFO: [HLS 200-1510] Running: open_solution solution1 -flow_target vivado 
INFO: [HLS 200-10] Opening solution '/home/lbo/Projects/esiee/hardware/IPs/cores/Color_to_gray/color_to_gray/solution1'.
INFO: [SYN 201-201] Setting up clock 'default' with a period of 10ns.
INFO: [HLS 200-10] Setting target device to 'xc7z020-clg400-1'
INFO: [HLS 200-1505] Using flow_target 'vivado'
Resolution: For help on HLS 200-1505 see www.xilinx.com/cgi-bin/docs/rdoc?v=2020.2;t=hls+guidance;d=200-1505.html
INFO: [HLS 200-1464] Running solution command: config_export -format=ip_catalog
INFO: [HLS 200-1464] Running solution command: config_export -library=DVR-002
INFO: [HLS 200-1464] Running solution command: config_export -rtl=vhdl
INFO: [HLS 200-1464] Running solution command: config_export -vendor=Deverne
INFO: [HLS 200-1464] Running solution command: config_export -version=1.0
INFO: [HLS 200-1510] Running: set_part xc7z020-clg400-1 
INFO: [HLS 200-1510] Running: create_clock -period 10 -name default 
INFO: [HLS 200-1510] Running: config_export -format ip_catalog -library DVR-002 -rtl vhdl -vendor Deverne -version 1.0 
INFO: [HLS 200-1510] Running: set_directive_top -name ColorToGrayUnit ColorToGrayUnit 
INFO: [HLS 200-1510] Running: export_design -rtl vhdl -format ip_catalog -vendor Deverne -library DVR-002 
INFO: [IMPL 213-8] Exporting RTL as a Vivado IP.

****** Vivado v2020.2 (64-bit)
  **** SW Build 3064766 on Wed Nov 18 09:12:47 MST 2020
  **** IP Build 3064653 on Wed Nov 18 14:17:31 MST 2020
    ** Copyright 1986-2020 Xilinx, Inc. All Rights Reserved.

source run_ippack.tcl -notrace
INFO: [IP_Flow 19-234] Refreshing IP repositories
INFO: [IP_Flow 19-1704] No user IP repositories specified
INFO: [IP_Flow 19-2313] Loaded Vivado IP repository '/tools/Xilinx/Vivado/2020.2/data/ip'.
INFO: [Common 17-206] Exiting Vivado at Thu Aug 12 17:04:11 2021...
INFO: [HLS 200-802] Generated output file color_to_gray/solution1/impl/export.zip
INFO: [HLS 200-111] Finished Command export_design CPU user time: 10.53 seconds. CPU system time: 0.94 seconds. Elapsed time: 12.14 seconds; current allocated memory: 201.917 MB.
