

================================================================
== Synthesis Summary Report of 'ColorToGrayUnit'
================================================================
+ General Information: 
    * Date:           Thu Aug 12 17:03:54 2021
    * Version:        2020.2 (Build 3064766 on Wed Nov 18 09:12:47 MST 2020)
    * Project:        color_to_gray
    * Solution:       solution1 (Vivado IP Flow Target)
    * Product family: zynq
    * Target device:  xc7z020-clg400-1
    

+ Performance & Resource Estimates: 
    
    PS: '+' for module; 'o' for loop; '*' for dataflow
    +-------------------------------------+------+-------+---------+--------+----------+---------+------+----------+------+---------+-----------+-----------+-----+
    |               Modules               | Issue|       | Latency | Latency| Iteration|         | Trip |          |      |         |           |           |     |
    |               & Loops               | Type | Slack | (cycles)|  (ns)  |  Latency | Interval| Count| Pipelined| BRAM |   DSP   |     FF    |    LUT    | URAM|
    +-------------------------------------+------+-------+---------+--------+----------+---------+------+----------+------+---------+-----------+-----------+-----+
    |+ ColorToGrayUnit                    |     -|  -0.39|        -|       -|         -|        -|     -|        no|     -|  1 (~0%)|  455 (~0%)|  378 (~0%)|    -|
    | + grp_ColorToGray_fu_60             |     -|  -0.39|        -|       -|         -|        -|     -|        no|     -|  1 (~0%)|  450 (~0%)|  342 (~0%)|    -|
    |  o VITIS_LOOP_64_1_VITIS_LOOP_65_2  |     -|  -7.30|        -|       -|         5|        1|     -|       yes|     -|        -|          -|          -|    -|
    +-------------------------------------+------+-------+---------+--------+----------+---------+------+----------+------+---------+-----------+-----------+-----+

