

================================================================
== Synthesis Summary Report of 'DataMoverUnit_s2mm_32bits'
================================================================
+ General Information: 
    * Date:           Fri Aug 13 09:10:07 2021
    * Version:        2020.2 (Build 3064766 on Wed Nov 18 09:12:47 MST 2020)
    * Project:        Data_Mover_S2MM
    * Solution:       solution1 (Vivado IP Flow Target)
    * Product family: zynq
    * Target device:  xc7z020-clg400-1
    

+ Performance & Resource Estimates: 
    
    PS: '+' for module; 'o' for loop; '*' for dataflow
    +---------------------------------------------------+--------+-------+---------+-----------+----------+---------+------+----------+--------+----+-----------+-----------+-----+
    |                      Modules                      |  Issue |       | Latency |  Latency  | Iteration|         | Trip |          |        |    |           |           |     |
    |                      & Loops                      |  Type  | Slack | (cycles)|    (ns)   |  Latency | Interval| Count| Pipelined|  BRAM  | DSP|     FF    |    LUT    | URAM|
    +---------------------------------------------------+--------+-------+---------+-----------+----------+---------+------+----------+--------+----+-----------+-----------+-----+
    |+ DataMoverUnit_s2mm_32bits                        |  Timing|   0.00|        -|          -|         -|        -|     -|        no|  7 (2%)|   -|  2604 (2%)|  2602 (4%)|    -|
    | + grp_DataMover_s2mm_32bits_fu_114                |  Timing|   0.00|        -|          -|         -|        -|     -|        no|  4 (1%)|   -|  2086 (1%)|  1962 (3%)|    -|
    |  + grp_dataflow_in_loop_S2M_fu_110*               |  Timing|   0.00|        -|          -|         -|        -|     -|  dataflow|  4 (1%)|   -|  1578 (1%)|  1836 (3%)|    -|
    |   + grp_DMAWriteMM_fu_184                         |  Timing|   0.00|        -|          -|         -|        -|     -|        no|       -|   -|  345 (~0%)|   621 (1%)|    -|
    |    o VITIS_LOOP_63_1                              |       -|  -7.30|        -|          -|         3|        1|     -|       yes|       -|   -|          -|          -|    -|
    |    o VITIS_LOOP_69_2                              |       -|  -7.30|        -|          -|         3|        1|     -|       yes|       -|   -|          -|          -|    -|
    |   + grp_FillLocalBuffer7_fu_197                   |       -|  -0.03|        -|          -|         -|        -|     -|        no|       -|   -|   79 (~0%)|  241 (~0%)|    -|
    |    o VITIS_LOOP_30_1                              |       -|  -7.30|        -|          -|         1|        1|     -|       yes|       -|   -|          -|          -|    -|
    |   + grp_S2M_FormatLocalBuffer_fu_224              |       -|  -0.79|     1026|  1.026e+04|         -|     1026|     -|        no|       -|   -|   62 (~0%)|  150 (~0%)|    -|
    |    o VITIS_LOOP_47_1                              |       -|  -7.30|     1024|  1.024e+04|         3|        2|   512|       yes|       -|   -|          -|          -|    -|
    |   + call_ln21_dataflow_in_loop_S2M_entry4_fu_232  |       -|  -3.67|        0|      0.000|         -|        0|     -|        no|       -|   -|    3 (~0%)|   74 (~0%)|    -|
    |  o S2M                                            |       -|  -7.30|        -|          -|         -|        -|     -|        no|       -|   -|          -|          -|    -|
    +---------------------------------------------------+--------+-------+---------+-----------+----------+---------+------+----------+--------+----+-----------+-----------+-----+

