

================================================================
== Vitis HLS Report for 'dataflow_in_loop_S2M'
================================================================
* Date:           Fri Aug 13 09:10:06 2021

* Version:        2020.2 (Build 3064766 on Wed Nov 18 09:12:47 MST 2020)
* Project:        Data_Mover_S2MM
* Solution:       solution1 (Vivado IP Flow Target)
* Product family: zynq
* Target device:  xc7z020-clg400-1


================================================================
== Performance Estimates
================================================================
+ Timing: 
    * Summary: 
    +--------+----------+----------+------------+
    |  Clock |  Target  | Estimated| Uncertainty|
    +--------+----------+----------+------------+
    |ap_clk  |  10.00 ns|  7.300 ns|     2.70 ns|
    +--------+----------+----------+------------+

+ Latency: 
    * Summary: 
    +---------+---------+----------+----------+-----+-----+----------+
    |  Latency (cycles) |  Latency (absolute) |  Interval | Pipeline |
    |   min   |   max   |    min   |    max   | min | max |   Type   |
    +---------+---------+----------+----------+-----+-----+----------+
    |        ?|        ?|         ?|         ?|    ?|    ?|  dataflow|
    +---------+---------+----------+----------+-----+-----+----------+

    + Detail: 
        * Instance: 
        +--------------------------------+-----------------------------+---------+---------+-----------+-----------+------+------+---------+
        |                                |                             |  Latency (cycles) |   Latency (absolute)  |   Interval  | Pipeline|
        |            Instance            |            Module           |   min   |   max   |    min    |    max    |  min |  max |   Type  |
        +--------------------------------+-----------------------------+---------+---------+-----------+-----------+------+------+---------+
        |DMAWriteMM_U0                   |DMAWriteMM                   |        ?|        ?|          ?|          ?|     ?|     ?|     none|
        |FillLocalBuffer7_U0             |FillLocalBuffer7             |        ?|        ?|          ?|          ?|     ?|     ?|     none|
        |S2M_FormatLocalBuffer_U0        |S2M_FormatLocalBuffer        |     1026|     1026|  10.260 us|  10.260 us|  1026|  1026|     none|
        |dataflow_in_loop_S2M_entry4_U0  |dataflow_in_loop_S2M_entry4  |        0|        0|       0 ns|       0 ns|     0|     0|     none|
        +--------------------------------+-----------------------------+---------+---------+-----------+-----------+------+------+---------+

        * Loop: 
        N/A



================================================================
== Utilization Estimates
================================================================
* Summary: 
+-----------------+---------+-----+--------+-------+-----+
|       Name      | BRAM_18K| DSP |   FF   |  LUT  | URAM|
+-----------------+---------+-----+--------+-------+-----+
|DSP              |        -|    -|       -|      -|    -|
|Expression       |        -|    -|       0|      2|    -|
|FIFO             |        -|    -|    1089|    748|    -|
|Instance         |        -|    -|     489|   1086|    -|
|Memory           |        4|    -|       0|      0|    -|
|Multiplexer      |        -|    -|       -|      -|    -|
|Register         |        -|    -|       -|      -|    -|
+-----------------+---------+-----+--------+-------+-----+
|Total            |        4|    0|    1578|   1836|    0|
+-----------------+---------+-----+--------+-------+-----+
|Available        |      280|  220|  106400|  53200|    0|
+-----------------+---------+-----+--------+-------+-----+
|Utilization (%)  |        1|    0|       1|      3|    0|
+-----------------+---------+-----+--------+-------+-----+

+ Detail: 
    * Instance: 
    +--------------------------------+-----------------------------+---------+----+-----+-----+-----+
    |            Instance            |            Module           | BRAM_18K| DSP|  FF | LUT | URAM|
    +--------------------------------+-----------------------------+---------+----+-----+-----+-----+
    |DMAWriteMM_U0                   |DMAWriteMM                   |        0|   0|  345|  621|    0|
    |FillLocalBuffer7_U0             |FillLocalBuffer7             |        0|   0|   79|  241|    0|
    |S2M_FormatLocalBuffer_U0        |S2M_FormatLocalBuffer        |        0|   0|   62|  150|    0|
    |dataflow_in_loop_S2M_entry4_U0  |dataflow_in_loop_S2M_entry4  |        0|   0|    3|   74|    0|
    +--------------------------------+-----------------------------+---------+----+-----+-----+-----+
    |Total                           |                             |        0|   0|  489| 1086|    0|
    +--------------------------------+-----------------------------+---------+----+-----+-----+-----+

    * DSP: 
    N/A

    * Memory: 
    +---------------------------+----------------------------------------------+---------+---+----+-----+------+-----+------+-------------+
    |           Memory          |                    Module                    | BRAM_18K| FF| LUT| URAM| Words| Bits| Banks| W*Bits*Banks|
    +---------------------------+----------------------------------------------+---------+---+----+-----+------+-----+------+-------------+
    |axi_elt_dma_buffer_V_U     |dataflow_in_loop_S2M_axi_elt_dma_buffer_V     |        2|  0|   0|    0|   512|   32|     1|        16384|
    |stream_elt_dma_buffer_V_U  |dataflow_in_loop_S2M_stream_elt_dma_buffer_V  |        2|  0|   0|    0|  2048|    8|     1|        16384|
    +---------------------------+----------------------------------------------+---------+---+----+-----+------+-----+------+-------------+
    |Total                      |                                              |        4|  0|   0|    0|  2560|   40|     2|        32768|
    +---------------------------+----------------------------------------------+---------+---+----+-----+------+-----+------+-------------+

    * FIFO: 
    +----------------------------------------------------------------------------------------------------------------------------+---------+----+----+-----+------+-----+---------+
    |                                                            Name                                                            | BRAM_18K| FF | LUT| URAM| Depth| Bits| Size:D*B|
    +----------------------------------------------------------------------------------------------------------------------------+---------+----+----+-----+------+-----+---------+
    |DataMover_s2mm_32bits_hls_stream_hls_axis_ap_uint_8_1ul_0ul_0ul_0_ap_uint_32_volatile_int_int_ap_uint_1_ap_uint_1_i_0_c3_U  |        0|  99|   0|    -|     2|   31|       62|
    |DataMover_s2mm_32bits_hls_stream_hls_axis_ap_uint_8_1ul_0ul_0ul_0_ap_uint_32_volatile_int_int_ap_uint_1_ap_uint_1_i_0_c_U   |        0|  99|   0|    -|     3|   21|       63|
    |ddr_buffer_out_c2_U                                                                                                         |        0|  99|   0|    -|     2|   32|       64|
    |ddr_buffer_out_c_U                                                                                                          |        0|  99|   0|    -|     3|   32|       96|
    |image_h_c4_U                                                                                                                |        0|  99|   0|    -|     2|   21|       42|
    |image_h_c_U                                                                                                                 |        0|  99|   0|    -|     3|   21|       63|
    |image_w_c1_U                                                                                                                |        0|  99|   0|    -|     2|   32|       64|
    |image_w_c_U                                                                                                                 |        0|  99|   0|    -|     3|   32|       96|
    |invert_X_c_U                                                                                                                |        0|  99|   0|    -|     2|    1|        2|
    |invert_Y_c5_U                                                                                                               |        0|  99|   0|    -|     2|    1|        2|
    |invert_Y_c_U                                                                                                                |        0|  99|   0|    -|     3|    1|        3|
    +----------------------------------------------------------------------------------------------------------------------------+---------+----+----+-----+------+-----+---------+
    |Total                                                                                                                       |        0|1089|   0|    0|    27|  225|      557|
    +----------------------------------------------------------------------------------------------------------------------------+---------+----+----+-----+------+-----+---------+

    * Expression: 
    +--------------+----------+----+---+----+------------+------------+
    | Variable Name| Operation| DSP| FF| LUT| Bitwidth P0| Bitwidth P1|
    +--------------+----------+----+---+----+------------+------------+
    |ap_idle       |       and|   0|  0|   2|           1|           1|
    +--------------+----------+----+---+----+------------+------------+
    |Total         |          |   0|  0|   2|           1|           1|
    +--------------+----------+----+---+----+------------+------------+

    * Multiplexer: 
    N/A

    * Register: 
    N/A



================================================================
== Interface
================================================================
* Summary: 
+------------------------------------------------------------------------------------------------------------------------------+-----+-----+------------+-----------------------------------------------------------------------------------------------------------------------+--------------+
|                                                           RTL Ports                                                          | Dir | Bits|  Protocol  |                                                     Source Object                                                     |    C Type    |
+------------------------------------------------------------------------------------------------------------------------------+-----+-----+------------+-----------------------------------------------------------------------------------------------------------------------+--------------+
|STR_video_in_TDATA                                                                                                            |   in|    8|        axis|                                                                                                  STR_video_in_V_data_V|       pointer|
|STR_video_in_TKEEP                                                                                                            |   in|    1|        axis|                                                                                                  STR_video_in_V_keep_V|       pointer|
|STR_video_in_TSTRB                                                                                                            |   in|    1|        axis|                                                                                                  STR_video_in_V_strb_V|       pointer|
|STR_video_in_TUSER                                                                                                            |   in|    1|        axis|                                                                                                  STR_video_in_V_user_V|       pointer|
|STR_video_in_TLAST                                                                                                            |   in|    1|        axis|                                                                                                  STR_video_in_V_last_V|       pointer|
|STR_video_in_TVALID                                                                                                           |   in|    1|        axis|                                                                                                  STR_video_in_V_last_V|       pointer|
|STR_video_in_TREADY                                                                                                           |  out|    1|        axis|                                                                                                  STR_video_in_V_last_V|       pointer|
|image_w                                                                                                                       |   in|   32|     ap_none|                                                                                                                image_w|        scalar|
|image_w_ap_vld                                                                                                                |   in|    1|     ap_none|                                                                                                                image_w|        scalar|
|invert_X                                                                                                                      |   in|    1|     ap_none|                                                                                                               invert_X|        scalar|
|invert_X_ap_vld                                                                                                               |   in|    1|     ap_none|                                                                                                               invert_X|        scalar|
|m_axi_MM_video_out_AWVALID                                                                                                    |  out|    1|       m_axi|                                                                                                           MM_video_out|       pointer|
|m_axi_MM_video_out_AWREADY                                                                                                    |   in|    1|       m_axi|                                                                                                           MM_video_out|       pointer|
|m_axi_MM_video_out_AWADDR                                                                                                     |  out|   32|       m_axi|                                                                                                           MM_video_out|       pointer|
|m_axi_MM_video_out_AWID                                                                                                       |  out|    1|       m_axi|                                                                                                           MM_video_out|       pointer|
|m_axi_MM_video_out_AWLEN                                                                                                      |  out|   32|       m_axi|                                                                                                           MM_video_out|       pointer|
|m_axi_MM_video_out_AWSIZE                                                                                                     |  out|    3|       m_axi|                                                                                                           MM_video_out|       pointer|
|m_axi_MM_video_out_AWBURST                                                                                                    |  out|    2|       m_axi|                                                                                                           MM_video_out|       pointer|
|m_axi_MM_video_out_AWLOCK                                                                                                     |  out|    2|       m_axi|                                                                                                           MM_video_out|       pointer|
|m_axi_MM_video_out_AWCACHE                                                                                                    |  out|    4|       m_axi|                                                                                                           MM_video_out|       pointer|
|m_axi_MM_video_out_AWPROT                                                                                                     |  out|    3|       m_axi|                                                                                                           MM_video_out|       pointer|
|m_axi_MM_video_out_AWQOS                                                                                                      |  out|    4|       m_axi|                                                                                                           MM_video_out|       pointer|
|m_axi_MM_video_out_AWREGION                                                                                                   |  out|    4|       m_axi|                                                                                                           MM_video_out|       pointer|
|m_axi_MM_video_out_AWUSER                                                                                                     |  out|    1|       m_axi|                                                                                                           MM_video_out|       pointer|
|m_axi_MM_video_out_WVALID                                                                                                     |  out|    1|       m_axi|                                                                                                           MM_video_out|       pointer|
|m_axi_MM_video_out_WREADY                                                                                                     |   in|    1|       m_axi|                                                                                                           MM_video_out|       pointer|
|m_axi_MM_video_out_WDATA                                                                                                      |  out|   32|       m_axi|                                                                                                           MM_video_out|       pointer|
|m_axi_MM_video_out_WSTRB                                                                                                      |  out|    4|       m_axi|                                                                                                           MM_video_out|       pointer|
|m_axi_MM_video_out_WLAST                                                                                                      |  out|    1|       m_axi|                                                                                                           MM_video_out|       pointer|
|m_axi_MM_video_out_WID                                                                                                        |  out|    1|       m_axi|                                                                                                           MM_video_out|       pointer|
|m_axi_MM_video_out_WUSER                                                                                                      |  out|    1|       m_axi|                                                                                                           MM_video_out|       pointer|
|m_axi_MM_video_out_ARVALID                                                                                                    |  out|    1|       m_axi|                                                                                                           MM_video_out|       pointer|
|m_axi_MM_video_out_ARREADY                                                                                                    |   in|    1|       m_axi|                                                                                                           MM_video_out|       pointer|
|m_axi_MM_video_out_ARADDR                                                                                                     |  out|   32|       m_axi|                                                                                                           MM_video_out|       pointer|
|m_axi_MM_video_out_ARID                                                                                                       |  out|    1|       m_axi|                                                                                                           MM_video_out|       pointer|
|m_axi_MM_video_out_ARLEN                                                                                                      |  out|   32|       m_axi|                                                                                                           MM_video_out|       pointer|
|m_axi_MM_video_out_ARSIZE                                                                                                     |  out|    3|       m_axi|                                                                                                           MM_video_out|       pointer|
|m_axi_MM_video_out_ARBURST                                                                                                    |  out|    2|       m_axi|                                                                                                           MM_video_out|       pointer|
|m_axi_MM_video_out_ARLOCK                                                                                                     |  out|    2|       m_axi|                                                                                                           MM_video_out|       pointer|
|m_axi_MM_video_out_ARCACHE                                                                                                    |  out|    4|       m_axi|                                                                                                           MM_video_out|       pointer|
|m_axi_MM_video_out_ARPROT                                                                                                     |  out|    3|       m_axi|                                                                                                           MM_video_out|       pointer|
|m_axi_MM_video_out_ARQOS                                                                                                      |  out|    4|       m_axi|                                                                                                           MM_video_out|       pointer|
|m_axi_MM_video_out_ARREGION                                                                                                   |  out|    4|       m_axi|                                                                                                           MM_video_out|       pointer|
|m_axi_MM_video_out_ARUSER                                                                                                     |  out|    1|       m_axi|                                                                                                           MM_video_out|       pointer|
|m_axi_MM_video_out_RVALID                                                                                                     |   in|    1|       m_axi|                                                                                                           MM_video_out|       pointer|
|m_axi_MM_video_out_RREADY                                                                                                     |  out|    1|       m_axi|                                                                                                           MM_video_out|       pointer|
|m_axi_MM_video_out_RDATA                                                                                                      |   in|   32|       m_axi|                                                                                                           MM_video_out|       pointer|
|m_axi_MM_video_out_RLAST                                                                                                      |   in|    1|       m_axi|                                                                                                           MM_video_out|       pointer|
|m_axi_MM_video_out_RID                                                                                                        |   in|    1|       m_axi|                                                                                                           MM_video_out|       pointer|
|m_axi_MM_video_out_RUSER                                                                                                      |   in|    1|       m_axi|                                                                                                           MM_video_out|       pointer|
|m_axi_MM_video_out_RRESP                                                                                                      |   in|    2|       m_axi|                                                                                                           MM_video_out|       pointer|
|m_axi_MM_video_out_BVALID                                                                                                     |   in|    1|       m_axi|                                                                                                           MM_video_out|       pointer|
|m_axi_MM_video_out_BREADY                                                                                                     |  out|    1|       m_axi|                                                                                                           MM_video_out|       pointer|
|m_axi_MM_video_out_BRESP                                                                                                      |   in|    2|       m_axi|                                                                                                           MM_video_out|       pointer|
|m_axi_MM_video_out_BID                                                                                                        |   in|    1|       m_axi|                                                                                                           MM_video_out|       pointer|
|m_axi_MM_video_out_BUSER                                                                                                      |   in|    1|       m_axi|                                                                                                           MM_video_out|       pointer|
|ddr_buffer_out                                                                                                                |   in|   32|     ap_none|                                                                                                         ddr_buffer_out|        scalar|
|ddr_buffer_out_ap_vld                                                                                                         |   in|    1|     ap_none|                                                                                                         ddr_buffer_out|        scalar|
|DataMover_s2mm_32bits_hls_stream_hls_axis_ap_uint_8_1ul_0ul_0ul_0_ap_uint_32_volatile_int_int_ap_uint_1_ap_uint_1_i_0         |   in|   31|     ap_none|  DataMover_s2mm_32bits_hls_stream_hls_axis_ap_uint_8_1ul_0ul_0ul_0_ap_uint_32_volatile_int_int_ap_uint_1_ap_uint_1_i_0|        scalar|
|DataMover_s2mm_32bits_hls_stream_hls_axis_ap_uint_8_1ul_0ul_0ul_0_ap_uint_32_volatile_int_int_ap_uint_1_ap_uint_1_i_0_ap_vld  |   in|    1|     ap_none|  DataMover_s2mm_32bits_hls_stream_hls_axis_ap_uint_8_1ul_0ul_0ul_0_ap_uint_32_volatile_int_int_ap_uint_1_ap_uint_1_i_0|        scalar|
|image_h                                                                                                                       |   in|   21|     ap_none|                                                                                                                image_h|        scalar|
|image_h_ap_vld                                                                                                                |   in|    1|     ap_none|                                                                                                                image_h|        scalar|
|invert_Y                                                                                                                      |   in|    1|     ap_none|                                                                                                               invert_Y|        scalar|
|invert_Y_ap_vld                                                                                                               |   in|    1|     ap_none|                                                                                                               invert_Y|        scalar|
|ap_clk                                                                                                                        |   in|    1|  ap_ctrl_hs|                                                                                                   dataflow_in_loop_S2M|  return value|
|ap_rst                                                                                                                        |   in|    1|  ap_ctrl_hs|                                                                                                   dataflow_in_loop_S2M|  return value|
|ap_start                                                                                                                      |   in|    1|  ap_ctrl_hs|                                                                                                   dataflow_in_loop_S2M|  return value|
|ap_done                                                                                                                       |  out|    1|  ap_ctrl_hs|                                                                                                   dataflow_in_loop_S2M|  return value|
|ap_ready                                                                                                                      |  out|    1|  ap_ctrl_hs|                                                                                                   dataflow_in_loop_S2M|  return value|
|ap_idle                                                                                                                       |  out|    1|  ap_ctrl_hs|                                                                                                   dataflow_in_loop_S2M|  return value|
|ap_continue                                                                                                                   |   in|    1|  ap_ctrl_hs|                                                                                                   dataflow_in_loop_S2M|  return value|
+------------------------------------------------------------------------------------------------------------------------------+-----+-----+------------+-----------------------------------------------------------------------------------------------------------------------+--------------+

