

================================================================
== Vitis HLS Report for 'DataMover_s2mm_32bits'
================================================================
* Date:           Fri Aug 13 09:10:06 2021

* Version:        2020.2 (Build 3064766 on Wed Nov 18 09:12:47 MST 2020)
* Project:        Data_Mover_S2MM
* Solution:       solution1 (Vivado IP Flow Target)
* Product family: zynq
* Target device:  xc7z020-clg400-1


================================================================
== Performance Estimates
================================================================
+ Timing: 
    * Summary: 
    +--------+----------+----------+------------+
    |  Clock |  Target  | Estimated| Uncertainty|
    +--------+----------+----------+------------+
    |ap_clk  |  10.00 ns|  7.300 ns|     2.70 ns|
    +--------+----------+----------+------------+

+ Latency: 
    * Summary: 
    +---------+---------+----------+----------+-----+-----+---------+
    |  Latency (cycles) |  Latency (absolute) |  Interval | Pipeline|
    |   min   |   max   |    min   |    max   | min | max |   Type  |
    +---------+---------+----------+----------+-----+-----+---------+
    |        ?|        ?|         ?|         ?|    ?|    ?|     none|
    +---------+---------+----------+----------+-----+-----+---------+

    + Detail: 
        * Instance: 
        +-------------------------+----------------------+---------+---------+----------+----------+-----+-----+----------+
        |                         |                      |  Latency (cycles) |  Latency (absolute) |  Interval | Pipeline |
        |         Instance        |        Module        |   min   |   max   |    min   |    max   | min | max |   Type   |
        +-------------------------+----------------------+---------+---------+----------+----------+-----+-----+----------+
        |dataflow_in_loop_S2M_U0  |dataflow_in_loop_S2M  |        ?|        ?|         ?|         ?|    ?|    ?|  dataflow|
        +-------------------------+----------------------+---------+---------+----------+----------+-----+-----+----------+

        * Loop: 
        +----------+---------+---------+----------+-----------+-----------+------+----------+
        |          |  Latency (cycles) | Iteration|  Initiation Interval  | Trip |          |
        | Loop Name|   min   |   max   |  Latency |  achieved |   target  | Count| Pipelined|
        +----------+---------+---------+----------+-----------+-----------+------+----------+
        |- S2M     |        ?|        ?|         ?|          -|          -|     ?|        no|
        +----------+---------+---------+----------+-----------+-----------+------+----------+



================================================================
== Utilization Estimates
================================================================
* Summary: 
+-----------------+---------+-----+--------+-------+-----+
|       Name      | BRAM_18K| DSP |   FF   |  LUT  | URAM|
+-----------------+---------+-----+--------+-------+-----+
|DSP              |        -|    -|       -|      -|    -|
|Expression       |        -|    -|     444|    108|    -|
|FIFO             |        -|    -|       -|      -|    -|
|Instance         |        4|    -|    1578|   1836|    -|
|Memory           |        -|    -|       -|      -|    -|
|Multiplexer      |        -|    -|       -|     18|    -|
|Register         |        -|    -|      64|      -|    -|
+-----------------+---------+-----+--------+-------+-----+
|Total            |        4|    0|    2086|   1962|    0|
+-----------------+---------+-----+--------+-------+-----+
|Available        |      280|  220|  106400|  53200|    0|
+-----------------+---------+-----+--------+-------+-----+
|Utilization (%)  |        1|    0|       1|      3|    0|
+-----------------+---------+-----+--------+-------+-----+

+ Detail: 
    * Instance: 
    +-------------------------+----------------------+---------+----+------+------+-----+
    |         Instance        |        Module        | BRAM_18K| DSP|  FF  |  LUT | URAM|
    +-------------------------+----------------------+---------+----+------+------+-----+
    |dataflow_in_loop_S2M_U0  |dataflow_in_loop_S2M  |        4|   0|  1578|  1836|    0|
    +-------------------------+----------------------+---------+----+------+------+-----+
    |Total                    |                      |        4|   0|  1578|  1836|    0|
    +-------------------------+----------------------+---------+----+------+------+-----+

    * DSP: 
    N/A

    * Memory: 
    N/A

    * FIFO: 
    N/A

    * Expression: 
    +----------------------------+----------+----+-----+----+------------+------------+
    |        Variable Name       | Operation| DSP|  FF | LUT| Bitwidth P0| Bitwidth P1|
    +----------------------------+----------+----+-----+----+------------+------------+
    |loop_dataflow_input_count   |         +|   0|  148|  36|          32|           1|
    |loop_dataflow_output_count  |         +|   0|  148|  36|          32|           1|
    |bound_minus_1               |         -|   0|  148|  36|          32|           1|
    +----------------------------+----------+----+-----+----+------------+------------+
    |Total                       |          |   0|  444| 108|          96|           3|
    +----------------------------+----------+----+-----+----+------------+------------+

    * Multiplexer: 
    +----------------------------+----+-----------+-----+-----------+
    |            Name            | LUT| Input Size| Bits| Total Bits|
    +----------------------------+----+-----------+-----+-----------+
    |loop_dataflow_input_count   |   9|          2|   32|         64|
    |loop_dataflow_output_count  |   9|          2|   32|         64|
    +----------------------------+----+-----------+-----+-----------+
    |Total                       |  18|          4|   64|        128|
    +----------------------------+----+-----------+-----+-----------+

    * Register: 
    +----------------------------+----+----+-----+-----------+
    |            Name            | FF | LUT| Bits| Const Bits|
    +----------------------------+----+----+-----+-----------+
    |loop_dataflow_input_count   |  32|   0|   32|          0|
    |loop_dataflow_output_count  |  32|   0|   32|          0|
    +----------------------------+----+----+-----+-----------+
    |Total                       |  64|   0|   64|          0|
    +----------------------------+----+----+-----+-----------+



================================================================
== Interface
================================================================
* Summary: 
+-----------------------------+-----+-----+------------+-----------------------+--------------+
|          RTL Ports          | Dir | Bits|  Protocol  |     Source Object     |    C Type    |
+-----------------------------+-----+-----+------------+-----------------------+--------------+
|m_axi_MM_video_out_AWVALID   |  out|    1|       m_axi|           MM_video_out|       pointer|
|m_axi_MM_video_out_AWREADY   |   in|    1|       m_axi|           MM_video_out|       pointer|
|m_axi_MM_video_out_AWADDR    |  out|   32|       m_axi|           MM_video_out|       pointer|
|m_axi_MM_video_out_AWID      |  out|    1|       m_axi|           MM_video_out|       pointer|
|m_axi_MM_video_out_AWLEN     |  out|   32|       m_axi|           MM_video_out|       pointer|
|m_axi_MM_video_out_AWSIZE    |  out|    3|       m_axi|           MM_video_out|       pointer|
|m_axi_MM_video_out_AWBURST   |  out|    2|       m_axi|           MM_video_out|       pointer|
|m_axi_MM_video_out_AWLOCK    |  out|    2|       m_axi|           MM_video_out|       pointer|
|m_axi_MM_video_out_AWCACHE   |  out|    4|       m_axi|           MM_video_out|       pointer|
|m_axi_MM_video_out_AWPROT    |  out|    3|       m_axi|           MM_video_out|       pointer|
|m_axi_MM_video_out_AWQOS     |  out|    4|       m_axi|           MM_video_out|       pointer|
|m_axi_MM_video_out_AWREGION  |  out|    4|       m_axi|           MM_video_out|       pointer|
|m_axi_MM_video_out_AWUSER    |  out|    1|       m_axi|           MM_video_out|       pointer|
|m_axi_MM_video_out_WVALID    |  out|    1|       m_axi|           MM_video_out|       pointer|
|m_axi_MM_video_out_WREADY    |   in|    1|       m_axi|           MM_video_out|       pointer|
|m_axi_MM_video_out_WDATA     |  out|   32|       m_axi|           MM_video_out|       pointer|
|m_axi_MM_video_out_WSTRB     |  out|    4|       m_axi|           MM_video_out|       pointer|
|m_axi_MM_video_out_WLAST     |  out|    1|       m_axi|           MM_video_out|       pointer|
|m_axi_MM_video_out_WID       |  out|    1|       m_axi|           MM_video_out|       pointer|
|m_axi_MM_video_out_WUSER     |  out|    1|       m_axi|           MM_video_out|       pointer|
|m_axi_MM_video_out_ARVALID   |  out|    1|       m_axi|           MM_video_out|       pointer|
|m_axi_MM_video_out_ARREADY   |   in|    1|       m_axi|           MM_video_out|       pointer|
|m_axi_MM_video_out_ARADDR    |  out|   32|       m_axi|           MM_video_out|       pointer|
|m_axi_MM_video_out_ARID      |  out|    1|       m_axi|           MM_video_out|       pointer|
|m_axi_MM_video_out_ARLEN     |  out|   32|       m_axi|           MM_video_out|       pointer|
|m_axi_MM_video_out_ARSIZE    |  out|    3|       m_axi|           MM_video_out|       pointer|
|m_axi_MM_video_out_ARBURST   |  out|    2|       m_axi|           MM_video_out|       pointer|
|m_axi_MM_video_out_ARLOCK    |  out|    2|       m_axi|           MM_video_out|       pointer|
|m_axi_MM_video_out_ARCACHE   |  out|    4|       m_axi|           MM_video_out|       pointer|
|m_axi_MM_video_out_ARPROT    |  out|    3|       m_axi|           MM_video_out|       pointer|
|m_axi_MM_video_out_ARQOS     |  out|    4|       m_axi|           MM_video_out|       pointer|
|m_axi_MM_video_out_ARREGION  |  out|    4|       m_axi|           MM_video_out|       pointer|
|m_axi_MM_video_out_ARUSER    |  out|    1|       m_axi|           MM_video_out|       pointer|
|m_axi_MM_video_out_RVALID    |   in|    1|       m_axi|           MM_video_out|       pointer|
|m_axi_MM_video_out_RREADY    |  out|    1|       m_axi|           MM_video_out|       pointer|
|m_axi_MM_video_out_RDATA     |   in|   32|       m_axi|           MM_video_out|       pointer|
|m_axi_MM_video_out_RLAST     |   in|    1|       m_axi|           MM_video_out|       pointer|
|m_axi_MM_video_out_RID       |   in|    1|       m_axi|           MM_video_out|       pointer|
|m_axi_MM_video_out_RUSER     |   in|    1|       m_axi|           MM_video_out|       pointer|
|m_axi_MM_video_out_RRESP     |   in|    2|       m_axi|           MM_video_out|       pointer|
|m_axi_MM_video_out_BVALID    |   in|    1|       m_axi|           MM_video_out|       pointer|
|m_axi_MM_video_out_BREADY    |  out|    1|       m_axi|           MM_video_out|       pointer|
|m_axi_MM_video_out_BRESP     |   in|    2|       m_axi|           MM_video_out|       pointer|
|m_axi_MM_video_out_BID       |   in|    1|       m_axi|           MM_video_out|       pointer|
|m_axi_MM_video_out_BUSER     |   in|    1|       m_axi|           MM_video_out|       pointer|
|STR_video_in_TDATA           |   in|    8|        axis|  STR_video_in_V_data_V|       pointer|
|STR_video_in_TKEEP           |   in|    1|        axis|  STR_video_in_V_keep_V|       pointer|
|STR_video_in_TSTRB           |   in|    1|        axis|  STR_video_in_V_strb_V|       pointer|
|STR_video_in_TUSER           |   in|    1|        axis|  STR_video_in_V_user_V|       pointer|
|STR_video_in_TLAST           |   in|    1|        axis|  STR_video_in_V_last_V|       pointer|
|STR_video_in_TVALID          |   in|    1|        axis|  STR_video_in_V_last_V|       pointer|
|STR_video_in_TREADY          |  out|    1|        axis|  STR_video_in_V_last_V|       pointer|
|ddr_buffer_out               |   in|   32|     ap_none|         ddr_buffer_out|        scalar|
|ddr_buffer_out_ap_vld        |   in|    1|     ap_none|         ddr_buffer_out|        scalar|
|image_w                      |   in|   32|     ap_none|                image_w|        scalar|
|image_w_ap_vld               |   in|    1|     ap_none|                image_w|        scalar|
|image_h                      |   in|   32|     ap_none|                image_h|        scalar|
|image_h_ap_vld               |   in|    1|     ap_none|                image_h|        scalar|
|invert_X                     |   in|    1|     ap_none|               invert_X|        scalar|
|invert_X_ap_vld              |   in|    1|     ap_none|               invert_X|        scalar|
|invert_Y                     |   in|    1|     ap_none|               invert_Y|        scalar|
|invert_Y_ap_vld              |   in|    1|     ap_none|               invert_Y|        scalar|
|ap_clk                       |   in|    1|  ap_ctrl_hs|  DataMover_s2mm_32bits|  return value|
|ap_rst                       |   in|    1|  ap_ctrl_hs|  DataMover_s2mm_32bits|  return value|
|ap_start                     |   in|    1|  ap_ctrl_hs|  DataMover_s2mm_32bits|  return value|
|ap_done                      |  out|    1|  ap_ctrl_hs|  DataMover_s2mm_32bits|  return value|
|ap_ready                     |  out|    1|  ap_ctrl_hs|  DataMover_s2mm_32bits|  return value|
|ap_idle                      |  out|    1|  ap_ctrl_hs|  DataMover_s2mm_32bits|  return value|
|ap_continue                  |   in|    1|  ap_ctrl_hs|  DataMover_s2mm_32bits|  return value|
+-----------------------------+-----+-----+------------+-----------------------+--------------+

