0.100006 0.299988 
0.100006 0.299988 
The maximum depth reached by any of the 2 hls::stream() instances in the design is 9600
Vivado Simulator 2020.2
Copyright 1986-1999, 2001-2020 Xilinx, Inc. All Rights Reserved.
Running: /tools/Xilinx/Vivado/2020.2/bin/unwrapped/lnx64.o/xelab xil_defaultlib.apatb_NonMaximalSuppresionUnit_top glbl -prj NonMaximalSuppresionUnit.prj -L smartconnect_v1_0 -L axi_protocol_checker_v1_1_12 -L axi_protocol_checker_v1_1_13 -L axis_protocol_checker_v1_1_11 -L axis_protocol_checker_v1_1_12 -L xil_defaultlib -L unisims -L unisims_ver -L xpm -L floating_point_v7_0_18 -L floating_point_v7_1_11 --lib ieee_proposed=./ieee_proposed -s NonMaximalSuppresionUnit -debug wave 
Multi-threading is on. Using 4 slave threads.
Determining compilation order of HDL files.
WARNING: [XSIM 43-3431] One or more environment variables have been detected which affect the operation of the C compiler. These are typically not set in standard installations and are not tested by Xilinx, however they may be appropriate for your system, so the flow will attempt to continue.  If errors occur, try running xelab with the "-mt off -v 1" switches to see more information from the C compiler. The following environment variables have been detected:
    LIBRARY_PATH
INFO: [VRFC 10-2263] Analyzing SystemVerilog file "/home/lbo/Projects/esiee/hardware/IPs/cores/Non_maximal_suppression/Non_maximal_suppression/solution1/sim/vhdl/glbl.v" into library work
INFO: [VRFC 10-311] analyzing module glbl
INFO: [VRFC 10-163] Analyzing VHDL file "/home/lbo/Projects/esiee/hardware/IPs/cores/Non_maximal_suppression/Non_maximal_suppression/solution1/sim/vhdl/AESL_sim_pkg.vhd" into library xil_defaultlib
INFO: [VRFC 10-163] Analyzing VHDL file "/home/lbo/Projects/esiee/hardware/IPs/cores/Non_maximal_suppression/Non_maximal_suppression/solution1/sim/vhdl/NonMaximalSuppresionUnit.vhd" into library xil_defaultlib
INFO: [VRFC 10-3107] analyzing entity 'NonMaximalSuppresionUnit'
INFO: [VRFC 10-163] Analyzing VHDL file "/home/lbo/Projects/esiee/hardware/IPs/cores/Non_maximal_suppression/Non_maximal_suppression/solution1/sim/vhdl/NonMaximalSuppresionUnit_NonMaximalSuppresion_line_buffer_V_0.vhd" into library xil_defaultlib
INFO: [VRFC 10-3107] analyzing entity 'NonMaximalSuppresionUnit_NonMaximalSuppresion_line_buffer_V_0_ram'
INFO: [VRFC 10-3107] analyzing entity 'NonMaximalSuppresionUnit_NonMaximalSuppresion_line_buffer_V_0'
INFO: [VRFC 10-163] Analyzing VHDL file "/home/lbo/Projects/esiee/hardware/IPs/cores/Non_maximal_suppression/Non_maximal_suppression/solution1/sim/vhdl/NonMaximalSuppresionUnit_NonMaximalSuppresion.vhd" into library xil_defaultlib
INFO: [VRFC 10-3107] analyzing entity 'NonMaximalSuppresionUnit_NonMaximalSuppresion'
INFO: [VRFC 10-163] Analyzing VHDL file "/home/lbo/Projects/esiee/hardware/IPs/cores/Non_maximal_suppression/Non_maximal_suppression/solution1/sim/vhdl/NonMaximalSuppresionUnit_regslice_both.vhd" into library xil_defaultlib
INFO: [VRFC 10-3107] analyzing entity 'NonMaximalSuppresionUnit_regslice_both'
INFO: [VRFC 10-3107] analyzing entity 'NonMaximalSuppresionUnit_regslice_both_w1'
INFO: [VRFC 10-163] Analyzing VHDL file "/home/lbo/Projects/esiee/hardware/IPs/cores/Non_maximal_suppression/Non_maximal_suppression/solution1/sim/vhdl/NonMaximalSuppresionUnit.autotb.vhd" into library xil_defaultlib
INFO: [VRFC 10-3107] analyzing entity 'apatb_NonMaximalSuppresionUnit_top'
INFO: [VRFC 10-163] Analyzing VHDL file "/home/lbo/Projects/esiee/hardware/IPs/cores/Non_maximal_suppression/Non_maximal_suppression/solution1/sim/vhdl/NonMaximalSuppresionUnit_mul_32ns_32ns_64_2_1.vhd" into library xil_defaultlib
INFO: [VRFC 10-3107] analyzing entity 'NonMaximalSuppresionUnit_mul_32ns_32ns_64_2_1_Multiplier_0'
INFO: [VRFC 10-3107] analyzing entity 'NonMaximalSuppresionUnit_mul_32ns_32ns_64_2_1'
INFO: [VRFC 10-163] Analyzing VHDL file "/home/lbo/Projects/esiee/hardware/IPs/cores/Non_maximal_suppression/Non_maximal_suppression/solution1/sim/vhdl/AESL_axi_s_stream_in.vhd" into library xil_defaultlib
INFO: [VRFC 10-3107] analyzing entity 'AESL_axi_s_stream_in'
INFO: [VRFC 10-163] Analyzing VHDL file "/home/lbo/Projects/esiee/hardware/IPs/cores/Non_maximal_suppression/Non_maximal_suppression/solution1/sim/vhdl/AESL_axi_s_stream_out.vhd" into library xil_defaultlib
INFO: [VRFC 10-3107] analyzing entity 'AESL_axi_s_stream_out'
INFO: [VRFC 10-163] Analyzing VHDL file "/home/lbo/Projects/esiee/hardware/IPs/cores/Non_maximal_suppression/Non_maximal_suppression/solution1/sim/vhdl/NonMaximalSuppresionUnit_NonMaximalSuppresion_line_buffer_V_1.vhd" into library xil_defaultlib
INFO: [VRFC 10-3107] analyzing entity 'NonMaximalSuppresionUnit_NonMaximalSuppresion_line_buffer_V_1_ram'
INFO: [VRFC 10-3107] analyzing entity 'NonMaximalSuppresionUnit_NonMaximalSuppresion_line_buffer_V_1'
INFO: [VRFC 10-163] Analyzing VHDL file "/home/lbo/Projects/esiee/hardware/IPs/cores/Non_maximal_suppression/Non_maximal_suppression/solution1/sim/vhdl/NonMaximalSuppresionUnit_mul_mul_16ns_16ns_32_4_1.vhd" into library xil_defaultlib
INFO: [VRFC 10-3107] analyzing entity 'NonMaximalSuppresionUnit_mul_mul_16ns_16ns_32_4_1_DSP48_0'
INFO: [VRFC 10-3107] analyzing entity 'NonMaximalSuppresionUnit_mul_mul_16ns_16ns_32_4_1'
Starting static elaboration
Pass Through NonSizing Optimizer
Completed static elaboration
Starting simulation data flow analysis
Completed simulation data flow analysis
Time Resolution for simulation is 1ps
Compiling package std.standard
Compiling package std.textio
Compiling package ieee.std_logic_1164
Compiling package ieee.std_logic_arith
Compiling package ieee.std_logic_unsigned
Compiling package ieee.numeric_std
Compiling package ieee.std_logic_textio
Compiling module work.glbl
Compiling architecture rtl of entity xil_defaultlib.NonMaximalSuppresionUnit_NonMaximalSuppresion_line_buffer_V_1_ram [nonmaximalsuppresionunit_nonmaxi...]
Compiling architecture arch of entity xil_defaultlib.NonMaximalSuppresionUnit_NonMaximalSuppresion_line_buffer_V_1 [nonmaximalsuppresionunit_nonmaxi...]
Compiling architecture rtl of entity xil_defaultlib.NonMaximalSuppresionUnit_NonMaximalSuppresion_line_buffer_V_0_ram [nonmaximalsuppresionunit_nonmaxi...]
Compiling architecture arch of entity xil_defaultlib.NonMaximalSuppresionUnit_NonMaximalSuppresion_line_buffer_V_0 [nonmaximalsuppresionunit_nonmaxi...]
Compiling architecture behav of entity xil_defaultlib.NonMaximalSuppresionUnit_mul_32ns_32ns_64_2_1_Multiplier_0 [nonmaximalsuppresionunit_mul_32n...]
Compiling architecture arch of entity xil_defaultlib.NonMaximalSuppresionUnit_mul_32ns_32ns_64_2_1 [\NonMaximalSuppresionUnit_mul_32...]
Compiling architecture behav of entity xil_defaultlib.NonMaximalSuppresionUnit_mul_mul_16ns_16ns_32_4_1_DSP48_0 [nonmaximalsuppresionunit_mul_mul...]
Compiling architecture arch of entity xil_defaultlib.NonMaximalSuppresionUnit_mul_mul_16ns_16ns_32_4_1 [\NonMaximalSuppresionUnit_mul_mu...]
Compiling architecture behav of entity xil_defaultlib.NonMaximalSuppresionUnit_NonMaximalSuppresion [nonmaximalsuppresionunit_nonmaxi...]
Compiling architecture behav of entity xil_defaultlib.NonMaximalSuppresionUnit_regslice_both [\NonMaximalSuppresionUnit_regsli...]
Compiling architecture behav of entity xil_defaultlib.NonMaximalSuppresionUnit_regslice_both [\NonMaximalSuppresionUnit_regsli...]
Compiling architecture behav of entity xil_defaultlib.NonMaximalSuppresionUnit_regslice_both [\NonMaximalSuppresionUnit_regsli...]
Compiling architecture behav of entity xil_defaultlib.NonMaximalSuppresionUnit_regslice_both [\NonMaximalSuppresionUnit_regsli...]
Compiling architecture behav of entity xil_defaultlib.NonMaximalSuppresionUnit [nonmaximalsuppresionunit_default]
Compiling architecture behav of entity xil_defaultlib.AESL_axi_s_stream_in [aesl_axi_s_stream_in_default]
Compiling architecture behav of entity xil_defaultlib.AESL_axi_s_stream_out [aesl_axi_s_stream_out_default]
Compiling architecture behav of entity xil_defaultlib.apatb_nonmaximalsuppresionunit_t...
Built simulation snapshot NonMaximalSuppresionUnit

****** Webtalk v2020.2 (64-bit)
  **** SW Build 3064766 on Wed Nov 18 09:12:47 MST 2020
  **** IP Build 3064653 on Wed Nov 18 14:17:31 MST 2020
    ** Copyright 1986-2020 Xilinx, Inc. All Rights Reserved.

source /home/lbo/Projects/esiee/hardware/IPs/cores/Non_maximal_suppression/Non_maximal_suppression/solution1/sim/vhdl/xsim.dir/NonMaximalSuppresionUnit/webtalk/xsim_webtalk.tcl -notrace
INFO: [Common 17-206] Exiting Webtalk at Fri Aug 13 10:34:58 2021...

****** xsim v2020.2 (64-bit)
  **** SW Build 3064766 on Wed Nov 18 09:12:47 MST 2020
  **** IP Build 3064653 on Wed Nov 18 14:17:31 MST 2020
    ** Copyright 1986-2020 Xilinx, Inc. All Rights Reserved.

source xsim.dir/NonMaximalSuppresionUnit/xsim_script.tcl
# xsim {NonMaximalSuppresionUnit} -autoloadwcfg -tclbatch {NonMaximalSuppresionUnit.tcl}
Vivado Simulator 2020.2
Time resolution is 1 ps
source NonMaximalSuppresionUnit.tcl
## log_wave [get_objects -filter {type == in_port || type == out_port || type == inout_port || type == port} /apatb_NonMaximalSuppresionUnit_top/AESL_inst_NonMaximalSuppresionUnit/*]
## set designtopgroup [add_wave_group "Design Top Signals"]
## set coutputgroup [add_wave_group "C Outputs" -into $designtopgroup]
## set stream_out_group [add_wave_group stream_out(axis) -into $coutputgroup]
## add_wave /apatb_NonMaximalSuppresionUnit_top/AESL_inst_NonMaximalSuppresionUnit/stream_out_TLAST -into $stream_out_group -color #ffff00 -radix hex
## add_wave /apatb_NonMaximalSuppresionUnit_top/AESL_inst_NonMaximalSuppresionUnit/stream_out_TUSER -into $stream_out_group -radix hex
## add_wave /apatb_NonMaximalSuppresionUnit_top/AESL_inst_NonMaximalSuppresionUnit/stream_out_TSTRB -into $stream_out_group -radix hex
## add_wave /apatb_NonMaximalSuppresionUnit_top/AESL_inst_NonMaximalSuppresionUnit/stream_out_TKEEP -into $stream_out_group -radix hex
## add_wave /apatb_NonMaximalSuppresionUnit_top/AESL_inst_NonMaximalSuppresionUnit/stream_out_TREADY -into $stream_out_group -color #ffff00 -radix hex
## add_wave /apatb_NonMaximalSuppresionUnit_top/AESL_inst_NonMaximalSuppresionUnit/stream_out_TVALID -into $stream_out_group -color #ffff00 -radix hex
## add_wave /apatb_NonMaximalSuppresionUnit_top/AESL_inst_NonMaximalSuppresionUnit/stream_out_TDATA -into $stream_out_group -radix hex
## set cinputgroup [add_wave_group "C Inputs" -into $designtopgroup]
## set beta_group [add_wave_group beta(wire) -into $cinputgroup]
## add_wave /apatb_NonMaximalSuppresionUnit_top/AESL_inst_NonMaximalSuppresionUnit/beta -into $beta_group -radix hex
## set alpha_group [add_wave_group alpha(wire) -into $cinputgroup]
## add_wave /apatb_NonMaximalSuppresionUnit_top/AESL_inst_NonMaximalSuppresionUnit/alpha -into $alpha_group -radix hex
## set image_h_group [add_wave_group image_h(wire) -into $cinputgroup]
## add_wave /apatb_NonMaximalSuppresionUnit_top/AESL_inst_NonMaximalSuppresionUnit/image_h -into $image_h_group -radix hex
## set image_w_group [add_wave_group image_w(wire) -into $cinputgroup]
## add_wave /apatb_NonMaximalSuppresionUnit_top/AESL_inst_NonMaximalSuppresionUnit/image_w -into $image_w_group -radix hex
## set stream_in_group [add_wave_group stream_in(axis) -into $cinputgroup]
## add_wave /apatb_NonMaximalSuppresionUnit_top/AESL_inst_NonMaximalSuppresionUnit/stream_in_TLAST -into $stream_in_group -color #ffff00 -radix hex
## add_wave /apatb_NonMaximalSuppresionUnit_top/AESL_inst_NonMaximalSuppresionUnit/stream_in_TUSER -into $stream_in_group -radix hex
## add_wave /apatb_NonMaximalSuppresionUnit_top/AESL_inst_NonMaximalSuppresionUnit/stream_in_TSTRB -into $stream_in_group -radix hex
## add_wave /apatb_NonMaximalSuppresionUnit_top/AESL_inst_NonMaximalSuppresionUnit/stream_in_TKEEP -into $stream_in_group -radix hex
## add_wave /apatb_NonMaximalSuppresionUnit_top/AESL_inst_NonMaximalSuppresionUnit/stream_in_TREADY -into $stream_in_group -color #ffff00 -radix hex
## add_wave /apatb_NonMaximalSuppresionUnit_top/AESL_inst_NonMaximalSuppresionUnit/stream_in_TVALID -into $stream_in_group -color #ffff00 -radix hex
## add_wave /apatb_NonMaximalSuppresionUnit_top/AESL_inst_NonMaximalSuppresionUnit/stream_in_TDATA -into $stream_in_group -radix hex
## set blocksiggroup [add_wave_group "Block-level IO Handshake" -into $designtopgroup]
## add_wave /apatb_NonMaximalSuppresionUnit_top/AESL_inst_NonMaximalSuppresionUnit/ap_start -into $blocksiggroup
## add_wave /apatb_NonMaximalSuppresionUnit_top/AESL_inst_NonMaximalSuppresionUnit/ap_done -into $blocksiggroup
## add_wave /apatb_NonMaximalSuppresionUnit_top/AESL_inst_NonMaximalSuppresionUnit/ap_idle -into $blocksiggroup
## add_wave /apatb_NonMaximalSuppresionUnit_top/AESL_inst_NonMaximalSuppresionUnit/ap_ready -into $blocksiggroup
## set resetgroup [add_wave_group "Reset" -into $designtopgroup]
## add_wave /apatb_NonMaximalSuppresionUnit_top/AESL_inst_NonMaximalSuppresionUnit/ap_rst_n -into $resetgroup
## set clockgroup [add_wave_group "Clock" -into $designtopgroup]
## add_wave /apatb_NonMaximalSuppresionUnit_top/AESL_inst_NonMaximalSuppresionUnit/ap_clk -into $clockgroup
## save_wave_config NonMaximalSuppresionUnit.wcfg
## run all
Note: simulation done!
Time: 230975 ns  Iteration: 1  Process: /apatb_NonMaximalSuppresionUnit_top/generate_sim_done_proc  File: /home/lbo/Projects/esiee/hardware/IPs/cores/Non_maximal_suppression/Non_maximal_suppression/solution1/sim/vhdl/NonMaximalSuppresionUnit.autotb.vhd
Failure: NORMAL EXIT (note: failure is to force the simulator to stop)
Time: 230975 ns  Iteration: 1  Process: /apatb_NonMaximalSuppresionUnit_top/generate_sim_done_proc  File: /home/lbo/Projects/esiee/hardware/IPs/cores/Non_maximal_suppression/Non_maximal_suppression/solution1/sim/vhdl/NonMaximalSuppresionUnit.autotb.vhd
$finish called at time : 230975 ns
## quit
INFO: [Common 17-206] Exiting xsim at Fri Aug 13 10:35:06 2021...
0.100006 0.299988 
0.100006 0.299988 
The maximum depth reached by any of the 2 hls::stream() instances in the design is 9600
