

================================================================
== Vitis HLS Report for 'VideoMixer'
================================================================
* Date:           Tue Sep 28 17:32:54 2021

* Version:        2020.2 (Build 3064766 on Wed Nov 18 09:12:47 MST 2020)
* Project:        video_mixer
* Solution:       solution1 (Vivado IP Flow Target)
* Product family: zynq
* Target device:  xc7z020-clg400-1


================================================================
== Performance Estimates
================================================================
+ Timing: 
    * Summary: 
    +--------+---------+----------+------------+
    |  Clock |  Target | Estimated| Uncertainty|
    +--------+---------+----------+------------+
    |ap_clk  |  5.00 ns|  3.628 ns|     1.35 ns|
    +--------+---------+----------+------------+

+ Latency: 
    * Summary: 
    +---------+---------+----------+----------+-----+-----+---------+
    |  Latency (cycles) |  Latency (absolute) |  Interval | Pipeline|
    |   min   |   max   |    min   |    max   | min | max |   Type  |
    +---------+---------+----------+----------+-----+-----+---------+
    |        ?|        ?|         ?|         ?|    ?|    ?|     none|
    +---------+---------+----------+----------+-----+-----+---------+

    + Detail: 
        * Instance: 
        N/A

        * Loop: 
        +--------------------+---------+---------+----------+-----------+-----------+------+----------+
        |                    |  Latency (cycles) | Iteration|  Initiation Interval  | Trip |          |
        |      Loop Name     |   min   |   max   |  Latency |  achieved |   target  | Count| Pipelined|
        +--------------------+---------+---------+----------+-----------+-----------+------+----------+
        |- VITIS_LOOP_25_1   |        ?|        ?|         ?|          -|          -|     ?|        no|
        | + VITIS_LOOP_26_2  |        ?|        ?|         2|          1|          1|     ?|       yes|
        +--------------------+---------+---------+----------+-----------+-----------+------+----------+



================================================================
== Utilization Estimates
================================================================
* Summary: 
+-----------------+---------+-----+--------+-------+-----+
|       Name      | BRAM_18K| DSP |   FF   |  LUT  | URAM|
+-----------------+---------+-----+--------+-------+-----+
|DSP              |        -|    -|       -|      -|    -|
|Expression       |        -|    -|       0|    285|    -|
|FIFO             |        -|    -|       -|      -|    -|
|Instance         |        -|    -|       -|      -|    -|
|Memory           |        -|    -|       -|      -|    -|
|Multiplexer      |        -|    -|       -|     90|    -|
|Register         |        -|    -|      77|      -|    -|
+-----------------+---------+-----+--------+-------+-----+
|Total            |        0|    0|      77|    375|    0|
+-----------------+---------+-----+--------+-------+-----+
|Available        |      280|  220|  106400|  53200|    0|
+-----------------+---------+-----+--------+-------+-----+
|Utilization (%)  |        0|    0|      ~0|     ~0|    0|
+-----------------+---------+-----+--------+-------+-----+

+ Detail: 
    * Instance: 
    N/A

    * DSP: 
    N/A

    * Memory: 
    N/A

    * FIFO: 
    N/A

    * Expression: 
    +---------------------------------------+----------+----+---+----+------------+------------+
    |             Variable Name             | Operation| DSP| FF| LUT| Bitwidth P0| Bitwidth P1|
    +---------------------------------------+----------+----+---+----+------------+------------+
    |i_V_1_fu_185_p2                        |         +|   0|  0|  12|          12|           1|
    |j_V_1_fu_219_p2                        |         +|   0|  0|  12|          12|           1|
    |and_ln31_fu_251_p2                     |       and|   0|  0|   2|           1|           1|
    |and_ln39_fu_278_p2                     |       and|   0|  0|   2|           1|           1|
    |and_ln870_1_fu_316_p2                  |       and|   0|  0|   2|           1|           1|
    |and_ln870_2_fu_320_p2                  |       and|   0|  0|   2|           1|           1|
    |and_ln870_fu_311_p2                    |       and|   0|  0|   2|           1|           1|
    |and_ln886_fu_343_p2                    |       and|   0|  0|   2|           1|           1|
    |ap_block_state4_io                     |       and|   0|  0|   2|           1|           1|
    |cmp_i3_fu_179_p2                       |      icmp|   0|  0|  12|          12|           1|
    |cmp_i_i101_fu_196_p2                   |      icmp|   0|  0|  12|          12|          12|
    |cmp_i_i65_fu_214_p2                    |      icmp|   0|  0|  12|          12|          12|
    |icmp_ln25_fu_191_p2                    |      icmp|   0|  0|  12|          12|          12|
    |icmp_ln26_fu_225_p2                    |      icmp|   0|  0|  12|          12|          12|
    |icmp_ln870_1_fu_262_p2                 |      icmp|   0|  0|  12|          12|          12|
    |icmp_ln870_2_fu_267_p2                 |      icmp|   0|  0|  12|          12|          12|
    |icmp_ln870_fu_256_p2                   |      icmp|   0|  0|  11|           8|           2|
    |icmp_ln886_fu_246_p2                   |      icmp|   0|  0|  12|          12|          12|
    |ap_block_pp0_stage0_01001              |        or|   0|  0|   2|           1|           1|
    |ap_block_pp0_stage0_11001              |        or|   0|  0|   2|           1|           1|
    |ap_block_state3_pp0_stage0_iter0       |        or|   0|  0|   2|           1|           1|
    |or_ln39_1_fu_294_p2                    |        or|   0|  0|   2|           1|           1|
    |or_ln39_fu_289_p2                      |        or|   0|  0|   2|           1|           1|
    |or_ln886_fu_333_p2                     |        or|   0|  0|   2|           1|           1|
    |output_video_element_data_V_fu_272_p3  |    select|   0|  0|  24|           1|          16|
    |select_ln31_fu_282_p3                  |    select|   0|  0|  24|           1|          24|
    |select_ln39_fu_299_p3                  |    select|   0|  0|  24|           1|          24|
    |select_ln870_fu_326_p3                 |    select|   0|  0|  24|           1|          24|
    |video_stream_out_TDATA                 |    select|   0|  0|  24|           1|          24|
    |ap_enable_pp0                          |       xor|   0|  0|   2|           1|           2|
    |ap_enable_reg_pp0_iter1                |       xor|   0|  0|   2|           2|           1|
    |xor_ln37_fu_306_p2                     |       xor|   0|  0|   2|           1|           2|
    |xor_ln886_fu_337_p2                    |       xor|   0|  0|   2|           1|           2|
    +---------------------------------------+----------+----+---+----+------------+------------+
    |Total                                  |          |   0|  0| 285|         151|         221|
    +---------------------------------------+----------+----+---+----+------------+------------+

    * Multiplexer: 
    +-------------------------------+----+-----------+-----+-----------+
    |              Name             | LUT| Input Size| Bits| Total Bits|
    +-------------------------------+----+-----------+-----+-----------+
    |ap_NS_fsm                      |  31|          6|    1|          6|
    |ap_enable_reg_pp0_iter1        |  14|          3|    1|          3|
    |i_V_reg_143                    |   9|          2|   12|         24|
    |j_V_reg_154                    |   9|          2|   12|         24|
    |overlay_stream_in_TDATA_blk_n  |   9|          2|    1|          2|
    |video_stream_in_TDATA_blk_n    |   9|          2|    1|          2|
    |video_stream_out_TDATA_blk_n   |   9|          2|    1|          2|
    +-------------------------------+----+-----------+-----+-----------+
    |Total                          |  90|         19|   29|         63|
    +-------------------------------+----+-----------+-----+-----------+

    * Register: 
    +------------------------------------+----+----+-----+-----------+
    |                Name                | FF | LUT| Bits| Const Bits|
    +------------------------------------+----+----+-----+-----------+
    |and_ln31_reg_441                    |   1|   0|    1|          0|
    |ap_CS_fsm                           |   5|   0|    5|          0|
    |ap_enable_reg_pp0_iter0             |   1|   0|    1|          0|
    |ap_enable_reg_pp0_iter1             |   1|   0|    1|          0|
    |cmp_i_i101_reg_386                  |   1|   0|    1|          0|
    |cmp_i_i65_reg_401                   |   1|   0|    1|          0|
    |i_V_1_reg_377                       |  12|   0|   12|          0|
    |i_V_reg_143                         |  12|   0|   12|          0|
    |icmp_ln26_reg_413                   |   1|   0|    1|          0|
    |icmp_ln870_1_reg_452                |   1|   0|    1|          0|
    |icmp_ln870_2_reg_457                |   1|   0|    1|          0|
    |icmp_ln870_reg_447                  |   1|   0|    1|          0|
    |icmp_ln886_reg_435                  |   1|   0|    1|          0|
    |input_video_element_data_V_reg_417  |  24|   0|   24|          0|
    |j_V_reg_154                         |  12|   0|   12|          0|
    |tmp_i_i117_last_reg_430             |   1|   0|    1|          0|
    |tmp_i_i117_user_reg_425             |   1|   0|    1|          0|
    +------------------------------------+----+----+-----+-----------+
    |Total                               |  77|   0|   77|          0|
    +------------------------------------+----+----+-----+-----------+



================================================================
== Interface
================================================================
* Summary: 
+--------------------------+-----+-----+------------+----------------------------+--------------+
|         RTL Ports        | Dir | Bits|  Protocol  |        Source Object       |    C Type    |
+--------------------------+-----+-----+------------+----------------------------+--------------+
|ap_clk                    |   in|    1|  ap_ctrl_hs|                  VideoMixer|  return value|
|ap_rst                    |   in|    1|  ap_ctrl_hs|                  VideoMixer|  return value|
|ap_start                  |   in|    1|  ap_ctrl_hs|                  VideoMixer|  return value|
|ap_done                   |  out|    1|  ap_ctrl_hs|                  VideoMixer|  return value|
|ap_idle                   |  out|    1|  ap_ctrl_hs|                  VideoMixer|  return value|
|ap_ready                  |  out|    1|  ap_ctrl_hs|                  VideoMixer|  return value|
|video_stream_in_TDATA     |   in|   24|        axis|    video_stream_in_V_data_V|       pointer|
|video_stream_in_TVALID    |   in|    1|        axis|    video_stream_in_V_data_V|       pointer|
|video_stream_in_TREADY    |  out|    1|        axis|    video_stream_in_V_last_V|       pointer|
|video_stream_in_TLAST     |   in|    1|        axis|    video_stream_in_V_last_V|       pointer|
|video_stream_in_TKEEP     |   in|    3|        axis|    video_stream_in_V_keep_V|       pointer|
|video_stream_in_TSTRB     |   in|    3|        axis|    video_stream_in_V_strb_V|       pointer|
|video_stream_in_TUSER     |   in|    1|        axis|    video_stream_in_V_user_V|       pointer|
|overlay_stream_in_TDATA   |   in|    8|        axis|  overlay_stream_in_V_data_V|       pointer|
|overlay_stream_in_TVALID  |   in|    1|        axis|  overlay_stream_in_V_data_V|       pointer|
|overlay_stream_in_TREADY  |  out|    1|        axis|  overlay_stream_in_V_last_V|       pointer|
|overlay_stream_in_TLAST   |   in|    1|        axis|  overlay_stream_in_V_last_V|       pointer|
|overlay_stream_in_TKEEP   |   in|    1|        axis|  overlay_stream_in_V_keep_V|       pointer|
|overlay_stream_in_TSTRB   |   in|    1|        axis|  overlay_stream_in_V_strb_V|       pointer|
|overlay_stream_in_TUSER   |   in|    1|        axis|  overlay_stream_in_V_user_V|       pointer|
|video_stream_out_TDATA    |  out|   24|        axis|   video_stream_out_V_data_V|       pointer|
|video_stream_out_TREADY   |   in|    1|        axis|   video_stream_out_V_data_V|       pointer|
|video_stream_out_TVALID   |  out|    1|        axis|   video_stream_out_V_last_V|       pointer|
|video_stream_out_TLAST    |  out|    1|        axis|   video_stream_out_V_last_V|       pointer|
|video_stream_out_TKEEP    |  out|    3|        axis|   video_stream_out_V_keep_V|       pointer|
|video_stream_out_TSTRB    |  out|    3|        axis|   video_stream_out_V_strb_V|       pointer|
|video_stream_out_TUSER    |  out|    1|        axis|   video_stream_out_V_user_V|       pointer|
|image_h                   |   in|   12|   ap_stable|                     image_h|        scalar|
|image_w                   |   in|   12|   ap_stable|                     image_w|        scalar|
+--------------------------+-----+-----+------------+----------------------------+--------------+

============================================================
+ Verbose Summary: Synthesis Manager
============================================================
InlineROM: 1
ExposeGlobal: 0
============================================================
+ Verbose Summary: CDFG Model
============================================================
IsTopModel: 0
ResetActiveHigh: 1
IsCombinational: 2
IsDatapathOnly: 2
HasWiredReturn: 1
HasMFsm: 0
HasVarLatency: 1
IsPipeline: 0
IsRtlPipelined: 0
IsInstanceOverlapped: 0
IsDontTouch: 0
HasImplIP: 0
IsGatedGlobalClock: 0

+ Individual pipeline summary: 
  * Pipeline-0: initiation interval (II) = 1, depth = 2


============================================================
+ Verbose Summary: Schedule
============================================================
* Number of FSM states : 6
* Pipeline : 1
  Pipeline-0 : II = 1, D = 2, States = { 3 4 }
* Dataflow Pipeline: 0

* FSM state transitions: 
1 --> 2 
2 --> 6 5 3 
3 --> 5 4 
4 --> 3 
5 --> 2 
6 --> 

* FSM state operations: 

State 1 <SV = 0> <Delay = 1.99>
ST_1 : Operation 7 [1/1] (0.00ns)   --->   "%specinterface_ln0 = specinterface void @_ssdm_op_SpecInterface, i1 %video_stream_out_V_last_V, i1 %video_stream_out_V_user_V, i3 %video_stream_out_V_strb_V, i3 %video_stream_out_V_keep_V, i24 %video_stream_out_V_data_V, void @empty, i32 0, i32 0, void @empty_0, i32 0, i32 0, void @empty_1, void @empty_1, void @empty_1, i32 0, i32 0, i32 0, i32 0, void @empty_1, void @empty_1"   --->   Operation 7 'specinterface' 'specinterface_ln0' <Predicate = true> <Delay = 0.00>
ST_1 : Operation 8 [1/1] (0.00ns)   --->   "%specinterface_ln0 = specinterface void @_ssdm_op_SpecInterface, i1 %overlay_stream_in_V_last_V, i1 %overlay_stream_in_V_user_V, i1 %overlay_stream_in_V_strb_V, i1 %overlay_stream_in_V_keep_V, i8 %overlay_stream_in_V_data_V, void @empty, i32 0, i32 0, void @empty_0, i32 0, i32 0, void @empty_1, void @empty_1, void @empty_1, i32 0, i32 0, i32 0, i32 0, void @empty_1, void @empty_1"   --->   Operation 8 'specinterface' 'specinterface_ln0' <Predicate = true> <Delay = 0.00>
ST_1 : Operation 9 [1/1] (0.00ns)   --->   "%specinterface_ln0 = specinterface void @_ssdm_op_SpecInterface, i1 %video_stream_in_V_last_V, i1 %video_stream_in_V_user_V, i3 %video_stream_in_V_strb_V, i3 %video_stream_in_V_keep_V, i24 %video_stream_in_V_data_V, void @empty, i32 0, i32 0, void @empty_0, i32 0, i32 0, void @empty_1, void @empty_1, void @empty_1, i32 0, i32 0, i32 0, i32 0, void @empty_1, void @empty_1"   --->   Operation 9 'specinterface' 'specinterface_ln0' <Predicate = true> <Delay = 0.00>
ST_1 : Operation 10 [1/1] (0.00ns)   --->   "%image_w_read = read i12 @_ssdm_op_Read.ap_auto.i12, i12 %image_w"   --->   Operation 10 'read' 'image_w_read' <Predicate = true> <Delay = 0.00>
ST_1 : Operation 11 [1/1] (0.00ns)   --->   "%image_h_read = read i12 @_ssdm_op_Read.ap_auto.i12, i12 %image_h"   --->   Operation 11 'read' 'image_h_read' <Predicate = true> <Delay = 0.00>
ST_1 : Operation 12 [1/1] (0.00ns)   --->   "%p_Result_s = partselect i11 @_ssdm_op_PartSelect.i11.i12.i32.i32, i12 %image_h_read, i32 1, i32 11"   --->   Operation 12 'partselect' 'p_Result_s' <Predicate = true> <Delay = 0.00>
ST_1 : Operation 13 [1/1] (0.00ns)   --->   "%zext_ln708 = zext i11 %p_Result_s"   --->   Operation 13 'zext' 'zext_ln708' <Predicate = true> <Delay = 0.00>
ST_1 : Operation 14 [1/1] (1.99ns)   --->   "%cmp_i3 = icmp_eq  i12 %image_w_read, i12 0"   --->   Operation 14 'icmp' 'cmp_i3' <Predicate = true> <Delay = 1.99> <CoreInst = "Cmp">   --->   Core 9 'Cmp' <Latency = 0> <II = 1> <Delay = 1.99> <FuncUnit> <Opcode : 'icmp'> <InPorts = 2> <OutPorts = 1>
ST_1 : Operation 15 [1/1] (1.58ns)   --->   "%br_ln25 = br void" [src/video_mixer.cpp:25]   --->   Operation 15 'br' 'br_ln25' <Predicate = true> <Delay = 1.58>

State 2 <SV = 1> <Delay = 1.99>
ST_2 : Operation 16 [1/1] (0.00ns)   --->   "%i_V = phi i12 0, void %.lr.ph8, i12 %i_V_1, void %._crit_edge"   --->   Operation 16 'phi' 'i_V' <Predicate = true> <Delay = 0.00>
ST_2 : Operation 17 [1/1] (1.54ns)   --->   "%i_V_1 = add i12 %i_V, i12 1"   --->   Operation 17 'add' 'i_V_1' <Predicate = true> <Delay = 1.54> <CoreInst = "Adder">   --->   Core 1 'Adder' <Latency = 0> <II = 1> <Delay = 1.54> <FuncUnit> <Opcode : 'add' 'sub'> <InPorts = 2> <OutPorts = 1>
ST_2 : Operation 18 [1/1] (1.99ns)   --->   "%icmp_ln25 = icmp_eq  i12 %i_V, i12 %image_h_read" [src/video_mixer.cpp:25]   --->   Operation 18 'icmp' 'icmp_ln25' <Predicate = true> <Delay = 1.99> <CoreInst = "Cmp">   --->   Core 9 'Cmp' <Latency = 0> <II = 1> <Delay = 1.99> <FuncUnit> <Opcode : 'icmp'> <InPorts = 2> <OutPorts = 1>
ST_2 : Operation 19 [1/1] (0.00ns)   --->   "%br_ln25 = br i1 %icmp_ln25, void %.split5, void %._crit_edge9.loopexit" [src/video_mixer.cpp:25]   --->   Operation 19 'br' 'br_ln25' <Predicate = true> <Delay = 0.00>
ST_2 : Operation 20 [1/1] (0.00ns)   --->   "%specloopname_ln25 = specloopname void @_ssdm_op_SpecLoopName, void @empty_5" [src/video_mixer.cpp:25]   --->   Operation 20 'specloopname' 'specloopname_ln25' <Predicate = (!icmp_ln25)> <Delay = 0.00>
ST_2 : Operation 21 [1/1] (0.00ns)   --->   "%br_ln26 = br i1 %cmp_i3, void %.lr.ph, void %._crit_edge" [src/video_mixer.cpp:26]   --->   Operation 21 'br' 'br_ln26' <Predicate = (!icmp_ln25)> <Delay = 0.00>
ST_2 : Operation 22 [1/1] (1.99ns)   --->   "%cmp_i_i101 = icmp_ult  i12 %i_V, i12 %zext_ln708"   --->   Operation 22 'icmp' 'cmp_i_i101' <Predicate = (!icmp_ln25 & !cmp_i3)> <Delay = 1.99> <CoreInst = "Cmp">   --->   Core 9 'Cmp' <Latency = 0> <II = 1> <Delay = 1.99> <FuncUnit> <Opcode : 'icmp'> <InPorts = 2> <OutPorts = 1>
ST_2 : Operation 23 [1/1] (0.00ns)   --->   "%p_Result_1 = partselect i11 @_ssdm_op_PartSelect.i11.i12.i32.i32, i12 %image_w_read, i32 1, i32 11"   --->   Operation 23 'partselect' 'p_Result_1' <Predicate = (!icmp_ln25 & !cmp_i3)> <Delay = 0.00>
ST_2 : Operation 24 [1/1] (0.00ns)   --->   "%zext_ln357 = zext i11 %p_Result_1"   --->   Operation 24 'zext' 'zext_ln357' <Predicate = (!icmp_ln25 & !cmp_i3)> <Delay = 0.00>
ST_2 : Operation 25 [1/1] (1.99ns)   --->   "%cmp_i_i65 = icmp_eq  i12 %i_V, i12 %zext_ln708"   --->   Operation 25 'icmp' 'cmp_i_i65' <Predicate = (!icmp_ln25 & !cmp_i3)> <Delay = 1.99> <CoreInst = "Cmp">   --->   Core 9 'Cmp' <Latency = 0> <II = 1> <Delay = 1.99> <FuncUnit> <Opcode : 'icmp'> <InPorts = 2> <OutPorts = 1>
ST_2 : Operation 26 [1/1] (1.58ns)   --->   "%br_ln26 = br void" [src/video_mixer.cpp:26]   --->   Operation 26 'br' 'br_ln26' <Predicate = (!icmp_ln25 & !cmp_i3)> <Delay = 1.58>

State 3 <SV = 2> <Delay = 2.96>
ST_3 : Operation 27 [1/1] (0.00ns)   --->   "%j_V = phi i12 0, void %.lr.ph, i12 %j_V_1, void %.split_ifconv"   --->   Operation 27 'phi' 'j_V' <Predicate = true> <Delay = 0.00>
ST_3 : Operation 28 [1/1] (1.54ns)   --->   "%j_V_1 = add i12 %j_V, i12 1"   --->   Operation 28 'add' 'j_V_1' <Predicate = true> <Delay = 1.54> <CoreInst = "Adder">   --->   Core 1 'Adder' <Latency = 0> <II = 1> <Delay = 1.54> <FuncUnit> <Opcode : 'add' 'sub'> <InPorts = 2> <OutPorts = 1>
ST_3 : Operation 29 [1/1] (1.99ns)   --->   "%icmp_ln26 = icmp_eq  i12 %j_V, i12 %image_w_read" [src/video_mixer.cpp:26]   --->   Operation 29 'icmp' 'icmp_ln26' <Predicate = true> <Delay = 1.99> <CoreInst = "Cmp">   --->   Core 9 'Cmp' <Latency = 0> <II = 1> <Delay = 1.99> <FuncUnit> <Opcode : 'icmp'> <InPorts = 2> <OutPorts = 1>
ST_3 : Operation 30 [1/1] (0.00ns)   --->   "%br_ln26 = br i1 %icmp_ln26, void %.split_ifconv, void %._crit_edge.loopexit" [src/video_mixer.cpp:26]   --->   Operation 30 'br' 'br_ln26' <Predicate = true> <Delay = 0.00>
ST_3 : Operation 31 [1/1] (0.00ns)   --->   "%empty = read i32 @_ssdm_op_Read.axis.volatile.i24P0A.i3P0A.i3P0A.i1P0A.i1P0A, i24 %video_stream_in_V_data_V, i3 %video_stream_in_V_keep_V, i3 %video_stream_in_V_strb_V, i1 %video_stream_in_V_user_V, i1 %video_stream_in_V_last_V"   --->   Operation 31 'read' 'empty' <Predicate = (!icmp_ln26)> <Delay = 0.00> <CoreInst = "axis">   --->   Core 115 'axis' <Latency = 0> <II = 1> <Delay = 1.00> <Adapter> <Opcode : >
ST_3 : Operation 32 [1/1] (0.00ns)   --->   "%input_video_element_data_V = extractvalue i32 %empty"   --->   Operation 32 'extractvalue' 'input_video_element_data_V' <Predicate = (!icmp_ln26)> <Delay = 0.00>
ST_3 : Operation 33 [1/1] (0.00ns)   --->   "%tmp_i_i117_user = extractvalue i32 %empty"   --->   Operation 33 'extractvalue' 'tmp_i_i117_user' <Predicate = (!icmp_ln26)> <Delay = 0.00>
ST_3 : Operation 34 [1/1] (0.00ns)   --->   "%tmp_i_i117_last = extractvalue i32 %empty"   --->   Operation 34 'extractvalue' 'tmp_i_i117_last' <Predicate = (!icmp_ln26)> <Delay = 0.00>
ST_3 : Operation 35 [1/1] (0.00ns)   --->   "%empty_19 = read i12 @_ssdm_op_Read.axis.volatile.i8P0A.i1P0A.i1P0A.i1P0A.i1P0A, i8 %overlay_stream_in_V_data_V, i1 %overlay_stream_in_V_keep_V, i1 %overlay_stream_in_V_strb_V, i1 %overlay_stream_in_V_user_V, i1 %overlay_stream_in_V_last_V"   --->   Operation 35 'read' 'empty_19' <Predicate = (!icmp_ln26)> <Delay = 0.00> <CoreInst = "axis">   --->   Core 115 'axis' <Latency = 0> <II = 1> <Delay = 1.00> <Adapter> <Opcode : >
ST_3 : Operation 36 [1/1] (0.00ns) (grouped into LUT with out node icmp_ln870)   --->   "%input_overlay_element_data_V = extractvalue i12 %empty_19"   --->   Operation 36 'extractvalue' 'input_overlay_element_data_V' <Predicate = (!icmp_ln26)> <Delay = 0.00>
ST_3 : Operation 37 [1/1] (1.99ns)   --->   "%icmp_ln886 = icmp_ugt  i12 %j_V, i12 %zext_ln357"   --->   Operation 37 'icmp' 'icmp_ln886' <Predicate = (!icmp_ln26)> <Delay = 1.99> <CoreInst = "Cmp">   --->   Core 9 'Cmp' <Latency = 0> <II = 1> <Delay = 1.99> <FuncUnit> <Opcode : 'icmp'> <InPorts = 2> <OutPorts = 1>
ST_3 : Operation 38 [1/1] (0.97ns)   --->   "%and_ln31 = and i1 %cmp_i_i101, i1 %icmp_ln886" [src/video_mixer.cpp:31]   --->   Operation 38 'and' 'and_ln31' <Predicate = (!icmp_ln26)> <Delay = 0.97> <CoreInst = "LogicGate">   --->   Core 74 'LogicGate' <Latency = 0> <II = 1> <Delay = 0.97> <FuncUnit> <Opcode : 'and' 'or' 'xor'> <InPorts = 2> <OutPorts = 1>
ST_3 : Operation 39 [1/1] (1.55ns) (out node of the LUT)   --->   "%icmp_ln870 = icmp_eq  i8 %input_overlay_element_data_V, i8 255"   --->   Operation 39 'icmp' 'icmp_ln870' <Predicate = (!icmp_ln26)> <Delay = 1.55> <CoreInst = "Cmp">   --->   Core 9 'Cmp' <Latency = 0> <II = 1> <Delay = 1.99> <FuncUnit> <Opcode : 'icmp'> <InPorts = 2> <OutPorts = 1>
ST_3 : Operation 40 [1/1] (1.99ns)   --->   "%icmp_ln870_1 = icmp_eq  i12 %j_V, i12 %zext_ln357"   --->   Operation 40 'icmp' 'icmp_ln870_1' <Predicate = (!icmp_ln26)> <Delay = 1.99> <CoreInst = "Cmp">   --->   Core 9 'Cmp' <Latency = 0> <II = 1> <Delay = 1.99> <FuncUnit> <Opcode : 'icmp'> <InPorts = 2> <OutPorts = 1>
ST_3 : Operation 41 [1/1] (1.99ns)   --->   "%icmp_ln870_2 = icmp_ne  i12 %j_V, i12 %zext_ln357"   --->   Operation 41 'icmp' 'icmp_ln870_2' <Predicate = (!icmp_ln26)> <Delay = 1.99> <CoreInst = "Cmp">   --->   Core 9 'Cmp' <Latency = 0> <II = 1> <Delay = 1.99> <FuncUnit> <Opcode : 'icmp'> <InPorts = 2> <OutPorts = 1>

State 4 <SV = 3> <Delay = 3.62>
ST_4 : Operation 42 [1/1] (0.00ns)   --->   "%specpipeline_ln26 = specpipeline void @_ssdm_op_SpecPipeline, i32 4294967295, i32 0, i32 0, i32 0, void @empty_1" [src/video_mixer.cpp:26]   --->   Operation 42 'specpipeline' 'specpipeline_ln26' <Predicate = (!icmp_ln26)> <Delay = 0.00>
ST_4 : Operation 43 [1/1] (0.00ns)   --->   "%specloopname_ln26 = specloopname void @_ssdm_op_SpecLoopName, void @empty_4" [src/video_mixer.cpp:26]   --->   Operation 43 'specloopname' 'specloopname_ln26' <Predicate = (!icmp_ln26)> <Delay = 0.00>
ST_4 : Operation 44 [1/1] (0.00ns) (grouped into LUT with out node select_ln39)   --->   "%output_video_element_data_V = select i1 %icmp_ln870, i24 65535, i24 %input_video_element_data_V" [src/video_mixer.cpp:33]   --->   Operation 44 'select' 'output_video_element_data_V' <Predicate = (!icmp_ln26 & and_ln31)> <Delay = 0.00> <CoreInst = "Sel">   --->   Core 73 'Sel' <Latency = 0> <II = 1> <Delay = 0.69> <FuncUnit> <Opcode : 'select'> <InPorts = 3> <OutPorts = 1>
ST_4 : Operation 45 [1/1] (0.00ns) (grouped into LUT with out node or_ln39_1)   --->   "%and_ln39 = and i1 %cmp_i_i101, i1 %icmp_ln870_1" [src/video_mixer.cpp:39]   --->   Operation 45 'and' 'and_ln39' <Predicate = (!icmp_ln26)> <Delay = 0.00> <CoreInst = "LogicGate">   --->   Core 74 'LogicGate' <Latency = 0> <II = 1> <Delay = 0.97> <FuncUnit> <Opcode : 'and' 'or' 'xor'> <InPorts = 2> <OutPorts = 1>
ST_4 : Operation 46 [1/1] (0.00ns) (grouped into LUT with out node select_ln39)   --->   "%select_ln31 = select i1 %and_ln31, i24 %output_video_element_data_V, i24 16777215" [src/video_mixer.cpp:31]   --->   Operation 46 'select' 'select_ln31' <Predicate = (!icmp_ln26)> <Delay = 0.00> <CoreInst = "Sel">   --->   Core 73 'Sel' <Latency = 0> <II = 1> <Delay = 0.69> <FuncUnit> <Opcode : 'select'> <InPorts = 3> <OutPorts = 1>
ST_4 : Operation 47 [1/1] (0.00ns) (grouped into LUT with out node or_ln39_1)   --->   "%or_ln39 = or i1 %cmp_i_i65, i1 %and_ln39" [src/video_mixer.cpp:39]   --->   Operation 47 'or' 'or_ln39' <Predicate = (!icmp_ln26)> <Delay = 0.00> <CoreInst = "LogicGate">   --->   Core 74 'LogicGate' <Latency = 0> <II = 1> <Delay = 0.97> <FuncUnit> <Opcode : 'and' 'or' 'xor'> <InPorts = 2> <OutPorts = 1>
ST_4 : Operation 48 [1/1] (0.97ns) (out node of the LUT)   --->   "%or_ln39_1 = or i1 %or_ln39, i1 %and_ln31" [src/video_mixer.cpp:39]   --->   Operation 48 'or' 'or_ln39_1' <Predicate = (!icmp_ln26)> <Delay = 0.97> <CoreInst = "LogicGate">   --->   Core 74 'LogicGate' <Latency = 0> <II = 1> <Delay = 0.97> <FuncUnit> <Opcode : 'and' 'or' 'xor'> <InPorts = 2> <OutPorts = 1>
ST_4 : Operation 49 [1/1] (0.69ns) (out node of the LUT)   --->   "%select_ln39 = select i1 %or_ln39_1, i24 %select_ln31, i24 %input_video_element_data_V" [src/video_mixer.cpp:39]   --->   Operation 49 'select' 'select_ln39' <Predicate = (!icmp_ln26)> <Delay = 0.69> <CoreInst = "Sel">   --->   Core 73 'Sel' <Latency = 0> <II = 1> <Delay = 0.69> <FuncUnit> <Opcode : 'select'> <InPorts = 3> <OutPorts = 1>
ST_4 : Operation 50 [1/1] (0.00ns) (grouped into LUT with out node select_ln870)   --->   "%xor_ln37 = xor i1 %icmp_ln886, i1 1" [src/video_mixer.cpp:37]   --->   Operation 50 'xor' 'xor_ln37' <Predicate = (!icmp_ln26)> <Delay = 0.00> <CoreInst = "LogicGate">   --->   Core 74 'LogicGate' <Latency = 0> <II = 1> <Delay = 0.97> <FuncUnit> <Opcode : 'and' 'or' 'xor'> <InPorts = 2> <OutPorts = 1>
ST_4 : Operation 51 [1/1] (0.00ns) (grouped into LUT with out node select_ln870)   --->   "%and_ln870 = and i1 %cmp_i_i101, i1 %xor_ln37"   --->   Operation 51 'and' 'and_ln870' <Predicate = (!icmp_ln26)> <Delay = 0.00> <CoreInst = "LogicGate">   --->   Core 74 'LogicGate' <Latency = 0> <II = 1> <Delay = 0.97> <FuncUnit> <Opcode : 'and' 'or' 'xor'> <InPorts = 2> <OutPorts = 1>
ST_4 : Operation 52 [1/1] (0.00ns) (grouped into LUT with out node select_ln870)   --->   "%and_ln870_1 = and i1 %cmp_i_i65, i1 %icmp_ln870_2"   --->   Operation 52 'and' 'and_ln870_1' <Predicate = (!icmp_ln26)> <Delay = 0.00> <CoreInst = "LogicGate">   --->   Core 74 'LogicGate' <Latency = 0> <II = 1> <Delay = 0.97> <FuncUnit> <Opcode : 'and' 'or' 'xor'> <InPorts = 2> <OutPorts = 1>
ST_4 : Operation 53 [1/1] (0.00ns) (grouped into LUT with out node select_ln870)   --->   "%and_ln870_2 = and i1 %and_ln870_1, i1 %and_ln870"   --->   Operation 53 'and' 'and_ln870_2' <Predicate = (!icmp_ln26)> <Delay = 0.00> <CoreInst = "LogicGate">   --->   Core 74 'LogicGate' <Latency = 0> <II = 1> <Delay = 0.97> <FuncUnit> <Opcode : 'and' 'or' 'xor'> <InPorts = 2> <OutPorts = 1>
ST_4 : Operation 54 [1/1] (0.97ns) (out node of the LUT)   --->   "%select_ln870 = select i1 %and_ln870_2, i24 %input_video_element_data_V, i24 %select_ln39"   --->   Operation 54 'select' 'select_ln870' <Predicate = (!icmp_ln26)> <Delay = 0.97> <CoreInst = "Sel">   --->   Core 73 'Sel' <Latency = 0> <II = 1> <Delay = 0.69> <FuncUnit> <Opcode : 'select'> <InPorts = 3> <OutPorts = 1>
ST_4 : Operation 55 [1/1] (0.00ns) (grouped into LUT with out node output_video_element_data_V_1)   --->   "%or_ln886 = or i1 %cmp_i_i101, i1 %icmp_ln886"   --->   Operation 55 'or' 'or_ln886' <Predicate = (!icmp_ln26)> <Delay = 0.00> <CoreInst = "LogicGate">   --->   Core 74 'LogicGate' <Latency = 0> <II = 1> <Delay = 0.97> <FuncUnit> <Opcode : 'and' 'or' 'xor'> <InPorts = 2> <OutPorts = 1>
ST_4 : Operation 56 [1/1] (0.00ns) (grouped into LUT with out node output_video_element_data_V_1)   --->   "%xor_ln886 = xor i1 %or_ln886, i1 1"   --->   Operation 56 'xor' 'xor_ln886' <Predicate = (!icmp_ln26)> <Delay = 0.00> <CoreInst = "LogicGate">   --->   Core 74 'LogicGate' <Latency = 0> <II = 1> <Delay = 0.97> <FuncUnit> <Opcode : 'and' 'or' 'xor'> <InPorts = 2> <OutPorts = 1>
ST_4 : Operation 57 [1/1] (0.00ns) (grouped into LUT with out node output_video_element_data_V_1)   --->   "%and_ln886 = and i1 %cmp_i_i65, i1 %xor_ln886"   --->   Operation 57 'and' 'and_ln886' <Predicate = (!icmp_ln26)> <Delay = 0.00> <CoreInst = "LogicGate">   --->   Core 74 'LogicGate' <Latency = 0> <II = 1> <Delay = 0.97> <FuncUnit> <Opcode : 'and' 'or' 'xor'> <InPorts = 2> <OutPorts = 1>
ST_4 : Operation 58 [1/1] (0.97ns) (out node of the LUT)   --->   "%output_video_element_data_V_1 = select i1 %and_ln886, i24 %input_video_element_data_V, i24 %select_ln870"   --->   Operation 58 'select' 'output_video_element_data_V_1' <Predicate = (!icmp_ln26)> <Delay = 0.97> <CoreInst = "Sel">   --->   Core 73 'Sel' <Latency = 0> <II = 1> <Delay = 0.69> <FuncUnit> <Opcode : 'select'> <InPorts = 3> <OutPorts = 1>
ST_4 : Operation 59 [1/1] (0.00ns)   --->   "%write_ln304 = write void @_ssdm_op_Write.axis.volatile.i24P0A.i3P0A.i3P0A.i1P0A.i1P0A, i24 %video_stream_out_V_data_V, i3 %video_stream_out_V_keep_V, i3 %video_stream_out_V_strb_V, i1 %video_stream_out_V_user_V, i1 %video_stream_out_V_last_V, i24 %output_video_element_data_V_1, i3 0, i3 0, i1 %tmp_i_i117_user, i1 %tmp_i_i117_last"   --->   Operation 59 'write' 'write_ln304' <Predicate = (!icmp_ln26)> <Delay = 0.00> <CoreInst = "axis">   --->   Core 115 'axis' <Latency = 0> <II = 1> <Delay = 1.00> <Adapter> <Opcode : >
ST_4 : Operation 60 [1/1] (0.00ns)   --->   "%br_ln0 = br void"   --->   Operation 60 'br' 'br_ln0' <Predicate = (!icmp_ln26)> <Delay = 0.00>

State 5 <SV = 3> <Delay = 0.00>
ST_5 : Operation 61 [1/1] (0.00ns)   --->   "%br_ln0 = br void %._crit_edge"   --->   Operation 61 'br' 'br_ln0' <Predicate = (!cmp_i3)> <Delay = 0.00>
ST_5 : Operation 62 [1/1] (0.00ns)   --->   "%br_ln0 = br void"   --->   Operation 62 'br' 'br_ln0' <Predicate = true> <Delay = 0.00>

State 6 <SV = 4> <Delay = 0.00>
ST_6 : Operation 63 [1/1] (0.00ns)   --->   "%ret_ln49 = ret" [src/video_mixer.cpp:49]   --->   Operation 63 'ret' 'ret_ln49' <Predicate = true> <Delay = 0.00>


============================================================
+ Verbose Summary: Binding
============================================================
STG Binding: 
---------------- STG Properties BEGIN ----------------
- Is combinational: 0
- Is one-state seq: 0
- Is datapath-only: 0
- Is pipelined: 0
- Is top level: 0
Port [ Return ] is wired: 1; IO mode=ap_ctrl_hs:ce=0
Port [ video_stream_in_V_data_V]:  wired=1; compound=1; hidden=0; nouse=0; global=0; static=0; extern=0; dir=0; type=0; pingpong=0; private_global=0; IO mode=axis:ce=0
Port [ video_stream_in_V_keep_V]:  wired=1; compound=1; hidden=0; nouse=0; global=0; static=0; extern=0; dir=0; type=0; pingpong=0; private_global=0; IO mode=axis:ce=0
Port [ video_stream_in_V_strb_V]:  wired=1; compound=1; hidden=0; nouse=0; global=0; static=0; extern=0; dir=0; type=0; pingpong=0; private_global=0; IO mode=axis:ce=0
Port [ video_stream_in_V_user_V]:  wired=1; compound=1; hidden=0; nouse=0; global=0; static=0; extern=0; dir=0; type=0; pingpong=0; private_global=0; IO mode=axis:ce=0
Port [ video_stream_in_V_last_V]:  wired=1; compound=1; hidden=0; nouse=0; global=0; static=0; extern=0; dir=0; type=0; pingpong=0; private_global=0; IO mode=axis:ce=0
Port [ overlay_stream_in_V_data_V]:  wired=1; compound=1; hidden=0; nouse=0; global=0; static=0; extern=0; dir=0; type=0; pingpong=0; private_global=0; IO mode=axis:ce=0
Port [ overlay_stream_in_V_keep_V]:  wired=1; compound=1; hidden=0; nouse=0; global=0; static=0; extern=0; dir=0; type=0; pingpong=0; private_global=0; IO mode=axis:ce=0
Port [ overlay_stream_in_V_strb_V]:  wired=1; compound=1; hidden=0; nouse=0; global=0; static=0; extern=0; dir=0; type=0; pingpong=0; private_global=0; IO mode=axis:ce=0
Port [ overlay_stream_in_V_user_V]:  wired=1; compound=1; hidden=0; nouse=0; global=0; static=0; extern=0; dir=0; type=0; pingpong=0; private_global=0; IO mode=axis:ce=0
Port [ overlay_stream_in_V_last_V]:  wired=1; compound=1; hidden=0; nouse=0; global=0; static=0; extern=0; dir=0; type=0; pingpong=0; private_global=0; IO mode=axis:ce=0
Port [ video_stream_out_V_data_V]:  wired=1; compound=1; hidden=0; nouse=0; global=0; static=0; extern=0; dir=1; type=0; pingpong=0; private_global=0; IO mode=axis:ce=0
Port [ video_stream_out_V_keep_V]:  wired=1; compound=1; hidden=0; nouse=0; global=0; static=0; extern=0; dir=1; type=0; pingpong=0; private_global=0; IO mode=axis:ce=0
Port [ video_stream_out_V_strb_V]:  wired=1; compound=1; hidden=0; nouse=0; global=0; static=0; extern=0; dir=1; type=0; pingpong=0; private_global=0; IO mode=axis:ce=0
Port [ video_stream_out_V_user_V]:  wired=1; compound=1; hidden=0; nouse=0; global=0; static=0; extern=0; dir=1; type=0; pingpong=0; private_global=0; IO mode=axis:ce=0
Port [ video_stream_out_V_last_V]:  wired=1; compound=1; hidden=0; nouse=0; global=0; static=0; extern=0; dir=1; type=0; pingpong=0; private_global=0; IO mode=axis:ce=0
Port [ image_h]:  wired=1; compound=0; hidden=0; nouse=0; global=0; static=0; extern=0; dir=0; type=0; pingpong=0; private_global=0; IO mode=ap_stable:ce=0
Port [ image_w]:  wired=1; compound=0; hidden=0; nouse=0; global=0; static=0; extern=0; dir=0; type=0; pingpong=0; private_global=0; IO mode=ap_stable:ce=0
---------------- STG Properties END ------------------

---------------- Datapath Model BEGIN ----------------

<LifeTime>
<method=bitvector/>
specinterface_ln0             (specinterface) [ 0000000]
specinterface_ln0             (specinterface) [ 0000000]
specinterface_ln0             (specinterface) [ 0000000]
image_w_read                  (read         ) [ 0011110]
image_h_read                  (read         ) [ 0011110]
p_Result_s                    (partselect   ) [ 0000000]
zext_ln708                    (zext         ) [ 0011110]
cmp_i3                        (icmp         ) [ 0011110]
br_ln25                       (br           ) [ 0111110]
i_V                           (phi          ) [ 0010000]
i_V_1                         (add          ) [ 0111110]
icmp_ln25                     (icmp         ) [ 0011110]
br_ln25                       (br           ) [ 0000000]
specloopname_ln25             (specloopname ) [ 0000000]
br_ln26                       (br           ) [ 0000000]
cmp_i_i101                    (icmp         ) [ 0001100]
p_Result_1                    (partselect   ) [ 0000000]
zext_ln357                    (zext         ) [ 0001100]
cmp_i_i65                     (icmp         ) [ 0001100]
br_ln26                       (br           ) [ 0011110]
j_V                           (phi          ) [ 0001000]
j_V_1                         (add          ) [ 0011110]
icmp_ln26                     (icmp         ) [ 0011110]
br_ln26                       (br           ) [ 0000000]
empty                         (read         ) [ 0000000]
input_video_element_data_V    (extractvalue ) [ 0001100]
tmp_i_i117_user               (extractvalue ) [ 0001100]
tmp_i_i117_last               (extractvalue ) [ 0001100]
empty_19                      (read         ) [ 0000000]
input_overlay_element_data_V  (extractvalue ) [ 0000000]
icmp_ln886                    (icmp         ) [ 0001100]
and_ln31                      (and          ) [ 0001100]
icmp_ln870                    (icmp         ) [ 0001100]
icmp_ln870_1                  (icmp         ) [ 0001100]
icmp_ln870_2                  (icmp         ) [ 0001100]
specpipeline_ln26             (specpipeline ) [ 0000000]
specloopname_ln26             (specloopname ) [ 0000000]
output_video_element_data_V   (select       ) [ 0000000]
and_ln39                      (and          ) [ 0000000]
select_ln31                   (select       ) [ 0000000]
or_ln39                       (or           ) [ 0000000]
or_ln39_1                     (or           ) [ 0000000]
select_ln39                   (select       ) [ 0000000]
xor_ln37                      (xor          ) [ 0000000]
and_ln870                     (and          ) [ 0000000]
and_ln870_1                   (and          ) [ 0000000]
and_ln870_2                   (and          ) [ 0000000]
select_ln870                  (select       ) [ 0000000]
or_ln886                      (or           ) [ 0000000]
xor_ln886                     (xor          ) [ 0000000]
and_ln886                     (and          ) [ 0000000]
output_video_element_data_V_1 (select       ) [ 0000000]
write_ln304                   (write        ) [ 0000000]
br_ln0                        (br           ) [ 0011110]
br_ln0                        (br           ) [ 0000000]
br_ln0                        (br           ) [ 0111110]
ret_ln49                      (ret          ) [ 0000000]
</LifeTime>

<model>

<comp_list>
<comp id="0" class="1000" name="video_stream_in_V_data_V">
<pin_list>
<pin id="1" dir="1" index="0" bw="1" slack="0"/>
</pin_list>
<bind>
<StgValue><ssdm name="video_stream_in_V_data_V"/></StgValue>
</bind>
</comp>

<comp id="2" class="1000" name="video_stream_in_V_keep_V">
<pin_list>
<pin id="3" dir="1" index="0" bw="1" slack="0"/>
</pin_list>
<bind>
<StgValue><ssdm name="video_stream_in_V_keep_V"/></StgValue>
</bind>
</comp>

<comp id="4" class="1000" name="video_stream_in_V_strb_V">
<pin_list>
<pin id="5" dir="1" index="0" bw="1" slack="0"/>
</pin_list>
<bind>
<StgValue><ssdm name="video_stream_in_V_strb_V"/></StgValue>
</bind>
</comp>

<comp id="6" class="1000" name="video_stream_in_V_user_V">
<pin_list>
<pin id="7" dir="1" index="0" bw="1" slack="0"/>
</pin_list>
<bind>
<StgValue><ssdm name="video_stream_in_V_user_V"/></StgValue>
</bind>
</comp>

<comp id="8" class="1000" name="video_stream_in_V_last_V">
<pin_list>
<pin id="9" dir="1" index="0" bw="1" slack="0"/>
</pin_list>
<bind>
<StgValue><ssdm name="video_stream_in_V_last_V"/></StgValue>
</bind>
</comp>

<comp id="10" class="1000" name="overlay_stream_in_V_data_V">
<pin_list>
<pin id="11" dir="1" index="0" bw="1" slack="0"/>
</pin_list>
<bind>
<StgValue><ssdm name="overlay_stream_in_V_data_V"/></StgValue>
</bind>
</comp>

<comp id="12" class="1000" name="overlay_stream_in_V_keep_V">
<pin_list>
<pin id="13" dir="1" index="0" bw="1" slack="0"/>
</pin_list>
<bind>
<StgValue><ssdm name="overlay_stream_in_V_keep_V"/></StgValue>
</bind>
</comp>

<comp id="14" class="1000" name="overlay_stream_in_V_strb_V">
<pin_list>
<pin id="15" dir="1" index="0" bw="1" slack="0"/>
</pin_list>
<bind>
<StgValue><ssdm name="overlay_stream_in_V_strb_V"/></StgValue>
</bind>
</comp>

<comp id="16" class="1000" name="overlay_stream_in_V_user_V">
<pin_list>
<pin id="17" dir="1" index="0" bw="1" slack="0"/>
</pin_list>
<bind>
<StgValue><ssdm name="overlay_stream_in_V_user_V"/></StgValue>
</bind>
</comp>

<comp id="18" class="1000" name="overlay_stream_in_V_last_V">
<pin_list>
<pin id="19" dir="1" index="0" bw="1" slack="0"/>
</pin_list>
<bind>
<StgValue><ssdm name="overlay_stream_in_V_last_V"/></StgValue>
</bind>
</comp>

<comp id="20" class="1000" name="video_stream_out_V_data_V">
<pin_list>
<pin id="21" dir="1" index="0" bw="1" slack="0"/>
</pin_list>
<bind>
<StgValue><ssdm name="video_stream_out_V_data_V"/></StgValue>
</bind>
</comp>

<comp id="22" class="1000" name="video_stream_out_V_keep_V">
<pin_list>
<pin id="23" dir="1" index="0" bw="1" slack="0"/>
</pin_list>
<bind>
<StgValue><ssdm name="video_stream_out_V_keep_V"/></StgValue>
</bind>
</comp>

<comp id="24" class="1000" name="video_stream_out_V_strb_V">
<pin_list>
<pin id="25" dir="1" index="0" bw="1" slack="0"/>
</pin_list>
<bind>
<StgValue><ssdm name="video_stream_out_V_strb_V"/></StgValue>
</bind>
</comp>

<comp id="26" class="1000" name="video_stream_out_V_user_V">
<pin_list>
<pin id="27" dir="1" index="0" bw="1" slack="0"/>
</pin_list>
<bind>
<StgValue><ssdm name="video_stream_out_V_user_V"/></StgValue>
</bind>
</comp>

<comp id="28" class="1000" name="video_stream_out_V_last_V">
<pin_list>
<pin id="29" dir="1" index="0" bw="1" slack="0"/>
</pin_list>
<bind>
<StgValue><ssdm name="video_stream_out_V_last_V"/></StgValue>
</bind>
</comp>

<comp id="30" class="1000" name="image_h">
<pin_list>
<pin id="31" dir="1" index="0" bw="1" slack="0"/>
</pin_list>
<bind>
<StgValue><ssdm name="image_h"/></StgValue>
</bind>
</comp>

<comp id="32" class="1000" name="image_w">
<pin_list>
<pin id="33" dir="1" index="0" bw="1" slack="0"/>
</pin_list>
<bind>
<StgValue><ssdm name="image_w"/></StgValue>
</bind>
</comp>

<comp id="34" class="1001" name="const_34">
<pin_list>
<pin id="35" dir="1" index="0" bw="1" slack="2147483647"/>
</pin_list>
<bind>
<StgValue><ssdm name="_ssdm_op_SpecInterface"/></StgValue>
</bind>
</comp>

<comp id="36" class="1001" name="const_36">
<pin_list>
<pin id="37" dir="1" index="0" bw="1" slack="2147483647"/>
</pin_list>
<bind>
<StgValue><ssdm name="empty"/></StgValue>
</bind>
</comp>

<comp id="38" class="1001" name="const_38">
<pin_list>
<pin id="39" dir="1" index="0" bw="1" slack="2147483647"/>
</pin_list>
<bind>
<StgValue><ssdm name=""/></StgValue>
</bind>
</comp>

<comp id="40" class="1001" name="const_40">
<pin_list>
<pin id="41" dir="1" index="0" bw="1" slack="2147483647"/>
</pin_list>
<bind>
<StgValue><ssdm name="empty_0"/></StgValue>
</bind>
</comp>

<comp id="42" class="1001" name="const_42">
<pin_list>
<pin id="43" dir="1" index="0" bw="1" slack="2147483647"/>
</pin_list>
<bind>
<StgValue><ssdm name="empty_1"/></StgValue>
</bind>
</comp>

<comp id="44" class="1001" name="const_44">
<pin_list>
<pin id="45" dir="1" index="0" bw="1" slack="0"/>
</pin_list>
<bind>
<StgValue><ssdm name="_ssdm_op_Read.ap_auto.i12"/></StgValue>
</bind>
</comp>

<comp id="46" class="1001" name="const_46">
<pin_list>
<pin id="47" dir="1" index="0" bw="1" slack="0"/>
</pin_list>
<bind>
<StgValue><ssdm name="_ssdm_op_PartSelect.i11.i12.i32.i32"/></StgValue>
</bind>
</comp>

<comp id="48" class="1001" name="const_48">
<pin_list>
<pin id="49" dir="1" index="0" bw="1" slack="0"/>
</pin_list>
<bind>
<StgValue><ssdm name=""/></StgValue>
</bind>
</comp>

<comp id="50" class="1001" name="const_50">
<pin_list>
<pin id="51" dir="1" index="0" bw="1" slack="0"/>
</pin_list>
<bind>
<StgValue><ssdm name=""/></StgValue>
</bind>
</comp>

<comp id="52" class="1001" name="const_52">
<pin_list>
<pin id="53" dir="1" index="0" bw="1" slack="0"/>
</pin_list>
<bind>
<StgValue><ssdm name=""/></StgValue>
</bind>
</comp>

<comp id="54" class="1001" name="const_54">
<pin_list>
<pin id="55" dir="1" index="0" bw="1" slack="0"/>
</pin_list>
<bind>
<StgValue><ssdm name=""/></StgValue>
</bind>
</comp>

<comp id="56" class="1001" name="const_56">
<pin_list>
<pin id="57" dir="1" index="0" bw="1" slack="2147483647"/>
</pin_list>
<bind>
<StgValue><ssdm name="_ssdm_op_SpecLoopName"/></StgValue>
</bind>
</comp>

<comp id="58" class="1001" name="const_58">
<pin_list>
<pin id="59" dir="1" index="0" bw="1" slack="2147483647"/>
</pin_list>
<bind>
<StgValue><ssdm name="empty_5"/></StgValue>
</bind>
</comp>

<comp id="60" class="1001" name="const_60">
<pin_list>
<pin id="61" dir="1" index="0" bw="1" slack="0"/>
</pin_list>
<bind>
<StgValue><ssdm name="_ssdm_op_Read.axis.volatile.i24P0A.i3P0A.i3P0A.i1P0A.i1P0A"/></StgValue>
</bind>
</comp>

<comp id="62" class="1001" name="const_62">
<pin_list>
<pin id="63" dir="1" index="0" bw="1" slack="0"/>
</pin_list>
<bind>
<StgValue><ssdm name="_ssdm_op_Read.axis.volatile.i8P0A.i1P0A.i1P0A.i1P0A.i1P0A"/></StgValue>
</bind>
</comp>

<comp id="64" class="1001" name="const_64">
<pin_list>
<pin id="65" dir="1" index="0" bw="1" slack="0"/>
</pin_list>
<bind>
<StgValue><ssdm name=""/></StgValue>
</bind>
</comp>

<comp id="66" class="1001" name="const_66">
<pin_list>
<pin id="67" dir="1" index="0" bw="1" slack="2147483647"/>
</pin_list>
<bind>
<StgValue><ssdm name="_ssdm_op_SpecPipeline"/></StgValue>
</bind>
</comp>

<comp id="68" class="1001" name="const_68">
<pin_list>
<pin id="69" dir="1" index="0" bw="1" slack="2147483647"/>
</pin_list>
<bind>
<StgValue><ssdm name=""/></StgValue>
</bind>
</comp>

<comp id="70" class="1001" name="const_70">
<pin_list>
<pin id="71" dir="1" index="0" bw="1" slack="2147483647"/>
</pin_list>
<bind>
<StgValue><ssdm name="empty_4"/></StgValue>
</bind>
</comp>

<comp id="72" class="1001" name="const_72">
<pin_list>
<pin id="73" dir="1" index="0" bw="1" slack="0"/>
</pin_list>
<bind>
<StgValue><ssdm name=""/></StgValue>
</bind>
</comp>

<comp id="74" class="1001" name="const_74">
<pin_list>
<pin id="75" dir="1" index="0" bw="1" slack="0"/>
</pin_list>
<bind>
<StgValue><ssdm name=""/></StgValue>
</bind>
</comp>

<comp id="76" class="1001" name="const_76">
<pin_list>
<pin id="77" dir="1" index="0" bw="1" slack="0"/>
</pin_list>
<bind>
<StgValue><ssdm name=""/></StgValue>
</bind>
</comp>

<comp id="78" class="1001" name="const_78">
<pin_list>
<pin id="79" dir="1" index="0" bw="1" slack="0"/>
</pin_list>
<bind>
<StgValue><ssdm name="_ssdm_op_Write.axis.volatile.i24P0A.i3P0A.i3P0A.i1P0A.i1P0A"/></StgValue>
</bind>
</comp>

<comp id="80" class="1001" name="const_80">
<pin_list>
<pin id="81" dir="1" index="0" bw="1" slack="0"/>
</pin_list>
<bind>
<StgValue><ssdm name=""/></StgValue>
</bind>
</comp>

<comp id="82" class="1004" name="image_w_read_read_fu_82">
<pin_list>
<pin id="83" dir="0" index="0" bw="12" slack="0"/>
<pin id="84" dir="0" index="1" bw="12" slack="0"/>
<pin id="85" dir="1" index="2" bw="12" slack="0"/>
</pin_list>
<bind>
<opcode="read(1150) " fcode="read"/>
<opset="image_w_read/1 "/>
</bind>
</comp>

<comp id="88" class="1004" name="image_h_read_read_fu_88">
<pin_list>
<pin id="89" dir="0" index="0" bw="12" slack="0"/>
<pin id="90" dir="0" index="1" bw="12" slack="0"/>
<pin id="91" dir="1" index="2" bw="12" slack="0"/>
</pin_list>
<bind>
<opcode="read(1150) " fcode="read"/>
<opset="image_h_read/1 "/>
</bind>
</comp>

<comp id="94" class="1004" name="empty_read_fu_94">
<pin_list>
<pin id="95" dir="0" index="0" bw="32" slack="0"/>
<pin id="96" dir="0" index="1" bw="24" slack="0"/>
<pin id="97" dir="0" index="2" bw="3" slack="0"/>
<pin id="98" dir="0" index="3" bw="3" slack="0"/>
<pin id="99" dir="0" index="4" bw="1" slack="0"/>
<pin id="100" dir="0" index="5" bw="1" slack="0"/>
<pin id="101" dir="1" index="6" bw="32" slack="0"/>
</pin_list>
<bind>
<opcode="read(1150) " fcode="read"/>
<opset="empty/3 "/>
</bind>
</comp>

<comp id="108" class="1004" name="empty_19_read_fu_108">
<pin_list>
<pin id="109" dir="0" index="0" bw="12" slack="0"/>
<pin id="110" dir="0" index="1" bw="8" slack="0"/>
<pin id="111" dir="0" index="2" bw="1" slack="0"/>
<pin id="112" dir="0" index="3" bw="1" slack="0"/>
<pin id="113" dir="0" index="4" bw="1" slack="0"/>
<pin id="114" dir="0" index="5" bw="1" slack="0"/>
<pin id="115" dir="1" index="6" bw="12" slack="0"/>
</pin_list>
<bind>
<opcode="read(1150) " fcode="read"/>
<opset="empty_19/3 "/>
</bind>
</comp>

<comp id="122" class="1004" name="write_ln304_write_fu_122">
<pin_list>
<pin id="123" dir="0" index="0" bw="0" slack="0"/>
<pin id="124" dir="0" index="1" bw="24" slack="0"/>
<pin id="125" dir="0" index="2" bw="3" slack="0"/>
<pin id="126" dir="0" index="3" bw="3" slack="0"/>
<pin id="127" dir="0" index="4" bw="1" slack="0"/>
<pin id="128" dir="0" index="5" bw="1" slack="0"/>
<pin id="129" dir="0" index="6" bw="24" slack="0"/>
<pin id="130" dir="0" index="7" bw="1" slack="0"/>
<pin id="131" dir="0" index="8" bw="1" slack="0"/>
<pin id="132" dir="0" index="9" bw="1" slack="1"/>
<pin id="133" dir="0" index="10" bw="1" slack="1"/>
<pin id="134" dir="1" index="11" bw="0" slack="2147483647"/>
</pin_list>
<bind>
<opcode="write(1151) " fcode="write"/>
<opset="write_ln304/4 "/>
</bind>
</comp>

<comp id="143" class="1005" name="i_V_reg_143">
<pin_list>
<pin id="144" dir="0" index="0" bw="12" slack="1"/>
<pin id="145" dir="1" index="1" bw="12" slack="1"/>
</pin_list>
<bind>
<opset="i_V (phireg) "/>
</bind>
</comp>

<comp id="147" class="1004" name="i_V_phi_fu_147">
<pin_list>
<pin id="148" dir="0" index="0" bw="1" slack="1"/>
<pin id="149" dir="0" index="1" bw="0" slack="2147483647"/>
<pin id="150" dir="0" index="2" bw="12" slack="0"/>
<pin id="151" dir="0" index="3" bw="0" slack="2147483647"/>
<pin id="152" dir="1" index="4" bw="12" slack="0"/>
</pin_list>
<bind>
<opcode="phi(47) " fcode="phi"/>
<opset="i_V/2 "/>
</bind>
</comp>

<comp id="154" class="1005" name="j_V_reg_154">
<pin_list>
<pin id="155" dir="0" index="0" bw="12" slack="1"/>
<pin id="156" dir="1" index="1" bw="12" slack="1"/>
</pin_list>
<bind>
<opset="j_V (phireg) "/>
</bind>
</comp>

<comp id="158" class="1004" name="j_V_phi_fu_158">
<pin_list>
<pin id="159" dir="0" index="0" bw="1" slack="1"/>
<pin id="160" dir="0" index="1" bw="0" slack="2147483647"/>
<pin id="161" dir="0" index="2" bw="12" slack="0"/>
<pin id="162" dir="0" index="3" bw="0" slack="2147483647"/>
<pin id="163" dir="1" index="4" bw="12" slack="0"/>
</pin_list>
<bind>
<opcode="phi(47) " fcode="phi"/>
<opset="j_V/3 "/>
</bind>
</comp>

<comp id="165" class="1004" name="p_Result_s_fu_165">
<pin_list>
<pin id="166" dir="0" index="0" bw="11" slack="0"/>
<pin id="167" dir="0" index="1" bw="12" slack="0"/>
<pin id="168" dir="0" index="2" bw="1" slack="0"/>
<pin id="169" dir="0" index="3" bw="5" slack="0"/>
<pin id="170" dir="1" index="4" bw="11" slack="0"/>
</pin_list>
<bind>
<opcode="partselect(1002) " fcode="partselect"/>
<opset="p_Result_s/1 "/>
</bind>
</comp>

<comp id="175" class="1004" name="zext_ln708_fu_175">
<pin_list>
<pin id="176" dir="0" index="0" bw="11" slack="0"/>
<pin id="177" dir="1" index="1" bw="12" slack="1"/>
</pin_list>
<bind>
<opcode="zext(34) " fcode="zext"/>
<opset="zext_ln708/1 "/>
</bind>
</comp>

<comp id="179" class="1004" name="cmp_i3_fu_179">
<pin_list>
<pin id="180" dir="0" index="0" bw="12" slack="0"/>
<pin id="181" dir="0" index="1" bw="12" slack="0"/>
<pin id="182" dir="1" index="2" bw="1" slack="1"/>
</pin_list>
<bind>
<opcode="icmp(45) " fcode="icmp"/>
<opset="cmp_i3/1 "/>
</bind>
</comp>

<comp id="185" class="1004" name="i_V_1_fu_185">
<pin_list>
<pin id="186" dir="0" index="0" bw="12" slack="0"/>
<pin id="187" dir="0" index="1" bw="1" slack="0"/>
<pin id="188" dir="1" index="2" bw="12" slack="0"/>
</pin_list>
<bind>
<opcode="add(8) " fcode="add"/>
<opset="i_V_1/2 "/>
</bind>
</comp>

<comp id="191" class="1004" name="icmp_ln25_fu_191">
<pin_list>
<pin id="192" dir="0" index="0" bw="12" slack="0"/>
<pin id="193" dir="0" index="1" bw="12" slack="1"/>
<pin id="194" dir="1" index="2" bw="1" slack="1"/>
</pin_list>
<bind>
<opcode="icmp(45) " fcode="icmp"/>
<opset="icmp_ln25/2 "/>
</bind>
</comp>

<comp id="196" class="1004" name="cmp_i_i101_fu_196">
<pin_list>
<pin id="197" dir="0" index="0" bw="12" slack="0"/>
<pin id="198" dir="0" index="1" bw="12" slack="1"/>
<pin id="199" dir="1" index="2" bw="1" slack="1"/>
</pin_list>
<bind>
<opcode="icmp(45) " fcode="icmp"/>
<opset="cmp_i_i101/2 "/>
</bind>
</comp>

<comp id="201" class="1004" name="p_Result_1_fu_201">
<pin_list>
<pin id="202" dir="0" index="0" bw="11" slack="0"/>
<pin id="203" dir="0" index="1" bw="12" slack="1"/>
<pin id="204" dir="0" index="2" bw="1" slack="0"/>
<pin id="205" dir="0" index="3" bw="5" slack="0"/>
<pin id="206" dir="1" index="4" bw="11" slack="0"/>
</pin_list>
<bind>
<opcode="partselect(1002) " fcode="partselect"/>
<opset="p_Result_1/2 "/>
</bind>
</comp>

<comp id="210" class="1004" name="zext_ln357_fu_210">
<pin_list>
<pin id="211" dir="0" index="0" bw="11" slack="0"/>
<pin id="212" dir="1" index="1" bw="12" slack="1"/>
</pin_list>
<bind>
<opcode="zext(34) " fcode="zext"/>
<opset="zext_ln357/2 "/>
</bind>
</comp>

<comp id="214" class="1004" name="cmp_i_i65_fu_214">
<pin_list>
<pin id="215" dir="0" index="0" bw="12" slack="0"/>
<pin id="216" dir="0" index="1" bw="12" slack="1"/>
<pin id="217" dir="1" index="2" bw="1" slack="2"/>
</pin_list>
<bind>
<opcode="icmp(45) " fcode="icmp"/>
<opset="cmp_i_i65/2 "/>
</bind>
</comp>

<comp id="219" class="1004" name="j_V_1_fu_219">
<pin_list>
<pin id="220" dir="0" index="0" bw="12" slack="0"/>
<pin id="221" dir="0" index="1" bw="1" slack="0"/>
<pin id="222" dir="1" index="2" bw="12" slack="0"/>
</pin_list>
<bind>
<opcode="add(8) " fcode="add"/>
<opset="j_V_1/3 "/>
</bind>
</comp>

<comp id="225" class="1004" name="icmp_ln26_fu_225">
<pin_list>
<pin id="226" dir="0" index="0" bw="12" slack="0"/>
<pin id="227" dir="0" index="1" bw="12" slack="2"/>
<pin id="228" dir="1" index="2" bw="1" slack="1"/>
</pin_list>
<bind>
<opcode="icmp(45) " fcode="icmp"/>
<opset="icmp_ln26/3 "/>
</bind>
</comp>

<comp id="230" class="1004" name="input_video_element_data_V_fu_230">
<pin_list>
<pin id="231" dir="0" index="0" bw="32" slack="0"/>
<pin id="232" dir="1" index="1" bw="24" slack="1"/>
</pin_list>
<bind>
<opcode="extractvalue(56) " fcode="extractvalue"/>
<opset="input_video_element_data_V/3 "/>
</bind>
</comp>

<comp id="234" class="1004" name="tmp_i_i117_user_fu_234">
<pin_list>
<pin id="235" dir="0" index="0" bw="32" slack="0"/>
<pin id="236" dir="1" index="1" bw="1" slack="1"/>
</pin_list>
<bind>
<opcode="extractvalue(56) " fcode="extractvalue"/>
<opset="tmp_i_i117_user/3 "/>
</bind>
</comp>

<comp id="238" class="1004" name="tmp_i_i117_last_fu_238">
<pin_list>
<pin id="239" dir="0" index="0" bw="32" slack="0"/>
<pin id="240" dir="1" index="1" bw="1" slack="1"/>
</pin_list>
<bind>
<opcode="extractvalue(56) " fcode="extractvalue"/>
<opset="tmp_i_i117_last/3 "/>
</bind>
</comp>

<comp id="242" class="1004" name="input_overlay_element_data_V_fu_242">
<pin_list>
<pin id="243" dir="0" index="0" bw="12" slack="0"/>
<pin id="244" dir="1" index="1" bw="8" slack="0"/>
</pin_list>
<bind>
<opcode="extractvalue(56) " fcode="extractvalue"/>
<opset="input_overlay_element_data_V/3 "/>
</bind>
</comp>

<comp id="246" class="1004" name="icmp_ln886_fu_246">
<pin_list>
<pin id="247" dir="0" index="0" bw="12" slack="0"/>
<pin id="248" dir="0" index="1" bw="12" slack="1"/>
<pin id="249" dir="1" index="2" bw="1" slack="0"/>
</pin_list>
<bind>
<opcode="icmp(45) " fcode="icmp"/>
<opset="icmp_ln886/3 "/>
</bind>
</comp>

<comp id="251" class="1004" name="and_ln31_fu_251">
<pin_list>
<pin id="252" dir="0" index="0" bw="1" slack="1"/>
<pin id="253" dir="0" index="1" bw="1" slack="0"/>
<pin id="254" dir="1" index="2" bw="1" slack="1"/>
</pin_list>
<bind>
<opcode="and(23) " fcode="and"/>
<opset="and_ln31/3 "/>
</bind>
</comp>

<comp id="256" class="1004" name="icmp_ln870_fu_256">
<pin_list>
<pin id="257" dir="0" index="0" bw="8" slack="0"/>
<pin id="258" dir="0" index="1" bw="8" slack="0"/>
<pin id="259" dir="1" index="2" bw="1" slack="1"/>
</pin_list>
<bind>
<opcode="icmp(45) " fcode="icmp"/>
<opset="icmp_ln870/3 "/>
</bind>
</comp>

<comp id="262" class="1004" name="icmp_ln870_1_fu_262">
<pin_list>
<pin id="263" dir="0" index="0" bw="12" slack="0"/>
<pin id="264" dir="0" index="1" bw="12" slack="1"/>
<pin id="265" dir="1" index="2" bw="1" slack="1"/>
</pin_list>
<bind>
<opcode="icmp(45) " fcode="icmp"/>
<opset="icmp_ln870_1/3 "/>
</bind>
</comp>

<comp id="267" class="1004" name="icmp_ln870_2_fu_267">
<pin_list>
<pin id="268" dir="0" index="0" bw="12" slack="0"/>
<pin id="269" dir="0" index="1" bw="12" slack="1"/>
<pin id="270" dir="1" index="2" bw="1" slack="1"/>
</pin_list>
<bind>
<opcode="icmp(45) " fcode="icmp"/>
<opset="icmp_ln870_2/3 "/>
</bind>
</comp>

<comp id="272" class="1004" name="output_video_element_data_V_fu_272">
<pin_list>
<pin id="273" dir="0" index="0" bw="1" slack="1"/>
<pin id="274" dir="0" index="1" bw="24" slack="0"/>
<pin id="275" dir="0" index="2" bw="24" slack="1"/>
<pin id="276" dir="1" index="3" bw="24" slack="0"/>
</pin_list>
<bind>
<opcode="select(49) " fcode="select"/>
<opset="output_video_element_data_V/4 "/>
</bind>
</comp>

<comp id="278" class="1004" name="and_ln39_fu_278">
<pin_list>
<pin id="279" dir="0" index="0" bw="1" slack="2"/>
<pin id="280" dir="0" index="1" bw="1" slack="1"/>
<pin id="281" dir="1" index="2" bw="1" slack="0"/>
</pin_list>
<bind>
<opcode="and(23) " fcode="and"/>
<opset="and_ln39/4 "/>
</bind>
</comp>

<comp id="282" class="1004" name="select_ln31_fu_282">
<pin_list>
<pin id="283" dir="0" index="0" bw="1" slack="1"/>
<pin id="284" dir="0" index="1" bw="24" slack="0"/>
<pin id="285" dir="0" index="2" bw="24" slack="0"/>
<pin id="286" dir="1" index="3" bw="24" slack="0"/>
</pin_list>
<bind>
<opcode="select(49) " fcode="select"/>
<opset="select_ln31/4 "/>
</bind>
</comp>

<comp id="289" class="1004" name="or_ln39_fu_289">
<pin_list>
<pin id="290" dir="0" index="0" bw="1" slack="2"/>
<pin id="291" dir="0" index="1" bw="1" slack="0"/>
<pin id="292" dir="1" index="2" bw="1" slack="0"/>
</pin_list>
<bind>
<opcode="or(24) " fcode="or"/>
<opset="or_ln39/4 "/>
</bind>
</comp>

<comp id="294" class="1004" name="or_ln39_1_fu_294">
<pin_list>
<pin id="295" dir="0" index="0" bw="1" slack="0"/>
<pin id="296" dir="0" index="1" bw="1" slack="1"/>
<pin id="297" dir="1" index="2" bw="1" slack="0"/>
</pin_list>
<bind>
<opcode="or(24) " fcode="or"/>
<opset="or_ln39_1/4 "/>
</bind>
</comp>

<comp id="299" class="1004" name="select_ln39_fu_299">
<pin_list>
<pin id="300" dir="0" index="0" bw="1" slack="0"/>
<pin id="301" dir="0" index="1" bw="24" slack="0"/>
<pin id="302" dir="0" index="2" bw="24" slack="1"/>
<pin id="303" dir="1" index="3" bw="24" slack="0"/>
</pin_list>
<bind>
<opcode="select(49) " fcode="select"/>
<opset="select_ln39/4 "/>
</bind>
</comp>

<comp id="306" class="1004" name="xor_ln37_fu_306">
<pin_list>
<pin id="307" dir="0" index="0" bw="1" slack="1"/>
<pin id="308" dir="0" index="1" bw="1" slack="0"/>
<pin id="309" dir="1" index="2" bw="1" slack="0"/>
</pin_list>
<bind>
<opcode="xor(25) " fcode="xor"/>
<opset="xor_ln37/4 "/>
</bind>
</comp>

<comp id="311" class="1004" name="and_ln870_fu_311">
<pin_list>
<pin id="312" dir="0" index="0" bw="1" slack="2"/>
<pin id="313" dir="0" index="1" bw="1" slack="0"/>
<pin id="314" dir="1" index="2" bw="1" slack="0"/>
</pin_list>
<bind>
<opcode="and(23) " fcode="and"/>
<opset="and_ln870/4 "/>
</bind>
</comp>

<comp id="316" class="1004" name="and_ln870_1_fu_316">
<pin_list>
<pin id="317" dir="0" index="0" bw="1" slack="2"/>
<pin id="318" dir="0" index="1" bw="1" slack="1"/>
<pin id="319" dir="1" index="2" bw="1" slack="0"/>
</pin_list>
<bind>
<opcode="and(23) " fcode="and"/>
<opset="and_ln870_1/4 "/>
</bind>
</comp>

<comp id="320" class="1004" name="and_ln870_2_fu_320">
<pin_list>
<pin id="321" dir="0" index="0" bw="1" slack="0"/>
<pin id="322" dir="0" index="1" bw="1" slack="0"/>
<pin id="323" dir="1" index="2" bw="1" slack="0"/>
</pin_list>
<bind>
<opcode="and(23) " fcode="and"/>
<opset="and_ln870_2/4 "/>
</bind>
</comp>

<comp id="326" class="1004" name="select_ln870_fu_326">
<pin_list>
<pin id="327" dir="0" index="0" bw="1" slack="0"/>
<pin id="328" dir="0" index="1" bw="24" slack="1"/>
<pin id="329" dir="0" index="2" bw="24" slack="0"/>
<pin id="330" dir="1" index="3" bw="24" slack="0"/>
</pin_list>
<bind>
<opcode="select(49) " fcode="select"/>
<opset="select_ln870/4 "/>
</bind>
</comp>

<comp id="333" class="1004" name="or_ln886_fu_333">
<pin_list>
<pin id="334" dir="0" index="0" bw="1" slack="2"/>
<pin id="335" dir="0" index="1" bw="1" slack="1"/>
<pin id="336" dir="1" index="2" bw="1" slack="0"/>
</pin_list>
<bind>
<opcode="or(24) " fcode="or"/>
<opset="or_ln886/4 "/>
</bind>
</comp>

<comp id="337" class="1004" name="xor_ln886_fu_337">
<pin_list>
<pin id="338" dir="0" index="0" bw="1" slack="0"/>
<pin id="339" dir="0" index="1" bw="1" slack="0"/>
<pin id="340" dir="1" index="2" bw="1" slack="0"/>
</pin_list>
<bind>
<opcode="xor(25) " fcode="xor"/>
<opset="xor_ln886/4 "/>
</bind>
</comp>

<comp id="343" class="1004" name="and_ln886_fu_343">
<pin_list>
<pin id="344" dir="0" index="0" bw="1" slack="2"/>
<pin id="345" dir="0" index="1" bw="1" slack="0"/>
<pin id="346" dir="1" index="2" bw="1" slack="0"/>
</pin_list>
<bind>
<opcode="and(23) " fcode="and"/>
<opset="and_ln886/4 "/>
</bind>
</comp>

<comp id="348" class="1004" name="output_video_element_data_V_1_fu_348">
<pin_list>
<pin id="349" dir="0" index="0" bw="1" slack="0"/>
<pin id="350" dir="0" index="1" bw="24" slack="1"/>
<pin id="351" dir="0" index="2" bw="24" slack="0"/>
<pin id="352" dir="1" index="3" bw="24" slack="0"/>
</pin_list>
<bind>
<opcode="select(49) " fcode="select"/>
<opset="output_video_element_data_V_1/4 "/>
</bind>
</comp>

<comp id="356" class="1005" name="image_w_read_reg_356">
<pin_list>
<pin id="357" dir="0" index="0" bw="12" slack="1"/>
<pin id="358" dir="1" index="1" bw="12" slack="1"/>
</pin_list>
<bind>
<opset="image_w_read "/>
</bind>
</comp>

<comp id="362" class="1005" name="image_h_read_reg_362">
<pin_list>
<pin id="363" dir="0" index="0" bw="12" slack="1"/>
<pin id="364" dir="1" index="1" bw="12" slack="1"/>
</pin_list>
<bind>
<opset="image_h_read "/>
</bind>
</comp>

<comp id="367" class="1005" name="zext_ln708_reg_367">
<pin_list>
<pin id="368" dir="0" index="0" bw="12" slack="1"/>
<pin id="369" dir="1" index="1" bw="12" slack="1"/>
</pin_list>
<bind>
<opset="zext_ln708 "/>
</bind>
</comp>

<comp id="373" class="1005" name="cmp_i3_reg_373">
<pin_list>
<pin id="374" dir="0" index="0" bw="1" slack="1"/>
<pin id="375" dir="1" index="1" bw="1" slack="2147483647"/>
</pin_list>
<bind>
<opset="cmp_i3 "/>
</bind>
</comp>

<comp id="377" class="1005" name="i_V_1_reg_377">
<pin_list>
<pin id="378" dir="0" index="0" bw="12" slack="0"/>
<pin id="379" dir="1" index="1" bw="12" slack="0"/>
</pin_list>
<bind>
<opset="i_V_1 "/>
</bind>
</comp>

<comp id="382" class="1005" name="icmp_ln25_reg_382">
<pin_list>
<pin id="383" dir="0" index="0" bw="1" slack="1"/>
<pin id="384" dir="1" index="1" bw="1" slack="2147483647"/>
</pin_list>
<bind>
<opset="icmp_ln25 "/>
</bind>
</comp>

<comp id="386" class="1005" name="cmp_i_i101_reg_386">
<pin_list>
<pin id="387" dir="0" index="0" bw="1" slack="1"/>
<pin id="388" dir="1" index="1" bw="1" slack="1"/>
</pin_list>
<bind>
<opset="cmp_i_i101 "/>
</bind>
</comp>

<comp id="394" class="1005" name="zext_ln357_reg_394">
<pin_list>
<pin id="395" dir="0" index="0" bw="12" slack="1"/>
<pin id="396" dir="1" index="1" bw="12" slack="1"/>
</pin_list>
<bind>
<opset="zext_ln357 "/>
</bind>
</comp>

<comp id="401" class="1005" name="cmp_i_i65_reg_401">
<pin_list>
<pin id="402" dir="0" index="0" bw="1" slack="2"/>
<pin id="403" dir="1" index="1" bw="1" slack="2"/>
</pin_list>
<bind>
<opset="cmp_i_i65 "/>
</bind>
</comp>

<comp id="408" class="1005" name="j_V_1_reg_408">
<pin_list>
<pin id="409" dir="0" index="0" bw="12" slack="0"/>
<pin id="410" dir="1" index="1" bw="12" slack="0"/>
</pin_list>
<bind>
<opset="j_V_1 "/>
</bind>
</comp>

<comp id="413" class="1005" name="icmp_ln26_reg_413">
<pin_list>
<pin id="414" dir="0" index="0" bw="1" slack="1"/>
<pin id="415" dir="1" index="1" bw="1" slack="2147483647"/>
</pin_list>
<bind>
<opset="icmp_ln26 "/>
</bind>
</comp>

<comp id="417" class="1005" name="input_video_element_data_V_reg_417">
<pin_list>
<pin id="418" dir="0" index="0" bw="24" slack="1"/>
<pin id="419" dir="1" index="1" bw="24" slack="1"/>
</pin_list>
<bind>
<opset="input_video_element_data_V "/>
</bind>
</comp>

<comp id="425" class="1005" name="tmp_i_i117_user_reg_425">
<pin_list>
<pin id="426" dir="0" index="0" bw="1" slack="1"/>
<pin id="427" dir="1" index="1" bw="1" slack="1"/>
</pin_list>
<bind>
<opset="tmp_i_i117_user "/>
</bind>
</comp>

<comp id="430" class="1005" name="tmp_i_i117_last_reg_430">
<pin_list>
<pin id="431" dir="0" index="0" bw="1" slack="1"/>
<pin id="432" dir="1" index="1" bw="1" slack="1"/>
</pin_list>
<bind>
<opset="tmp_i_i117_last "/>
</bind>
</comp>

<comp id="435" class="1005" name="icmp_ln886_reg_435">
<pin_list>
<pin id="436" dir="0" index="0" bw="1" slack="1"/>
<pin id="437" dir="1" index="1" bw="1" slack="1"/>
</pin_list>
<bind>
<opset="icmp_ln886 "/>
</bind>
</comp>

<comp id="441" class="1005" name="and_ln31_reg_441">
<pin_list>
<pin id="442" dir="0" index="0" bw="1" slack="1"/>
<pin id="443" dir="1" index="1" bw="1" slack="1"/>
</pin_list>
<bind>
<opset="and_ln31 "/>
</bind>
</comp>

<comp id="447" class="1005" name="icmp_ln870_reg_447">
<pin_list>
<pin id="448" dir="0" index="0" bw="1" slack="1"/>
<pin id="449" dir="1" index="1" bw="1" slack="1"/>
</pin_list>
<bind>
<opset="icmp_ln870 "/>
</bind>
</comp>

<comp id="452" class="1005" name="icmp_ln870_1_reg_452">
<pin_list>
<pin id="453" dir="0" index="0" bw="1" slack="1"/>
<pin id="454" dir="1" index="1" bw="1" slack="1"/>
</pin_list>
<bind>
<opset="icmp_ln870_1 "/>
</bind>
</comp>

<comp id="457" class="1005" name="icmp_ln870_2_reg_457">
<pin_list>
<pin id="458" dir="0" index="0" bw="1" slack="1"/>
<pin id="459" dir="1" index="1" bw="1" slack="1"/>
</pin_list>
<bind>
<opset="icmp_ln870_2 "/>
</bind>
</comp>

</comp_list>

<net_list>
<net id="86"><net_src comp="44" pin="0"/><net_sink comp="82" pin=0"/></net>

<net id="87"><net_src comp="32" pin="0"/><net_sink comp="82" pin=1"/></net>

<net id="92"><net_src comp="44" pin="0"/><net_sink comp="88" pin=0"/></net>

<net id="93"><net_src comp="30" pin="0"/><net_sink comp="88" pin=1"/></net>

<net id="102"><net_src comp="60" pin="0"/><net_sink comp="94" pin=0"/></net>

<net id="103"><net_src comp="0" pin="0"/><net_sink comp="94" pin=1"/></net>

<net id="104"><net_src comp="2" pin="0"/><net_sink comp="94" pin=2"/></net>

<net id="105"><net_src comp="4" pin="0"/><net_sink comp="94" pin=3"/></net>

<net id="106"><net_src comp="6" pin="0"/><net_sink comp="94" pin=4"/></net>

<net id="107"><net_src comp="8" pin="0"/><net_sink comp="94" pin=5"/></net>

<net id="116"><net_src comp="62" pin="0"/><net_sink comp="108" pin=0"/></net>

<net id="117"><net_src comp="10" pin="0"/><net_sink comp="108" pin=1"/></net>

<net id="118"><net_src comp="12" pin="0"/><net_sink comp="108" pin=2"/></net>

<net id="119"><net_src comp="14" pin="0"/><net_sink comp="108" pin=3"/></net>

<net id="120"><net_src comp="16" pin="0"/><net_sink comp="108" pin=4"/></net>

<net id="121"><net_src comp="18" pin="0"/><net_sink comp="108" pin=5"/></net>

<net id="135"><net_src comp="78" pin="0"/><net_sink comp="122" pin=0"/></net>

<net id="136"><net_src comp="20" pin="0"/><net_sink comp="122" pin=1"/></net>

<net id="137"><net_src comp="22" pin="0"/><net_sink comp="122" pin=2"/></net>

<net id="138"><net_src comp="24" pin="0"/><net_sink comp="122" pin=3"/></net>

<net id="139"><net_src comp="26" pin="0"/><net_sink comp="122" pin=4"/></net>

<net id="140"><net_src comp="28" pin="0"/><net_sink comp="122" pin=5"/></net>

<net id="141"><net_src comp="80" pin="0"/><net_sink comp="122" pin=7"/></net>

<net id="142"><net_src comp="80" pin="0"/><net_sink comp="122" pin=8"/></net>

<net id="146"><net_src comp="52" pin="0"/><net_sink comp="143" pin=0"/></net>

<net id="153"><net_src comp="143" pin="1"/><net_sink comp="147" pin=0"/></net>

<net id="157"><net_src comp="52" pin="0"/><net_sink comp="154" pin=0"/></net>

<net id="164"><net_src comp="154" pin="1"/><net_sink comp="158" pin=0"/></net>

<net id="171"><net_src comp="46" pin="0"/><net_sink comp="165" pin=0"/></net>

<net id="172"><net_src comp="88" pin="2"/><net_sink comp="165" pin=1"/></net>

<net id="173"><net_src comp="48" pin="0"/><net_sink comp="165" pin=2"/></net>

<net id="174"><net_src comp="50" pin="0"/><net_sink comp="165" pin=3"/></net>

<net id="178"><net_src comp="165" pin="4"/><net_sink comp="175" pin=0"/></net>

<net id="183"><net_src comp="82" pin="2"/><net_sink comp="179" pin=0"/></net>

<net id="184"><net_src comp="52" pin="0"/><net_sink comp="179" pin=1"/></net>

<net id="189"><net_src comp="147" pin="4"/><net_sink comp="185" pin=0"/></net>

<net id="190"><net_src comp="54" pin="0"/><net_sink comp="185" pin=1"/></net>

<net id="195"><net_src comp="147" pin="4"/><net_sink comp="191" pin=0"/></net>

<net id="200"><net_src comp="147" pin="4"/><net_sink comp="196" pin=0"/></net>

<net id="207"><net_src comp="46" pin="0"/><net_sink comp="201" pin=0"/></net>

<net id="208"><net_src comp="48" pin="0"/><net_sink comp="201" pin=2"/></net>

<net id="209"><net_src comp="50" pin="0"/><net_sink comp="201" pin=3"/></net>

<net id="213"><net_src comp="201" pin="4"/><net_sink comp="210" pin=0"/></net>

<net id="218"><net_src comp="147" pin="4"/><net_sink comp="214" pin=0"/></net>

<net id="223"><net_src comp="158" pin="4"/><net_sink comp="219" pin=0"/></net>

<net id="224"><net_src comp="54" pin="0"/><net_sink comp="219" pin=1"/></net>

<net id="229"><net_src comp="158" pin="4"/><net_sink comp="225" pin=0"/></net>

<net id="233"><net_src comp="94" pin="6"/><net_sink comp="230" pin=0"/></net>

<net id="237"><net_src comp="94" pin="6"/><net_sink comp="234" pin=0"/></net>

<net id="241"><net_src comp="94" pin="6"/><net_sink comp="238" pin=0"/></net>

<net id="245"><net_src comp="108" pin="6"/><net_sink comp="242" pin=0"/></net>

<net id="250"><net_src comp="158" pin="4"/><net_sink comp="246" pin=0"/></net>

<net id="255"><net_src comp="246" pin="2"/><net_sink comp="251" pin=1"/></net>

<net id="260"><net_src comp="242" pin="1"/><net_sink comp="256" pin=0"/></net>

<net id="261"><net_src comp="64" pin="0"/><net_sink comp="256" pin=1"/></net>

<net id="266"><net_src comp="158" pin="4"/><net_sink comp="262" pin=0"/></net>

<net id="271"><net_src comp="158" pin="4"/><net_sink comp="267" pin=0"/></net>

<net id="277"><net_src comp="72" pin="0"/><net_sink comp="272" pin=1"/></net>

<net id="287"><net_src comp="272" pin="3"/><net_sink comp="282" pin=1"/></net>

<net id="288"><net_src comp="74" pin="0"/><net_sink comp="282" pin=2"/></net>

<net id="293"><net_src comp="278" pin="2"/><net_sink comp="289" pin=1"/></net>

<net id="298"><net_src comp="289" pin="2"/><net_sink comp="294" pin=0"/></net>

<net id="304"><net_src comp="294" pin="2"/><net_sink comp="299" pin=0"/></net>

<net id="305"><net_src comp="282" pin="3"/><net_sink comp="299" pin=1"/></net>

<net id="310"><net_src comp="76" pin="0"/><net_sink comp="306" pin=1"/></net>

<net id="315"><net_src comp="306" pin="2"/><net_sink comp="311" pin=1"/></net>

<net id="324"><net_src comp="316" pin="2"/><net_sink comp="320" pin=0"/></net>

<net id="325"><net_src comp="311" pin="2"/><net_sink comp="320" pin=1"/></net>

<net id="331"><net_src comp="320" pin="2"/><net_sink comp="326" pin=0"/></net>

<net id="332"><net_src comp="299" pin="3"/><net_sink comp="326" pin=2"/></net>

<net id="341"><net_src comp="333" pin="2"/><net_sink comp="337" pin=0"/></net>

<net id="342"><net_src comp="76" pin="0"/><net_sink comp="337" pin=1"/></net>

<net id="347"><net_src comp="337" pin="2"/><net_sink comp="343" pin=1"/></net>

<net id="353"><net_src comp="343" pin="2"/><net_sink comp="348" pin=0"/></net>

<net id="354"><net_src comp="326" pin="3"/><net_sink comp="348" pin=2"/></net>

<net id="355"><net_src comp="348" pin="3"/><net_sink comp="122" pin=6"/></net>

<net id="359"><net_src comp="82" pin="2"/><net_sink comp="356" pin=0"/></net>

<net id="360"><net_src comp="356" pin="1"/><net_sink comp="201" pin=1"/></net>

<net id="361"><net_src comp="356" pin="1"/><net_sink comp="225" pin=1"/></net>

<net id="365"><net_src comp="88" pin="2"/><net_sink comp="362" pin=0"/></net>

<net id="366"><net_src comp="362" pin="1"/><net_sink comp="191" pin=1"/></net>

<net id="370"><net_src comp="175" pin="1"/><net_sink comp="367" pin=0"/></net>

<net id="371"><net_src comp="367" pin="1"/><net_sink comp="196" pin=1"/></net>

<net id="372"><net_src comp="367" pin="1"/><net_sink comp="214" pin=1"/></net>

<net id="376"><net_src comp="179" pin="2"/><net_sink comp="373" pin=0"/></net>

<net id="380"><net_src comp="185" pin="2"/><net_sink comp="377" pin=0"/></net>

<net id="381"><net_src comp="377" pin="1"/><net_sink comp="147" pin=2"/></net>

<net id="385"><net_src comp="191" pin="2"/><net_sink comp="382" pin=0"/></net>

<net id="389"><net_src comp="196" pin="2"/><net_sink comp="386" pin=0"/></net>

<net id="390"><net_src comp="386" pin="1"/><net_sink comp="251" pin=0"/></net>

<net id="391"><net_src comp="386" pin="1"/><net_sink comp="278" pin=0"/></net>

<net id="392"><net_src comp="386" pin="1"/><net_sink comp="311" pin=0"/></net>

<net id="393"><net_src comp="386" pin="1"/><net_sink comp="333" pin=0"/></net>

<net id="397"><net_src comp="210" pin="1"/><net_sink comp="394" pin=0"/></net>

<net id="398"><net_src comp="394" pin="1"/><net_sink comp="246" pin=1"/></net>

<net id="399"><net_src comp="394" pin="1"/><net_sink comp="262" pin=1"/></net>

<net id="400"><net_src comp="394" pin="1"/><net_sink comp="267" pin=1"/></net>

<net id="404"><net_src comp="214" pin="2"/><net_sink comp="401" pin=0"/></net>

<net id="405"><net_src comp="401" pin="1"/><net_sink comp="289" pin=0"/></net>

<net id="406"><net_src comp="401" pin="1"/><net_sink comp="316" pin=0"/></net>

<net id="407"><net_src comp="401" pin="1"/><net_sink comp="343" pin=0"/></net>

<net id="411"><net_src comp="219" pin="2"/><net_sink comp="408" pin=0"/></net>

<net id="412"><net_src comp="408" pin="1"/><net_sink comp="158" pin=2"/></net>

<net id="416"><net_src comp="225" pin="2"/><net_sink comp="413" pin=0"/></net>

<net id="420"><net_src comp="230" pin="1"/><net_sink comp="417" pin=0"/></net>

<net id="421"><net_src comp="417" pin="1"/><net_sink comp="272" pin=2"/></net>

<net id="422"><net_src comp="417" pin="1"/><net_sink comp="299" pin=2"/></net>

<net id="423"><net_src comp="417" pin="1"/><net_sink comp="326" pin=1"/></net>

<net id="424"><net_src comp="417" pin="1"/><net_sink comp="348" pin=1"/></net>

<net id="428"><net_src comp="234" pin="1"/><net_sink comp="425" pin=0"/></net>

<net id="429"><net_src comp="425" pin="1"/><net_sink comp="122" pin=9"/></net>

<net id="433"><net_src comp="238" pin="1"/><net_sink comp="430" pin=0"/></net>

<net id="434"><net_src comp="430" pin="1"/><net_sink comp="122" pin=10"/></net>

<net id="438"><net_src comp="246" pin="2"/><net_sink comp="435" pin=0"/></net>

<net id="439"><net_src comp="435" pin="1"/><net_sink comp="306" pin=0"/></net>

<net id="440"><net_src comp="435" pin="1"/><net_sink comp="333" pin=1"/></net>

<net id="444"><net_src comp="251" pin="2"/><net_sink comp="441" pin=0"/></net>

<net id="445"><net_src comp="441" pin="1"/><net_sink comp="282" pin=0"/></net>

<net id="446"><net_src comp="441" pin="1"/><net_sink comp="294" pin=1"/></net>

<net id="450"><net_src comp="256" pin="2"/><net_sink comp="447" pin=0"/></net>

<net id="451"><net_src comp="447" pin="1"/><net_sink comp="272" pin=0"/></net>

<net id="455"><net_src comp="262" pin="2"/><net_sink comp="452" pin=0"/></net>

<net id="456"><net_src comp="452" pin="1"/><net_sink comp="278" pin=1"/></net>

<net id="460"><net_src comp="267" pin="2"/><net_sink comp="457" pin=0"/></net>

<net id="461"><net_src comp="457" pin="1"/><net_sink comp="316" pin=1"/></net>

</net_list>

</model> 
---------------- Datapath Model END ------------------

* FSMD analyzer results:
  - Output states:
	Port: video_stream_in_V_data_V | {}
	Port: video_stream_in_V_keep_V | {}
	Port: video_stream_in_V_strb_V | {}
	Port: video_stream_in_V_user_V | {}
	Port: video_stream_in_V_last_V | {}
	Port: overlay_stream_in_V_data_V | {}
	Port: overlay_stream_in_V_keep_V | {}
	Port: overlay_stream_in_V_strb_V | {}
	Port: overlay_stream_in_V_user_V | {}
	Port: overlay_stream_in_V_last_V | {}
	Port: video_stream_out_V_data_V | {4 }
	Port: video_stream_out_V_keep_V | {4 }
	Port: video_stream_out_V_strb_V | {4 }
	Port: video_stream_out_V_user_V | {4 }
	Port: video_stream_out_V_last_V | {4 }
 - Input state : 
	Port: VideoMixer : video_stream_in_V_data_V | {3 }
	Port: VideoMixer : video_stream_in_V_keep_V | {3 }
	Port: VideoMixer : video_stream_in_V_strb_V | {3 }
	Port: VideoMixer : video_stream_in_V_user_V | {3 }
	Port: VideoMixer : video_stream_in_V_last_V | {3 }
	Port: VideoMixer : overlay_stream_in_V_data_V | {3 }
	Port: VideoMixer : overlay_stream_in_V_keep_V | {3 }
	Port: VideoMixer : overlay_stream_in_V_strb_V | {3 }
	Port: VideoMixer : overlay_stream_in_V_user_V | {3 }
	Port: VideoMixer : overlay_stream_in_V_last_V | {3 }
	Port: VideoMixer : video_stream_out_V_data_V | {}
	Port: VideoMixer : video_stream_out_V_keep_V | {}
	Port: VideoMixer : video_stream_out_V_strb_V | {}
	Port: VideoMixer : video_stream_out_V_user_V | {}
	Port: VideoMixer : video_stream_out_V_last_V | {}
	Port: VideoMixer : image_h | {1 }
	Port: VideoMixer : image_w | {1 }
  - Chain level:
	State 1
		zext_ln708 : 1
	State 2
		i_V_1 : 1
		icmp_ln25 : 1
		br_ln25 : 2
		cmp_i_i101 : 1
		zext_ln357 : 1
		cmp_i_i65 : 1
	State 3
		j_V_1 : 1
		icmp_ln26 : 1
		br_ln26 : 2
		icmp_ln886 : 1
		and_ln31 : 2
		icmp_ln870 : 1
		icmp_ln870_1 : 1
		icmp_ln870_2 : 1
	State 4
		select_ln31 : 1
		select_ln870 : 1
		output_video_element_data_V_1 : 2
		write_ln304 : 3
	State 5
	State 6


============================================================
+ Verbose Summary: Datapath Resource usage 
============================================================

* Functional unit list:
|----------|--------------------------------------|---------|---------|
| Operation|            Functional Unit           |    FF   |   LUT   |
|----------|--------------------------------------|---------|---------|
|          |  output_video_element_data_V_fu_272  |    0    |    24   |
|          |          select_ln31_fu_282          |    0    |    24   |
|  select  |          select_ln39_fu_299          |    0    |    24   |
|          |          select_ln870_fu_326         |    0    |    24   |
|          | output_video_element_data_V_1_fu_348 |    0    |    24   |
|----------|--------------------------------------|---------|---------|
|          |             cmp_i3_fu_179            |    0    |    12   |
|          |           icmp_ln25_fu_191           |    0    |    12   |
|          |           cmp_i_i101_fu_196          |    0    |    12   |
|          |           cmp_i_i65_fu_214           |    0    |    12   |
|   icmp   |           icmp_ln26_fu_225           |    0    |    12   |
|          |           icmp_ln886_fu_246          |    0    |    12   |
|          |           icmp_ln870_fu_256          |    0    |    11   |
|          |          icmp_ln870_1_fu_262         |    0    |    12   |
|          |          icmp_ln870_2_fu_267         |    0    |    12   |
|----------|--------------------------------------|---------|---------|
|    add   |             i_V_1_fu_185             |    0    |    12   |
|          |             j_V_1_fu_219             |    0    |    12   |
|----------|--------------------------------------|---------|---------|
|          |            and_ln31_fu_251           |    0    |    2    |
|          |            and_ln39_fu_278           |    0    |    2    |
|    and   |           and_ln870_fu_311           |    0    |    2    |
|          |          and_ln870_1_fu_316          |    0    |    2    |
|          |          and_ln870_2_fu_320          |    0    |    2    |
|          |           and_ln886_fu_343           |    0    |    2    |
|----------|--------------------------------------|---------|---------|
|          |            or_ln39_fu_289            |    0    |    2    |
|    or    |           or_ln39_1_fu_294           |    0    |    2    |
|          |            or_ln886_fu_333           |    0    |    2    |
|----------|--------------------------------------|---------|---------|
|    xor   |            xor_ln37_fu_306           |    0    |    2    |
|          |           xor_ln886_fu_337           |    0    |    2    |
|----------|--------------------------------------|---------|---------|
|          |        image_w_read_read_fu_82       |    0    |    0    |
|   read   |        image_h_read_read_fu_88       |    0    |    0    |
|          |           empty_read_fu_94           |    0    |    0    |
|          |         empty_19_read_fu_108         |    0    |    0    |
|----------|--------------------------------------|---------|---------|
|   write  |       write_ln304_write_fu_122       |    0    |    0    |
|----------|--------------------------------------|---------|---------|
|partselect|           p_Result_s_fu_165          |    0    |    0    |
|          |           p_Result_1_fu_201          |    0    |    0    |
|----------|--------------------------------------|---------|---------|
|   zext   |           zext_ln708_fu_175          |    0    |    0    |
|          |           zext_ln357_fu_210          |    0    |    0    |
|----------|--------------------------------------|---------|---------|
|          |   input_video_element_data_V_fu_230  |    0    |    0    |
|extractvalue|        tmp_i_i117_user_fu_234        |    0    |    0    |
|          |        tmp_i_i117_last_fu_238        |    0    |    0    |
|          |  input_overlay_element_data_V_fu_242 |    0    |    0    |
|----------|--------------------------------------|---------|---------|
|   Total  |                                      |    0    |   273   |
|----------|--------------------------------------|---------|---------|

Memories:
N/A

* Register list:
+----------------------------------+--------+
|                                  |   FF   |
+----------------------------------+--------+
|         and_ln31_reg_441         |    1   |
|          cmp_i3_reg_373          |    1   |
|        cmp_i_i101_reg_386        |    1   |
|         cmp_i_i65_reg_401        |    1   |
|           i_V_1_reg_377          |   12   |
|            i_V_reg_143           |   12   |
|         icmp_ln25_reg_382        |    1   |
|         icmp_ln26_reg_413        |    1   |
|       icmp_ln870_1_reg_452       |    1   |
|       icmp_ln870_2_reg_457       |    1   |
|        icmp_ln870_reg_447        |    1   |
|        icmp_ln886_reg_435        |    1   |
|       image_h_read_reg_362       |   12   |
|       image_w_read_reg_356       |   12   |
|input_video_element_data_V_reg_417|   24   |
|           j_V_1_reg_408          |   12   |
|            j_V_reg_154           |   12   |
|      tmp_i_i117_last_reg_430     |    1   |
|      tmp_i_i117_user_reg_425     |    1   |
|        zext_ln357_reg_394        |   12   |
|        zext_ln708_reg_367        |   12   |
+----------------------------------+--------+
|               Total              |   132  |
+----------------------------------+--------+

* Multiplexer (MUX) list: 
|--------|------|------|------|--------|
|  Comp  |  Pin | Size |  BW  | S x BW |
|--------|------|------|------|--------|
|  Total |      |      |      |    0   |
|--------|------|------|------|--------|



* Summary:
+-----------+--------+--------+
|           |   FF   |   LUT  |
+-----------+--------+--------+
|  Function |    0   |   273  |
|   Memory  |    -   |    -   |
|Multiplexer|    -   |    -   |
|  Register |   132  |    -   |
+-----------+--------+--------+
|   Total   |   132  |   273  |
+-----------+--------+--------+
